This file contains any messages produced by compilers while
running configure, to aid debugging if configure makes a mistake.

configure:535: checking for gcc
configure:612: checking whether the C compiler (gcc  ) works
configure:626: gcc -o conftest    conftest.c  1>&5
configure:646: checking whether the C compiler (gcc  ) is a cross-compiler
configure:651: checking whether we are using GNU C
configure:660: gcc -E conftest.c
configure:675: checking whether gcc accepts -g
configure:734: checking for more
configure:764: checking for gethostbyaddr
configure:792: gcc -o conftest -g -O2   conftest.c  1>&5
configure:853: checking for socket
configure:881: gcc -o conftest -g -O2   conftest.c  1>&5
configure:942: checking for malloc
configure:970: gcc -o conftest -g -O2   conftest.c  1>&5
configure:954: warning: conflicting types for built-in function 'malloc'
configure:1038: checking for crypt
configure:1066: gcc -o conftest -g -O2   conftest.c  1>&5
/tmp/cckMC1Va.o: In function `main':
/home/aol/testing/configure:1060: undefined reference to `crypt'
collect2: ld returned 1 exit status
configure: failed program was:
#line 1043 "configure"
#include "confdefs.h"
/* System header to define __stub macros and hopefully few prototypes,
    which can conflict with char crypt(); below.  */
#include <assert.h>
/* Override any gcc2 internal prototype to avoid an error.  */
/* We use char because int might match the return type of a gcc2
    builtin and then its argument prototype would still apply.  */
char crypt();

int main() {

/* The GNU C library defines this for functions which it implements
    to always fail with ENOSYS.  Some functions are actually named
    something starting with __ and the normal name is an alias.  */
#if defined (__stub_crypt) || defined (__stub___crypt)
choke me
#else
crypt();
#endif

; return 0; }
configure:1087: checking for crypt in -lcrypt
configure:1106: gcc -o conftest -g -O2   conftest.c -lcrypt   1>&5
configure:1135: checking how to run the C preprocessor
configure:1156: gcc -E  conftest.c >/dev/null 2>conftest.out
configure:1196: checking for ANSI C header files
configure:1209: gcc -E  conftest.c >/dev/null 2>conftest.out
configure:1276: gcc -o conftest -g -O2   conftest.c  1>&5
configure: In function 'main':
configure:1271: warning: incompatible implicit declaration of built-in function 'exit'
configure:1300: checking for sys/wait.h that is POSIX.1 compatible
configure:1321: gcc -c -g -O2  conftest.c 1>&5
configure:1345: checking for fcntl.h
configure:1355: gcc -E  conftest.c >/dev/null 2>conftest.out
configure:1345: checking for sys/fcntl.h
configure:1355: gcc -E  conftest.c >/dev/null 2>conftest.out
configure:1345: checking for errno.h
configure:1355: gcc -E  conftest.c >/dev/null 2>conftest.out
configure:1345: checking for net/errno.h
configure:1355: gcc -E  conftest.c >/dev/null 2>conftest.out
configure:1351:23: error: net/errno.h: No such file or directory
configure: failed program was:
#line 1350 "configure"
#include "confdefs.h"
#include <net/errno.h>
configure:1345: checking for string.h
configure:1355: gcc -E  conftest.c >/dev/null 2>conftest.out
configure:1345: checking for strings.h
configure:1355: gcc -E  conftest.c >/dev/null 2>conftest.out
configure:1385: checking for limits.h
configure:1395: gcc -E  conftest.c >/dev/null 2>conftest.out
configure:1385: checking for sys/time.h
configure:1395: gcc -E  conftest.c >/dev/null 2>conftest.out
configure:1385: checking for sys/select.h
configure:1395: gcc -E  conftest.c >/dev/null 2>conftest.out
configure:1385: checking for sys/types.h
configure:1395: gcc -E  conftest.c >/dev/null 2>conftest.out
configure:1385: checking for unistd.h
configure:1395: gcc -E  conftest.c >/dev/null 2>conftest.out
configure:1425: checking for memory.h
configure:1435: gcc -E  conftest.c >/dev/null 2>conftest.out
configure:1425: checking for crypt.h
configure:1435: gcc -E  conftest.c >/dev/null 2>conftest.out
configure:1425: checking for assert.h
configure:1435: gcc -E  conftest.c >/dev/null 2>conftest.out
configure:1425: checking for arpa/telnet.h
configure:1435: gcc -E  conftest.c >/dev/null 2>conftest.out
configure:1425: checking for sys/stat.h
configure:1435: gcc -E  conftest.c >/dev/null 2>conftest.out
configure:1465: checking for sys/socket.h
configure:1475: gcc -E  conftest.c >/dev/null 2>conftest.out
configure:1465: checking for sys/resource.h
configure:1475: gcc -E  conftest.c >/dev/null 2>conftest.out
configure:1465: checking for netinet/in.h
configure:1475: gcc -E  conftest.c >/dev/null 2>conftest.out
configure:1465: checking for netdb.h
configure:1475: gcc -E  conftest.c >/dev/null 2>conftest.out
configure:1465: checking for signal.h
configure:1475: gcc -E  conftest.c >/dev/null 2>conftest.out
configure:1505: checking for sys/uio.h
configure:1515: gcc -E  conftest.c >/dev/null 2>conftest.out
configure:1543: checking for working const
configure:1597: gcc -c -g -O2  conftest.c 1>&5
configure:1618: checking for pid_t
configure:1651: checking for size_t
configure:1684: checking for ssize_t
configure:1717: checking whether time.h and sys/time.h may both be included
configure:1731: gcc -c -g -O2  conftest.c 1>&5
configure:1753: checking return type of signal handlers
configure:1775: gcc -c -g -O2  conftest.c 1>&5
configure:1800: checking if accept is prototyped
configure:1822: gcc -c -g -O2  conftest.c 1>&5
configure:1815: error: conflicting types for 'accept'
/usr/include/sys/socket.h:210: error: previous declaration of 'accept' was here
configure: failed program was:
#line 1806 "configure"
#include "confdefs.h"

#define NO_LIBRARY_PROTOTYPES
#define __COMM_C__
#define __ACT_OTHER_C__
#include "src/sysdep.h"
#ifdef accept
  error - already defined!
#endif
void accept(int a, char b, int c, char d, int e, char f, int g, char h);

int main() {

; return 0; }
configure:1852: checking if atoi is prototyped
configure:1874: gcc -c -g -O2  conftest.c 1>&5
configure:1867: error: conflicting types for 'atoi'
/usr/include/stdlib.h:403: error: previous definition of 'atoi' was here
configure: failed program was:
#line 1858 "configure"
#include "confdefs.h"

#define NO_LIBRARY_PROTOTYPES
#define __COMM_C__
#define __ACT_OTHER_C__
#include "src/sysdep.h"
#ifdef atoi
  error - already defined!
#endif
void atoi(int a, char b, int c, char d, int e, char f, int g, char h);

int main() {

; return 0; }
configure:1904: checking if atol is prototyped
configure:1926: gcc -c -g -O2  conftest.c 1>&5
configure:1919: error: conflicting types for 'atol'
/usr/include/stdlib.h:408: error: previous definition of 'atol' was here
configure: failed program was:
#line 1910 "configure"
#include "confdefs.h"

#define NO_LIBRARY_PROTOTYPES
#define __COMM_C__
#define __ACT_OTHER_C__
#include "src/sysdep.h"
#ifdef atol
  error - already defined!
#endif
void atol(int a, char b, int c, char d, int e, char f, int g, char h);

int main() {

; return 0; }
configure:1956: checking if bind is prototyped
configure:1978: gcc -c -g -O2  conftest.c 1>&5
configure:1971: error: conflicting types for 'bind'
/usr/include/sys/socket.h:111: error: previous declaration of 'bind' was here
configure: failed program was:
#line 1962 "configure"
#include "confdefs.h"

#define NO_LIBRARY_PROTOTYPES
#define __COMM_C__
#define __ACT_OTHER_C__
#include "src/sysdep.h"
#ifdef bind
  error - already defined!
#endif
void bind(int a, char b, int c, char d, int e, char f, int g, char h);

int main() {

; return 0; }
configure:2008: checking if bzero is prototyped
configure:2030: gcc -c -g -O2  conftest.c 1>&5
configure:2023: error: conflicting types for 'bzero'
configure: failed program was:
#line 2014 "configure"
#include "confdefs.h"

#define NO_LIBRARY_PROTOTYPES
#define __COMM_C__
#define __ACT_OTHER_C__
#include "src/sysdep.h"
#ifdef bzero
  error - already defined!
#endif
void bzero(int a, char b, int c, char d, int e, char f, int g, char h);

int main() {

; return 0; }
configure:2060: checking if chdir is prototyped
configure:2082: gcc -c -g -O2  conftest.c 1>&5
configure:2075: error: conflicting types for 'chdir'
/usr/include/unistd.h:457: error: previous declaration of 'chdir' was here
configure: failed program was:
#line 2066 "configure"
#include "confdefs.h"

#define NO_LIBRARY_PROTOTYPES
#define __COMM_C__
#define __ACT_OTHER_C__
#include "src/sysdep.h"
#ifdef chdir
  error - already defined!
#endif
void chdir(int a, char b, int c, char d, int e, char f, int g, char h);

int main() {

; return 0; }
configure:2112: checking if close is prototyped
configure:2134: gcc -c -g -O2  conftest.c 1>&5
configure:2127: error: conflicting types for 'close'
/usr/include/unistd.h:320: error: previous declaration of 'close' was here
configure: failed program was:
#line 2118 "configure"
#include "confdefs.h"

#define NO_LIBRARY_PROTOTYPES
#define __COMM_C__
#define __ACT_OTHER_C__
#include "src/sysdep.h"
#ifdef close
  error - already defined!
#endif
void close(int a, char b, int c, char d, int e, char f, int g, char h);

int main() {

; return 0; }
configure:2164: checking if crypt is prototyped
configure:2186: gcc -c -g -O2  conftest.c 1>&5
configure:2179: error: conflicting types for 'crypt'
/usr/include/crypt.h:34: error: previous declaration of 'crypt' was here
configure: failed program was:
#line 2170 "configure"
#include "confdefs.h"

#define NO_LIBRARY_PROTOTYPES
#define __COMM_C__
#define __ACT_OTHER_C__
#include "src/sysdep.h"
#ifdef crypt
  error - already defined!
#endif
void crypt(int a, char b, int c, char d, int e, char f, int g, char h);

int main() {

; return 0; }
configure:2216: checking if fclose is prototyped
configure:2238: gcc -c -g -O2  conftest.c 1>&5
configure:2231: error: conflicting types for 'fclose'
/usr/include/stdio.h:213: error: previous declaration of 'fclose' was here
configure: failed program was:
#line 2222 "configure"
#include "confdefs.h"

#define NO_LIBRARY_PROTOTYPES
#define __COMM_C__
#define __ACT_OTHER_C__
#include "src/sysdep.h"
#ifdef fclose
  error - already defined!
#endif
void fclose(int a, char b, int c, char d, int e, char f, int g, char h);

int main() {

; return 0; }
configure:2268: checking if fcntl is prototyped
configure:2290: gcc -c -g -O2  conftest.c 1>&5
configure:2283: error: conflicting types for 'fcntl'
/usr/include/fcntl.h:76: error: previous declaration of 'fcntl' was here
configure: failed program was:
#line 2274 "configure"
#include "confdefs.h"

#define NO_LIBRARY_PROTOTYPES
#define __COMM_C__
#define __ACT_OTHER_C__
#include "src/sysdep.h"
#ifdef fcntl
  error - already defined!
#endif
void fcntl(int a, char b, int c, char d, int e, char f, int g, char h);

int main() {

; return 0; }
configure:2320: checking if fflush is prototyped
configure:2342: gcc -c -g -O2  conftest.c 1>&5
configure:2335: error: conflicting types for 'fflush'
/usr/include/stdio.h:218: error: previous declaration of 'fflush' was here
configure: failed program was:
#line 2326 "configure"
#include "confdefs.h"

#define NO_LIBRARY_PROTOTYPES
#define __COMM_C__
#define __ACT_OTHER_C__
#include "src/sysdep.h"
#ifdef fflush
  error - already defined!
#endif
void fflush(int a, char b, int c, char d, int e, char f, int g, char h);

int main() {

; return 0; }
configure:2372: checking if fprintf is prototyped
configure:2394: gcc -c -g -O2  conftest.c 1>&5
configure:2387: error: conflicting types for 'fprintf'
configure: failed program was:
#line 2378 "configure"
#include "confdefs.h"

#define NO_LIBRARY_PROTOTYPES
#define __COMM_C__
#define __ACT_OTHER_C__
#include "src/sysdep.h"
#ifdef fprintf
  error - already defined!
#endif
void fprintf(int a, char b, int c, char d, int e, char f, int g, char h);

int main() {

; return 0; }
configure:2424: checking if fputc is prototyped
configure:2446: gcc -c -g -O2  conftest.c 1>&5
configure:2439: error: conflicting types for 'fputc'
configure: failed program was:
#line 2430 "configure"
#include "confdefs.h"

#define NO_LIBRARY_PROTOTYPES
#define __COMM_C__
#define __ACT_OTHER_C__
#include "src/sysdep.h"
#ifdef fputc
  error - already defined!
#endif
void fputc(int a, char b, int c, char d, int e, char f, int g, char h);

int main() {

; return 0; }
configure:2476: checking if fputs is prototyped
configure:2498: gcc -c -g -O2  conftest.c 1>&5
configure:2491: error: conflicting types for 'fputs'
configure: failed program was:
#line 2482 "configure"
#include "confdefs.h"

#define NO_LIBRARY_PROTOTYPES
#define __COMM_C__
#define __ACT_OTHER_C__
#include "src/sysdep.h"
#ifdef fputs
  error - already defined!
#endif
void fputs(int a, char b, int c, char d, int e, char f, int g, char h);

int main() {

; return 0; }
configure:2528: checking if fread is prototyped
configure:2550: gcc -c -g -O2  conftest.c 1>&5
configure:2543: error: conflicting types for 'fread'
/usr/include/stdio.h:611: error: previous declaration of 'fread' was here
configure: failed program was:
#line 2534 "configure"
#include "confdefs.h"

#define NO_LIBRARY_PROTOTYPES
#define __COMM_C__
#define __ACT_OTHER_C__
#include "src/sysdep.h"
#ifdef fread
  error - already defined!
#endif
void fread(int a, char b, int c, char d, int e, char f, int g, char h);

int main() {

; return 0; }
configure:2580: checking if fscanf is prototyped
configure:2602: gcc -c -g -O2  conftest.c 1>&5
configure:2595: error: conflicting types for 'fscanf'
configure: failed program was:
#line 2586 "configure"
#include "confdefs.h"

#define NO_LIBRARY_PROTOTYPES
#define __COMM_C__
#define __ACT_OTHER_C__
#include "src/sysdep.h"
#ifdef fscanf
  error - already defined!
#endif
void fscanf(int a, char b, int c, char d, int e, char f, int g, char h);

int main() {

; return 0; }
configure:2632: checking if fseek is prototyped
configure:2654: gcc -c -g -O2  conftest.c 1>&5
configure:2647: error: conflicting types for 'fseek'
/usr/include/stdio.h:650: error: previous declaration of 'fseek' was here
configure: failed program was:
#line 2638 "configure"
#include "confdefs.h"

#define NO_LIBRARY_PROTOTYPES
#define __COMM_C__
#define __ACT_OTHER_C__
#include "src/sysdep.h"
#ifdef fseek
  error - already defined!
#endif
void fseek(int a, char b, int c, char d, int e, char f, int g, char h);

int main() {

; return 0; }
configure:2684: checking if fwrite is prototyped
configure:2706: gcc -c -g -O2  conftest.c 1>&5
configure:2699: error: conflicting types for 'fwrite'
configure: failed program was:
#line 2690 "configure"
#include "confdefs.h"

#define NO_LIBRARY_PROTOTYPES
#define __COMM_C__
#define __ACT_OTHER_C__
#include "src/sysdep.h"
#ifdef fwrite
  error - already defined!
#endif
void fwrite(int a, char b, int c, char d, int e, char f, int g, char h);

int main() {

; return 0; }
configure:2736: checking if getpeername is prototyped
configure:2758: gcc -c -g -O2  conftest.c 1>&5
configure:2751: error: conflicting types for 'getpeername'
/usr/include/sys/socket.h:129: error: previous declaration of 'getpeername' was here
configure: failed program was:
#line 2742 "configure"
#include "confdefs.h"

#define NO_LIBRARY_PROTOTYPES
#define __COMM_C__
#define __ACT_OTHER_C__
#include "src/sysdep.h"
#ifdef getpeername
  error - already defined!
#endif
void getpeername(int a, char b, int c, char d, int e, char f, int g, char h);

int main() {

; return 0; }
configure:2788: checking if getpid is prototyped
configure:2810: gcc -c -g -O2  conftest.c 1>&5
configure:2803: error: conflicting types for 'getpid'
/usr/include/unistd.h:573: error: previous declaration of 'getpid' was here
configure: failed program was:
#line 2794 "configure"
#include "confdefs.h"

#define NO_LIBRARY_PROTOTYPES
#define __COMM_C__
#define __ACT_OTHER_C__
#include "src/sysdep.h"
#ifdef getpid
  error - already defined!
#endif
void getpid(int a, char b, int c, char d, int e, char f, int g, char h);

int main() {

; return 0; }
configure:2840: checking if getrlimit is prototyped
configure:2862: gcc -c -g -O2  conftest.c 1>&5
configure:2855: error: conflicting types for 'getrlimit'
/usr/include/sys/resource.h:52: error: previous declaration of 'getrlimit' was here
configure: failed program was:
#line 2846 "configure"
#include "confdefs.h"

#define NO_LIBRARY_PROTOTYPES
#define __COMM_C__
#define __ACT_OTHER_C__
#include "src/sysdep.h"
#ifdef getrlimit
  error - already defined!
#endif
void getrlimit(int a, char b, int c, char d, int e, char f, int g, char h);

int main() {

; return 0; }
configure:2892: checking if getsockname is prototyped
configure:2914: gcc -c -g -O2  conftest.c 1>&5
configure:2907: error: conflicting types for 'getsockname'
/usr/include/sys/socket.h:115: error: previous declaration of 'getsockname' was here
configure: failed program was:
#line 2898 "configure"
#include "confdefs.h"

#define NO_LIBRARY_PROTOTYPES
#define __COMM_C__
#define __ACT_OTHER_C__
#include "src/sysdep.h"
#ifdef getsockname
  error - already defined!
#endif
void getsockname(int a, char b, int c, char d, int e, char f, int g, char h);

int main() {

; return 0; }
configure:2944: checking if gettimeofday is prototyped
configure:2966: gcc -c -g -O2  conftest.c 1>&5
configure:2959: error: conflicting types for 'gettimeofday'
/usr/include/sys/time.h:74: error: previous declaration of 'gettimeofday' was here
configure: failed program was:
#line 2950 "configure"
#include "confdefs.h"

#define NO_LIBRARY_PROTOTYPES
#define __COMM_C__
#define __ACT_OTHER_C__
#include "src/sysdep.h"
#ifdef gettimeofday
  error - already defined!
#endif
void gettimeofday(int a, char b, int c, char d, int e, char f, int g, char h);

int main() {

; return 0; }
configure:2996: checking if htonl is prototyped
configure:3018: gcc -c -g -O2  conftest.c 1>&5
configure:3009: error: expected '=', ',', ';', 'asm' or '__attribute__' before '-' token
configure:3011:70: error: macro "htonl" passed 8 arguments, but takes just 1
configure: failed program was:
#line 3002 "configure"
#include "confdefs.h"

#define NO_LIBRARY_PROTOTYPES
#define __COMM_C__
#define __ACT_OTHER_C__
#include "src/sysdep.h"
#ifdef htonl
  error - already defined!
#endif
void htonl(int a, char b, int c, char d, int e, char f, int g, char h);

int main() {

; return 0; }
configure:3048: checking if htons is prototyped
configure:3070: gcc -c -g -O2  conftest.c 1>&5
configure:3061: error: expected '=', ',', ';', 'asm' or '__attribute__' before '-' token
configure:3063:70: error: macro "htons" passed 8 arguments, but takes just 1
configure: failed program was:
#line 3054 "configure"
#include "confdefs.h"

#define NO_LIBRARY_PROTOTYPES
#define __COMM_C__
#define __ACT_OTHER_C__
#include "src/sysdep.h"
#ifdef htons
  error - already defined!
#endif
void htons(int a, char b, int c, char d, int e, char f, int g, char h);

int main() {

; return 0; }
configure:3100: checking if listen is prototyped
configure:3122: gcc -c -g -O2  conftest.c 1>&5
configure:3115: error: conflicting types for 'listen'
/usr/include/sys/socket.h:199: error: previous declaration of 'listen' was here
configure: failed program was:
#line 3106 "configure"
#include "confdefs.h"

#define NO_LIBRARY_PROTOTYPES
#define __COMM_C__
#define __ACT_OTHER_C__
#include "src/sysdep.h"
#ifdef listen
  error - already defined!
#endif
void listen(int a, char b, int c, char d, int e, char f, int g, char h);

int main() {

; return 0; }
configure:3152: checking if ntohl is prototyped
configure:3174: gcc -c -g -O2  conftest.c 1>&5
configure:3165: error: expected '=', ',', ';', 'asm' or '__attribute__' before '-' token
configure:3167:70: error: macro "ntohl" passed 8 arguments, but takes just 1
configure: failed program was:
#line 3158 "configure"
#include "confdefs.h"

#define NO_LIBRARY_PROTOTYPES
#define __COMM_C__
#define __ACT_OTHER_C__
#include "src/sysdep.h"
#ifdef ntohl
  error - already defined!
#endif
void ntohl(int a, char b, int c, char d, int e, char f, int g, char h);

int main() {

; return 0; }
configure:3204: checking if perror is prototyped
configure:3226: gcc -c -g -O2  conftest.c 1>&5
configure:3219: error: conflicting types for 'perror'
/usr/include/stdio.h:747: error: previous declaration of 'perror' was here
configure: failed program was:
#line 3210 "configure"
#include "confdefs.h"

#define NO_LIBRARY_PROTOTYPES
#define __COMM_C__
#define __ACT_OTHER_C__
#include "src/sysdep.h"
#ifdef perror
  error - already defined!
#endif
void perror(int a, char b, int c, char d, int e, char f, int g, char h);

int main() {

; return 0; }
configure:3256: checking if printf is prototyped
configure:3278: gcc -c -g -O2  conftest.c 1>&5
configure:3271: error: conflicting types for 'printf'
configure: failed program was:
#line 3262 "configure"
#include "confdefs.h"

#define NO_LIBRARY_PROTOTYPES
#define __COMM_C__
#define __ACT_OTHER_C__
#include "src/sysdep.h"
#ifdef printf
  error - already defined!
#endif
void printf(int a, char b, int c, char d, int e, char f, int g, char h);

int main() {

; return 0; }
configure:3308: checking if qsort is prototyped
configure:3330: gcc -c -g -O2  conftest.c 1>&5
configure:3323: error: conflicting types for 'qsort'
/usr/include/stdlib.h:781: error: previous declaration of 'qsort' was here
configure: failed program was:
#line 3314 "configure"
#include "confdefs.h"

#define NO_LIBRARY_PROTOTYPES
#define __COMM_C__
#define __ACT_OTHER_C__
#include "src/sysdep.h"
#ifdef qsort
  error - already defined!
#endif
void qsort(int a, char b, int c, char d, int e, char f, int g, char h);

int main() {

; return 0; }
configure:3360: checking if read is prototyped
configure:3382: gcc -c -g -O2  conftest.c 1>&5
configure:3375: error: conflicting types for 'read'
/usr/include/unistd.h:327: error: previous declaration of 'read' was here
configure: failed program was:
#line 3366 "configure"
#include "confdefs.h"

#define NO_LIBRARY_PROTOTYPES
#define __COMM_C__
#define __ACT_OTHER_C__
#include "src/sysdep.h"
#ifdef read
  error - already defined!
#endif
void read(int a, char b, int c, char d, int e, char f, int g, char h);

int main() {

; return 0; }
configure:3412: checking if rewind is prototyped
configure:3434: gcc -c -g -O2  conftest.c 1>&5
configure:3427: error: conflicting types for 'rewind'
/usr/include/stdio.h:660: error: previous declaration of 'rewind' was here
configure: failed program was:
#line 3418 "configure"
#include "confdefs.h"

#define NO_LIBRARY_PROTOTYPES
#define __COMM_C__
#define __ACT_OTHER_C__
#include "src/sysdep.h"
#ifdef rewind
  error - already defined!
#endif
void rewind(int a, char b, int c, char d, int e, char f, int g, char h);

int main() {

; return 0; }
configure:3464: checking if select is prototyped
configure:3486: gcc -c -g -O2  conftest.c 1>&5
configure:3479: error: conflicting types for 'select'
/usr/include/sys/select.h:112: error: previous declaration of 'select' was here
configure: failed program was:
#line 3470 "configure"
#include "confdefs.h"

#define NO_LIBRARY_PROTOTYPES
#define __COMM_C__
#define __ACT_OTHER_C__
#include "src/sysdep.h"
#ifdef select
  error - already defined!
#endif
void select(int a, char b, int c, char d, int e, char f, int g, char h);

int main() {

; return 0; }
configure:3516: checking if setitimer is prototyped
configure:3538: gcc -c -g -O2  conftest.c 1>&5
configure:3531: error: conflicting types for 'setitimer'
/usr/include/sys/time.h:135: error: previous declaration of 'setitimer' was here
configure: failed program was:
#line 3522 "configure"
#include "confdefs.h"

#define NO_LIBRARY_PROTOTYPES
#define __COMM_C__
#define __ACT_OTHER_C__
#include "src/sysdep.h"
#ifdef setitimer
  error - already defined!
#endif
void setitimer(int a, char b, int c, char d, int e, char f, int g, char h);

int main() {

; return 0; }
configure:3568: checking if setrlimit is prototyped
configure:3590: gcc -c -g -O2  conftest.c 1>&5
configure:3583: error: conflicting types for 'setrlimit'
/usr/include/sys/resource.h:71: error: previous declaration of 'setrlimit' was here
configure: failed program was:
#line 3574 "configure"
#include "confdefs.h"

#define NO_LIBRARY_PROTOTYPES
#define __COMM_C__
#define __ACT_OTHER_C__
#include "src/sysdep.h"
#ifdef setrlimit
  error - already defined!
#endif
void setrlimit(int a, char b, int c, char d, int e, char f, int g, char h);

int main() {

; return 0; }
configure:3620: checking if setsockopt is prototyped
configure:3642: gcc -c -g -O2  conftest.c 1>&5
configure:3635: error: conflicting types for 'setsockopt'
/usr/include/sys/socket.h:193: error: previous declaration of 'setsockopt' was here
configure: failed program was:
#line 3626 "configure"
#include "confdefs.h"

#define NO_LIBRARY_PROTOTYPES
#define __COMM_C__
#define __ACT_OTHER_C__
#include "src/sysdep.h"
#ifdef setsockopt
  error - already defined!
#endif
void setsockopt(int a, char b, int c, char d, int e, char f, int g, char h);

int main() {

; return 0; }
configure:3672: checking if socket is prototyped
configure:3694: gcc -c -g -O2  conftest.c 1>&5
configure:3687: error: conflicting types for 'socket'
/usr/include/sys/socket.h:100: error: previous declaration of 'socket' was here
configure: failed program was:
#line 3678 "configure"
#include "confdefs.h"

#define NO_LIBRARY_PROTOTYPES
#define __COMM_C__
#define __ACT_OTHER_C__
#include "src/sysdep.h"
#ifdef socket
  error - already defined!
#endif
void socket(int a, char b, int c, char d, int e, char f, int g, char h);

int main() {

; return 0; }
configure:3724: checking if sprintf is prototyped
configure:3746: gcc -c -g -O2  conftest.c 1>&5
configure:3739: error: conflicting types for 'sprintf'
configure: failed program was:
#line 3730 "configure"
#include "confdefs.h"

#define NO_LIBRARY_PROTOTYPES
#define __COMM_C__
#define __ACT_OTHER_C__
#include "src/sysdep.h"
#ifdef sprintf
  error - already defined!
#endif
void sprintf(int a, char b, int c, char d, int e, char f, int g, char h);

int main() {

; return 0; }
configure:3776: checking if sscanf is prototyped
configure:3798: gcc -c -g -O2  conftest.c 1>&5
configure:3791: error: conflicting types for 'sscanf'
configure: failed program was:
#line 3782 "configure"
#include "confdefs.h"

#define NO_LIBRARY_PROTOTYPES
#define __COMM_C__
#define __ACT_OTHER_C__
#include "src/sysdep.h"
#ifdef sscanf
  error - already defined!
#endif
void sscanf(int a, char b, int c, char d, int e, char f, int g, char h);

int main() {

; return 0; }
configure:3828: checking if system is prototyped
configure:3850: gcc -c -g -O2  conftest.c 1>&5
configure:3843: error: conflicting types for 'system'
/usr/include/stdlib.h:738: error: previous declaration of 'system' was here
configure: failed program was:
#line 3834 "configure"
#include "confdefs.h"

#define NO_LIBRARY_PROTOTYPES
#define __COMM_C__
#define __ACT_OTHER_C__
#include "src/sysdep.h"
#ifdef system
  error - already defined!
#endif
void system(int a, char b, int c, char d, int e, char f, int g, char h);

int main() {

; return 0; }
configure:3880: checking if time is prototyped
configure:3902: gcc -c -g -O2  conftest.c 1>&5
configure:3895: error: conflicting types for 'time'
/usr/include/time.h:187: error: previous declaration of 'time' was here
configure: failed program was:
#line 3886 "configure"
#include "confdefs.h"

#define NO_LIBRARY_PROTOTYPES
#define __COMM_C__
#define __ACT_OTHER_C__
#include "src/sysdep.h"
#ifdef time
  error - already defined!
#endif
void time(int a, char b, int c, char d, int e, char f, int g, char h);

int main() {

; return 0; }
configure:3932: checking if unlink is prototyped
configure:3954: gcc -c -g -O2  conftest.c 1>&5
configure:3947: error: conflicting types for 'unlink'
/usr/include/unistd.h:792: error: previous declaration of 'unlink' was here
configure: failed program was:
#line 3938 "configure"
#include "confdefs.h"

#define NO_LIBRARY_PROTOTYPES
#define __COMM_C__
#define __ACT_OTHER_C__
#include "src/sysdep.h"
#ifdef unlink
  error - already defined!
#endif
void unlink(int a, char b, int c, char d, int e, char f, int g, char h);

int main() {

; return 0; }
configure:3984: checking if write is prototyped
configure:4006: gcc -c -g -O2  conftest.c 1>&5
configure:3999: error: conflicting types for 'write'
/usr/include/unistd.h:333: error: previous declaration of 'write' was here
configure: failed program was:
#line 3990 "configure"
#include "confdefs.h"

#define NO_LIBRARY_PROTOTYPES
#define __COMM_C__
#define __ACT_OTHER_C__
#include "src/sysdep.h"
#ifdef write
  error - already defined!
#endif
void write(int a, char b, int c, char d, int e, char f, int g, char h);

int main() {

; return 0; }
