Aug 31 07:59:34 :: Dregarth (lev 0) approved by Zivilyn.
Aug 31 10:49:40 :: Devon (lev 0) approved by Molson.
Aug 31 14:17:35 :: Deandra (lev 0) approved by Chislev.
Aug 31 14:33:47 :: Solinari (lev 0) approved by Chislev.
Aug 31 14:43:01 :: Threndryk (lev 0) approved by Chislev.
Aug 31 14:56:53 :: Cevril (lev 0) approved by Zivilyn.
Aug 31 16:09:05 :: Gilean (lev 0) approved by Chislev.
Aug 31 17:43:34 :: Soleil (lev 0) approved by Chislev.
Aug 31 19:19:06 :: Kit (lev 0) approved by Chislev.
Aug 31 19:57:27 :: Theran (lev 0) approved by Sirrion.
Aug 31 20:14:47 :: Amathys (lev 0) approved by Nuitari.
Aug 31 21:27:57 :: Mistaya (lev 0) approved by Chemosh.
Aug 31 23:52:53 :: Caydence (lev 0) approved by Mishakal.
Sep  1 13:08:17 :: Trevalin (lev 0) approved by Chislev.
Sep  1 15:45:09 :: Jaysin (lev 0) approved by Chislev.
Sep  1 15:59:34 :: Lillian (lev 0) approved by Chislev.
Sep  1 16:07:11 :: Rossdir (lev 0) approved by Chislev.
Sep  1 16:46:03 :: Zanken (lev 0) approved by Chislev.
Sep  1 18:46:18 :: Damion (lev 0) approved by Chislev.
Sep  1 19:39:21 :: Krevar (lev 0) approved by Chislev.
Sep  1 19:48:17 :: Tove (lev 0) approved by Chislev.
Sep  1 21:05:30 :: Alaudrien (lev 0) approved by Chislev.
Sep  1 22:59:03 :: Spring (lev 0) approved by Solinari.
Sep  2 10:02:42 :: Cyelle (lev 0) approved by Lunitari.
Sep  2 10:05:48 :: Klia (lev 0) approved by Nuitari.
Sep  2 11:02:03 :: Arrean (lev 0) approved by Lunitari.
Sep  2 11:06:24 :: Yxt-Pielle (lev 0) approved by Lunitari.
Sep  2 12:33:29 :: Azareth (lev 0) approved by Chemosh.
Sep  2 19:28:07 :: Olathrei (lev 0) approved by Paladine.
Sep  2 21:43:47 :: Aliza (lev 0) approved by Takhisis.
Sep  2 23:51:31 :: Galadrithien (lev 0) approved by Molson.
Sep  3 00:11:18 :: Talinthalas (lev 0) approved by Solinari.
Sep  3 21:05:29 :: Erdrick (lev 0) approved by Paladine.
Sep  3 22:26:02 :: Zivilynagain (lev 0) approved by Zivilyn.
Sep  3 22:32:59 :: Ethedri (lev 0) approved by Molson.
Sep  3 23:36:26 :: Alex (lev 0) approved by Zivilyn.
Sep  3 23:37:16 :: Wot (lev 0) approved by Nuitari.
Sep  5 00:59:06 :: Rhaeger (lev 0) approved by Molson.
Sep  5 12:20:38 :: Arai (lev 0) approved by Zivilyn.
Sep  5 12:55:15 :: Dahlysa (lev 0) approved by Zivilyn.
Sep  5 20:18:36 :: Rochenar (lev 0) approved by Nuitari.
Sep  5 21:04:53 :: Elysie (lev 0) approved by Nuitari.
Sep  6 01:12:30 :: Trevyn (lev 0) approved by Lunitari.
Sep  6 12:05:42 :: Lyscar (lev 0) approved by Molson.
Sep  6 19:14:48 :: Hiddukel (lev 0) approved by Nuitari.
Sep  7 01:03:05 :: Zacknafein (lev 0) approved by Solinari.
Sep  7 09:59:53 :: Rhelnor (lev 0) approved by Chislev.
Sep  7 13:57:29 :: Ethedri (lev 0) approved by Chislev.
Sep  7 17:36:41 :: Kendrall (lev 0) approved by Molson.
Sep  7 19:11:23 :: Kael (lev 0) approved by Nuitari.
Sep  7 20:11:19 :: Awlin (lev 0) approved by Nuitari.
Sep  8 00:18:12 :: Vadris (lev 0) approved by Kiri-Jolith.
Sep  8 03:27:44 :: Karver (lev 0) approved by Lunitari.
Sep  8 07:35:28 :: Arilyn (lev 0) approved by Nuitari.
Sep  8 16:55:24 :: Gho (lev 0) approved by Nuitari.
Sep  8 22:46:43 :: Telamon (lev 0) approved by Solinari.
Sep  9 18:10:18 :: Alexis (lev 0) approved by Nuitari.
Sep  9 21:18:57 :: Cereol (lev 0) approved by Gilean.
Sep  9 21:43:01 :: Ravan (lev 0) approved by Gilean.
Sep  9 21:56:25 :: Jonos (lev 0) approved by Nuitari.
Sep 10 02:57:37 :: Hannah (lev 0) approved by Lunitari.
Sep 10 07:59:27 :: Annah (lev 0) approved by Lunitari.
Sep 10 14:27:24 :: Sharia (lev 0) approved by Chislev.
Sep 11 01:13:08 :: Suryana (lev 0) approved by Lunitari.
Sep 11 03:41:25 :: Rhelkor (lev 0) approved by Lunitari.
Sep 11 10:46:15 :: Kiricleric (lev 0) approved by Molson.
Sep 11 19:40:15 :: Zaiandre (lev 0) approved by Nuitari.
Sep 12 01:24:41 :: Mondomyr (lev 0) approved by Lunitari.
Sep 12 07:54:20 :: Khalhynin (lev 0) approved by Nuitari.
Sep 12 15:02:09 :: Darsnorth (lev 0) approved by Molson.
Sep 12 22:40:55 :: Victuoro (lev 0) approved by Solinari.
Sep 13 16:32:52 :: Delzech (lev 0) approved by Chislev.
Sep 13 17:23:10 :: Rialana (lev 0) approved by Chislev.
Sep 13 17:44:38 :: Valate (lev 0) approved by Molson.
Sep 13 19:06:43 :: Katsomaro (lev 0) approved by Chislev.
Sep 14 00:02:46 :: Tianna (lev 0) approved by Hiddukel.
Sep 14 10:55:27 :: Minichis (lev 0) approved by Chislev.
Sep 14 17:18:36 :: Durgan (lev 0) approved by Chislev.
Sep 14 18:26:14 :: Kul (lev 0) approved by Molson.
Sep 14 18:48:01 :: Dobryn (lev 0) approved by Molson.
Sep 14 22:26:39 :: Goron (lev 0) approved by Solinari.
Sep 14 22:43:04 :: Avar (lev 0) approved by Solinari.
Sep 15 02:14:17 :: Xiana (lev 0) approved by Lunitari.
Sep 15 22:53:57 :: Xath-Kalus (lev 0) approved by Solinari.
Sep 16 04:27:49 :: Xekii (lev 0) approved by Lunitari.
Sep 16 04:46:41 :: Floren (lev 0) approved by Lunitari.
Sep 16 09:51:54 :: Adalena (lev 0) approved by Nuitari.
Sep 16 18:19:22 :: Jemmina (lev 0) approved by Nuitari.
Sep 16 21:43:27 :: Grace (lev 0) approved by Nuitari.
Sep 17 14:13:44 :: Jaedon (lev 0) approved by Chislev.
Sep 17 16:13:15 :: Inurian (lev 0) approved by Hiddukel.
Sep 17 21:05:07 :: Vhothien (lev 0) approved by Takhisis.
Sep 19 00:50:22 :: Asilnor (lev 0) approved by Nuitari.
Sep 19 19:50:26 :: Lianna (lev 0) approved by Mishakal.
Sep 19 20:06:48 :: Jasmine (lev 0) approved by Mishakal.
Sep 20 03:17:15 :: Pelias (lev 0) approved by Paladine.
Sep 20 23:03:04 :: Arderion (lev 0) approved by Mishakal.
Sep 21 00:19:03 :: Rewan (lev 0) approved by Mishakal.
Sep 23 20:10:00 :: Nuitest (lev 0) approved by Nuitari.
Sep 24 23:48:53 :: Phaedrus (lev 0) approved by Lunitari.
Sep 25 00:40:39 :: Raijis (lev 0) approved by Lunitari.
Sep 26 14:29:04 :: Nikcole (lev 0) approved by Nuitari.
Sep 26 22:59:35 :: Kiricleric (lev 0) approved by Molson.
Sep 27 11:55:08 :: Cradon (lev 0) approved by Hiddukel.
Sep 27 12:18:46 :: Lunas (lev 0) approved by Hiddukel.
Sep 27 19:38:00 :: Redford (lev 0) approved by Molson.
Sep 27 19:51:08 :: Redford (lev 0) approved by Mishakal.
Sep 27 23:31:50 :: Kiricleric (lev 0) approved by Molson.
Sep 28 13:57:42 :: Testman (lev 0) approved by Molson.
Sep 28 14:05:18 :: Testman (lev 0) approved by Molson.
Sep 28 14:07:10 :: Redford (lev 0) approved by Molson.
Sep 28 22:45:48 :: Jiram (lev 0) approved by Solinari.
Sep 29 18:13:33 :: Ctirad (lev 0) approved by Chislev.
Oct  1 19:50:52 :: Kasisan (lev 0) approved by Hiddukel.
Oct  3 02:51:16 :: Asik (lev 0) approved by Lunitari.
Oct  4 07:24:00 :: Rhynk (lev 0) approved by Lunitari.
Oct  4 20:07:59 :: Quareth (lev 0) approved by Mishakal.
Oct  5 23:55:42 :: Immanuel (lev 0) approved by Chislev.
Oct  6 00:41:50 :: Lydoc (lev 0) approved by Lunitari.
Oct  6 00:57:03 :: Markos (lev 0) approved by Nuitari.
Oct  6 02:49:09 :: Khalin (lev 0) approved by Lunitari.
Oct  6 17:07:55 :: Aeronwyn (lev 0) approved by Paladine.
Oct  6 21:38:10 :: Mithric (lev 0) approved by Chislev.
Oct  9 02:05:12 :: Inyahin (lev 0) approved by Lunitari.
Oct  9 19:27:41 :: Wilmachkeu (lev 0) approved by Molson.
Oct  9 20:37:19 :: Ravenwind (lev 0) approved by Molson.
Oct  9 23:03:27 :: Eriath (lev 0) approved by Paladine.
Oct  9 23:24:59 :: Azalan (lev 0) approved by Molson.
Oct 10 19:10:04 :: Krydon (lev 0) approved by Hiddukel.
Oct 10 21:08:59 :: Fhalsaan (lev 0) approved by Hiddukel.
Oct 11 00:06:15 :: Whilhelm (lev 0) approved by Chislev.
Oct 11 00:37:08 :: Straforel (lev 0) approved by Paladine.
Oct 11 01:37:56 :: Matthew (lev 0) approved by Chislev.
Oct 11 01:49:21 :: Minichis (lev 0) approved by Chislev.
Oct 11 21:27:10 :: William (lev 0) approved by Lunitari.
Oct 13 01:33:26 :: Maratos (lev 0) approved by Kiri-Jolith.
Oct 14 17:40:47 :: Sandrine (lev 0) approved by Chislev.
Oct 14 22:00:58 :: Xanaedra (lev 0) approved by Chemosh.
Oct 15 21:42:02 :: Aarkenvahl (lev 0) approved by Solinari.
Oct 16 10:19:44 :: Testmortee (lev 0) approved by Molson.
Oct 16 12:38:37 :: Ulrich (lev 0) approved by Molson.
Oct 16 14:33:36 :: Yureawen (lev 0) approved by Chislev.
Oct 19 14:19:43 :: Thaelyn (lev 0) approved by Solinari.
Oct 19 19:41:15 :: Habbakuk (lev 0) approved by Lunitari.
Oct 19 21:08:53 :: Valaner (lev 0) approved by Habbakuk.
Oct 19 22:23:08 :: Testmort (lev 0) approved by Habbakuk.
Oct 20 00:42:34 :: Lissamone (lev 0) approved by Lunitari.
Oct 20 13:16:18 :: Aeolis (lev 0) approved by Habbakuk.
Oct 20 18:13:15 :: Bryant (lev 0) approved by Habbakuk.
Oct 21 00:43:51 :: Anirgat (lev 0) approved by Habbakuk.
Oct 21 01:12:47 :: Delvar (lev 0) approved by Habbakuk.
Oct 21 02:29:29 :: Kale (lev 0) approved by Chislev.
Oct 21 23:19:43 :: Thurs (lev 0) approved by Solinari.
Oct 22 21:48:05 :: Adedar (lev 0) approved by Habbakuk.
Oct 22 22:55:54 :: Mathar (lev 0) approved by Habbakuk.
Oct 23 20:58:47 :: Taebol (lev 0) approved by Habbakuk.
Oct 23 22:34:32 :: Chaldric (lev 0) approved by Habbakuk.
Oct 24 15:17:55 :: Shiiard (lev 0) approved by Habbakuk.
Oct 25 15:47:32 :: Shaylie (lev 0) approved by Nuitari.
Oct 25 19:44:54 :: Tranos (lev 0) approved by Habbakuk.
Oct 25 19:56:59 :: Herionica (lev 0) approved by Habbakuk.
Oct 25 23:36:25 :: Giogi (lev 0) approved by Solinari.
Oct 26 13:35:21 :: Evalynn (lev 0) approved by Habbakuk.
Oct 26 18:14:56 :: Viola (lev 0) approved by Habbakuk.
Oct 28 01:30:10 :: Marok (lev 0) approved by Kiri-Jolith.
Oct 28 15:19:55 :: Fish (lev 0) approved by Takhisis.
Oct 30 18:12:35 :: Susannah (lev 0) approved by Kiri-Jolith.
Oct 30 20:51:19 :: Xias (lev 0) approved by Nuitari.
Oct 31 21:19:14 :: Lydie (lev 0) approved by Nuitari.
Oct 31 21:25:49 :: Rheanna (lev 0) approved by Nuitari.
Oct 31 23:02:13 :: Tobias (lev 0) approved by Sirrion.
Nov  1 13:17:17 :: Voralynn (lev 0) approved by Sirrion.
Nov  1 22:16:11 :: Alcuin (lev 0) approved by Chislev.
Nov  2 19:50:51 :: Micha (lev 0) approved by Habbakuk.
Nov  2 22:32:25 :: Sipharon (lev 0) approved by Habbakuk.
Nov  3 13:35:43 :: Claire (lev 0) approved by Habbakuk.
Nov  3 21:54:12 :: Sundassaysa (lev 0) approved by Habbakuk.
Nov  3 23:36:18 :: Arteeka (lev 0) approved by Nuitari.
Nov  5 21:21:02 :: Zaelis (lev 0) approved by Habbakuk.
Nov  5 21:53:21 :: Ramiel (lev 0) approved by Solinari.
Nov  7 13:18:29 :: Ghowoul (lev 0) approved by Habbakuk.
Nov  7 14:15:21 :: Seikan (lev 0) approved by Habbakuk.
Nov  7 23:21:23 :: Ashleigh (lev 0) approved by Nuitari.
Nov  8 00:49:14 :: Kaliasi (lev 0) approved by Habbakuk.
Nov  8 23:22:20 :: Dylan (lev 0) approved by Chislev.
Nov 10 20:13:41 :: Fyrak (lev 0) approved by Habbakuk.
Nov 12 15:40:45 :: Navania (lev 0) approved by Gilean.
Nov 14 18:10:56 :: Josiah (lev 0) approved by Chislev.
Nov 15 19:33:26 :: Lysia (lev 0) approved by Habbakuk.
Nov 16 15:52:12 :: Arilyn (lev 0) approved by Habbakuk.
Nov 16 16:25:48 :: Loranx (lev 0) approved by Habbakuk.
Nov 16 16:47:43 :: Viserys (lev 0) approved by Habbakuk.
Nov 16 17:23:08 :: Malharic (lev 0) approved by Habbakuk.
Nov 16 21:07:47 :: Kalkrulys (lev 0) approved by Sirrion.
Nov 16 21:33:08 :: Abienn (lev 0) approved by Nuitari.
Nov 16 21:41:57 :: TJaryon (lev 0) approved by Habbakuk.
Nov 18 00:04:39 :: Mikhal (lev 0) approved by Habbakuk.
Nov 18 00:28:31 :: Gerald (lev 0) approved by Solinari.
Nov 18 13:08:30 :: Azura (lev 0) approved by Chislev.
Nov 18 16:39:38 :: Adlon (lev 0) approved by Sirrion.
Nov 19 18:19:53 :: Dether (lev 0) approved by Habbakuk.
Nov 19 22:48:54 :: Kasch (lev 0) approved by Chislev.
Nov 20 21:51:22 :: Christopher (lev 0) approved by Solinari.
Nov 21 00:28:34 :: Nierninwa (lev 0) approved by Kiri-Jolith.
Nov 24 16:12:17 :: Windrift (lev 0) approved by Chislev.
Nov 25 01:00:04 :: Riva (lev 0) approved by Kiri-Jolith.
Nov 26 15:57:32 :: Numair (lev 0) approved by Gilean.
Nov 26 23:23:14 :: Enki (lev 0) approved by Chislev.
Nov 27 15:35:17 :: Gabriel (lev 0) approved by Chislev.
Nov 28 00:04:32 :: Zayes (lev 0) approved by Gilean.
Nov 28 00:25:58 :: Artike (lev 0) approved by Gilean.
Nov 28 10:42:26 :: Fritz (lev 0) approved by Habbakuk.
Nov 28 18:28:49 :: Dyreek (lev 0) approved by Chislev.
Nov 30 17:06:51 :: Ludovicus (lev 0) approved by Chislev.
Dec  1 13:47:55 :: Cera (lev 0) approved by Chislev.
Dec  3 02:03:57 :: Mivia (lev 0) approved by Chislev.
Dec  3 18:25:29 :: Karamendiel (lev 0) approved by Chislev.
Dec  3 22:13:56 :: Malum (lev 0) approved by Solinari.
Dec  3 22:36:36 :: Walter (lev 0) approved by Habbakuk.
Dec  3 23:01:36 :: Silverwolf (lev 0) approved by Lunitari.
Dec  3 23:22:37 :: Brighteyes (lev 0) approved by Chislev.
Dec  4 23:34:25 :: Spring (lev 0) approved by Chislev.
Dec  8 19:26:07 :: Valintharin (lev 0) approved by Chislev.
Dec  8 20:20:09 :: Hezekiah (lev 0) approved by Chislev.
Dec  8 21:56:17 :: Galdar (lev 0) approved by Solinari.
Dec  8 22:09:24 :: Nagast (lev 0) approved by Habbakuk.
Dec  9 16:54:50 :: Lawson (lev 0) approved by Chemosh.
Dec  9 20:28:08 :: Sollas (lev 0) approved by Habbakuk.
Dec 10 16:03:28 :: Angwar (lev 0) approved by Habbakuk.
Dec 10 18:41:34 :: Feydrin (lev 0) approved by Habbakuk.
Dec 10 20:55:23 :: Ocelath (lev 0) approved by Habbakuk.
Dec 11 14:37:45 :: Chirusea (lev 0) approved by Habbakuk.
Dec 11 21:44:14 :: Granish (lev 0) approved by Habbakuk.
Dec 11 21:48:30 :: Nyphistria (lev 0) approved by Chislev.
Dec 13 22:30:55 :: Glerrash (lev 0) approved by Habbakuk.
Dec 14 00:14:03 :: Jared (lev 0) approved by Gilean.
Dec 14 14:38:02 :: Jared (lev 0) approved by Chislev.
Dec 14 15:49:12 :: Daniels (lev 0) approved by Habbakuk.
Dec 14 22:12:37 :: Mali (lev 0) approved by Habbakuk.
Dec 15 16:20:29 :: Fiona (lev 0) approved by Habbakuk.
Dec 16 00:00:34 :: Roshnax (lev 0) approved by Chislev.
Dec 16 18:46:41 :: Isilme (lev 0) approved by Habbakuk.
Dec 16 21:13:15 :: Felicity (lev 0) approved by Habbakuk.
Dec 16 21:32:29 :: Linwe (lev 0) approved by Habbakuk.
Dec 16 22:57:44 :: Felorr (lev 0) approved by Solinari.
Dec 17 04:34:03 :: Othinus (lev 0) approved by Chislev.
Dec 17 23:14:15 :: Malia (lev 0) approved by Habbakuk.
Dec 18 09:06:18 :: Lucia (lev 0) approved by Habbakuk.
Dec 18 09:43:54 :: Driabo (lev 0) approved by Habbakuk.
Dec 18 17:24:52 :: Devlynn (lev 0) approved by Habbakuk.
Dec 19 14:19:50 :: Derrio (lev 0) approved by Habbakuk.
Dec 19 15:37:15 :: Coadee (lev 0) approved by Habbakuk.
Dec 19 16:20:56 :: Donodycus (lev 0) approved by Habbakuk.
Dec 19 16:33:27 :: Galadrithien (lev 0) approved by Habbakuk.
Dec 19 16:33:30 :: Gavsmi (lev 0) approved by Habbakuk.
Dec 19 19:00:50 :: Brottor (lev 0) approved by Chislev.
Dec 20 02:43:19 :: Gniri (lev 0) approved by Gilean.
Dec 20 03:20:04 :: Iolanthe (lev 0) approved by Habbakuk.
Dec 20 14:42:29 :: Duryea (lev 0) approved by Habbakuk.
Dec 20 21:04:40 :: Nagast (lev 0) approved by Habbakuk.
Dec 21 11:20:58 :: Ghaaz (lev 0) approved by Habbakuk.
Dec 21 12:18:51 :: Averlathmai (lev 0) approved by Habbakuk.
Dec 21 15:05:27 :: Sarefe (lev 0) approved by Chislev.
Dec 22 00:53:59 :: Adin (lev 0) approved by Habbakuk.
Dec 22 22:51:47 :: Orrin (lev 0) approved by Solinari.
Dec 24 18:17:52 :: Ulryn (lev 0) approved by Chislev.
Dec 25 22:29:45 :: Ayghte (lev 0) approved by Solinari.
Dec 26 21:05:57 :: Triston (lev 0) approved by Habbakuk.
Dec 27 22:58:34 :: Faelin (lev 0) approved by Solinari.
Dec 27 22:58:38 :: Fyrin (lev 0) approved by Solinari.
Dec 28 00:06:37 :: Nightlord (lev 0) approved by Habbakuk.
Dec 28 22:06:01 :: Phos (lev 0) approved by Solinari.
Dec 28 23:23:02 :: Ghalen (lev 0) approved by Habbakuk.
Dec 28 23:56:14 :: Porolos (lev 0) approved by Habbakuk.
Dec 29 00:49:55 :: Clover (lev 0) approved by Solinari.
Dec 29 17:23:57 :: Robert (lev 0) approved by Chislev.
Dec 29 21:46:08 :: Amaymon (lev 0) approved by Lunitari.
Jan  1 15:54:19 :: Xitar (lev 0) approved by Habbakuk.
Jan  3 18:09:35 :: Daron (lev 0) approved by Habbakuk.
Jan  3 18:49:18 :: Mardin (lev 0) approved by Habbakuk.
Jan  4 22:42:33 :: Terra (lev 0) approved by Habbakuk.
Jan  7 13:39:54 :: Ravella (lev 0) approved by Habbakuk.
Jan  7 14:39:28 :: Ravnos (lev 0) approved by Habbakuk.
Jan  7 15:02:41 :: Jargen (lev 0) approved by Habbakuk.
Jan  7 18:11:50 :: Jerad (lev 0) approved by Sirrion.
Jan  8 18:10:49 :: Xenoth (lev 0) approved by Habbakuk.
Jan  8 19:11:21 :: Olendani (lev 0) approved by Habbakuk.
Jan  9 00:45:52 :: Remhad (lev 0) approved by Solinari.
Jan  9 01:42:06 :: Wrath (lev 0) approved by Habbakuk.
Jan  9 01:54:32 :: Wrath (lev 0) approved by Habbakuk.
Jan  9 02:11:57 :: Bryce (lev 0) approved by Habbakuk.
Jan  9 14:04:56 :: Felicia (lev 0) approved by Habbakuk.
Jan  9 23:33:51 :: Silas (lev 0) approved by Solinari.
Jan 10 00:21:28 :: Alexia (lev 0) approved by Solinari.
Jan 11 09:30:42 :: Primortal (lev 0) approved by Chislev.
Jan 11 22:54:28 :: Alain (lev 0) approved by Chislev.
Jan 12 16:54:11 :: Sylwven (lev 0) approved by Habbakuk.
Jan 12 21:10:21 :: Escanor (lev 0) approved by Sirrion.
Jan 13 09:27:08 :: Dana (lev 0) approved by Habbakuk.
Jan 13 10:04:02 :: Helixcon (lev 0) approved by Habbakuk.
Jan 13 15:27:27 :: Wistrin (lev 0) approved by Habbakuk.
Jan 13 23:03:03 :: Millicent (lev 0) approved by Habbakuk.
Jan 14 13:24:38 :: Whitefeather (lev 0) approved by Habbakuk.
Jan 14 22:43:59 :: Kiva (lev 0) approved by Habbakuk.
Jan 14 22:46:31 :: Vargas (lev 0) approved by Habbakuk.
Jan 15 16:56:29 :: Azure (lev 0) approved by Habbakuk.
Jan 16 12:25:59 :: Adrieal (lev 0) approved by Habbakuk.
Jan 16 13:22:14 :: Daynna (lev 0) approved by Habbakuk.
Jan 18 12:33:55 :: Colin (lev 0) approved by Habbakuk.
Jan 18 18:20:10 :: Test (lev 30) approved by Nuitari.
Jan 18 18:50:38 :: Porath (lev 0) approved by Habbakuk.
Jan 19 21:10:59 :: Shalisa (lev 0) approved by Lunitari.
Jan 20 13:07:38 :: Waylan (lev 0) approved by Chislev.
Jan 20 17:59:39 :: Xerz (lev 0) approved by Nuitari.
Jan 20 18:39:41 :: Alyssa (lev 0) approved by Sirrion.
Jan 21 17:34:57 :: Akyra (lev 0) approved by Nuitari.
Jan 25 09:47:06 :: Kryten (lev 0) approved by Chislev.
Jan 25 13:40:10 :: Saris (lev 0) approved by Habbakuk.
Jan 26 18:47:43 :: Solan (lev 0) approved by Nuitari.
Jan 26 20:50:03 :: Kalem (lev 0) approved by Sirrion.
Jan 27 08:45:47 :: Gwendelyn (lev 0) approved by Chislev.
Jan 27 22:25:52 :: Andrew (lev 0) approved by Nuitari.
Jan 30 09:01:06 :: Anthemis (lev 0) approved by Nuitari.
Jan 31 10:49:36 :: Roryk (lev 0) approved by Chemosh.
Feb  1 10:25:31 :: Thork (lev 0) approved by Chislev.
Feb  2 18:22:54 :: Henrathog (lev 0) approved by Nuitari.
Feb  3 01:53:07 :: Regina (lev 0) approved by Chislev.
Feb  3 15:30:19 :: Ysaris (lev 0) approved by Habbakuk.
Feb  4 23:32:07 :: Marashi (lev 0) approved by Lunitari.
Feb  5 01:25:54 :: Marashi (lev 0) approved by Chislev.
Feb  5 02:11:51 :: Khaira (lev 0) approved by Lunitari.
Feb  5 17:11:33 :: Stefan (lev 0) approved by Zivilyn.
Feb  6 20:37:39 :: Maril (lev 0) approved by Habbakuk.
Feb  6 23:03:25 :: Comoa (lev 0) approved by Habbakuk.
Feb  7 15:31:08 :: Belendil (lev 0) approved by Habbakuk.
Feb  7 15:44:18 :: Corky (lev 0) approved by Habbakuk.
Feb  8 23:09:46 :: Russel (lev 30) approved by Habbakuk.
Feb  9 21:23:11 :: Triana (lev 0) approved by Habbakuk.
Feb 10 09:39:18 :: Xeria (lev 0) approved by Chislev.
Feb 10 10:36:48 :: Throm (lev 0) approved by Chislev.
Feb 11 23:22:03 :: Aruethos (lev 0) approved by Nuitari.
Feb 12 12:54:50 :: Sadomanes (lev 0) approved by Habbakuk.
Feb 12 13:02:52 :: Liska (lev 0) approved by Habbakuk.
Feb 12 21:27:09 :: Orim (lev 0) approved by Nuitari.
Feb 12 22:00:02 :: Truitt (lev 0) approved by Sirrion.
Feb 13 10:50:06 :: Levant (lev 0) approved by Habbakuk.
Feb 13 11:18:27 :: Strigivol (lev 0) approved by Nuitari.
Feb 14 09:02:25 :: Driabo (lev 0) approved by Habbakuk.
Feb 15 09:07:19 :: Ollenous (lev 0) approved by Nuitari.
Feb 16 21:02:27 :: Tobin (lev 0) approved by Zivilyn.
Feb 16 21:03:15 :: Cooper (lev 0) approved by Chislev.
Feb 17 20:20:39 :: Glade (lev 0) approved by Habbakuk.
Feb 19 20:32:12 :: Phelaena (lev 0) approved by Sirrion.
Feb 21 00:45:29 :: Delra (lev 0) approved by Nuitari.
Feb 21 01:00:13 :: Myfanwy (lev 0) approved by Nuitari.
Feb 21 20:40:25 :: Haskell (lev 0) approved by Chislev.
Feb 21 21:15:59 :: FallenLeaf (lev 0) approved by Chislev.
Feb 21 21:51:57 :: Dormandu (lev 0) approved by Solinari.
Feb 21 23:24:52 :: Daeva (lev 0) approved by Solinari.
Feb 22 00:54:15 :: Thewk (lev 0) approved by Habbakuk.
Feb 22 13:18:00 :: Auren (lev 0) approved by Habbakuk.
Feb 22 20:43:03 :: Kharazir (lev 0) approved by Sirrion.
Feb 22 22:23:26 :: Kerenda (lev 0) approved by Habbakuk.
Feb 23 14:24:32 :: Adriana (lev 0) approved by Chemosh.
Feb 23 22:25:12 :: Andros (lev 0) approved by Habbakuk.
Feb 24 18:52:10 :: Claystone (lev 0) approved by Habbakuk.
Feb 26 15:46:52 :: Carmac (lev 0) approved by Solinari.
Feb 26 22:35:59 :: Thul (lev 0) approved by Sirrion.
Mar  1 09:29:46 :: Alarik (lev 0) approved by Chislev.
Mar  1 12:54:12 :: Hazzelkoff (lev 0) approved by Chislev.
Mar  1 16:54:15 :: Reznor (lev 0) approved by Solinari.
Mar  1 21:42:20 :: Tarin (lev 0) approved by Solinari.
Mar  2 13:09:03 :: Corner (lev 0) approved by Solinari.
Mar  2 20:10:34 :: Ferrum (lev 0) approved by Chislev.
Mar  2 21:58:46 :: Raeli (lev 0) approved by Solinari.
Mar  3 22:14:16 :: Cindy (lev 0) approved by Solinari.
Mar  3 22:49:36 :: Pik (lev 0) approved by Lunitari.
Mar  4 15:33:52 :: Ithannia (lev 0) approved by Solinari.
Mar  4 19:53:25 :: Kathari (lev 0) approved by Habbakuk.
Mar  4 22:59:58 :: Siren (lev 30) approved by Solinari.
Mar  5 18:34:32 :: Mariste (lev 0) approved by Chislev.
Mar  6 10:25:25 :: Wissie (lev 0) approved by Nuitari.
Mar  6 21:26:36 :: Lyndara (lev 0) approved by Lunitari.
Mar  7 16:49:36 :: Lyndara (lev 0) approved by Habbakuk.
Mar  7 16:52:56 :: Danthor (lev 0) approved by Habbakuk.
Mar  7 17:01:02 :: Chloe (lev 0) approved by Habbakuk.
Mar  7 17:06:46 :: Elliot (lev 0) approved by Habbakuk.
Mar  7 17:08:05 :: Mystie (lev 0) approved by Habbakuk.
Mar  7 18:10:04 :: Dalimoth (lev 0) approved by Sirrion.
Mar  7 18:29:27 :: Myron (lev 0) approved by Sirrion.
Mar  7 18:53:54 :: Gnimish (lev 0) approved by Sirrion.
Mar  7 20:41:39 :: Nalkan (lev 0) approved by Sirrion.
Mar  7 21:09:21 :: Kurac (lev 0) approved by Sirrion.
Mar  8 20:28:16 :: Jhames (lev 0) approved by Habbakuk.
Mar  8 22:15:13 :: Aleana (lev 0) approved by Sirrion.
Mar  8 22:21:34 :: Khoraal (lev 0) approved by Sirrion.
Mar  9 15:49:57 :: Teigra (lev 0) approved by Habbakuk.
Mar  9 20:33:33 :: Vaern (lev 0) approved by Habbakuk.
Mar 10 14:38:40 :: Illiona (lev 0) approved by Chislev.
Mar 10 15:42:15 :: Tases (lev 0) approved by Habbakuk.
Mar 10 18:52:50 :: Shada (lev 0) approved by Chislev.
Mar 12 13:40:34 :: Evalynn (lev 0) approved by Chislev.
Mar 13 19:45:59 :: Zeboim (lev 0) approved by Chislev.
Mar 14 00:49:30 :: Quinthas (lev 0) approved by Habbakuk.
Mar 17 12:28:38 :: Kirent (lev 0) approved by Chislev.
Mar 17 12:58:19 :: Tove (lev 0) approved by Chislev.
Mar 17 15:27:03 :: Myrelle (lev 0) approved by Habbakuk.
Mar 18 17:58:52 :: Vincent (lev 0) approved by Habbakuk.
Mar 21 00:03:27 :: Elrithranduil (lev 0) approved by Habbakuk.
Mar 22 09:34:41 :: Olan (lev 0) approved by Chislev.
Mar 22 10:31:29 :: Aidian (lev 0) approved by Chislev.
Mar 23 09:55:30 :: Dredji (lev 0) approved by Chislev.
Mar 23 10:05:10 :: Coale (lev 0) approved by Chislev.
Mar 23 16:04:34 :: Kobort (lev 0) approved by Chislev.
Mar 23 16:52:02 :: Ravan (lev 0) approved by Habbakuk.
Mar 24 08:15:38 :: Savina (lev 0) approved by Chislev.
Mar 24 23:34:52 :: Tareliss (lev 0) approved by Solinari.
Mar 25 20:25:13 :: Drogan (lev 0) approved by Habbakuk.
Mar 26 15:37:49 :: Chalhydryn (lev 0) approved by Habbakuk.
Mar 26 19:10:56 :: Appilas (lev 0) approved by Habbakuk.
Mar 28 13:47:13 :: Kenchu (lev 0) approved by Chemosh.
Mar 31 22:35:51 :: Zahius (lev 0) approved by Habbakuk.
Apr  1 18:17:33 :: Taalyn (lev 0) approved by Habbakuk.
Apr  1 19:16:41 :: Tattiana (lev 0) approved by Habbakuk.
Apr  1 19:28:38 :: Tattiana (lev 0) approved by Habbakuk.
Apr  1 19:33:46 :: Tattiana (lev 0) approved by Habbakuk.
Apr  2 15:52:21 :: Ocewiel (lev 0) approved by Habbakuk.
Apr  2 21:40:12 :: Tora (lev 0) approved by Habbakuk.
Apr  3 00:30:30 :: Thelryn (lev 0) approved by Habbakuk.
Apr  3 01:00:28 :: Dominoth (lev 0) approved by Habbakuk.
Apr  3 17:59:46 :: Bale (lev 0) approved by Habbakuk.
Apr  6 17:19:37 :: Schenze (lev 0) approved by Habbakuk.
Apr  6 22:06:42 :: Gag (lev 0) approved by Habbakuk.
Apr  7 01:45:58 :: Robert (lev 0) approved by Habbakuk.
Apr  7 18:25:09 :: Kerith (lev 0) approved by Nuitari.
Apr 10 21:55:55 :: Aluriel (lev 0) approved by Nuitari.
Apr 10 21:56:17 :: Ignatius (lev 0) approved by Sirrion.
Apr 11 09:53:53 :: Amarayus (lev 0) approved by Habbakuk.
Apr 11 14:26:58 :: Vryce (lev 0) approved by Solinari.
Apr 13 19:39:40 :: Cheylysta (lev 0) approved by Nuitari.
Apr 13 19:43:24 :: Krane (lev 0) approved by Habbakuk.
Apr 14 20:32:52 :: Asyndria (lev 0) approved by Habbakuk.
Apr 15 00:18:16 :: Zalian (lev 0) approved by Solinari.
Apr 16 01:38:39 :: Seraphie (lev 0) approved by Habbakuk.
Apr 16 21:34:53 :: Alr (lev 0) approved by Habbakuk.
Apr 16 22:29:19 :: Verin (lev 0) approved by Habbakuk.
Apr 18 16:53:55 :: Krenthos (lev 0) approved by Sirrion.
Apr 20 15:36:33 :: Krenthos (lev 0) approved by Habbakuk.
Apr 21 22:19:17 :: Krystil (lev 0) approved by Solinari.
Apr 22 14:55:06 :: Mithric (lev 0) approved by Habbakuk.
Apr 23 15:24:46 :: Mellina (lev 0) approved by Habbakuk.
Apr 23 19:47:35 :: Siarial (lev 0) approved by Habbakuk.
Apr 25 17:28:33 :: Ryodinn (lev 0) approved by Habbakuk.
Apr 25 18:17:56 :: Syrianis (lev 0) approved by Habbakuk.
Apr 25 20:01:06 :: Shaliel (lev 0) approved by Habbakuk.
Apr 25 23:26:16 :: Tandara (lev 0) approved by Sirrion.
Apr 26 15:26:15 :: Nolbak (lev 0) approved by Habbakuk.
Apr 27 20:50:09 :: Mia (lev 0) approved by Habbakuk.
Apr 30 21:10:35 :: Relissa (lev 0) approved by Sirrion.
May  1 16:53:34 :: Shurav (lev 0) approved by Habbakuk.
May  2 20:02:44 :: Taranessia (lev 0) approved by Sirrion.
May  3 22:23:01 :: Kron (lev 0) approved by Sirrion.
May  3 23:34:37 :: Rhuvan (lev 0) approved by Habbakuk.
May  4 15:34:17 :: Kenzo (lev 0) approved by Habbakuk.
May  5 20:13:08 :: Selinsia (lev 0) approved by Habbakuk.
May  6 21:21:52 :: Qzarklan (lev 0) approved by Habbakuk.
May  8 22:15:24 :: Geoffry (lev 0) approved by Habbakuk.
May 10 14:46:03 :: Waltund (lev 0) approved by Habbakuk.
May 11 18:27:49 :: Cyasriria (lev 0) approved by Habbakuk.
May 11 19:13:12 :: Lili (lev 0) approved by Habbakuk.
May 12 21:56:51 :: Rowan (lev 0) approved by Solinari.
May 17 22:45:54 :: Serena (lev 0) approved by Habbakuk.
May 17 23:08:48 :: Raelina (lev 0) approved by Habbakuk.
May 18 23:15:13 :: Lekithiria (lev 0) approved by Habbakuk.
May 20 00:38:07 :: Dartheal (lev 0) approved by Habbakuk.
May 21 17:39:14 :: Sarina (lev 0) approved by Habbakuk.
May 22 14:40:50 :: Talon (lev 0) approved by Habbakuk.
May 23 03:00:32 :: Warlath (lev 0) approved by Habbakuk.
May 23 12:48:56 :: Dion (lev 0) approved by Habbakuk.
May 23 12:50:46 :: Kelysa (lev 0) approved by Habbakuk.
May 23 22:29:20 :: Finnicks (lev 0) approved by Solinari.
May 24 14:48:35 :: Karn (lev 0) approved by Solinari.
May 25 15:38:21 :: Fenris (lev 0) approved by Habbakuk.
May 25 20:58:13 :: Valikesh (lev 0) approved by Habbakuk.
May 25 22:54:36 :: Malie (lev 0) approved by Habbakuk.
May 28 11:41:59 :: Torland (lev 0) approved by Habbakuk.
May 28 21:45:07 :: Kei (lev 0) approved by Chislev.
May 28 21:51:52 :: Orlien (lev 0) approved by Chislev.
May 29 21:00:25 :: Reivar (lev 0) approved by Habbakuk.
May 31 21:11:15 :: Maelia (lev 0) approved by Sirrion.
Jun  3 17:44:04 :: Koji (lev 0) approved by Habbakuk.
Jun 12 14:19:32 :: Benjamin (lev 0) approved by Habbakuk.
Jun 12 23:54:26 :: Conseneco (lev 0) approved by Habbakuk.
Jun 13 22:17:58 :: Isaeru (lev 0) approved by Sirrion.
Jun 18 13:41:38 :: Celista (lev 0) approved by Habbakuk.
Jun 18 14:37:34 :: Myx (lev 0) approved by Habbakuk.
Jun 19 14:55:45 :: Lynn (lev 0) approved by Nuitari.
Jun 19 20:09:17 :: Alkyl (lev 0) approved by Habbakuk.
Jun 22 20:07:11 :: Jinai (lev 0) approved by Sirrion.
Jun 22 20:50:50 :: Trenton (lev 0) approved by Sirrion.
Jun 24 22:27:42 :: Barika (lev 0) approved by Solinari.
Jun 25 15:30:35 :: Raritan (lev 0) approved by Habbakuk.
Jun 25 15:48:15 :: Scie (lev 0) approved by Habbakuk.
Jun 26 11:54:36 :: Archanos (lev 0) approved by Habbakuk.
Jun 26 14:08:35 :: Sarkanas (lev 0) approved by Habbakuk.
Jun 27 22:20:32 :: Jherek (lev 0) approved by Habbakuk.
Jun 28 15:24:37 :: Loran (lev 0) approved by Habbakuk.
Jul  1 17:43:35 :: Silverhawk (lev 0) approved by Habbakuk.
Jul  2 22:31:19 :: Duncan (lev 0) approved by Habbakuk.
Jul  5 15:46:59 :: Kassiel (lev 0) approved by Habbakuk.
Jul  6 22:51:23 :: Deidre (lev 0) approved by Solinari.
Jul  8 17:08:32 :: Tanclonic (lev 0) approved by Solinari.
Jul  8 22:53:07 :: Ivria (lev 0) approved by Solinari.
Jul 10 23:07:41 :: Owlet (lev 0) approved by Habbakuk.
Jul 10 23:26:43 :: Saeva (lev 0) approved by Habbakuk.
Jul 10 23:36:05 :: Saeva (lev 0) approved by Habbakuk.
Jul 12 17:29:29 :: Porath (lev 0) approved by Chislev.
Jul 12 18:28:29 :: Anan (lev 0) approved by Chislev.
Jul 12 22:39:28 :: Chione (lev 0) approved by Chislev.
Jul 13 07:01:13 :: Darius (lev 0) approved by Chislev.
Jul 13 18:29:57 :: Ferylon (lev 0) approved by Chislev.
Jul 14 22:18:09 :: Jevonna (lev 0) approved by Sirrion.
Sep 27 20:35:58 :: Ankbri (lev 0) approved by Chemosh.
Sep 27 20:36:03 :: Tonic (lev 0) approved by Chemosh.
Sep 27 21:10:37 :: Khale (lev 0) approved by Ankbri.
Sep 28 16:31:08 :: Quinn (lev 0) approved by Ankbri.
Sep 28 16:36:06 :: Caera (lev 0) approved by Ankbri.
Sep 28 16:55:14 :: Yaroshel (lev 1) approved by Ankbri.
Sep 28 18:02:04 :: Irvette (lev 0) approved by Nuitari.
Sep 28 19:34:44 :: Tyrin (lev 0) approved by Tonic.
Sep 29 01:50:46 :: Deveer (lev 0) approved by Tonic.
Sep 29 04:00:57 :: Endrin (lev 0) approved by Ankbri.
Sep 30 22:21:05 :: Tourguide (lev 0) approved by Tonic.
Sep 30 22:22:02 :: Hexonyx (lev 0) approved by Ankbri.
Oct  2 03:10:55 :: Atule (lev 0) approved by Ankbri.
Oct  2 17:04:18 :: Peroso (lev 0) approved by Tonic.
Oct  2 18:00:56 :: Rhianne (lev 0) approved by Tonic.
Oct  2 18:07:27 :: Arafax (lev 0) approved by Ankbri.
Oct  4 02:55:54 :: Toran (lev 0) approved by Tonic.
Oct  4 11:26:13 :: Thorne (lev 0) approved by Nuitari.
Oct  4 13:08:15 :: Dayne (lev 0) approved by Ankbri.
Oct  5 00:24:45 :: Sarandel (lev 0) approved by Solinari.
Oct  5 00:31:55 :: Finivan (lev 30) approved by Solinari.
Oct  5 18:53:56 :: Branchala (lev 0) approved by Tonic.
Oct  5 21:46:03 :: Imarael (lev 0) approved by Zeboim.
Oct  5 22:15:36 :: Daliana (lev 0) approved by Zeboim.
Oct  6 15:30:31 :: Maeren (lev 0) approved by Zeboim.
Oct  6 16:32:03 :: Sedrose (lev 0) approved by Branchala.
Oct  6 16:56:00 :: Ethaniel (lev 0) approved by Zeboim.
Oct  6 17:27:49 :: Lachlan (lev 0) approved by Zeboim.
Oct  8 17:10:58 :: Shyandai (lev 0) approved by Chislev.
Oct  8 22:32:48 :: Seola (lev 0) approved by Branchala.
Oct  9 23:48:44 :: Prithu-sa (lev 0) approved by Zeboim.
Oct 10 10:59:55 :: Sargonnas (lev 0) approved by Chemosh.
Oct 10 15:21:14 :: Kaltheasthalin (lev 0) approved by Branchala.
Oct 12 13:23:57 :: Zapporia (lev 0) approved by Sargonnas.
Oct 12 21:31:28 :: Andowin (lev 0) approved by Zeboim.
Oct 13 02:00:57 :: Nulkit (lev 0) approved by Zeboim.
Oct 17 13:51:58 :: Jozlen (lev 0) approved by Sargonnas.
Oct 17 19:48:29 :: Etheran (lev 0) approved by Branchala.
Oct 19 18:39:11 :: Solan (lev 0) approved by Branchala.
Oct 20 00:19:46 :: Sunlock (lev 0) approved by Branchala.
Oct 20 13:48:10 :: Dandra (lev 0) approved by Branchala.
Oct 20 14:58:41 :: Randoris (lev 0) approved by Zeboim.
Oct 20 18:27:38 :: Jayleyce (lev 0) approved by Zeboim.
Oct 20 20:59:04 :: Khaira (lev 0) approved by Zeboim.
Oct 22 13:24:32 :: Zericsiet (lev 0) approved by Zeboim.
Oct 22 13:56:17 :: Rhade (lev 0) approved by Zeboim.
Oct 23 21:46:30 :: Levaneaut (lev 0) approved by Zeboim.
Oct 23 22:36:33 :: Ranan (lev 0) approved by Zeboim.
Oct 24 18:14:16 :: Taerlocke (lev 0) approved by Branchala.
Oct 24 19:07:18 :: Daelle (lev 0) approved by Zeboim.
Oct 25 19:21:53 :: Nephrim (lev 0) approved by Nuitari.
Oct 25 21:34:09 :: Tilu (lev 0) approved by Branchala.
Oct 26 21:37:52 :: Teirnan (lev 0) approved by Solinari.
Oct 27 21:53:57 :: Kendric (lev 0) approved by Branchala.
Oct 27 22:46:08 :: Garzak (lev 0) approved by Branchala.
Oct 27 22:47:13 :: Aithne (lev 0) approved by Zeboim.
Nov  2 00:27:37 :: Ashlay (lev 0) approved by Zeboim.
Nov  3 00:36:50 :: Arnett (lev 0) approved by Zeboim.
Nov  4 19:39:04 :: Rashkan (lev 0) approved by Sirrion.
Nov  5 18:21:30 :: Olek (lev 0) approved by Zeboim.
Nov  6 17:18:38 :: Tiel (lev 0) approved by Zeboim.
Nov  6 18:53:10 :: Lucian (lev 0) approved by Zeboim.
Nov  8 16:30:11 :: Lorek (lev 0) approved by Zeboim.
Nov  8 21:57:55 :: Ehlonni (lev 0) approved by Zeboim.
Nov  8 22:28:21 :: Sionna (lev 0) approved by Branchala.
Nov  9 19:55:27 :: Dearg (lev 0) approved by Zeboim.
Nov  9 23:08:11 :: Inarik (lev 0) approved by Zeboim.
Nov 10 03:34:15 :: Lament (lev 0) approved by Zeboim.
Nov 10 15:36:03 :: Rory (lev 0) approved by Zeboim.
Nov 10 23:06:25 :: Rhiannon (lev 0) approved by Solinari.
Nov 11 18:18:35 :: Kyleth (lev 0) approved by Zeboim.
Nov 12 01:14:54 :: Randy (lev 0) approved by Zeboim.
Nov 13 01:04:12 :: Prantor (lev 0) approved by Zeboim.
Nov 13 17:04:52 :: Iaric (lev 0) approved by Branchala.
Nov 14 17:47:32 :: Verdard (lev 0) approved by Branchala.
Nov 15 00:29:34 :: Korbyn (lev 0) approved by Solinari.
Nov 15 01:53:39 :: Rinon (lev 0) approved by Branchala.
Nov 15 05:01:36 :: Jaeshara (lev 0) approved by Branchala.
Nov 15 23:00:30 :: Hawkeye (lev 0) approved by Habbakuk.
Nov 15 23:40:26 :: Gerard (lev 0) approved by Habbakuk.
Nov 16 03:35:59 :: Gorgemas (lev 0) approved by Zeboim.
Nov 18 05:12:37 :: Kydarhan (lev 0) approved by Zeboim.
Nov 18 19:45:07 :: Kahlan (lev 0) approved by Branchala.
Nov 19 22:08:38 :: Lune (lev 0) approved by Zeboim.
Nov 21 02:38:09 :: Lomax (lev 0) approved by Branchala.
Nov 21 03:41:07 :: Drighten (lev 0) approved by Branchala.
Nov 21 06:54:21 :: Test (lev 0) approved by Zeboim.
Nov 21 16:46:53 :: Test (lev 0) approved by Branchala.
Nov 21 16:48:18 :: Test (lev 0) approved by Branchala.
Nov 21 16:50:51 :: Test (lev 0) approved by Branchala.
Nov 21 17:36:13 :: Rhialle (lev 0) approved by Zeboim.
Nov 22 11:58:06 :: Skyloristiel (lev 0) approved by Nuitari.
Nov 23 07:14:51 :: Kahanna (lev 0) approved by Zeboim.
Nov 25 04:11:08 :: Gen (lev 0) approved by Zeboim.
Nov 25 07:04:15 :: Xelsey (lev 0) approved by Branchala.
Nov 25 18:21:57 :: Korova (lev 0) approved by Branchala.
Nov 25 18:31:08 :: Delarin (lev 0) approved by Habbakuk.
Nov 26 02:48:35 :: Ratpouch (lev 0) approved by Zeboim.
Nov 26 02:53:12 :: Ratpouch (lev 0) approved by Zeboim.
Nov 26 02:58:12 :: Ratpouch (lev 0) approved by Habbakuk.
Nov 26 03:02:22 :: Ratpouch (lev 0) approved by Zeboim.
Nov 26 03:04:38 :: Ratpouch (lev 0) approved by Habbakuk.
Nov 26 03:06:48 :: Ratpouch (lev 0) approved by Habbakuk.
Nov 26 03:08:38 :: Ratpouch (lev 0) approved by Habbakuk.
Nov 26 03:33:49 :: Zaviel (lev 0) approved by Zeboim.
Nov 26 21:30:43 :: Skubrior (lev 0) approved by Branchala.
Nov 27 19:59:02 :: Jaelyn (lev 0) approved by Nuitari.
Nov 28 09:36:47 :: Shou (lev 0) approved by Zeboim.
Nov 28 23:47:34 :: Davin (lev 0) approved by Zeboim.
Nov 29 22:14:56 :: Thalantyr (lev 0) approved by Zeboim.
Nov 29 22:37:35 :: Warriv (lev 0) approved by Zeboim.
Nov 30 21:55:28 :: Duran (lev 0) approved by Zeboim.
Dec  1 05:44:45 :: Test (lev 0) approved by Zeboim.
Dec  1 06:18:09 :: Uyraco (lev 0) approved by Zeboim.
Dec  1 06:56:53 :: Sparrowbrook (lev 0) approved by Branchala.
Dec  2 01:50:19 :: Vyarli (lev 0) approved by Zeboim.
Dec  3 00:08:08 :: Sonja (lev 0) approved by Solinari.
Dec  3 01:44:50 :: Marcus (lev 0) approved by Solinari.
Dec  3 01:56:26 :: Floyd (lev 0) approved by Solinari.
Dec  3 03:45:01 :: Majere (lev 0) approved by Mishakal.
Dec  4 14:59:58 :: Lyscar (lev 0) approved by Nuitari.
Dec  4 18:43:45 :: Kessetheleras (lev 0) approved by Zeboim.
Dec  5 19:44:51 :: Donovan (lev 0) approved by Zeboim.
Dec  6 03:55:06 :: Lilith (lev 0) approved by Majere.
Dec  6 05:32:24 :: Lyndon (lev 0) approved by Zeboim.
Dec  6 20:44:38 :: Teriphin (lev 0) approved by Zeboim.
Dec  6 21:45:12 :: Lynx (lev 0) approved by Branchala.
Dec  6 22:14:20 :: Ghorum (lev 0) approved by Branchala.
Dec  6 22:54:35 :: Kaddar (lev 0) approved by Branchala.
Dec  7 04:08:40 :: Almirrae (lev 0) approved by Zeboim.
Dec  7 20:35:13 :: Valinor (lev 0) approved by Majere.
Dec  8 16:36:40 :: ATestPortWouldRock (lev 0) approved by Habbakuk.
Dec  8 19:23:38 :: Uthia (lev 0) approved by Habbakuk.
Dec  8 23:20:43 :: Jonella (lev 0) approved by Zeboim.
Dec  8 23:38:21 :: Manic (lev 0) approved by Habbakuk.
Dec  9 02:01:44 :: Andach (lev 0) approved by Majere.
Dec  9 16:56:18 :: Eradas (lev 0) approved by Branchala.
Dec  9 18:46:31 :: Farl (lev 0) approved by Zeboim.
Dec 11 19:38:01 :: Celaladrien (lev 0) approved by Branchala.
Dec 14 14:16:09 :: Kaine (lev 0) approved by Sargonnas.
Dec 15 14:49:01 :: Varlo (lev 0) approved by Zeboim.
Dec 24 00:25:32 :: Traneer (lev 0) approved by Sirrion.
Dec 24 23:40:32 :: Meriana (lev 0) approved by Habbakuk.
Dec 27 16:14:01 :: Alaris (lev 0) approved by Branchala.
Dec 28 11:48:44 :: Dromith (lev 0) approved by Sargonnas.
Jan  2 00:41:44 :: Feral (lev 0) approved by Zeboim.
Jan  2 04:22:23 :: Sebreno (lev 0) approved by Branchala.
Jan  5 19:06:14 :: Rufus (lev 0) approved by Zeboim.
Jan  6 00:07:13 :: Mitiriel (lev 0) approved by Branchala.
Jan  7 03:51:01 :: Lovend (lev 0) approved by Branchala.
Jan  8 01:18:43 :: Leon (lev 0) approved by Solinari.
Jan  8 20:04:36 :: Mukalaak (lev 0) approved by Zeboim.
Jan 10 19:44:22 :: Tanyia (lev 0) approved by Zeboim.
Jan 11 01:29:17 :: Phillip (lev 0) approved by Majere.
Jan 11 20:11:17 :: Vagresh (lev 0) approved by Zeboim.
Jan 11 23:19:13 :: Tashilknot (lev 0) approved by Branchala.
Jan 12 23:42:29 :: Shaera (lev 0) approved by Majere.
Jan 14 18:36:40 :: Valdimar (lev 0) approved by Branchala.
Jan 15 15:36:10 :: Test (lev 0) approved by Branchala.
Jan 18 19:13:41 :: Fayvenal (lev 0) approved by Branchala.
Jan 19 00:49:56 :: Aislinn (lev 0) approved by Branchala.
Jan 19 21:52:35 :: Vanirasin (lev 0) approved by Sirrion.
Jan 20 08:16:16 :: Bahal (lev 0) approved by Branchala.
Jan 20 10:12:45 :: Jonin (lev 0) approved by Branchala.
Jan 21 04:08:42 :: Eyvind (lev 0) approved by Branchala.
Jan 22 23:34:08 :: Lucentio (lev 0) approved by Solinari.
Jan 23 02:17:04 :: Josiah (lev 15) approved by Zeboim.
Jan 24 03:48:24 :: Immortals (lev 0) approved by Zeboim.
Jan 25 14:37:09 :: Mordu (lev 0) approved by Branchala.
Jan 27 00:15:39 :: Test (lev 0) approved by Branchala.
Jan 28 01:03:55 :: Mabius (lev 0) approved by Branchala.
Jan 30 02:39:47 :: Zafira (lev 0) approved by Zeboim.
Jan 30 12:05:47 :: Korik (lev 0) approved by Branchala.
Jan 31 22:19:43 :: Yarin (lev 0) approved by Chemosh.
Feb  1 20:29:29 :: Quesinith (lev 0) approved by Sirrion.
Feb  1 21:35:15 :: Rale (lev 0) approved by Majere.
Feb  2 02:57:41 :: Prantor (lev 0) approved by Majere.
Feb  2 03:23:53 :: Karand (lev 0) approved by Zeboim.
Feb  4 19:00:24 :: Morgan (lev 0) approved by Branchala.
Feb  5 00:08:58 :: Zikhala (lev 0) approved by Sirrion.
Feb  5 20:24:41 :: Sereth (lev 0) approved by Zeboim.
Feb  5 20:50:41 :: Arrean (lev 0) approved by Zeboim.
Feb  6 01:37:10 :: Test (lev 0) approved by Branchala.
Feb  6 01:38:31 :: Test (lev 0) approved by Branchala.
Feb  6 02:43:35 :: Koranth (lev 0) approved by Branchala.
Feb  6 02:45:21 :: Dominic (lev 0) approved by Paladine.
Feb  6 17:05:20 :: Dominic (lev 0) approved by Chislev.
Feb  7 14:01:31 :: Reorx (lev 0) approved by Chislev.
Feb  7 14:56:40 :: Elthar (lev 0) approved by Chislev.
Feb  7 16:39:35 :: Elric (lev 0) approved by Chislev.
Feb  8 09:00:50 :: Zackarias (lev 0) approved by Zeboim.
Feb  8 17:36:12 :: Draku (lev 0) approved by Reorx.
Feb  8 21:02:07 :: Adolamin (lev 0) approved by Chislev.
Feb  9 22:33:10 :: Gibleon (lev 0) approved by Branchala.
Feb  9 23:05:52 :: Satira (lev 0) approved by Chislev.
Feb 11 20:47:45 :: Tianna (lev 0) approved by Chemosh.
Feb 11 20:54:56 :: Grace (lev 0) approved by Majere.
Feb 13 15:05:19 :: Asgeir (lev 0) approved by Sirrion.
Feb 14 20:47:40 :: Regwyn (lev 0) approved by Branchala.
Feb 16 22:14:06 :: Aliza (lev 0) approved by Takhisis.
Feb 17 19:15:08 :: Adoen (lev 0) approved by Chislev.
Feb 17 19:16:22 :: Patrific (lev 0) approved by Majere.
Feb 17 20:25:08 :: Patrificus (lev 0) approved by Branchala.
Feb 22 00:23:46 :: Enki (lev 0) approved by Solinari.
Feb 23 20:58:34 :: Corde (lev 0) approved by Chemosh.
Feb 23 22:29:50 :: Thean (lev 0) approved by Branchala.
Feb 24 17:01:20 :: Daeron (lev 0) approved by Zeboim.
Feb 27 12:44:14 :: Grahlin (lev 0) approved by Chemosh.
Feb 27 19:24:36 :: Chemavatar (lev 0) approved by Chemosh.
Feb 27 22:15:27 :: Terek (lev 0) approved by Chemosh.
Feb 28 19:17:01 :: Oligar (lev 0) approved by Chemosh.
Mar  1 00:56:20 :: Malacor (lev 0) approved by Paladine.
Mar  3 00:14:19 :: Willard (lev 0) approved by Branchala.
Mar  3 19:24:48 :: Atani (lev 0) approved by Zeboim.
Mar  4 14:29:19 :: Teren-xu (lev 0) approved by Zeboim.
Mar  5 16:08:48 :: Siloren (lev 0) approved by Zeboim.
Mar  6 13:38:12 :: Finnach (lev 0) approved by Zeboim.
Mar  7 00:49:09 :: Zothar (lev 0) approved by Sirrion.
Mar  8 12:41:06 :: Skiorah (lev 0) approved by Chemosh.
Mar  9 18:22:02 :: Kelp (lev 0) approved by Branchala.
Mar 10 18:17:00 :: Phanku (lev 0) approved by Branchala.
Mar 11 19:37:24 :: Renald (lev 0) approved by Branchala.
Mar 12 21:28:45 :: Isabelle (lev 0) approved by Paladine.
Mar 12 21:45:53 :: Raymon (lev 0) approved by Paladine.
Mar 12 21:57:54 :: Michael (lev 0) approved by Majere.
Mar 13 00:41:25 :: Traver (lev 0) approved by Branchala.
Mar 13 15:42:05 :: Osi (lev 0) approved by Zeboim.
Mar 13 20:46:48 :: Nisim (lev 0) approved by Branchala.
Mar 14 22:32:46 :: Zenco (lev 0) approved by Solinari.
Mar 15 21:16:24 :: Asaceish (lev 0) approved by Sirrion.
Mar 15 23:09:57 :: Xel (lev 0) approved by Branchala.
Mar 15 23:23:00 :: Zana (lev 0) approved by Branchala.
Mar 16 21:43:34 :: Oshiana (lev 0) approved by Branchala.
Mar 18 19:10:32 :: Solice (lev 0) approved by Branchala.
Mar 20 22:45:25 :: Lazareth (lev 0) approved by Majere.
Mar 21 00:04:40 :: Zanza (lev 0) approved by Solinari.
Mar 22 21:17:03 :: Aerik (lev 0) approved by Branchala.
Mar 23 13:29:01 :: Audi (lev 0) approved by Chemosh.
Mar 23 23:09:20 :: Mattois (lev 0) approved by Zeboim.
Mar 24 21:55:48 :: Cael (lev 0) approved by Majere.
Mar 24 23:15:27 :: Trag (lev 0) approved by Zeboim.
Mar 26 22:02:15 :: Mirrel (lev 0) approved by Branchala.
Mar 27 00:49:25 :: Kyle (lev 0) approved by Solinari.
Mar 27 21:09:40 :: Thanes (lev 0) approved by Chemosh.
Mar 28 13:41:12 :: Randi (lev 0) approved by Chemosh.
Mar 29 14:06:02 :: Karric (lev 0) approved by Chemosh.
Mar 31 19:56:01 :: Xinthral (lev 0) approved by Branchala.
Apr  2 00:59:31 :: Zerenth (lev 0) approved by Branchala.
Apr  2 04:50:56 :: Maldrek (lev 0) approved by Branchala.
Apr  4 17:52:14 :: Kyso (lev 0) approved by Zeboim.
Apr  5 02:45:48 :: Maxwell (lev 0) approved by Branchala.
Apr  6 00:34:58 :: Interveiw (lev 0) approved by Zeboim.
Apr  6 01:33:04 :: Raze (lev 0) approved by Branchala.
Apr  7 13:05:02 :: Tarlie (lev 0) approved by Chemosh.
Apr  7 23:34:38 :: Arnia (lev 0) approved by Chemosh.
Apr  8 04:31:16 :: Bazephir (lev 0) approved by Zeboim.
Apr  8 19:08:03 :: Gunnbjorn (lev 0) approved by Arnia.
Apr  9 00:15:49 :: Riryan (lev 0) approved by Arnia.
Apr  9 01:39:07 :: Arrowstalk (lev 0) approved by Solinari.
Apr  9 20:30:05 :: Maeko (lev 0) approved by Branchala.
Apr 11 13:54:19 :: Sirus (lev 0) approved by Solinari.
Apr 13 18:29:04 :: Keilan (lev 0) approved by Branchala.
Apr 13 20:32:01 :: Saranis (lev 0) approved by Zeboim.
Apr 13 22:04:24 :: Karnial (lev 0) approved by Zeboim.
Apr 14 16:42:28 :: Annaleeeo (lev 0) approved by Chislev.
Apr 14 17:01:07 :: Lexis (lev 0) approved by Zeboim.
Apr 14 17:38:53 :: Annaleeo (lev 0) approved by Chislev.
Apr 15 01:22:55 :: Taurin (lev 0) approved by Sirrion.
Apr 16 23:02:20 :: Grimlor (lev 0) approved by Chemosh.
Apr 16 23:32:36 :: Justine (lev 0) approved by Solinari.
Apr 17 00:10:20 :: Keilas (lev 0) approved by Solinari.
Apr 17 00:43:35 :: Darren (lev 0) approved by Chemosh.
Apr 17 22:21:37 :: Korova (lev 0) approved by Zeboim.
Apr 17 22:24:40 :: Agrios (lev 0) approved by Zeboim.
Apr 19 00:00:50 :: Breianna (lev 0) approved by Chemosh.
Apr 19 23:42:09 :: Amanda (lev 0) approved by Chemosh.
Apr 20 13:53:29 :: Avariella (lev 0) approved by Chislev.
Apr 20 21:01:18 :: Kilofeyh (lev 0) approved by Chemosh.
Apr 21 15:35:00 :: Levaeous (lev 0) approved by Chemosh.
Apr 22 17:38:34 :: Baernov (lev 0) approved by Chemosh.
Apr 23 17:16:00 :: Enzo (lev 0) approved by Chislev.
Apr 23 17:16:04 :: Xavster (lev 0) approved by Chislev.
Apr 24 23:36:39 :: Annabel (lev 0) approved by Chemosh.
Apr 24 23:45:13 :: Seola (lev 0) approved by Chemosh.
Apr 27 00:38:54 :: Sharnal (lev 0) approved by Solinari.
Apr 29 20:39:47 :: Mian (lev 0) approved by Chemosh.
May  2 23:26:54 :: Nasaita (lev 0) approved by Sirrion.
May  7 23:34:13 :: Rathon (lev 0) approved by Chemosh.
May 10 17:37:59 :: Kip (lev 0) approved by Chemosh.
May 11 00:59:54 :: Zwi (lev 0) approved by Sirrion.
May 11 01:16:54 :: Siyamak (lev 0) approved by Sirrion.
May 11 22:02:01 :: Milo (lev 0) approved by Sirrion.
May 11 22:06:38 :: Warina (lev 0) approved by Sirrion.
May 15 21:45:27 :: Athryn (lev 0) approved by Arnia.
May 17 01:39:02 :: Avenavo (lev 0) approved by Mishakal.
May 17 01:55:59 :: Derin (lev 0) approved by Arnia.
May 18 00:03:47 :: Koma (lev 0) approved by Solinari.
May 18 23:07:50 :: Xiana (lev 0) approved by Solinari.
May 22 23:19:24 :: Jasmine (lev 0) approved by Arnia.
May 24 14:49:02 :: Ardal (lev 0) approved by Arnia.
May 28 19:19:55 :: Lu-Cuir (lev 0) approved by Chemosh.
May 28 23:48:06 :: Vandula (lev 0) approved by Solinari.
May 29 00:03:47 :: Shuyin (lev 0) approved by Solinari.
May 29 01:22:10 :: Vorkurg (lev 0) approved by Shuyin.
May 30 14:18:06 :: Nevaeh (lev 0) approved by Shuyin.
May 30 23:56:48 :: Naganoa (lev 0) approved by Shuyin.
May 31 23:47:26 :: Denisen (lev 0) approved by Solinari.
May 31 23:54:11 :: Andurienavren (lev 0) approved by Shuyin.
Jun  3 01:44:22 :: Graylan (lev 0) approved by Solinari.
Jun  4 01:08:07 :: Shinare (lev 1) approved by Solinari.
Jun  8 14:12:13 :: Koehlanna (lev 0) approved by Chislev.
Jun  8 21:35:30 :: Gryonz (lev 0) approved by Shinare.
Jun 13 23:09:25 :: Sirex (lev 0) approved by Solinari.
Jun 14 10:42:29 :: Kylin (lev 0) approved by Shinare.
Jun 18 00:41:48 :: Miyna (lev 0) approved by Shuyin.
Jun 20 02:18:00 :: Ursala (lev 0) approved by Shuyin.
Jun 20 22:04:40 :: Scythlor (lev 0) approved by Shinare.
Jun 20 23:18:30 :: Azumi (lev 0) approved by Solinari.
Jun 21 17:51:54 :: Aakye (lev 0) approved by Shuyin.
Jun 22 21:42:15 :: Asces (lev 0) approved by Shinare.
Jun 24 02:26:36 :: Nykayla (lev 0) approved by Shinare.
Jun 24 20:26:14 :: Ravan (lev 0) approved by Shinare.
Jun 24 20:36:57 :: Irith (lev 0) approved by Shinare.
Jun 24 23:19:08 :: Merim (lev 0) approved by Zeboim.
Jun 25 14:51:58 :: Patricia (lev 0) approved by Zeboim.
Jun 26 17:24:41 :: Gicker (lev 0) approved by Chemosh.
Jun 27 11:16:47 :: Glendarf (lev 0) approved by Chemosh.
Jun 28 22:26:39 :: Hiddukel (lev 0) approved by Zeboim.
Jun 28 23:16:53 :: Zxlye (lev 0) approved by Solinari.
Jun 28 23:46:14 :: Ariena (lev 0) approved by Solinari.
Jun 29 03:45:13 :: Sebastian (lev 0) approved by Shinare.
Jun 29 16:14:25 :: Alahrann (lev 0) approved by Shinare.
Jun 29 19:50:29 :: Mith (lev 0) approved by Shinare.
Jun 29 22:11:40 :: Cyvarian (lev 0) approved by Chemosh.
Jun 30 19:20:21 :: Demitro (lev 0) approved by Shinare.
Jun 30 23:37:49 :: Angelis (lev 0) approved by Zeboim.
Jul  1 21:28:22 :: Rayzen (lev 0) approved by Zeboim.
Jul  2 18:44:49 :: Kirana (lev 0) approved by Zeboim.
Jul  3 02:19:48 :: Akriam (lev 0) approved by Zeboim.
Jul  3 03:19:39 :: Caleb (lev 0) approved by Zeboim.
Jul  3 03:30:42 :: Minotest (lev 0) approved by Zeboim.
Jul  3 18:39:27 :: Draevaan (lev 0) approved by Shinare.
Jul  4 19:07:10 :: Defariak (lev 0) approved by Hiddukel.
Jul  5 03:43:24 :: Helker (lev 0) approved by Zeboim.
Jul  5 06:42:48 :: Farcane (lev 0) approved by Shinare.
Jul  5 15:38:17 :: Gretchen (lev 0) approved by Gicker.
Jul  5 16:05:31 :: Tanorvin (lev 0) approved by Zeboim.
Jul  5 16:55:26 :: Azkaic (lev 0) approved by Hiddukel.
Jul  5 20:46:43 :: Drakim (lev 0) approved by Hiddukel.
Jul  6 00:38:04 :: Majere (lev 0) approved by Sirrion.
Jul  6 23:34:01 :: Bejanis (lev 0) approved by Sirrion.
Jul  7 00:30:42 :: Hakoraan (lev 0) approved by Hiddukel.
Jul  7 10:26:38 :: Caide (lev 0) approved by Majere.
Jul  7 18:38:59 :: Quarr (lev 0) approved by Zeboim.
Jul  9 21:36:53 :: Saria (lev 0) approved by Sirrion.
Jul 10 00:23:03 :: Shadezar (lev 0) approved by Zeboim.
Jul 10 00:30:42 :: Lunitari (lev 0) approved by Zeboim.
Jul 10 10:32:03 :: Kwan (lev 0) approved by Majere.
Jul 11 20:51:50 :: Grimusk (lev 0) approved by Hiddukel.
Jul 11 22:56:46 :: Auberon (lev 0) approved by Lunitari.
Jul 12 01:00:31 :: Marguerite (lev 0) approved by Mishakal.
Jul 12 21:27:00 :: Sunstrider (lev 0) approved by Majere.
Jul 14 02:45:01 :: Valin (lev 0) approved by Solinari.
Jul 14 03:27:55 :: Rasalvin (lev 0) approved by Sirrion.
Jul 14 20:35:24 :: Davio (lev 0) approved by Lunitari.
Jul 14 21:01:50 :: Kassilis (lev 0) approved by Hiddukel.
Jul 15 03:01:46 :: Azrak (lev 0) approved by Lunitari.
Jul 16 01:43:50 :: Felos (lev 0) approved by Sirrion.
Jul 16 02:01:58 :: Baeryn (lev 0) approved by Sirrion.
Jul 17 16:17:22 :: Akkair (lev 0) approved by Shinare.
Jul 17 19:00:24 :: Diago (lev 0) approved by Shinare.
Jul 18 14:09:13 :: Rathzal (lev 0) approved by Shinare.
Jul 19 10:40:09 :: Nadasshia (lev 0) approved by Majere.
Jul 19 20:03:16 :: Thanatos (lev 0) approved by Shinare.
Jul 19 21:12:24 :: Daerellyn (lev 0) approved by Chemosh.
Jul 20 20:22:28 :: Malark (lev 0) approved by Sirrion.
Jul 20 23:40:48 :: Sarsha (lev 0) approved by Solinari.
Jul 21 00:08:47 :: Lenah (lev 0) approved by Solinari.
Jul 21 21:04:34 :: Aerivan (lev 0) approved by Majere.
Jul 21 23:21:36 :: Philippe (lev 0) approved by Sirrion.
Jul 23 19:47:24 :: Nailia (lev 0) approved by Hiddukel.
Jul 23 20:17:55 :: Avendell (lev 0) approved by Hiddukel.
Jul 24 18:55:34 :: Wrena (lev 0) approved by Shinare.
Jul 24 21:38:28 :: Litharyx (lev 0) approved by Chemosh.
Jul 24 22:16:48 :: Litharyx (lev 0) approved by Hiddukel.
Jul 26 17:26:02 :: Chamberlain (lev 0) approved by Shinare.
Jul 26 17:55:38 :: Baloth (lev 0) approved by Shinare.
Jul 27 16:06:56 :: Dirk (lev 0) approved by Majere.
Jul 28 01:46:07 :: Kazu (lev 0) approved by Shinare.
Aug  1 17:37:37 :: Emraind (lev 0) approved by Shinare.
Aug  1 17:45:01 :: Gybraulter (lev 0) approved by Shinare.
Aug  1 20:26:32 :: Sairalynd (lev 0) approved by Sirrion.
Aug  2 01:43:52 :: Damara (lev 0) approved by Shinare.
Aug  3 10:59:52 :: Julius (lev 0) approved by Majere.
Aug  5 22:23:54 :: Craven (lev 0) approved by Chemosh.
Aug  7 05:33:46 :: Slade (lev 0) approved by Shinare.
Aug  7 22:35:21 :: Aosuka (lev 0) approved by Chemosh.
Aug  9 00:24:59 :: Lorindel (lev 0) approved by Shinare.
Aug  9 22:31:01 :: Sverre (lev 0) approved by Sirrion.
Aug  9 22:50:56 :: Dragos (lev 0) approved by Sirrion.
Aug 10 00:27:37 :: Takaru (lev 0) approved by Sirrion.
Aug 11 03:18:18 :: Hecar (lev 0) approved by Shinare.
Aug 12 23:42:29 :: Lirien (lev 0) approved by Sirrion.
Aug 13 19:52:38 :: Kash (lev 0) approved by Chislev.
Aug 15 20:29:34 :: Kwan (lev 0) approved by Majere.
Aug 15 23:02:27 :: Voralynn (lev 0) approved by Sirrion.
Aug 21 20:47:58 :: Arlie (lev 0) approved by Sirrion.
Aug 23 23:12:26 :: Dina (lev 0) approved by Solinari.
Aug 23 23:24:29 :: Arlina (lev 0) approved by Solinari.
Aug 23 23:44:26 :: Arlon (lev 0) approved by Solinari.
Aug 24 10:17:35 :: Araen (lev 0) approved by Chemosh.
Aug 26 20:54:26 :: Borusz (lev 0) approved by Lunitari.
Aug 27 21:49:21 :: Yyre (lev 0) approved by Lunitari.
Aug 28 01:10:16 :: Tyreal (lev 0) approved by Hiddukel.
Aug 28 13:32:50 :: Trivian (lev 0) approved by Chemosh.
Aug 28 15:54:27 :: Saliis (lev 0) approved by Chemosh.
Aug 28 15:54:30 :: Valerius (lev 0) approved by Chemosh.
Aug 28 20:29:33 :: Nimat (lev 0) approved by Hiddukel.
Aug 28 23:52:55 :: Andoris (lev 0) approved by Lunitari.
Aug 29 20:37:27 :: Xuyl (lev 0) approved by Solinari.
Aug 31 17:08:00 :: Magnus (lev 0) approved by Chemosh.
Aug 31 17:11:01 :: Syin (lev 0) approved by Chemosh.
Sep  1 18:35:53 :: Darvia (lev 0) approved by Lunitari.
Sep  3 16:40:34 :: Najid (lev 0) approved by Hiddukel.
Sep  4 21:13:18 :: Victor (lev 0) approved by Chemosh.
Sep  7 20:27:34 :: Alexander (lev 0) approved by Chemosh.
Sep  8 23:37:53 :: Tari (lev 0) approved by Chemosh.
Sep 10 13:45:35 :: Daethias (lev 0) approved by Chemosh.
Sep 13 00:14:59 :: Etienne (lev 0) approved by Sirrion.
Sep 13 14:57:04 :: Thron (lev 0) approved by Mishakal.
Sep 14 13:29:27 :: Nauzhror (lev 0) approved by Chemosh.
Sep 14 22:08:32 :: Vanian (lev 0) approved by Hiddukel.
Sep 16 00:26:09 :: Marynx (lev 0) approved by Chemosh.
Sep 17 20:32:55 :: Orinn (lev 0) approved by Chemosh.
Sep 19 22:39:18 :: Gnimish (lev 0) approved by Hiddukel.
Sep 20 14:22:55 :: Serion (lev 0) approved by Chemosh.
Sep 21 20:39:40 :: Serion (lev 0) approved by Chemosh.
Sep 21 22:01:19 :: Arteeka (lev 0) approved by Chemosh.
Sep 25 19:00:57 :: Oleander (lev 0) approved by Lunitari.
Sep 26 17:57:37 :: Jhoval (lev 0) approved by Lunitari.
Sep 26 18:16:53 :: Barathol (lev 0) approved by Lunitari.
Sep 26 23:57:22 :: Eringa (lev 0) approved by Lunitari.
Sep 30 01:24:28 :: Maxine (lev 0) approved by Lunitari.
Oct  2 18:01:24 :: Tobias (lev 0) approved by Hiddukel.
Oct  2 22:35:55 :: Izalbar (lev 0) approved by Solinari.
Oct  4 17:14:04 :: Morilu (lev 0) approved by Lunitari.
Oct  6 14:41:59 :: Karsa (lev 0) approved by Chemosh.
Oct  8 02:15:07 :: Marguerite (lev 0) approved by Lunitari.
Oct 11 20:25:04 :: Alyssa (lev 0) approved by Chemosh.
Oct 13 00:29:15 :: Rhuvano (lev 0) approved by Lunitari.
Oct 15 17:07:47 :: Lillandra (lev 0) approved by Kiri-Jolith.
Oct 16 14:42:26 :: Sheamus (lev 0) approved by Kiri-Jolith.
Oct 17 19:48:58 :: Avra (lev 0) approved by Lunitari.
Oct 17 20:18:27 :: Althena (lev 0) approved by Lunitari.
Oct 19 21:57:49 :: Kerrek (lev 0) approved by Sirrion.
Oct 20 01:34:05 :: Dueraal (lev 0) approved by Lunitari.
Oct 20 01:57:58 :: Saoka (lev 0) approved by Sirrion.
Oct 20 02:36:27 :: Saoka (lev 0) approved by Lunitari.
Oct 23 20:13:41 :: Krovox (lev 0) approved by Kiri-Jolith.
Oct 25 02:15:12 :: Doran (lev 0) approved by Majere.
Oct 25 02:35:37 :: Salagar (lev 0) approved by Kiri-Jolith.
Oct 25 22:18:10 :: Hakoraan (lev 0) approved by Sirrion.
Oct 27 05:18:55 :: Thaax (lev 0) approved by Lunitari.
Oct 27 17:49:46 :: Takhisis (lev 38) approved by Lunitari.
Oct 28 20:34:46 :: Helena (lev 0) approved by Chemosh.
Oct 29 16:00:16 :: Anadria (lev 0) approved by Kiri-Jolith.
Oct 29 19:22:00 :: Xavier (lev 0) approved by Chemosh.
Oct 31 00:25:42 :: Mia (lev 0) approved by Kiri-Jolith.
Oct 31 18:22:01 :: Vhilinthalynx (lev 0) approved by Lunitari.
Oct 31 22:00:42 :: Sonita (lev 0) approved by Kiri-Jolith.
Nov  1 19:52:42 :: Vhindikhatar (lev 0) approved by Lunitari.
Nov  7 22:02:05 :: Korvyn (lev 0) approved by Sirrion.
Nov 11 13:54:11 :: Tianna (lev 0) approved by Takhisis.
Nov 12 22:58:47 :: Seniom (lev 0) approved by Kiri-Jolith.
Nov 14 22:39:05 :: Zylvae (lev 0) approved by Takhisis.
Nov 16 01:27:50 :: Ilsik (lev 0) approved by Majere.
Nov 16 02:53:20 :: Veltok (lev 0) approved by Chislev.
Nov 16 03:30:54 :: Borridan (lev 0) approved by Chislev.
Nov 17 02:24:46 :: Drevlon (lev 0) approved by Chislev.
Nov 18 02:45:51 :: Smikle (lev 0) approved by Solinari.
Nov 19 02:14:15 :: Scryler (lev 0) approved by Chislev.
Nov 19 02:55:02 :: Srouc (lev 0) approved by Chislev.
Nov 19 15:16:35 :: Rasima (lev 0) approved by Kiri-Jolith.
Nov 24 16:04:42 :: Daelin (lev 0) approved by Kiri-Jolith.
Nov 24 20:32:52 :: Marcel (lev 0) approved by Chemosh.
Nov 24 21:19:17 :: Elensar (lev 0) approved by Chemosh.
Nov 25 17:56:34 :: Revilian (lev 0) approved by Kiri-Jolith.
Nov 25 18:49:12 :: Mabius (lev 0) approved by Kiri-Jolith.
Nov 28 01:02:25 :: Aurnia (lev 0) approved by Lunitari.
Nov 28 22:28:51 :: Osiah (lev 0) approved by Chemosh.
Nov 30 22:44:44 :: Salvandor (lev 0) approved by Kiri-Jolith.
Dec  1 23:23:18 :: Kerla (lev 0) approved by Takhisis.
Dec  2 13:50:10 :: Carpus (lev 0) approved by Kiri-Jolith.
Dec  3 19:59:59 :: Lyscar (lev 0) approved by Kiri-Jolith.
Dec  5 20:22:23 :: Alcuin (lev 0) approved by Kiri-Jolith.
Dec  7 16:04:38 :: Ardrian (lev 0) approved by Chemosh.
Dec 10 22:13:31 :: Rhianne (lev 0) approved by Kiri-Jolith.
Dec 10 22:57:57 :: Rhianne (lev 0) approved by Kiri-Jolith.
Dec 12 17:47:05 :: Sarina (lev 0) approved by Chemosh.
Dec 13 15:48:59 :: Railsten (lev 0) approved by Chemosh.
Dec 14 17:06:50 :: Fontine-Aristonte (lev 0) approved by Chemosh.
Dec 14 17:09:11 :: Zeevius (lev 0) approved by Chemosh.
Dec 16 21:20:55 :: Drif (lev 0) approved by Chislev.
Dec 17 22:06:15 :: Kelysa (lev 0) approved by Chemosh.
Dec 18 14:54:57 :: Skay (lev 0) approved by Chemosh.
Dec 19 17:18:33 :: Mikenna (lev 0) approved by Kiri-Jolith.
Dec 21 14:21:41 :: Garnet (lev 0) approved by Chislev.
Dec 21 14:23:16 :: Aylu (lev 0) approved by Chislev.
Dec 22 00:35:21 :: Ganre (lev 0) approved by Kiri-Jolith.
Dec 22 17:15:58 :: Tila (lev 0) approved by Chislev.
Dec 26 01:05:01 :: Karric (lev 0) approved by Hiddukel.
Dec 27 10:57:10 :: Xaithia (lev 0) approved by Chemosh.
Dec 28 20:37:20 :: Kael (lev 0) approved by Chemosh.
Dec 29 22:12:35 :: Damonica (lev 0) approved by Chemosh.
Dec 31 04:31:26 :: Elraithinus (lev 0) approved by Hiddukel.
Dec 31 20:16:06 :: Esmermmer (lev 0) approved by Hiddukel.
Jan  1 20:02:03 :: Saoka (lev 0) approved by Lunitari.
Jan  2 12:12:33 :: Raven (lev 0) approved by Chemosh.
Jan  2 19:31:13 :: Nailock (lev 0) approved by Majere.
Jan  4 21:53:14 :: Zana (lev 0) approved by Kiri-Jolith.
Jan  6 02:04:17 :: Talavor (lev 0) approved by Lunitari.
Jan  6 05:50:57 :: Vanyel (lev 0) approved by Hiddukel.
Jan  7 19:27:29 :: Pocco (lev 0) approved by Hiddukel.
Jan  7 19:37:44 :: Peaka (lev 0) approved by Hiddukel.
Jan  7 22:39:23 :: Viridian (lev 0) approved by Chemosh.
Jan  8 12:46:28 :: Vanyel (lev 0) approved by Chemosh.
Jan  8 16:19:24 :: Jaitari (lev 0) approved by Chemosh.
Jan  8 16:20:08 :: Kalaska (lev 0) approved by Chemosh.
Jan  8 23:09:20 :: Sindri (lev 0) approved by Kiri-Jolith.
Jan  9 00:09:16 :: Arekina (lev 0) approved by Kiri-Jolith.
Jan  9 14:04:28 :: Maeko (lev 0) approved by Shinare.
Jan  9 15:12:53 :: Tiathnes (lev 0) approved by Chemosh.
Jan  9 20:29:51 :: Peaka (lev 0) approved by Chemosh.
Jan  9 23:20:46 :: Nysrol (lev 0) approved by Chemosh.
Jan 10 00:11:18 :: Zelad (lev 0) approved by Lunitari.
Jan 10 01:01:15 :: Targ (lev 0) approved by Solinari.
Jan 11 12:42:40 :: Dalia (lev 0) approved by Chemosh.
Jan 11 14:46:06 :: Jerrod (lev 0) approved by Shinare.
Jan 13 15:38:49 :: Luavo (lev 0) approved by Hiddukel.
Jan 15 13:45:43 :: Eleniel (lev 0) approved by Lunitari.
Jan 15 17:46:25 :: Mordin (lev 0) approved by Hiddukel.
Jan 15 22:43:16 :: Rithu (lev 0) approved by Kiri-Jolith.
Jan 16 00:31:05 :: Quinara (lev 0) approved by Chemosh.
Jan 16 01:19:09 :: Ashurek (lev 0) approved by Solinari.
Jan 16 15:37:39 :: Rhakis (lev 0) approved by Chemosh.
Jan 16 22:11:53 :: Terion (lev 0) approved by Hiddukel.
Jan 17 12:08:10 :: Kessletop (lev 0) approved by Chemosh.
Jan 17 16:36:34 :: Thistledown (lev 0) approved by Chemosh.
Jan 17 19:04:27 :: Karian (lev 0) approved by Chemosh.
Jan 17 23:02:21 :: Marcus (lev 0) approved by Hiddukel.
Jan 18 15:52:19 :: Broderin (lev 0) approved by Chemosh.
Jan 20 19:26:52 :: Silas (lev 0) approved by Chemosh.
Jan 20 23:39:55 :: Reilu (lev 0) approved by Hiddukel.
Jan 22 00:46:44 :: Demlar (lev 0) approved by Chemosh.
Jan 23 22:59:32 :: Kozalf (lev 0) approved by Solinari.
Jan 24 20:20:44 :: Dara (lev 0) approved by Kiri-Jolith.
Jan 24 23:14:38 :: Laidak (lev 0) approved by Solinari.
Jan 25 00:31:37 :: Savil (lev 0) approved by Solinari.
Jan 25 19:13:24 :: Brenna (lev 0) approved by Mikenna.
Jan 26 13:39:41 :: Dregarth (lev 0) approved by Chemosh.
Jan 27 18:49:25 :: Tari (lev 0) approved by Hiddukel.
Jan 28 12:24:52 :: Molan (lev 0) approved by Mikenna.
Jan 29 01:36:00 :: Caelnes (lev 0) approved by Mikenna.
Jan 29 01:50:00 :: GentleWolf (lev 0) approved by Hiddukel.
Jan 29 21:49:14 :: Shyrik (lev 0) approved by Mikenna.
Jan 30 01:07:26 :: Vagnor (lev 0) approved by Mikenna.
Feb  2 01:29:00 :: Talathas (lev 0) approved by Mikenna.
Feb  2 02:06:33 :: Talathas (lev 0) approved by Mikenna.
Feb  4 15:45:30 :: Markus (lev 0) approved by Majere.
Feb  5 12:11:22 :: Parsnip (lev 0) approved by Chemosh.
Feb  6 00:29:03 :: Tigerlily (lev 0) approved by Chemosh.
Feb  6 10:30:33 :: Zekare (lev 0) approved by Chemosh.
Feb  7 16:30:53 :: Kahldun (lev 0) approved by Chemosh.
Feb  7 22:37:21 :: Zeboim (lev 0) approved by Chemosh.
Feb  8 15:53:45 :: Gedwic (lev 0) approved by Chemosh.
Feb  9 12:43:47 :: Ranik (lev 0) approved by Majere.
Feb 10 12:35:56 :: Alieali (lev 0) approved by Majere.
Feb 10 14:41:31 :: Amulek (lev 0) approved by Majere.
Feb 10 18:25:09 :: Sarlenna (lev 0) approved by Zeboim.
Feb 11 19:48:32 :: Vardalul (lev 0) approved by Lunitari.
Feb 11 20:29:24 :: Tuggles (lev 0) approved by Lunitari.
Feb 11 23:37:42 :: Tren (lev 0) approved by Zeboim.
Feb 12 02:46:15 :: Sefra (lev 0) approved by Zeboim.
Feb 12 19:14:40 :: Deleazo (lev 0) approved by Chemosh.
Feb 13 15:58:57 :: Raymond (lev 0) approved by Shinare.
Aug 13 15:25:05 :: Destin (lev 0) approved by Chemosh.
Aug 13 18:14:11 :: Teren-xu (lev 0) approved by Lunitari.
Aug 13 21:55:01 :: Morai (lev 0) approved by Shinare.
Aug 13 22:00:20 :: Shadezar (lev 0) approved by Shinare.
Aug 13 22:59:26 :: Myloran (lev 0) approved by Chemosh.
Aug 14 19:45:15 :: Amalyvia (lev 0) approved by Shinare.
Aug 14 19:56:24 :: Fritjof (lev 0) approved by Shinare.
Aug 15 12:56:13 :: Garnth (lev 0) approved by Shinare.
Aug 15 22:14:45 :: Zazarg (lev 0) approved by Lunitari.
Aug 16 18:54:44 :: Bestaeff (lev 0) approved by Majere.
Aug 16 23:04:47 :: Zulae (lev 0) approved by Lunitari.
Aug 16 23:21:18 :: Nosferatu (lev 0) approved by Lunitari.
Aug 17 00:10:15 :: Najaifareum (lev 0) approved by Shinare.
Aug 17 17:23:33 :: Testopheles (lev 0) approved by Gilean.
Aug 17 18:44:48 :: Geren (lev 0) approved by Gilean.
Aug 17 18:53:03 :: Geren (lev 0) approved by Gilean.
Aug 17 19:43:14 :: Grivan (lev 0) approved by Gilean.
Aug 17 22:18:07 :: Deema (lev 0) approved by Shinare.
Aug 18 00:43:51 :: Marguerite (lev 0) approved by Lunitari.
Aug 18 15:16:10 :: Marguerite (lev 0) approved by Lunitari.
Aug 18 15:22:10 :: Marguerite (lev 0) approved by Lunitari.
Aug 19 13:51:52 :: Kaei (lev 0) approved by Solinari.
Aug 19 23:25:04 :: Syrria (lev 0) approved by Gilean.
Aug 19 23:33:49 :: Wrenn (lev 0) approved by Gilean.
Aug 21 22:21:21 :: Nuitari (lev 0) approved by Paladine.
Aug 24 11:49:25 :: Garnth (lev 0) approved by Lunitari.
Aug 24 14:11:08 :: Sunlock (lev 0) approved by Lunitari.
Aug 26 20:56:04 :: Angelo (lev 0) approved by Lunitari.
Aug 29 08:43:42 :: Talinthalas (lev 0) approved by Chemosh.
Aug 31 16:50:32 :: Ella (lev 0) approved by Lunitari.
Sep  2 07:22:26 :: Lino (lev 0) approved by Chemosh.
Sep  5 13:33:58 :: Brianthas (lev 0) approved by Shinare.
Sep  5 13:55:52 :: Brianthas (lev 0) approved by Shinare.
Sep  5 14:11:28 :: Zeykra (lev 0) approved by Lunitari.
Sep  6 16:25:48 :: Kaei (lev 0) approved by Shinare.
Sep  8 14:52:27 :: Ilona (lev 0) approved by Shinare.
Sep  9 18:03:09 :: Koranth (lev 0) approved by Shinare.
Sep 11 18:38:36 :: Alexis (lev 0) approved by Lunitari.
Sep 11 19:38:05 :: Kitara (lev 0) approved by Lunitari.
Sep 11 20:14:33 :: Aliyana (lev 0) approved by Lunitari.
Sep 11 20:21:01 :: Aliyana (lev 0) approved by Lunitari.
Sep 13 00:00:35 :: Zyle (lev 0) approved by Shinare.
Sep 14 21:52:54 :: Brandt (lev 0) approved by Shinare.
Sep 15 14:57:09 :: Avenavo (lev 0) approved by Shinare.
Sep 21 13:49:47 :: Ciato (lev 0) approved by Lunitari.
Sep 28 20:41:41 :: Morgion (lev 0) approved by Chemosh.
Sep 29 00:12:18 :: Varagas (lev 0) approved by Lunitari.
Sep 29 04:06:30 :: Ariakasan (lev 0) approved by Lunitari.
Sep 29 14:59:11 :: Mori (lev 0) approved by Lunitari.
Sep 29 23:55:24 :: Talatha (lev 0) approved by Morgion.
Sep 30 23:50:38 :: Blannor (lev 0) approved by Lunitari.
Oct  1 00:27:23 :: Damithis (lev 0) approved by Lunitari.
Oct  2 18:40:42 :: Celaladrien (lev 0) approved by Sirrion.
Oct  2 19:53:37 :: Torvas (lev 0) approved by Sirrion.
Oct  3 20:43:19 :: Rhavaan (lev 0) approved by Sirrion.
Oct  4 12:29:07 :: River (lev 0) approved by Majere.
Oct  7 15:55:49 :: Wierius (lev 0) approved by Lunitari.
Oct  9 17:46:09 :: Midasinorlon (lev 0) approved by Lunitari.
Oct 10 22:07:35 :: Geoffrey (lev 0) approved by Sirrion.
Oct 10 22:28:15 :: Porkinson (lev 0) approved by Sirrion.
Oct 11 00:31:54 :: Khrystaal (lev 0) approved by Sirrion.
Oct 12 08:48:12 :: Selene (lev 0) approved by Chemosh.
Oct 12 18:35:57 :: Aitogye (lev 0) approved by Sirrion.
Oct 12 23:03:22 :: Alestarien (lev 0) approved by Solinari.
Oct 13 15:10:39 :: Raul (lev 0) approved by Lunitari.
Oct 13 16:25:02 :: Sakon (lev 0) approved by Lunitari.
Oct 13 17:22:06 :: Tolini (lev 0) approved by Lunitari.
Oct 13 21:43:19 :: Kendric (lev 0) approved by Solinari.
Oct 13 23:57:06 :: Scabby (lev 0) approved by Solinari.
Oct 16 14:41:59 :: Zen (lev 0) approved by Lunitari.
Oct 18 22:57:36 :: Zolfiya (lev 0) approved by Shinare.
Oct 22 15:37:39 :: Caeldric (lev 0) approved by Sirrion.
Oct 29 14:16:51 :: Xelye (lev 0) approved by Shinare.
Oct 31 05:52:40 :: Gareth (lev 0) approved by Chemosh.
Nov  2 13:07:55 :: Lokii (lev 0) approved by Shinare.
Nov  2 13:37:42 :: Grub (lev 0) approved by Shinare.
Nov  3 00:44:59 :: Gryce (lev 0) approved by Chemosh.
Nov  7 00:04:34 :: Jessica (lev 0) approved by Chemosh.
Nov  8 14:59:30 :: Bhavaali (lev 0) approved by Sirrion.
Nov 10 02:26:20 :: Porpherion (lev 0) approved by Chemosh.
Nov 11 17:54:06 :: Ka-shi (lev 0) approved by Hiddukel.
Nov 12 17:38:11 :: Therath (lev 0) approved by Chemosh.
Nov 16 23:04:03 :: Magnus (lev 0) approved by Chemosh.
Nov 21 01:13:53 :: Maec (lev 0) approved by Hiddukel.
Nov 22 14:31:39 :: Bren (lev 0) approved by Hiddukel.
Nov 23 16:13:53 :: Eron (lev 0) approved by Lunitari.
Nov 23 16:37:27 :: Creed (lev 0) approved by Hiddukel.
Dec 10 22:21:14 :: Jake (lev 0) approved by Chemosh.
Dec 11 20:33:19 :: Armitage (lev 0) approved by Majere.
Dec 12 00:05:54 :: Valandil (lev 0) approved by Chemosh.
Dec 12 19:49:35 :: Tlaedar (lev 0) approved by Chemosh.
Dec 15 01:19:13 :: Kruj (lev 0) approved by Chemosh.
Dec 16 14:56:49 :: Scarlet (lev 0) approved by Majere.
Dec 16 14:56:57 :: Abut (lev 0) approved by Majere.
Dec 17 20:45:21 :: Cruel (lev 0) approved by Majere.
Dec 22 11:37:45 :: AES (lev 0) approved by Majere.
Dec 23 16:00:03 :: Memoeri (lev 0) approved by Majere.
Dec 24 00:47:07 :: Slayn (lev 3) approved by Chemosh.
Dec 27 11:27:23 :: Larx (lev 8) approved by Majere.
Jan  8 01:56:25 :: Valdemir (lev 1) approved by Shinare.
Jan  9 23:51:33 :: Kassuzme (lev 1) approved by Shinare.
Jan 10 00:14:14 :: Ashleigh (lev 1) approved by Shinare.
Jan 15 21:22:03 :: Amelia (lev 3) approved by Majere.
Jan 19 15:03:15 :: Windlaugher (lev 1) approved by Lunitari.
Jan 19 15:05:10 :: Knifesinger (lev 1) approved by Lunitari.
Jan 19 15:42:11 :: Shadowdancer (lev 1) approved by Shinare.
Jan 20 14:30:46 :: Pheelynx (lev 1) approved by Shinare.
Jan 22 00:21:15 :: Shadowdancer (lev 1) approved by Shinare.
Jan 23 00:49:27 :: Zanza (lev 1) approved by Shinare.
Jan 24 23:32:33 :: Rikara (lev 1) approved by Shinare.
Jan 24 23:56:39 :: Elerath (lev 2) approved by Shinare.
Jan 26 00:49:14 :: Kaie (lev 1) approved by Shinare.
Jan 27 00:34:00 :: Gustav (lev 1) approved by Shinare.
Jan 30 02:42:29 :: Shira (lev 1) approved by Chemosh.
Jan 30 20:32:49 :: Malak (lev 34) approved by Chemosh.
Jan 30 20:42:25 :: Zeboim (lev 1) approved by Chemosh.
Jan 30 21:50:08 :: Lui-Ju (lev 1) approved by Zeboim.
Jan 31 16:16:59 :: Ivinka (lev 1) approved by Lunitari.
Jan 31 19:23:23 :: Leonard (lev 1) approved by Zeboim.
Feb  1 02:29:04 :: Ivinka (lev 1) approved by Lunitari.
Feb  3 17:18:54 :: Kalama (lev 1) approved by Malak.
Feb  3 18:18:35 :: Asche (lev 1) approved by Malak.
Feb  5 16:33:22 :: Savan (lev 1) approved by Shinare.
Feb 10 01:06:32 :: Alysara (lev 1) approved by Shinare.
Feb 11 00:52:06 :: Amelia (lev 1) approved by Shinare.
Feb 16 00:50:39 :: Anubia (lev 1) approved by Chemosh.
Feb 16 22:25:30 :: Sylph (lev 1) approved by Zeboim.
Feb 19 01:58:35 :: Chronix (lev 0) approved by Zeboim.
Feb 19 02:12:31 :: Chronix (lev 1) approved by Zeboim.
Feb 20 18:08:55 :: Julian (lev 1) approved by Zeboim.
Feb 20 18:14:34 :: Julian (lev 1) approved by Zeboim.
Feb 21 00:11:35 :: Rayna (lev 1) approved by Zeboim.
Feb 21 04:14:53 :: Khristofer (lev 1) approved by Shinare.
Feb 21 04:14:59 :: Savil (lev 1) approved by Shinare.
Feb 21 22:25:09 :: Cullen (lev 1) approved by Lunitari.
Feb 22 15:18:19 :: Quenavalen (lev 1) approved by Zeboim.
Feb 23 17:26:01 :: Moiraine (lev 4) approved by Zeboim.
Feb 25 21:53:26 :: Sirene (lev 1) approved by Chemosh.
Feb 26 20:45:38 :: Kran (lev 4) approved by Zeboim.
Feb 26 23:11:43 :: Shyun (lev 1) approved by Zeboim.
Mar  2 22:22:00 :: Ganthirogani (lev 7) approved by Zeboim.
Mar  5 17:20:41 :: Fayolyn (lev 1) approved by Zeboim.
Mar  5 21:43:21 :: Nyara (lev 1) approved by Zeboim.
Mar 15 17:23:51 :: Sairyu (lev 1) approved by Nuitari.
Mar 16 13:22:07 :: Miguel (lev 3) approved by Nuitari.
Mar 17 10:32:19 :: Cullen (lev 5) approved by Zeboim.
Mar 19 18:48:41 :: Luke (lev 1) approved by Zeboim.
Mar 22 12:51:13 :: Ion (lev 2) approved by Nuitari.
Mar 22 13:37:57 :: Marashi (lev 1) approved by Nuitari.
Mar 23 23:52:55 :: Aeilu (lev 1) approved by Zeboim.
Mar 24 15:07:35 :: Kaylas (lev 1) approved by Shinare.
Mar 26 15:02:56 :: Asch (lev 1) approved by Zeboim.
Mar 29 15:54:08 :: Lyrin (lev 1) approved by Nuitari.
Mar 30 16:41:16 :: Umberthas (lev 1) approved by Shinare.
Mar 30 18:45:55 :: Amberwood (lev 1) approved by Shinare.
Mar 30 22:32:25 :: Grundie (lev 1) approved by Nuitari.
Mar 30 22:41:44 :: Kassye (lev 1) approved by Shinare.
Mar 31 15:27:32 :: Judah (lev 1) approved by Zeboim.
Apr  1 21:09:55 :: Topin (lev 5) approved by Zeboim.
Apr  3 22:35:23 :: Scar (lev 2) approved by Chemosh.
Apr  4 23:01:14 :: Kiri-testdude (lev 1) approved by Kiri-Jolith.
Apr  5 23:26:55 :: Amethyst (lev 2) approved by Zeboim.
Apr  8 02:10:04 :: Ratpouch (lev 1) approved by Nuitari.
Apr  8 15:48:54 :: Ricard (lev 1) approved by Kiri-Jolith.
Apr 11 02:16:10 :: Gho (lev 1) approved by Kiri-Jolith.
Apr 11 13:39:35 :: Casthin (lev 5) approved by Zeboim.
Apr 12 05:03:46 :: Starfall (lev 0) approved by Zeboim.
Apr 12 05:11:11 :: Starfall (lev 1) approved by Zeboim.
Apr 12 14:05:12 :: Tashin (lev 1) approved by Nuitari.
Apr 13 13:30:56 :: Yolan (lev 4) approved by Shinare.
Apr 13 18:59:49 :: Elayna (lev 1) approved by Nuitari.
Apr 15 00:43:47 :: Shase (lev 1) approved by Solinari.
Apr 17 01:49:07 :: Rasha (lev 1) approved by Sirrion.
Apr 17 12:47:48 :: Ciaran (lev 1) approved by Shinare.
Apr 17 21:13:07 :: Sargas (lev 1) approved by Solinari.
Apr 17 22:14:25 :: Zyr-son (lev 1) approved by Solinari.
Apr 19 15:09:02 :: Ellismere (lev 1) approved by Nuitari.
Apr 19 15:09:10 :: Maylis (lev 2) approved by Nuitari.
Apr 19 15:57:43 :: Mystearica (lev 2) approved by Nuitari.
Apr 20 18:09:31 :: Reyana (lev 3) approved by Nuitari.
Apr 20 21:10:53 :: Orphel (lev 1) approved by Nuitari.
Apr 21 19:00:02 :: Berathen (lev 4) approved by Zeboim.
Apr 21 22:03:33 :: Renoth (lev 4) approved by Shinare.
Apr 21 22:04:02 :: Skuld (lev 3) approved by Shinare.
Apr 23 20:57:52 :: Korvin (lev 1) approved by Chemosh.
Apr 24 02:51:53 :: Nuitest (lev 1) approved by Nuitari.
Apr 24 21:25:15 :: Boeotia (lev 1) approved by Zeboim.
Apr 24 23:47:48 :: Xaribios (lev 1) approved by Zeboim.
Apr 25 18:15:28 :: Nezalexer (lev 1) approved by Shinare.
Apr 25 18:20:03 :: Nezalexer (lev 1) approved by Shinare.
Apr 26 00:13:59 :: Silversheen (lev 1) approved by Zeboim.
Apr 27 01:34:40 :: Sirene (lev 7) approved by Zeboim.
Apr 28 22:27:50 :: Gnorm (lev 5) approved by Zeboim.
Apr 29 02:14:14 :: Fury (lev 1) approved by Zeboim.
Apr 29 03:01:26 :: Test-Dude (lev 1) approved by Kiri-Jolith.
Apr 29 03:52:57 :: Patch (lev 1) approved by Zeboim.
Apr 29 21:44:31 :: Adros (lev 1) approved by Kiri-Jolith.
Apr 30 11:42:39 :: Zekare (lev 1) approved by Kiri-Jolith.
Apr 30 15:00:49 :: Sirene (lev 1) approved by Kiri-Jolith.
Apr 30 15:00:54 :: Xaribios (lev 1) approved by Kiri-Jolith.
Apr 30 15:07:51 :: Trista (lev 7) approved by Kiri-Jolith.
Apr 30 15:11:11 :: Jassan (lev 1) approved by Kiri-Jolith.
Apr 30 15:21:48 :: Boeotia (lev 1) approved by Kiri-Jolith.
Apr 30 15:29:05 :: Asch (lev 20) approved by Kiri-Jolith.
Apr 30 15:36:30 :: Gnorm (lev 1) approved by Kiri-Jolith.
Apr 30 15:45:31 :: Mystearica (lev 1) approved by Zeboim.
Apr 30 16:01:46 :: Lui-Ju (lev 27) approved by Zeboim.
Apr 30 16:04:23 :: Gnorm (lev 1) approved by Kiri-Jolith.
Apr 30 16:06:50 :: Zeboim (lev 37) approved by Kiri-Jolith.
Apr 30 16:07:16 :: Zek (lev 1) approved by Kiri-Jolith.
Apr 30 16:07:49 :: Aderian (lev 1) approved by Zeboim.
Apr 30 16:20:17 :: Trist (lev 1) approved by Kiri-Jolith.
Apr 30 16:23:51 :: Shadezar (lev 1) approved by Kiri-Jolith.
Apr 30 16:32:56 :: Ratpouch (lev 20) approved by Zeboim.
Apr 30 16:43:25 :: Myloran (lev 20) approved by Zeboim.
Apr 30 17:03:22 :: Alysara (lev 15) approved by Zeboim.
Apr 30 17:16:31 :: Rayna (lev 16) approved by Zeboim.
Apr 30 18:02:01 :: River (lev 1) approved by Zeboim.
Apr 30 19:56:57 :: Talinthalas (lev 28) approved by Zeboim.
Apr 30 20:37:33 :: Adros (lev 5) approved by Zeboim.
May  1 00:09:03 :: Chira (lev 15) approved by Zeboim.
May  1 00:22:50 :: Alessandra (lev 1) approved by Zeboim.
May  1 01:23:16 :: Anubia (lev 19) approved by Zeboim.
May  1 02:25:12 :: Valdemir (lev 25) approved by Nuitari.
May  1 02:46:08 :: Amelia (lev 1) approved by Nuitari.
May  1 18:21:11 :: Sylph (lev 26) approved by Zeboim.
May  1 18:28:22 :: Aeilu (lev 18) approved by Zeboim.
May  2 18:14:32 :: Kheledan (lev 1) approved by Nuitari.
May  2 22:55:35 :: Kran (lev 20) approved by Nuitari.
May  2 22:57:22 :: Kran (lev 20) approved by Nuitari.
May  3 02:39:18 :: Maxwell (lev 1) approved by Nuitari.
May  3 12:33:05 :: Rasha (lev 0) approved by Sirrion.
May  3 20:14:51 :: Starfall (lev 1) approved by Zeboim.
May  4 01:47:06 :: Valdemir (lev 1) approved by Nuitari.
May  4 02:39:21 :: Saphiera (lev 1) approved by Zeboim.
May  4 02:59:31 :: Shadow-Hawk (lev 1) approved by Nuitari.
May  4 04:56:00 :: Valdis (lev 1) approved by Zeboim.
May  4 17:49:52 :: Saphiera (lev 1) approved by Zeboim.
May  4 18:07:21 :: Jaelyn (lev 1) approved by Zeboim.
May  4 18:38:56 :: Saphiera (lev 1) approved by Zeboim.
May  4 19:56:20 :: Boeotia (lev 25) approved by Zeboim.
May  4 19:57:01 :: Asch (lev 24) approved by Zeboim.
May  4 19:58:13 :: Gnorm (lev 12) approved by Zeboim.
May  4 19:59:52 :: Alysara (lev 16) approved by Zeboim.
May  4 20:11:08 :: Sirene (lev 17) approved by Zeboim.
May  4 20:23:33 :: Jassan (lev 30) approved by Zeboim.
May  4 22:12:22 :: Shadezar (lev 11) approved by Zeboim.
May  4 22:25:53 :: River (lev 17) approved by Zeboim.
May  4 22:27:30 :: Gnorm (lev 12) approved by Zeboim.
May  4 22:33:09 :: Valdis (lev 1) approved by Zeboim.
May  4 22:50:53 :: Sylph (lev 29) approved by Zeboim.
May  4 22:52:10 :: Asch (lev 24) approved by Zeboim.
May  4 23:24:25 :: Alessandra (lev 1) approved by Kiri-Jolith.
May  4 23:34:26 :: Valdis (lev 1) approved by Kiri-Jolith.
May  4 23:53:47 :: Adros (lev 8) approved by Kiri-Jolith.
May  5 00:54:44 :: Saphiera (lev 1) approved by Zeboim.
May  5 02:12:40 :: Vykos (lev 1) approved by Kiri-Jolith.
May  5 02:38:16 :: Shadow-Hawk (lev 1) approved by Nuitari.
May  5 03:05:02 :: Vykos (lev 1) approved by Kiri-Jolith.
May  5 04:09:43 :: Kheledan (lev 1) approved by Nuitari.
May  5 17:33:04 :: Mystearica (lev 12) approved by Zeboim.
May  5 19:51:35 :: Saphiera (lev 7) approved by Zeboim.
May  6 00:33:09 :: Alessandra (lev 20) approved by Lunitari.
May  6 00:33:19 :: Gnorm (lev 1) approved by Lunitari.
May  6 01:33:10 :: Shadow-Hawk (lev 10) approved by Nuitari.
May  6 14:38:03 :: Asch (lev 24) approved by Zeboim.
May  6 14:50:10 :: Sirene (lev 17) approved by Zeboim.
May  6 19:33:14 :: Rasha (lev 13) approved by Sirrion.
May  7 14:13:33 :: Tashin (lev 1) approved by Nuitari.
May  7 14:34:42 :: Toshiko (lev 1) approved by Kiri-Jolith.
May  7 16:37:17 :: Lyrin (lev 26) approved by Nuitari.
May  7 17:23:39 :: Boeotia (lev 26) approved by Zeboim.
May  7 21:03:26 :: Starfall (lev 18) approved by Zeboim.
May  8 00:05:08 :: Xaribios (lev 20) approved by Zeboim.
May  8 00:31:14 :: Ratpouch (lev 22) approved by Zeboim.
May  8 23:12:53 :: Ragnvathrr (lev 2) approved by Zeboim.
May  9 19:07:55 :: Deric (lev 20) approved by Zeboim.
May 10 03:37:45 :: Xel (lev 1) approved by Zeboim.
May 10 16:24:34 :: Mithrik (lev 1) approved by Zeboim.
May 11 00:46:38 :: Mellia (lev 0) approved by Nuitari.
May 11 13:16:49 :: Faewen (lev 3) approved by Zeboim.
May 11 16:29:29 :: Kian (lev 2) approved by Zeboim.
May 12 16:34:08 :: Ademius (lev 1) approved by Zeboim.
May 13 13:28:51 :: Dimon (lev 1) approved by Kiri-Jolith.
May 13 18:30:39 :: Kalam (lev 16) approved by Zeboim.
May 14 14:23:13 :: Bryn (lev 6) approved by Lunitari.
May 18 15:35:02 :: Komos (lev 1) approved by Zeboim.
May 19 01:05:56 :: Kaelin (lev 3) approved by Zeboim.
May 19 15:23:36 :: Sethelo (lev 5) approved by Majere.
May 19 16:23:14 :: Allandra (lev 1) approved by Zeboim.
May 19 16:34:12 :: Allandra (lev 1) approved by Zeboim.
May 20 20:14:38 :: Fawn (lev 1) approved by Solinari.
May 21 00:02:35 :: Krystaal (lev 1) approved by Solinari.
May 22 06:28:51 :: Alainn (lev 1) approved by Zeboim.
May 22 13:41:20 :: Diamant (lev 4) approved by Zeboim.
May 23 23:09:17 :: Elonas (lev 4) approved by Zeboim.
May 24 14:39:57 :: Marashi (lev 1) approved by Nuitari.
May 25 18:10:41 :: Vandric (lev 1) approved by Zeboim.
May 25 22:41:13 :: Talinthalas (lev 28) approved by Zeboim.
May 25 23:31:03 :: Fawn (lev 1) approved by Solinari.
May 26 00:11:16 :: Avliss (lev 1) approved by Zeboim.
May 26 23:13:52 :: Esharyn (lev 1) approved by Sirrion.
May 26 23:28:35 :: Zephros (lev 2) approved by Zeboim.
May 28 01:41:45 :: Hunter (lev 1) approved by Zeboim.
May 29 22:31:02 :: Gabriel (lev 1) approved by Shinare.
May 29 22:39:48 :: Mikhailus (lev 1) approved by Zeboim.
May 29 23:03:15 :: Alex (lev 1) approved by Shinare.
Jun  1 11:52:09 :: Ziata (lev 1) approved by Shinare.
Jun  1 12:53:23 :: Eloryn (lev 4) approved by Zeboim.
Jun  1 13:41:45 :: Varic (lev 1) approved by Zeboim.
Jun  1 14:02:22 :: Salan (lev 1) approved by Zeboim.
Jun  1 14:02:35 :: Arteelah (lev 1) approved by Zeboim.
Jun  1 14:44:17 :: Kailyn (lev 1) approved by Zeboim.
Jun  1 19:11:52 :: Carth (lev 1) approved by Nuitari.
Jun  2 23:10:08 :: Alennius (lev 1) approved by Lunitari.
Jun  2 23:26:55 :: Jinkia (lev 1) approved by Lunitari.
Jun  3 03:02:49 :: Shiroh (lev 1) approved by Lunitari.
Dec 23 01:04:15 :: Morvrin (lev 1) approved by Chemosh.
Dec 23 01:07:00 :: Morvrin (lev 1) approved by Chemosh.
Dec 23 01:40:02 :: Oronai (lev 1) approved by Chemosh.
Dec 23 02:43:36 :: Yaroshel (lev 1) approved by Sirrion.
Dec 23 02:50:37 :: Uthia (lev 1) approved by Sargonnas.
Dec 23 09:05:05 :: Albrict (lev 1) approved by Chemosh.
Dec 23 11:59:02 :: Jassan (lev 1) approved by Chislev.
Dec 23 12:35:57 :: Terra (lev 1) approved by Chislev.
Dec 23 14:33:22 :: Gerast (lev 1) approved by Sirrion.
Dec 23 15:39:32 :: Kystanir (lev 0) approved by Chemosh.
Dec 23 21:03:37 :: Andryr (lev 1) approved by Sirrion.
Dec 23 22:35:35 :: Raugdur (lev 1) approved by Chislev.
Dec 24 12:15:01 :: Hjoldir (lev 1) approved by Sirrion.
Dec 24 12:30:14 :: Ariok-xu (lev 1) approved by Sirrion.
Dec 24 16:40:17 :: Rothai (lev 1) approved by Sirrion.
Dec 24 17:13:01 :: Ella (lev 1) approved by Lunitari.
Dec 24 17:25:12 :: Gideon (lev 1) approved by Lunitari.
Dec 24 17:52:41 :: Solkerra (lev 1) approved by Chislev.
Dec 24 20:04:12 :: Skur (lev 1) approved by Chislev.
Dec 24 23:13:40 :: Cinder (lev 1) approved by Lunitari.
Dec 25 00:39:55 :: Algaric (lev 1) approved by Sirrion.
Dec 27 21:53:49 :: Tester (lev 1) approved by Sirrion.
Dec 27 23:59:29 :: Harwathu (lev 1) approved by Sirrion.
Dec 28 00:09:10 :: Hannah (lev 0) approved by Lunitari.
Dec 28 02:35:44 :: Mishakal (lev 1) approved by Sirrion.
Dec 28 13:56:42 :: Phi (lev 1) approved by Lunitari.
Dec 28 13:58:59 :: Phi (lev 1) approved by Lunitari.
