Sep  2 00:38:10 :: Bad PW: Ravik [localhost]
Sep  3 19:43:04 :: Bad PW: Andrik [localhost]
Sep 17 14:23:55 :: Bad PW: Sirrion [localhost]
Sep 17 14:23:55 :: Bad PW: Sirrion [localhost]
Oct  5 20:18:38 :: Bad PW: Sirrion [localhost]
Sep 17 14:23:55 :: Bad PW: Sirrion [localhost]
Oct  5 20:18:38 :: Bad PW: Sirrion [localhost]
Sep 17 14:23:55 :: Bad PW: Sirrion [localhost]
Oct  5 20:18:38 :: Bad PW: Sirrion [localhost]
Sep 17 14:23:55 :: Bad PW: Sirrion [localhost]
Oct  5 20:18:38 :: Bad PW: Sirrion [localhost]
Sep 17 14:23:55 :: Bad PW: Sirrion [localhost]
Oct  5 20:18:38 :: Bad PW: Sirrion [localhost]
Sep 17 14:23:55 :: Bad PW: Sirrion [localhost]
Oct  5 20:18:38 :: Bad PW: Sirrion [localhost]
Sep 17 14:23:55 :: Bad PW: Sirrion [localhost]
Oct  5 20:18:38 :: Bad PW: Sirrion [localhost]
Sep 17 14:23:55 :: Bad PW: Sirrion [localhost]
Oct  5 20:18:38 :: Bad PW: Sirrion [localhost]
Sep 17 14:23:55 :: Bad PW: Sirrion [localhost]
Oct  5 20:18:38 :: Bad PW: Sirrion [localhost]
Sep 17 14:23:55 :: Bad PW: Sirrion [localhost]
Oct  5 20:18:38 :: Bad PW: Sirrion [localhost]
Oct 19 20:18:26 :: Bad PW: Sirrion [localhost]
Sep 17 14:23:55 :: Bad PW: Sirrion [localhost]
Oct  5 20:18:38 :: Bad PW: Sirrion [localhost]
Oct 19 20:18:26 :: Bad PW: Sirrion [localhost]
Sep 17 14:23:55 :: Bad PW: Sirrion [localhost]
Oct  5 20:18:38 :: Bad PW: Sirrion [localhost]
Oct 19 20:18:26 :: Bad PW: Sirrion [localhost]
