Sep  1 22:42:19 :: Reading news, credits, help, bground, info & motds.
Sep  1 23:59:22 :: OLC: Sirrion edits obj 1271
Sep  3 19:56:21 :: Reading news, credits, help, bground, info & motds.
Sep  4 10:06:09 :: OLC: Sirrion edits obj 14014
Sep  5 22:59:22 :: [Sirrion pedits Rodrick field: alias
Sep  5 22:59:41 :: [Sirrion pedits Rodrick field: alias
Sep  5 22:59:55 :: [Sirrion pedits Rodrick field: alias
Sep  5 23:08:23 :: Reading news, credits, help, bground, info & motds.
Sep  5 23:08:40 :: Reading news, credits, help, bground, info & motds.
Sep  8 22:25:42 :: Reading news, credits, help, bground, info & motds.
Sep  8 22:26:15 :: Reading news, credits, help, bground, info & motds.
Sep  8 22:26:45 :: Reading news, credits, help, bground, info & motds.
Sep  8 22:26:45 :: Reading news, credits, help, bground, info & motds.
Sep  8 22:26:52 :: Reading news, credits, help, bground, info & motds.
Sep  8 22:26:45 :: Reading news, credits, help, bground, info & motds.
Sep  8 22:26:52 :: Reading news, credits, help, bground, info & motds.
Sep  8 22:27:52 :: Reading news, credits, help, bground, info & motds.
Sep  8 22:26:45 :: Reading news, credits, help, bground, info & motds.
Sep  8 22:26:52 :: Reading news, credits, help, bground, info & motds.
Sep  8 22:27:52 :: Reading news, credits, help, bground, info & motds.
Sep  8 22:28:37 :: Reading news, credits, help, bground, info & motds.
Sep  8 22:29:23 :: Reading news, credits, help, bground, info & motds.
Sep  8 22:26:45 :: Reading news, credits, help, bground, info & motds.
Sep  8 22:26:52 :: Reading news, credits, help, bground, info & motds.
Sep  8 22:27:52 :: Reading news, credits, help, bground, info & motds.
Sep  8 22:28:37 :: Reading news, credits, help, bground, info & motds.
Sep  8 22:29:23 :: Reading news, credits, help, bground, info & motds.
Sep  8 22:30:58 :: Reading news, credits, help, bground, info & motds.
Sep  8 22:26:45 :: Reading news, credits, help, bground, info & motds.
Sep  8 22:26:52 :: Reading news, credits, help, bground, info & motds.
Sep  8 22:27:52 :: Reading news, credits, help, bground, info & motds.
Sep  8 22:28:37 :: Reading news, credits, help, bground, info & motds.
Sep  8 22:29:23 :: Reading news, credits, help, bground, info & motds.
Sep  8 22:30:58 :: Reading news, credits, help, bground, info & motds.
Sep  8 22:31:34 :: Reading news, credits, help, bground, info & motds.
Sep  8 22:44:48 :: Reading news, credits, help, bground, info & motds.
Sep  8 22:26:45 :: Reading news, credits, help, bground, info & motds.
Sep  8 22:26:52 :: Reading news, credits, help, bground, info & motds.
Sep  8 22:27:52 :: Reading news, credits, help, bground, info & motds.
Sep  8 22:28:37 :: Reading news, credits, help, bground, info & motds.
Sep  8 22:29:23 :: Reading news, credits, help, bground, info & motds.
Sep  8 22:30:58 :: Reading news, credits, help, bground, info & motds.
Sep  8 22:31:34 :: Reading news, credits, help, bground, info & motds.
Sep  8 22:44:48 :: Reading news, credits, help, bground, info & motds.
Sep  8 23:04:41 :: Reading news, credits, help, bground, info & motds.
Sep  8 22:26:45 :: Reading news, credits, help, bground, info & motds.
Sep  8 22:26:52 :: Reading news, credits, help, bground, info & motds.
Sep  8 22:27:52 :: Reading news, credits, help, bground, info & motds.
Sep  8 22:28:37 :: Reading news, credits, help, bground, info & motds.
Sep  8 22:29:23 :: Reading news, credits, help, bground, info & motds.
Sep  8 22:30:58 :: Reading news, credits, help, bground, info & motds.
Sep  8 22:31:34 :: Reading news, credits, help, bground, info & motds.
Sep  8 22:44:48 :: Reading news, credits, help, bground, info & motds.
Sep  8 23:04:41 :: Reading news, credits, help, bground, info & motds.
Sep  8 23:05:19 :: Reading news, credits, help, bground, info & motds.
Sep  8 22:26:45 :: Reading news, credits, help, bground, info & motds.
Sep  8 22:26:52 :: Reading news, credits, help, bground, info & motds.
Sep  8 22:27:52 :: Reading news, credits, help, bground, info & motds.
Sep  8 22:28:37 :: Reading news, credits, help, bground, info & motds.
Sep  8 22:29:23 :: Reading news, credits, help, bground, info & motds.
Sep  8 22:30:58 :: Reading news, credits, help, bground, info & motds.
Sep  8 22:31:34 :: Reading news, credits, help, bground, info & motds.
Sep  8 22:44:48 :: Reading news, credits, help, bground, info & motds.
Sep  8 23:04:41 :: Reading news, credits, help, bground, info & motds.
Sep  8 23:05:19 :: Reading news, credits, help, bground, info & motds.
Sep  8 23:06:37 :: Reading news, credits, help, bground, info & motds.
Sep  8 23:26:42 :: Reading news, credits, help, bground, info & motds.
Sep  8 22:26:45 :: Reading news, credits, help, bground, info & motds.
Sep  8 22:26:52 :: Reading news, credits, help, bground, info & motds.
Sep  8 22:27:52 :: Reading news, credits, help, bground, info & motds.
Sep  8 22:28:37 :: Reading news, credits, help, bground, info & motds.
Sep  8 22:29:23 :: Reading news, credits, help, bground, info & motds.
Sep  8 22:30:58 :: Reading news, credits, help, bground, info & motds.
Sep  8 22:31:34 :: Reading news, credits, help, bground, info & motds.
Sep  8 22:44:48 :: Reading news, credits, help, bground, info & motds.
Sep  8 23:04:41 :: Reading news, credits, help, bground, info & motds.
Sep  8 23:05:19 :: Reading news, credits, help, bground, info & motds.
Sep  8 23:06:37 :: Reading news, credits, help, bground, info & motds.
Sep  8 23:26:42 :: Reading news, credits, help, bground, info & motds.
Sep  8 23:28:45 :: Reading news, credits, help, bground, info & motds.
Sep  8 22:26:45 :: Reading news, credits, help, bground, info & motds.
Sep  8 22:26:52 :: Reading news, credits, help, bground, info & motds.
Sep  8 22:27:52 :: Reading news, credits, help, bground, info & motds.
Sep  8 22:28:37 :: Reading news, credits, help, bground, info & motds.
Sep  8 22:29:23 :: Reading news, credits, help, bground, info & motds.
Sep  8 22:30:58 :: Reading news, credits, help, bground, info & motds.
Sep  8 22:31:34 :: Reading news, credits, help, bground, info & motds.
Sep  8 22:44:48 :: Reading news, credits, help, bground, info & motds.
Sep  8 23:04:41 :: Reading news, credits, help, bground, info & motds.
Sep  8 23:05:19 :: Reading news, credits, help, bground, info & motds.
Sep  8 23:06:37 :: Reading news, credits, help, bground, info & motds.
Sep  8 23:26:42 :: Reading news, credits, help, bground, info & motds.
Sep  8 23:28:45 :: Reading news, credits, help, bground, info & motds.
Sep  8 23:49:58 :: Reading news, credits, help, bground, info & motds.
Sep  8 22:26:45 :: Reading news, credits, help, bground, info & motds.
Sep  8 22:26:52 :: Reading news, credits, help, bground, info & motds.
Sep  8 22:27:52 :: Reading news, credits, help, bground, info & motds.
Sep  8 22:28:37 :: Reading news, credits, help, bground, info & motds.
Sep  8 22:29:23 :: Reading news, credits, help, bground, info & motds.
Sep  8 22:30:58 :: Reading news, credits, help, bground, info & motds.
Sep  8 22:31:34 :: Reading news, credits, help, bground, info & motds.
Sep  8 22:44:48 :: Reading news, credits, help, bground, info & motds.
Sep  8 23:04:41 :: Reading news, credits, help, bground, info & motds.
Sep  8 23:05:19 :: Reading news, credits, help, bground, info & motds.
Sep  8 23:06:37 :: Reading news, credits, help, bground, info & motds.
Sep  8 23:26:42 :: Reading news, credits, help, bground, info & motds.
Sep  8 23:28:45 :: Reading news, credits, help, bground, info & motds.
Sep  8 23:49:58 :: Reading news, credits, help, bground, info & motds.
Sep  9 21:56:12 :: Reading news, credits, help, bground, info & motds.
Sep  8 22:26:45 :: Reading news, credits, help, bground, info & motds.
Sep  8 22:26:52 :: Reading news, credits, help, bground, info & motds.
Sep  8 22:27:52 :: Reading news, credits, help, bground, info & motds.
Sep  8 22:28:37 :: Reading news, credits, help, bground, info & motds.
Sep  8 22:29:23 :: Reading news, credits, help, bground, info & motds.
Sep  8 22:30:58 :: Reading news, credits, help, bground, info & motds.
Sep  8 22:31:34 :: Reading news, credits, help, bground, info & motds.
Sep  8 22:44:48 :: Reading news, credits, help, bground, info & motds.
Sep  8 23:04:41 :: Reading news, credits, help, bground, info & motds.
Sep  8 23:05:19 :: Reading news, credits, help, bground, info & motds.
Sep  8 23:06:37 :: Reading news, credits, help, bground, info & motds.
Sep  8 23:26:42 :: Reading news, credits, help, bground, info & motds.
Sep  8 23:28:45 :: Reading news, credits, help, bground, info & motds.
Sep  8 23:49:58 :: Reading news, credits, help, bground, info & motds.
Sep  9 21:56:12 :: Reading news, credits, help, bground, info & motds.
Sep  9 22:01:44 :: Reading news, credits, help, bground, info & motds.
Sep  8 22:26:45 :: Reading news, credits, help, bground, info & motds.
Sep  8 22:26:52 :: Reading news, credits, help, bground, info & motds.
Sep  8 22:27:52 :: Reading news, credits, help, bground, info & motds.
Sep  8 22:28:37 :: Reading news, credits, help, bground, info & motds.
Sep  8 22:29:23 :: Reading news, credits, help, bground, info & motds.
Sep  8 22:30:58 :: Reading news, credits, help, bground, info & motds.
Sep  8 22:31:34 :: Reading news, credits, help, bground, info & motds.
Sep  8 22:44:48 :: Reading news, credits, help, bground, info & motds.
Sep  8 23:04:41 :: Reading news, credits, help, bground, info & motds.
Sep  8 23:05:19 :: Reading news, credits, help, bground, info & motds.
Sep  8 23:06:37 :: Reading news, credits, help, bground, info & motds.
Sep  8 23:26:42 :: Reading news, credits, help, bground, info & motds.
Sep  8 23:28:45 :: Reading news, credits, help, bground, info & motds.
Sep  8 23:49:58 :: Reading news, credits, help, bground, info & motds.
Sep  9 21:56:12 :: Reading news, credits, help, bground, info & motds.
Sep  9 22:01:44 :: Reading news, credits, help, bground, info & motds.
Sep  9 22:03:56 :: Reading news, credits, help, bground, info & motds.
Sep  9 22:18:30 :: [Sirrion pedits Rodrick field: short
Sep  9 22:18:41 :: [Sirrion pedits Rodrick field: alias
Sep  9 22:18:53 :: [Sirrion pedits Rodrick field: alias
Sep 15 17:57:03 :: Reading news, credits, help, bground, info & motds.
Sep  8 22:26:45 :: Reading news, credits, help, bground, info & motds.
Sep  8 22:26:52 :: Reading news, credits, help, bground, info & motds.
Sep  8 22:27:52 :: Reading news, credits, help, bground, info & motds.
Sep  8 22:28:37 :: Reading news, credits, help, bground, info & motds.
Sep  8 22:29:23 :: Reading news, credits, help, bground, info & motds.
Sep  8 22:30:58 :: Reading news, credits, help, bground, info & motds.
Sep  8 22:31:34 :: Reading news, credits, help, bground, info & motds.
Sep  8 22:44:48 :: Reading news, credits, help, bground, info & motds.
Sep  8 23:04:41 :: Reading news, credits, help, bground, info & motds.
Sep  8 23:05:19 :: Reading news, credits, help, bground, info & motds.
Sep  8 23:06:37 :: Reading news, credits, help, bground, info & motds.
Sep  8 23:26:42 :: Reading news, credits, help, bground, info & motds.
Sep  8 23:28:45 :: Reading news, credits, help, bground, info & motds.
Sep  8 23:49:58 :: Reading news, credits, help, bground, info & motds.
Sep  9 21:56:12 :: Reading news, credits, help, bground, info & motds.
Sep  9 22:01:44 :: Reading news, credits, help, bground, info & motds.
Sep  9 22:03:56 :: Reading news, credits, help, bground, info & motds.
Sep  9 22:18:30 :: [Sirrion pedits Rodrick field: short
Sep  9 22:18:41 :: [Sirrion pedits Rodrick field: alias
Sep  9 22:18:53 :: [Sirrion pedits Rodrick field: alias
Sep 15 17:57:03 :: Reading news, credits, help, bground, info & motds.
Sep 15 17:58:20 :: Reading news, credits, help, bground, info & motds.
Sep  8 22:26:45 :: Reading news, credits, help, bground, info & motds.
Sep  8 22:26:52 :: Reading news, credits, help, bground, info & motds.
Sep  8 22:27:52 :: Reading news, credits, help, bground, info & motds.
Sep  8 22:28:37 :: Reading news, credits, help, bground, info & motds.
Sep  8 22:29:23 :: Reading news, credits, help, bground, info & motds.
Sep  8 22:30:58 :: Reading news, credits, help, bground, info & motds.
Sep  8 22:31:34 :: Reading news, credits, help, bground, info & motds.
Sep  8 22:44:48 :: Reading news, credits, help, bground, info & motds.
Sep  8 23:04:41 :: Reading news, credits, help, bground, info & motds.
Sep  8 23:05:19 :: Reading news, credits, help, bground, info & motds.
Sep  8 23:06:37 :: Reading news, credits, help, bground, info & motds.
Sep  8 23:26:42 :: Reading news, credits, help, bground, info & motds.
Sep  8 23:28:45 :: Reading news, credits, help, bground, info & motds.
Sep  8 23:49:58 :: Reading news, credits, help, bground, info & motds.
Sep  9 21:56:12 :: Reading news, credits, help, bground, info & motds.
Sep  9 22:01:44 :: Reading news, credits, help, bground, info & motds.
Sep  9 22:03:56 :: Reading news, credits, help, bground, info & motds.
Sep  9 22:18:30 :: [Sirrion pedits Rodrick field: short
Sep  9 22:18:41 :: [Sirrion pedits Rodrick field: alias
Sep  9 22:18:53 :: [Sirrion pedits Rodrick field: alias
Sep 15 17:57:03 :: Reading news, credits, help, bground, info & motds.
Sep 15 17:58:20 :: Reading news, credits, help, bground, info & motds.
Sep 15 17:58:59 :: Reading news, credits, help, bground, info & motds.
Sep 15 18:32:27 :: OLC: Sirrion edits obj 11209
Sep 15 18:43:30 :: OLC: Sirrion edits obj 11207
Sep 16 20:41:05 :: OLC: Sirrion edits obj 12340
Sep 17 14:23:42 :: Reading news, credits, help, bground, info & motds.
Sep 17 14:23:49 :: Reading news, credits, help, bground, info & motds.
Sep 17 14:51:02 :: OLC: Sirrion edits obj 9896
Sep 17 16:47:16 :: OLC: Sirrion edits obj 13078
Sep 17 16:54:54 :: OLC: Sirrion edits obj 2602
Sep  8 22:26:45 :: Reading news, credits, help, bground, info & motds.
Sep  8 22:26:52 :: Reading news, credits, help, bground, info & motds.
Sep  8 22:27:52 :: Reading news, credits, help, bground, info & motds.
Sep  8 22:28:37 :: Reading news, credits, help, bground, info & motds.
Sep  8 22:29:23 :: Reading news, credits, help, bground, info & motds.
Sep  8 22:30:58 :: Reading news, credits, help, bground, info & motds.
Sep  8 22:31:34 :: Reading news, credits, help, bground, info & motds.
Sep  8 22:44:48 :: Reading news, credits, help, bground, info & motds.
Sep  8 23:04:41 :: Reading news, credits, help, bground, info & motds.
Sep  8 23:05:19 :: Reading news, credits, help, bground, info & motds.
Sep  8 23:06:37 :: Reading news, credits, help, bground, info & motds.
Sep  8 23:26:42 :: Reading news, credits, help, bground, info & motds.
Sep  8 23:28:45 :: Reading news, credits, help, bground, info & motds.
Sep  8 23:49:58 :: Reading news, credits, help, bground, info & motds.
Sep  9 21:56:12 :: Reading news, credits, help, bground, info & motds.
Sep  9 22:01:44 :: Reading news, credits, help, bground, info & motds.
Sep  9 22:03:56 :: Reading news, credits, help, bground, info & motds.
Sep  9 22:18:30 :: [Sirrion pedits Rodrick field: short
Sep  9 22:18:41 :: [Sirrion pedits Rodrick field: alias
Sep  9 22:18:53 :: [Sirrion pedits Rodrick field: alias
Sep 15 17:57:03 :: Reading news, credits, help, bground, info & motds.
Sep 15 17:58:20 :: Reading news, credits, help, bground, info & motds.
Sep 15 17:58:59 :: Reading news, credits, help, bground, info & motds.
Sep 15 18:32:27 :: OLC: Sirrion edits obj 11209
Sep 15 18:43:30 :: OLC: Sirrion edits obj 11207
Sep 16 20:41:05 :: OLC: Sirrion edits obj 12340
Sep 17 14:23:42 :: Reading news, credits, help, bground, info & motds.
Sep 17 14:23:49 :: Reading news, credits, help, bground, info & motds.
Sep 17 14:51:02 :: OLC: Sirrion edits obj 9896
Sep 17 16:47:16 :: OLC: Sirrion edits obj 13078
Sep 17 16:54:54 :: OLC: Sirrion edits obj 2602
Sep 17 17:02:59 :: Reading news, credits, help, bground, info & motds.
Oct  5 20:18:29 :: Reading news, credits, help, bground, info & motds.
Sep  8 22:26:45 :: Reading news, credits, help, bground, info & motds.
Sep  8 22:26:52 :: Reading news, credits, help, bground, info & motds.
Sep  8 22:27:52 :: Reading news, credits, help, bground, info & motds.
Sep  8 22:28:37 :: Reading news, credits, help, bground, info & motds.
Sep  8 22:29:23 :: Reading news, credits, help, bground, info & motds.
Sep  8 22:30:58 :: Reading news, credits, help, bground, info & motds.
Sep  8 22:31:34 :: Reading news, credits, help, bground, info & motds.
Sep  8 22:44:48 :: Reading news, credits, help, bground, info & motds.
Sep  8 23:04:41 :: Reading news, credits, help, bground, info & motds.
Sep  8 23:05:19 :: Reading news, credits, help, bground, info & motds.
Sep  8 23:06:37 :: Reading news, credits, help, bground, info & motds.
Sep  8 23:26:42 :: Reading news, credits, help, bground, info & motds.
Sep  8 23:28:45 :: Reading news, credits, help, bground, info & motds.
Sep  8 23:49:58 :: Reading news, credits, help, bground, info & motds.
Sep  9 21:56:12 :: Reading news, credits, help, bground, info & motds.
Sep  9 22:01:44 :: Reading news, credits, help, bground, info & motds.
Sep  9 22:03:56 :: Reading news, credits, help, bground, info & motds.
Sep  9 22:18:30 :: [Sirrion pedits Rodrick field: short
Sep  9 22:18:41 :: [Sirrion pedits Rodrick field: alias
Sep  9 22:18:53 :: [Sirrion pedits Rodrick field: alias
Sep 15 17:57:03 :: Reading news, credits, help, bground, info & motds.
Sep 15 17:58:20 :: Reading news, credits, help, bground, info & motds.
Sep 15 17:58:59 :: Reading news, credits, help, bground, info & motds.
Sep 15 18:32:27 :: OLC: Sirrion edits obj 11209
Sep 15 18:43:30 :: OLC: Sirrion edits obj 11207
Sep 16 20:41:05 :: OLC: Sirrion edits obj 12340
Sep 17 14:23:42 :: Reading news, credits, help, bground, info & motds.
Sep 17 14:23:49 :: Reading news, credits, help, bground, info & motds.
Sep 17 14:51:02 :: OLC: Sirrion edits obj 9896
Sep 17 16:47:16 :: OLC: Sirrion edits obj 13078
Sep 17 16:54:54 :: OLC: Sirrion edits obj 2602
Sep 17 17:02:59 :: Reading news, credits, help, bground, info & motds.
Oct  5 20:18:29 :: Reading news, credits, help, bground, info & motds.
Oct  5 20:23:33 :: Reading news, credits, help, bground, info & motds.
Sep  8 22:26:45 :: Reading news, credits, help, bground, info & motds.
Sep  8 22:26:52 :: Reading news, credits, help, bground, info & motds.
Sep  8 22:27:52 :: Reading news, credits, help, bground, info & motds.
Sep  8 22:28:37 :: Reading news, credits, help, bground, info & motds.
Sep  8 22:29:23 :: Reading news, credits, help, bground, info & motds.
Sep  8 22:30:58 :: Reading news, credits, help, bground, info & motds.
Sep  8 22:31:34 :: Reading news, credits, help, bground, info & motds.
Sep  8 22:44:48 :: Reading news, credits, help, bground, info & motds.
Sep  8 23:04:41 :: Reading news, credits, help, bground, info & motds.
Sep  8 23:05:19 :: Reading news, credits, help, bground, info & motds.
Sep  8 23:06:37 :: Reading news, credits, help, bground, info & motds.
Sep  8 23:26:42 :: Reading news, credits, help, bground, info & motds.
Sep  8 23:28:45 :: Reading news, credits, help, bground, info & motds.
Sep  8 23:49:58 :: Reading news, credits, help, bground, info & motds.
Sep  9 21:56:12 :: Reading news, credits, help, bground, info & motds.
Sep  9 22:01:44 :: Reading news, credits, help, bground, info & motds.
Sep  9 22:03:56 :: Reading news, credits, help, bground, info & motds.
Sep  9 22:18:30 :: [Sirrion pedits Rodrick field: short
Sep  9 22:18:41 :: [Sirrion pedits Rodrick field: alias
Sep  9 22:18:53 :: [Sirrion pedits Rodrick field: alias
Sep 15 17:57:03 :: Reading news, credits, help, bground, info & motds.
Sep 15 17:58:20 :: Reading news, credits, help, bground, info & motds.
Sep 15 17:58:59 :: Reading news, credits, help, bground, info & motds.
Sep 15 18:32:27 :: OLC: Sirrion edits obj 11209
Sep 15 18:43:30 :: OLC: Sirrion edits obj 11207
Sep 16 20:41:05 :: OLC: Sirrion edits obj 12340
Sep 17 14:23:42 :: Reading news, credits, help, bground, info & motds.
Sep 17 14:23:49 :: Reading news, credits, help, bground, info & motds.
Sep 17 14:51:02 :: OLC: Sirrion edits obj 9896
Sep 17 16:47:16 :: OLC: Sirrion edits obj 13078
Sep 17 16:54:54 :: OLC: Sirrion edits obj 2602
Sep 17 17:02:59 :: Reading news, credits, help, bground, info & motds.
Oct  5 20:18:29 :: Reading news, credits, help, bground, info & motds.
Oct  5 20:23:33 :: Reading news, credits, help, bground, info & motds.
Oct  5 20:32:58 :: Reading news, credits, help, bground, info & motds.
Sep  8 22:26:45 :: Reading news, credits, help, bground, info & motds.
Sep  8 22:26:52 :: Reading news, credits, help, bground, info & motds.
Sep  8 22:27:52 :: Reading news, credits, help, bground, info & motds.
Sep  8 22:28:37 :: Reading news, credits, help, bground, info & motds.
Sep  8 22:29:23 :: Reading news, credits, help, bground, info & motds.
Sep  8 22:30:58 :: Reading news, credits, help, bground, info & motds.
Sep  8 22:31:34 :: Reading news, credits, help, bground, info & motds.
Sep  8 22:44:48 :: Reading news, credits, help, bground, info & motds.
Sep  8 23:04:41 :: Reading news, credits, help, bground, info & motds.
Sep  8 23:05:19 :: Reading news, credits, help, bground, info & motds.
Sep  8 23:06:37 :: Reading news, credits, help, bground, info & motds.
Sep  8 23:26:42 :: Reading news, credits, help, bground, info & motds.
Sep  8 23:28:45 :: Reading news, credits, help, bground, info & motds.
Sep  8 23:49:58 :: Reading news, credits, help, bground, info & motds.
Sep  9 21:56:12 :: Reading news, credits, help, bground, info & motds.
Sep  9 22:01:44 :: Reading news, credits, help, bground, info & motds.
Sep  9 22:03:56 :: Reading news, credits, help, bground, info & motds.
Sep  9 22:18:30 :: [Sirrion pedits Rodrick field: short
Sep  9 22:18:41 :: [Sirrion pedits Rodrick field: alias
Sep  9 22:18:53 :: [Sirrion pedits Rodrick field: alias
Sep 15 17:57:03 :: Reading news, credits, help, bground, info & motds.
Sep 15 17:58:20 :: Reading news, credits, help, bground, info & motds.
Sep 15 17:58:59 :: Reading news, credits, help, bground, info & motds.
Sep 15 18:32:27 :: OLC: Sirrion edits obj 11209
Sep 15 18:43:30 :: OLC: Sirrion edits obj 11207
Sep 16 20:41:05 :: OLC: Sirrion edits obj 12340
Sep 17 14:23:42 :: Reading news, credits, help, bground, info & motds.
Sep 17 14:23:49 :: Reading news, credits, help, bground, info & motds.
Sep 17 14:51:02 :: OLC: Sirrion edits obj 9896
Sep 17 16:47:16 :: OLC: Sirrion edits obj 13078
Sep 17 16:54:54 :: OLC: Sirrion edits obj 2602
Sep 17 17:02:59 :: Reading news, credits, help, bground, info & motds.
Oct  5 20:18:29 :: Reading news, credits, help, bground, info & motds.
Oct  5 20:23:33 :: Reading news, credits, help, bground, info & motds.
Oct  5 20:32:58 :: Reading news, credits, help, bground, info & motds.
Oct  5 20:35:17 :: Reading news, credits, help, bground, info & motds.
Sep  8 22:26:45 :: Reading news, credits, help, bground, info & motds.
Sep  8 22:26:52 :: Reading news, credits, help, bground, info & motds.
Sep  8 22:27:52 :: Reading news, credits, help, bground, info & motds.
Sep  8 22:28:37 :: Reading news, credits, help, bground, info & motds.
Sep  8 22:29:23 :: Reading news, credits, help, bground, info & motds.
Sep  8 22:30:58 :: Reading news, credits, help, bground, info & motds.
Sep  8 22:31:34 :: Reading news, credits, help, bground, info & motds.
Sep  8 22:44:48 :: Reading news, credits, help, bground, info & motds.
Sep  8 23:04:41 :: Reading news, credits, help, bground, info & motds.
Sep  8 23:05:19 :: Reading news, credits, help, bground, info & motds.
Sep  8 23:06:37 :: Reading news, credits, help, bground, info & motds.
Sep  8 23:26:42 :: Reading news, credits, help, bground, info & motds.
Sep  8 23:28:45 :: Reading news, credits, help, bground, info & motds.
Sep  8 23:49:58 :: Reading news, credits, help, bground, info & motds.
Sep  9 21:56:12 :: Reading news, credits, help, bground, info & motds.
Sep  9 22:01:44 :: Reading news, credits, help, bground, info & motds.
Sep  9 22:03:56 :: Reading news, credits, help, bground, info & motds.
Sep  9 22:18:30 :: [Sirrion pedits Rodrick field: short
Sep  9 22:18:41 :: [Sirrion pedits Rodrick field: alias
Sep  9 22:18:53 :: [Sirrion pedits Rodrick field: alias
Sep 15 17:57:03 :: Reading news, credits, help, bground, info & motds.
Sep 15 17:58:20 :: Reading news, credits, help, bground, info & motds.
Sep 15 17:58:59 :: Reading news, credits, help, bground, info & motds.
Sep 15 18:32:27 :: OLC: Sirrion edits obj 11209
Sep 15 18:43:30 :: OLC: Sirrion edits obj 11207
Sep 16 20:41:05 :: OLC: Sirrion edits obj 12340
Sep 17 14:23:42 :: Reading news, credits, help, bground, info & motds.
Sep 17 14:23:49 :: Reading news, credits, help, bground, info & motds.
Sep 17 14:51:02 :: OLC: Sirrion edits obj 9896
Sep 17 16:47:16 :: OLC: Sirrion edits obj 13078
Sep 17 16:54:54 :: OLC: Sirrion edits obj 2602
Sep 17 17:02:59 :: Reading news, credits, help, bground, info & motds.
Oct  5 20:18:29 :: Reading news, credits, help, bground, info & motds.
Oct  5 20:23:33 :: Reading news, credits, help, bground, info & motds.
Oct  5 20:32:58 :: Reading news, credits, help, bground, info & motds.
Oct  5 20:35:17 :: Reading news, credits, help, bground, info & motds.
Oct  5 20:52:59 :: Reading news, credits, help, bground, info & motds.
Sep  8 22:26:45 :: Reading news, credits, help, bground, info & motds.
Sep  8 22:26:52 :: Reading news, credits, help, bground, info & motds.
Sep  8 22:27:52 :: Reading news, credits, help, bground, info & motds.
Sep  8 22:28:37 :: Reading news, credits, help, bground, info & motds.
Sep  8 22:29:23 :: Reading news, credits, help, bground, info & motds.
Sep  8 22:30:58 :: Reading news, credits, help, bground, info & motds.
Sep  8 22:31:34 :: Reading news, credits, help, bground, info & motds.
Sep  8 22:44:48 :: Reading news, credits, help, bground, info & motds.
Sep  8 23:04:41 :: Reading news, credits, help, bground, info & motds.
Sep  8 23:05:19 :: Reading news, credits, help, bground, info & motds.
Sep  8 23:06:37 :: Reading news, credits, help, bground, info & motds.
Sep  8 23:26:42 :: Reading news, credits, help, bground, info & motds.
Sep  8 23:28:45 :: Reading news, credits, help, bground, info & motds.
Sep  8 23:49:58 :: Reading news, credits, help, bground, info & motds.
Sep  9 21:56:12 :: Reading news, credits, help, bground, info & motds.
Sep  9 22:01:44 :: Reading news, credits, help, bground, info & motds.
Sep  9 22:03:56 :: Reading news, credits, help, bground, info & motds.
Sep  9 22:18:30 :: [Sirrion pedits Rodrick field: short
Sep  9 22:18:41 :: [Sirrion pedits Rodrick field: alias
Sep  9 22:18:53 :: [Sirrion pedits Rodrick field: alias
Sep 15 17:57:03 :: Reading news, credits, help, bground, info & motds.
Sep 15 17:58:20 :: Reading news, credits, help, bground, info & motds.
Sep 15 17:58:59 :: Reading news, credits, help, bground, info & motds.
Sep 15 18:32:27 :: OLC: Sirrion edits obj 11209
Sep 15 18:43:30 :: OLC: Sirrion edits obj 11207
Sep 16 20:41:05 :: OLC: Sirrion edits obj 12340
Sep 17 14:23:42 :: Reading news, credits, help, bground, info & motds.
Sep 17 14:23:49 :: Reading news, credits, help, bground, info & motds.
Sep 17 14:51:02 :: OLC: Sirrion edits obj 9896
Sep 17 16:47:16 :: OLC: Sirrion edits obj 13078
Sep 17 16:54:54 :: OLC: Sirrion edits obj 2602
Sep 17 17:02:59 :: Reading news, credits, help, bground, info & motds.
Oct  5 20:18:29 :: Reading news, credits, help, bground, info & motds.
Oct  5 20:23:33 :: Reading news, credits, help, bground, info & motds.
Oct  5 20:32:58 :: Reading news, credits, help, bground, info & motds.
Oct  5 20:35:17 :: Reading news, credits, help, bground, info & motds.
Oct  5 20:52:59 :: Reading news, credits, help, bground, info & motds.
Oct  5 20:53:54 :: Reading news, credits, help, bground, info & motds.
Sep  8 22:26:45 :: Reading news, credits, help, bground, info & motds.
Sep  8 22:26:52 :: Reading news, credits, help, bground, info & motds.
Sep  8 22:27:52 :: Reading news, credits, help, bground, info & motds.
Sep  8 22:28:37 :: Reading news, credits, help, bground, info & motds.
Sep  8 22:29:23 :: Reading news, credits, help, bground, info & motds.
Sep  8 22:30:58 :: Reading news, credits, help, bground, info & motds.
Sep  8 22:31:34 :: Reading news, credits, help, bground, info & motds.
Sep  8 22:44:48 :: Reading news, credits, help, bground, info & motds.
Sep  8 23:04:41 :: Reading news, credits, help, bground, info & motds.
Sep  8 23:05:19 :: Reading news, credits, help, bground, info & motds.
Sep  8 23:06:37 :: Reading news, credits, help, bground, info & motds.
Sep  8 23:26:42 :: Reading news, credits, help, bground, info & motds.
Sep  8 23:28:45 :: Reading news, credits, help, bground, info & motds.
Sep  8 23:49:58 :: Reading news, credits, help, bground, info & motds.
Sep  9 21:56:12 :: Reading news, credits, help, bground, info & motds.
Sep  9 22:01:44 :: Reading news, credits, help, bground, info & motds.
Sep  9 22:03:56 :: Reading news, credits, help, bground, info & motds.
Sep  9 22:18:30 :: [Sirrion pedits Rodrick field: short
Sep  9 22:18:41 :: [Sirrion pedits Rodrick field: alias
Sep  9 22:18:53 :: [Sirrion pedits Rodrick field: alias
Sep 15 17:57:03 :: Reading news, credits, help, bground, info & motds.
Sep 15 17:58:20 :: Reading news, credits, help, bground, info & motds.
Sep 15 17:58:59 :: Reading news, credits, help, bground, info & motds.
Sep 15 18:32:27 :: OLC: Sirrion edits obj 11209
Sep 15 18:43:30 :: OLC: Sirrion edits obj 11207
Sep 16 20:41:05 :: OLC: Sirrion edits obj 12340
Sep 17 14:23:42 :: Reading news, credits, help, bground, info & motds.
Sep 17 14:23:49 :: Reading news, credits, help, bground, info & motds.
Sep 17 14:51:02 :: OLC: Sirrion edits obj 9896
Sep 17 16:47:16 :: OLC: Sirrion edits obj 13078
Sep 17 16:54:54 :: OLC: Sirrion edits obj 2602
Sep 17 17:02:59 :: Reading news, credits, help, bground, info & motds.
Oct  5 20:18:29 :: Reading news, credits, help, bground, info & motds.
Oct  5 20:23:33 :: Reading news, credits, help, bground, info & motds.
Oct  5 20:32:58 :: Reading news, credits, help, bground, info & motds.
Oct  5 20:35:17 :: Reading news, credits, help, bground, info & motds.
Oct  5 20:52:59 :: Reading news, credits, help, bground, info & motds.
Oct  5 20:53:54 :: Reading news, credits, help, bground, info & motds.
Oct  5 21:13:35 :: Reading news, credits, help, bground, info & motds.
Sep  8 22:26:45 :: Reading news, credits, help, bground, info & motds.
Sep  8 22:26:52 :: Reading news, credits, help, bground, info & motds.
Sep  8 22:27:52 :: Reading news, credits, help, bground, info & motds.
Sep  8 22:28:37 :: Reading news, credits, help, bground, info & motds.
Sep  8 22:29:23 :: Reading news, credits, help, bground, info & motds.
Sep  8 22:30:58 :: Reading news, credits, help, bground, info & motds.
Sep  8 22:31:34 :: Reading news, credits, help, bground, info & motds.
Sep  8 22:44:48 :: Reading news, credits, help, bground, info & motds.
Sep  8 23:04:41 :: Reading news, credits, help, bground, info & motds.
Sep  8 23:05:19 :: Reading news, credits, help, bground, info & motds.
Sep  8 23:06:37 :: Reading news, credits, help, bground, info & motds.
Sep  8 23:26:42 :: Reading news, credits, help, bground, info & motds.
Sep  8 23:28:45 :: Reading news, credits, help, bground, info & motds.
Sep  8 23:49:58 :: Reading news, credits, help, bground, info & motds.
Sep  9 21:56:12 :: Reading news, credits, help, bground, info & motds.
Sep  9 22:01:44 :: Reading news, credits, help, bground, info & motds.
Sep  9 22:03:56 :: Reading news, credits, help, bground, info & motds.
Sep  9 22:18:30 :: [Sirrion pedits Rodrick field: short
Sep  9 22:18:41 :: [Sirrion pedits Rodrick field: alias
Sep  9 22:18:53 :: [Sirrion pedits Rodrick field: alias
Sep 15 17:57:03 :: Reading news, credits, help, bground, info & motds.
Sep 15 17:58:20 :: Reading news, credits, help, bground, info & motds.
Sep 15 17:58:59 :: Reading news, credits, help, bground, info & motds.
Sep 15 18:32:27 :: OLC: Sirrion edits obj 11209
Sep 15 18:43:30 :: OLC: Sirrion edits obj 11207
Sep 16 20:41:05 :: OLC: Sirrion edits obj 12340
Sep 17 14:23:42 :: Reading news, credits, help, bground, info & motds.
Sep 17 14:23:49 :: Reading news, credits, help, bground, info & motds.
Sep 17 14:51:02 :: OLC: Sirrion edits obj 9896
Sep 17 16:47:16 :: OLC: Sirrion edits obj 13078
Sep 17 16:54:54 :: OLC: Sirrion edits obj 2602
Sep 17 17:02:59 :: Reading news, credits, help, bground, info & motds.
Oct  5 20:18:29 :: Reading news, credits, help, bground, info & motds.
Oct  5 20:23:33 :: Reading news, credits, help, bground, info & motds.
Oct  5 20:32:58 :: Reading news, credits, help, bground, info & motds.
Oct  5 20:35:17 :: Reading news, credits, help, bground, info & motds.
Oct  5 20:52:59 :: Reading news, credits, help, bground, info & motds.
Oct  5 20:53:54 :: Reading news, credits, help, bground, info & motds.
Oct  5 21:13:35 :: Reading news, credits, help, bground, info & motds.
Oct  5 21:15:34 :: Reading news, credits, help, bground, info & motds.
Sep  8 22:26:45 :: Reading news, credits, help, bground, info & motds.
Sep  8 22:26:52 :: Reading news, credits, help, bground, info & motds.
Sep  8 22:27:52 :: Reading news, credits, help, bground, info & motds.
Sep  8 22:28:37 :: Reading news, credits, help, bground, info & motds.
Sep  8 22:29:23 :: Reading news, credits, help, bground, info & motds.
Sep  8 22:30:58 :: Reading news, credits, help, bground, info & motds.
Sep  8 22:31:34 :: Reading news, credits, help, bground, info & motds.
Sep  8 22:44:48 :: Reading news, credits, help, bground, info & motds.
Sep  8 23:04:41 :: Reading news, credits, help, bground, info & motds.
Sep  8 23:05:19 :: Reading news, credits, help, bground, info & motds.
Sep  8 23:06:37 :: Reading news, credits, help, bground, info & motds.
Sep  8 23:26:42 :: Reading news, credits, help, bground, info & motds.
Sep  8 23:28:45 :: Reading news, credits, help, bground, info & motds.
Sep  8 23:49:58 :: Reading news, credits, help, bground, info & motds.
Sep  9 21:56:12 :: Reading news, credits, help, bground, info & motds.
Sep  9 22:01:44 :: Reading news, credits, help, bground, info & motds.
Sep  9 22:03:56 :: Reading news, credits, help, bground, info & motds.
Sep  9 22:18:30 :: [Sirrion pedits Rodrick field: short
Sep  9 22:18:41 :: [Sirrion pedits Rodrick field: alias
Sep  9 22:18:53 :: [Sirrion pedits Rodrick field: alias
Sep 15 17:57:03 :: Reading news, credits, help, bground, info & motds.
Sep 15 17:58:20 :: Reading news, credits, help, bground, info & motds.
Sep 15 17:58:59 :: Reading news, credits, help, bground, info & motds.
Sep 15 18:32:27 :: OLC: Sirrion edits obj 11209
Sep 15 18:43:30 :: OLC: Sirrion edits obj 11207
Sep 16 20:41:05 :: OLC: Sirrion edits obj 12340
Sep 17 14:23:42 :: Reading news, credits, help, bground, info & motds.
Sep 17 14:23:49 :: Reading news, credits, help, bground, info & motds.
Sep 17 14:51:02 :: OLC: Sirrion edits obj 9896
Sep 17 16:47:16 :: OLC: Sirrion edits obj 13078
Sep 17 16:54:54 :: OLC: Sirrion edits obj 2602
Sep 17 17:02:59 :: Reading news, credits, help, bground, info & motds.
Oct  5 20:18:29 :: Reading news, credits, help, bground, info & motds.
Oct  5 20:23:33 :: Reading news, credits, help, bground, info & motds.
Oct  5 20:32:58 :: Reading news, credits, help, bground, info & motds.
Oct  5 20:35:17 :: Reading news, credits, help, bground, info & motds.
Oct  5 20:52:59 :: Reading news, credits, help, bground, info & motds.
Oct  5 20:53:54 :: Reading news, credits, help, bground, info & motds.
Oct  5 21:13:35 :: Reading news, credits, help, bground, info & motds.
Oct  5 21:15:34 :: Reading news, credits, help, bground, info & motds.
Oct  5 21:51:47 :: Reading news, credits, help, bground, info & motds.
Sep  8 22:26:45 :: Reading news, credits, help, bground, info & motds.
Sep  8 22:26:52 :: Reading news, credits, help, bground, info & motds.
Sep  8 22:27:52 :: Reading news, credits, help, bground, info & motds.
Sep  8 22:28:37 :: Reading news, credits, help, bground, info & motds.
Sep  8 22:29:23 :: Reading news, credits, help, bground, info & motds.
Sep  8 22:30:58 :: Reading news, credits, help, bground, info & motds.
Sep  8 22:31:34 :: Reading news, credits, help, bground, info & motds.
Sep  8 22:44:48 :: Reading news, credits, help, bground, info & motds.
Sep  8 23:04:41 :: Reading news, credits, help, bground, info & motds.
Sep  8 23:05:19 :: Reading news, credits, help, bground, info & motds.
Sep  8 23:06:37 :: Reading news, credits, help, bground, info & motds.
Sep  8 23:26:42 :: Reading news, credits, help, bground, info & motds.
Sep  8 23:28:45 :: Reading news, credits, help, bground, info & motds.
Sep  8 23:49:58 :: Reading news, credits, help, bground, info & motds.
Sep  9 21:56:12 :: Reading news, credits, help, bground, info & motds.
Sep  9 22:01:44 :: Reading news, credits, help, bground, info & motds.
Sep  9 22:03:56 :: Reading news, credits, help, bground, info & motds.
Sep  9 22:18:30 :: [Sirrion pedits Rodrick field: short
Sep  9 22:18:41 :: [Sirrion pedits Rodrick field: alias
Sep  9 22:18:53 :: [Sirrion pedits Rodrick field: alias
Sep 15 17:57:03 :: Reading news, credits, help, bground, info & motds.
Sep 15 17:58:20 :: Reading news, credits, help, bground, info & motds.
Sep 15 17:58:59 :: Reading news, credits, help, bground, info & motds.
Sep 15 18:32:27 :: OLC: Sirrion edits obj 11209
Sep 15 18:43:30 :: OLC: Sirrion edits obj 11207
Sep 16 20:41:05 :: OLC: Sirrion edits obj 12340
Sep 17 14:23:42 :: Reading news, credits, help, bground, info & motds.
Sep 17 14:23:49 :: Reading news, credits, help, bground, info & motds.
Sep 17 14:51:02 :: OLC: Sirrion edits obj 9896
Sep 17 16:47:16 :: OLC: Sirrion edits obj 13078
Sep 17 16:54:54 :: OLC: Sirrion edits obj 2602
Sep 17 17:02:59 :: Reading news, credits, help, bground, info & motds.
Oct  5 20:18:29 :: Reading news, credits, help, bground, info & motds.
Oct  5 20:23:33 :: Reading news, credits, help, bground, info & motds.
Oct  5 20:32:58 :: Reading news, credits, help, bground, info & motds.
Oct  5 20:35:17 :: Reading news, credits, help, bground, info & motds.
Oct  5 20:52:59 :: Reading news, credits, help, bground, info & motds.
Oct  5 20:53:54 :: Reading news, credits, help, bground, info & motds.
Oct  5 21:13:35 :: Reading news, credits, help, bground, info & motds.
Oct  5 21:15:34 :: Reading news, credits, help, bground, info & motds.
Oct  5 21:51:47 :: Reading news, credits, help, bground, info & motds.
Oct 19 20:18:16 :: Reading news, credits, help, bground, info & motds.
Sep  8 22:26:45 :: Reading news, credits, help, bground, info & motds.
Sep  8 22:26:52 :: Reading news, credits, help, bground, info & motds.
Sep  8 22:27:52 :: Reading news, credits, help, bground, info & motds.
Sep  8 22:28:37 :: Reading news, credits, help, bground, info & motds.
Sep  8 22:29:23 :: Reading news, credits, help, bground, info & motds.
Sep  8 22:30:58 :: Reading news, credits, help, bground, info & motds.
Sep  8 22:31:34 :: Reading news, credits, help, bground, info & motds.
Sep  8 22:44:48 :: Reading news, credits, help, bground, info & motds.
Sep  8 23:04:41 :: Reading news, credits, help, bground, info & motds.
Sep  8 23:05:19 :: Reading news, credits, help, bground, info & motds.
Sep  8 23:06:37 :: Reading news, credits, help, bground, info & motds.
Sep  8 23:26:42 :: Reading news, credits, help, bground, info & motds.
Sep  8 23:28:45 :: Reading news, credits, help, bground, info & motds.
Sep  8 23:49:58 :: Reading news, credits, help, bground, info & motds.
Sep  9 21:56:12 :: Reading news, credits, help, bground, info & motds.
Sep  9 22:01:44 :: Reading news, credits, help, bground, info & motds.
Sep  9 22:03:56 :: Reading news, credits, help, bground, info & motds.
Sep  9 22:18:30 :: [Sirrion pedits Rodrick field: short
Sep  9 22:18:41 :: [Sirrion pedits Rodrick field: alias
Sep  9 22:18:53 :: [Sirrion pedits Rodrick field: alias
Sep 15 17:57:03 :: Reading news, credits, help, bground, info & motds.
Sep 15 17:58:20 :: Reading news, credits, help, bground, info & motds.
Sep 15 17:58:59 :: Reading news, credits, help, bground, info & motds.
Sep 15 18:32:27 :: OLC: Sirrion edits obj 11209
Sep 15 18:43:30 :: OLC: Sirrion edits obj 11207
Sep 16 20:41:05 :: OLC: Sirrion edits obj 12340
Sep 17 14:23:42 :: Reading news, credits, help, bground, info & motds.
Sep 17 14:23:49 :: Reading news, credits, help, bground, info & motds.
Sep 17 14:51:02 :: OLC: Sirrion edits obj 9896
Sep 17 16:47:16 :: OLC: Sirrion edits obj 13078
Sep 17 16:54:54 :: OLC: Sirrion edits obj 2602
Sep 17 17:02:59 :: Reading news, credits, help, bground, info & motds.
Oct  5 20:18:29 :: Reading news, credits, help, bground, info & motds.
Oct  5 20:23:33 :: Reading news, credits, help, bground, info & motds.
Oct  5 20:32:58 :: Reading news, credits, help, bground, info & motds.
Oct  5 20:35:17 :: Reading news, credits, help, bground, info & motds.
Oct  5 20:52:59 :: Reading news, credits, help, bground, info & motds.
Oct  5 20:53:54 :: Reading news, credits, help, bground, info & motds.
Oct  5 21:13:35 :: Reading news, credits, help, bground, info & motds.
Oct  5 21:15:34 :: Reading news, credits, help, bground, info & motds.
Oct  5 21:51:47 :: Reading news, credits, help, bground, info & motds.
Oct 19 20:18:16 :: Reading news, credits, help, bground, info & motds.
Oct 19 20:24:17 :: Reading news, credits, help, bground, info & motds.
Sep  8 22:26:45 :: Reading news, credits, help, bground, info & motds.
Sep  8 22:26:52 :: Reading news, credits, help, bground, info & motds.
Sep  8 22:27:52 :: Reading news, credits, help, bground, info & motds.
Sep  8 22:28:37 :: Reading news, credits, help, bground, info & motds.
Sep  8 22:29:23 :: Reading news, credits, help, bground, info & motds.
Sep  8 22:30:58 :: Reading news, credits, help, bground, info & motds.
Sep  8 22:31:34 :: Reading news, credits, help, bground, info & motds.
Sep  8 22:44:48 :: Reading news, credits, help, bground, info & motds.
Sep  8 23:04:41 :: Reading news, credits, help, bground, info & motds.
Sep  8 23:05:19 :: Reading news, credits, help, bground, info & motds.
Sep  8 23:06:37 :: Reading news, credits, help, bground, info & motds.
Sep  8 23:26:42 :: Reading news, credits, help, bground, info & motds.
Sep  8 23:28:45 :: Reading news, credits, help, bground, info & motds.
Sep  8 23:49:58 :: Reading news, credits, help, bground, info & motds.
Sep  9 21:56:12 :: Reading news, credits, help, bground, info & motds.
Sep  9 22:01:44 :: Reading news, credits, help, bground, info & motds.
Sep  9 22:03:56 :: Reading news, credits, help, bground, info & motds.
Sep  9 22:18:30 :: [Sirrion pedits Rodrick field: short
Sep  9 22:18:41 :: [Sirrion pedits Rodrick field: alias
Sep  9 22:18:53 :: [Sirrion pedits Rodrick field: alias
Sep 15 17:57:03 :: Reading news, credits, help, bground, info & motds.
Sep 15 17:58:20 :: Reading news, credits, help, bground, info & motds.
Sep 15 17:58:59 :: Reading news, credits, help, bground, info & motds.
Sep 15 18:32:27 :: OLC: Sirrion edits obj 11209
Sep 15 18:43:30 :: OLC: Sirrion edits obj 11207
Sep 16 20:41:05 :: OLC: Sirrion edits obj 12340
Sep 17 14:23:42 :: Reading news, credits, help, bground, info & motds.
Sep 17 14:23:49 :: Reading news, credits, help, bground, info & motds.
Sep 17 14:51:02 :: OLC: Sirrion edits obj 9896
Sep 17 16:47:16 :: OLC: Sirrion edits obj 13078
Sep 17 16:54:54 :: OLC: Sirrion edits obj 2602
Sep 17 17:02:59 :: Reading news, credits, help, bground, info & motds.
Oct  5 20:18:29 :: Reading news, credits, help, bground, info & motds.
Oct  5 20:23:33 :: Reading news, credits, help, bground, info & motds.
Oct  5 20:32:58 :: Reading news, credits, help, bground, info & motds.
Oct  5 20:35:17 :: Reading news, credits, help, bground, info & motds.
Oct  5 20:52:59 :: Reading news, credits, help, bground, info & motds.
Oct  5 20:53:54 :: Reading news, credits, help, bground, info & motds.
Oct  5 21:13:35 :: Reading news, credits, help, bground, info & motds.
Oct  5 21:15:34 :: Reading news, credits, help, bground, info & motds.
Oct  5 21:51:47 :: Reading news, credits, help, bground, info & motds.
Oct 19 20:18:16 :: Reading news, credits, help, bground, info & motds.
Oct 19 20:24:17 :: Reading news, credits, help, bground, info & motds.
Oct 19 20:32:36 :: Reading news, credits, help, bground, info & motds.
Oct 19 20:38:29 :: OLC: Sirrion edits zone info for room 1901.
Oct 26 20:57:02 :: Reading news, credits, help, bground, info & motds.
