Sep  1 22:53:03 :: (GC) Sirrion restored Ariok-xu.
Sep  1 23:12:15 :: (GC) Sirrion restored Ariok-xu.
Sep  1 23:41:05 :: (GC) Sirrion forced an air elemental to vis
Sep  2 00:22:55 :: (GC) Connection closed by Sirrion.
Sep  3 19:55:31 :: (GC) Sirrion forced all to save
Sep  4 09:37:02 :: (GC) Sirrion restored Algaric.
Sep  4 10:02:14 :: (GC) Sirrion restored Ariok-xu.
Sep  4 10:23:17 :: (GC) Sirrion restored Algaric.
Sep  4 16:51:20 :: (GC) Sirrion restored Algaric.
Sep  5 22:59:45 :: (GC) Sirrion forced Rodrick to save
Sep  8 23:27:53 :: (GC) Shutdown by Sirrion.
Sep  8 23:27:53 :: (GC) Shutdown by Sirrion.
Sep  8 23:30:05 :: (GC) Shutdown by Sirrion.
Sep  8 23:27:53 :: (GC) Shutdown by Sirrion.
Sep  8 23:30:05 :: (GC) Shutdown by Sirrion.
Sep  8 23:54:40 :: (GC) Shutdown by Sirrion.
Sep  8 23:27:53 :: (GC) Shutdown by Sirrion.
Sep  8 23:30:05 :: (GC) Shutdown by Sirrion.
Sep  8 23:54:40 :: (GC) Shutdown by Sirrion.
Sep  9 22:00:51 :: (GC) Shutdown by Sirrion.
Sep  8 23:27:53 :: (GC) Shutdown by Sirrion.
Sep  8 23:30:05 :: (GC) Shutdown by Sirrion.
Sep  8 23:54:40 :: (GC) Shutdown by Sirrion.
Sep  9 22:00:51 :: (GC) Shutdown by Sirrion.
Sep  9 22:03:34 :: (GC) Shutdown by Sirrion.
