Sep  8 22:54:12 :: Rodrick advanced 1 level to level 2.
Sep  8 22:54:12 :: Rodrick advanced 1 level to level 2.
Sep  8 22:54:12 :: Rodrick advanced 1 level to level 2.
Sep  8 22:54:12 :: Rodrick advanced 1 level to level 2.
Sep  8 22:54:12 :: Rodrick advanced 1 level to level 2.
Sep  8 22:54:12 :: Rodrick advanced 1 level to level 2.
Sep  8 22:54:12 :: Rodrick advanced 1 level to level 2.
Sep  8 22:54:12 :: Rodrick advanced 1 level to level 2.
Sep  8 22:54:12 :: Rodrick advanced 1 level to level 2.
Sep  9 22:05:35 :: Rodrick advanced 1 level to level 3.
Sep  9 22:09:45 :: Rodrick advanced 1 level to level 4.
Sep 10 09:20:35 :: Rodrick advanced 1 level to level 5.
Sep 10 09:29:19 :: Rodrick advanced 1 level to level 6.
Sep 10 10:00:02 :: Rodrick advanced 1 level to level 7.
Sep  8 22:54:12 :: Rodrick advanced 1 level to level 2.
Sep  9 22:05:35 :: Rodrick advanced 1 level to level 3.
Sep  9 22:09:45 :: Rodrick advanced 1 level to level 4.
Sep 10 09:20:35 :: Rodrick advanced 1 level to level 5.
Sep 10 09:29:19 :: Rodrick advanced 1 level to level 6.
Sep 10 10:00:02 :: Rodrick advanced 1 level to level 7.
Sep  8 22:54:12 :: Rodrick advanced 1 level to level 2.
Sep  9 22:05:35 :: Rodrick advanced 1 level to level 3.
Sep  9 22:09:45 :: Rodrick advanced 1 level to level 4.
Sep 10 09:20:35 :: Rodrick advanced 1 level to level 5.
Sep 10 09:29:19 :: Rodrick advanced 1 level to level 6.
Sep 10 10:00:02 :: Rodrick advanced 1 level to level 7.
Sep 15 18:26:12 :: Rodrick advanced 1 level to level 8.
Sep 15 18:37:30 :: Rodrick advanced 1 level to level 9.
Sep 15 18:39:36 :: Rodrick advanced 1 level to level 10.
Sep 15 18:51:08 :: Rodrick advanced 1 level to level 11.
Sep 15 19:06:44 :: Rodrick advanced 1 level to level 12.
Sep 16 20:18:13 :: Rodrick advanced 1 level to level 13.
Sep 16 20:32:35 :: Rodrick advanced 1 level to level 14.
Sep 16 20:56:41 :: (GC) Sirrion has advanced Rodrick to level 18 (from 14)
Sep 16 20:56:41 :: Rodrick advanced 4 levels to level 18.
Sep 16 22:00:03 :: Rodrick advanced 1 level to level 19.
Sep 17 14:58:14 :: Rodrick advanced 1 level to level 20.
Sep 17 15:10:24 :: Sirrion changed Rodrick's advanced damage reduction to 100.
Sep 17 16:38:54 :: Rodrick advanced 1 level to level 21.
Sep  8 22:54:12 :: Rodrick advanced 1 level to level 2.
Sep  9 22:05:35 :: Rodrick advanced 1 level to level 3.
Sep  9 22:09:45 :: Rodrick advanced 1 level to level 4.
Sep 10 09:20:35 :: Rodrick advanced 1 level to level 5.
Sep 10 09:29:19 :: Rodrick advanced 1 level to level 6.
Sep 10 10:00:02 :: Rodrick advanced 1 level to level 7.
Sep 15 18:26:12 :: Rodrick advanced 1 level to level 8.
Sep 15 18:37:30 :: Rodrick advanced 1 level to level 9.
Sep 15 18:39:36 :: Rodrick advanced 1 level to level 10.
Sep 15 18:51:08 :: Rodrick advanced 1 level to level 11.
Sep 15 19:06:44 :: Rodrick advanced 1 level to level 12.
Sep 16 20:18:13 :: Rodrick advanced 1 level to level 13.
Sep 16 20:32:35 :: Rodrick advanced 1 level to level 14.
Sep 16 20:56:41 :: (GC) Sirrion has advanced Rodrick to level 18 (from 14)
Sep 16 20:56:41 :: Rodrick advanced 4 levels to level 18.
Sep 16 22:00:03 :: Rodrick advanced 1 level to level 19.
Sep 17 14:58:14 :: Rodrick advanced 1 level to level 20.
Sep 17 15:10:24 :: Sirrion changed Rodrick's advanced damage reduction to 100.
Sep 17 16:38:54 :: Rodrick advanced 1 level to level 21.
Sep  8 22:54:12 :: Rodrick advanced 1 level to level 2.
Sep  9 22:05:35 :: Rodrick advanced 1 level to level 3.
Sep  9 22:09:45 :: Rodrick advanced 1 level to level 4.
Sep 10 09:20:35 :: Rodrick advanced 1 level to level 5.
Sep 10 09:29:19 :: Rodrick advanced 1 level to level 6.
Sep 10 10:00:02 :: Rodrick advanced 1 level to level 7.
Sep 15 18:26:12 :: Rodrick advanced 1 level to level 8.
Sep 15 18:37:30 :: Rodrick advanced 1 level to level 9.
Sep 15 18:39:36 :: Rodrick advanced 1 level to level 10.
Sep 15 18:51:08 :: Rodrick advanced 1 level to level 11.
Sep 15 19:06:44 :: Rodrick advanced 1 level to level 12.
Sep 16 20:18:13 :: Rodrick advanced 1 level to level 13.
Sep 16 20:32:35 :: Rodrick advanced 1 level to level 14.
Sep 16 20:56:41 :: (GC) Sirrion has advanced Rodrick to level 18 (from 14)
Sep 16 20:56:41 :: Rodrick advanced 4 levels to level 18.
Sep 16 22:00:03 :: Rodrick advanced 1 level to level 19.
Sep 17 14:58:14 :: Rodrick advanced 1 level to level 20.
Sep 17 15:10:24 :: Sirrion changed Rodrick's advanced damage reduction to 100.
Sep 17 16:38:54 :: Rodrick advanced 1 level to level 21.
Sep  8 22:54:12 :: Rodrick advanced 1 level to level 2.
Sep  9 22:05:35 :: Rodrick advanced 1 level to level 3.
Sep  9 22:09:45 :: Rodrick advanced 1 level to level 4.
Sep 10 09:20:35 :: Rodrick advanced 1 level to level 5.
Sep 10 09:29:19 :: Rodrick advanced 1 level to level 6.
Sep 10 10:00:02 :: Rodrick advanced 1 level to level 7.
Sep 15 18:26:12 :: Rodrick advanced 1 level to level 8.
Sep 15 18:37:30 :: Rodrick advanced 1 level to level 9.
Sep 15 18:39:36 :: Rodrick advanced 1 level to level 10.
Sep 15 18:51:08 :: Rodrick advanced 1 level to level 11.
Sep 15 19:06:44 :: Rodrick advanced 1 level to level 12.
Sep 16 20:18:13 :: Rodrick advanced 1 level to level 13.
Sep 16 20:32:35 :: Rodrick advanced 1 level to level 14.
Sep 16 20:56:41 :: (GC) Sirrion has advanced Rodrick to level 18 (from 14)
Sep 16 20:56:41 :: Rodrick advanced 4 levels to level 18.
Sep 16 22:00:03 :: Rodrick advanced 1 level to level 19.
Sep 17 14:58:14 :: Rodrick advanced 1 level to level 20.
Sep 17 15:10:24 :: Sirrion changed Rodrick's advanced damage reduction to 100.
Sep 17 16:38:54 :: Rodrick advanced 1 level to level 21.
Sep  8 22:54:12 :: Rodrick advanced 1 level to level 2.
Sep  9 22:05:35 :: Rodrick advanced 1 level to level 3.
Sep  9 22:09:45 :: Rodrick advanced 1 level to level 4.
Sep 10 09:20:35 :: Rodrick advanced 1 level to level 5.
Sep 10 09:29:19 :: Rodrick advanced 1 level to level 6.
Sep 10 10:00:02 :: Rodrick advanced 1 level to level 7.
Sep 15 18:26:12 :: Rodrick advanced 1 level to level 8.
Sep 15 18:37:30 :: Rodrick advanced 1 level to level 9.
Sep 15 18:39:36 :: Rodrick advanced 1 level to level 10.
Sep 15 18:51:08 :: Rodrick advanced 1 level to level 11.
Sep 15 19:06:44 :: Rodrick advanced 1 level to level 12.
Sep 16 20:18:13 :: Rodrick advanced 1 level to level 13.
Sep 16 20:32:35 :: Rodrick advanced 1 level to level 14.
Sep 16 20:56:41 :: (GC) Sirrion has advanced Rodrick to level 18 (from 14)
Sep 16 20:56:41 :: Rodrick advanced 4 levels to level 18.
Sep 16 22:00:03 :: Rodrick advanced 1 level to level 19.
Sep 17 14:58:14 :: Rodrick advanced 1 level to level 20.
Sep 17 15:10:24 :: Sirrion changed Rodrick's advanced damage reduction to 100.
Sep 17 16:38:54 :: Rodrick advanced 1 level to level 21.
Sep  8 22:54:12 :: Rodrick advanced 1 level to level 2.
Sep  9 22:05:35 :: Rodrick advanced 1 level to level 3.
Sep  9 22:09:45 :: Rodrick advanced 1 level to level 4.
Sep 10 09:20:35 :: Rodrick advanced 1 level to level 5.
Sep 10 09:29:19 :: Rodrick advanced 1 level to level 6.
Sep 10 10:00:02 :: Rodrick advanced 1 level to level 7.
Sep 15 18:26:12 :: Rodrick advanced 1 level to level 8.
Sep 15 18:37:30 :: Rodrick advanced 1 level to level 9.
Sep 15 18:39:36 :: Rodrick advanced 1 level to level 10.
Sep 15 18:51:08 :: Rodrick advanced 1 level to level 11.
Sep 15 19:06:44 :: Rodrick advanced 1 level to level 12.
Sep 16 20:18:13 :: Rodrick advanced 1 level to level 13.
Sep 16 20:32:35 :: Rodrick advanced 1 level to level 14.
Sep 16 20:56:41 :: (GC) Sirrion has advanced Rodrick to level 18 (from 14)
Sep 16 20:56:41 :: Rodrick advanced 4 levels to level 18.
Sep 16 22:00:03 :: Rodrick advanced 1 level to level 19.
Sep 17 14:58:14 :: Rodrick advanced 1 level to level 20.
Sep 17 15:10:24 :: Sirrion changed Rodrick's advanced damage reduction to 100.
Sep 17 16:38:54 :: Rodrick advanced 1 level to level 21.
Sep  8 22:54:12 :: Rodrick advanced 1 level to level 2.
Sep  9 22:05:35 :: Rodrick advanced 1 level to level 3.
Sep  9 22:09:45 :: Rodrick advanced 1 level to level 4.
Sep 10 09:20:35 :: Rodrick advanced 1 level to level 5.
Sep 10 09:29:19 :: Rodrick advanced 1 level to level 6.
Sep 10 10:00:02 :: Rodrick advanced 1 level to level 7.
Sep 15 18:26:12 :: Rodrick advanced 1 level to level 8.
Sep 15 18:37:30 :: Rodrick advanced 1 level to level 9.
Sep 15 18:39:36 :: Rodrick advanced 1 level to level 10.
Sep 15 18:51:08 :: Rodrick advanced 1 level to level 11.
Sep 15 19:06:44 :: Rodrick advanced 1 level to level 12.
Sep 16 20:18:13 :: Rodrick advanced 1 level to level 13.
Sep 16 20:32:35 :: Rodrick advanced 1 level to level 14.
Sep 16 20:56:41 :: (GC) Sirrion has advanced Rodrick to level 18 (from 14)
Sep 16 20:56:41 :: Rodrick advanced 4 levels to level 18.
Sep 16 22:00:03 :: Rodrick advanced 1 level to level 19.
Sep 17 14:58:14 :: Rodrick advanced 1 level to level 20.
Sep 17 15:10:24 :: Sirrion changed Rodrick's advanced damage reduction to 100.
Sep 17 16:38:54 :: Rodrick advanced 1 level to level 21.
Sep  8 22:54:12 :: Rodrick advanced 1 level to level 2.
Sep  9 22:05:35 :: Rodrick advanced 1 level to level 3.
Sep  9 22:09:45 :: Rodrick advanced 1 level to level 4.
Sep 10 09:20:35 :: Rodrick advanced 1 level to level 5.
Sep 10 09:29:19 :: Rodrick advanced 1 level to level 6.
Sep 10 10:00:02 :: Rodrick advanced 1 level to level 7.
Sep 15 18:26:12 :: Rodrick advanced 1 level to level 8.
Sep 15 18:37:30 :: Rodrick advanced 1 level to level 9.
Sep 15 18:39:36 :: Rodrick advanced 1 level to level 10.
Sep 15 18:51:08 :: Rodrick advanced 1 level to level 11.
Sep 15 19:06:44 :: Rodrick advanced 1 level to level 12.
Sep 16 20:18:13 :: Rodrick advanced 1 level to level 13.
Sep 16 20:32:35 :: Rodrick advanced 1 level to level 14.
Sep 16 20:56:41 :: (GC) Sirrion has advanced Rodrick to level 18 (from 14)
Sep 16 20:56:41 :: Rodrick advanced 4 levels to level 18.
Sep 16 22:00:03 :: Rodrick advanced 1 level to level 19.
Sep 17 14:58:14 :: Rodrick advanced 1 level to level 20.
Sep 17 15:10:24 :: Sirrion changed Rodrick's advanced damage reduction to 100.
Sep 17 16:38:54 :: Rodrick advanced 1 level to level 21.
Sep  8 22:54:12 :: Rodrick advanced 1 level to level 2.
Sep  9 22:05:35 :: Rodrick advanced 1 level to level 3.
Sep  9 22:09:45 :: Rodrick advanced 1 level to level 4.
Sep 10 09:20:35 :: Rodrick advanced 1 level to level 5.
Sep 10 09:29:19 :: Rodrick advanced 1 level to level 6.
Sep 10 10:00:02 :: Rodrick advanced 1 level to level 7.
Sep 15 18:26:12 :: Rodrick advanced 1 level to level 8.
Sep 15 18:37:30 :: Rodrick advanced 1 level to level 9.
Sep 15 18:39:36 :: Rodrick advanced 1 level to level 10.
Sep 15 18:51:08 :: Rodrick advanced 1 level to level 11.
Sep 15 19:06:44 :: Rodrick advanced 1 level to level 12.
Sep 16 20:18:13 :: Rodrick advanced 1 level to level 13.
Sep 16 20:32:35 :: Rodrick advanced 1 level to level 14.
Sep 16 20:56:41 :: (GC) Sirrion has advanced Rodrick to level 18 (from 14)
Sep 16 20:56:41 :: Rodrick advanced 4 levels to level 18.
Sep 16 22:00:03 :: Rodrick advanced 1 level to level 19.
Sep 17 14:58:14 :: Rodrick advanced 1 level to level 20.
Sep 17 15:10:24 :: Sirrion changed Rodrick's advanced damage reduction to 100.
Sep 17 16:38:54 :: Rodrick advanced 1 level to level 21.
Sep  8 22:54:12 :: Rodrick advanced 1 level to level 2.
Sep  9 22:05:35 :: Rodrick advanced 1 level to level 3.
Sep  9 22:09:45 :: Rodrick advanced 1 level to level 4.
Sep 10 09:20:35 :: Rodrick advanced 1 level to level 5.
Sep 10 09:29:19 :: Rodrick advanced 1 level to level 6.
Sep 10 10:00:02 :: Rodrick advanced 1 level to level 7.
Sep 15 18:26:12 :: Rodrick advanced 1 level to level 8.
Sep 15 18:37:30 :: Rodrick advanced 1 level to level 9.
Sep 15 18:39:36 :: Rodrick advanced 1 level to level 10.
Sep 15 18:51:08 :: Rodrick advanced 1 level to level 11.
Sep 15 19:06:44 :: Rodrick advanced 1 level to level 12.
Sep 16 20:18:13 :: Rodrick advanced 1 level to level 13.
Sep 16 20:32:35 :: Rodrick advanced 1 level to level 14.
Sep 16 20:56:41 :: (GC) Sirrion has advanced Rodrick to level 18 (from 14)
Sep 16 20:56:41 :: Rodrick advanced 4 levels to level 18.
Sep 16 22:00:03 :: Rodrick advanced 1 level to level 19.
Sep 17 14:58:14 :: Rodrick advanced 1 level to level 20.
Sep 17 15:10:24 :: Sirrion changed Rodrick's advanced damage reduction to 100.
Sep 17 16:38:54 :: Rodrick advanced 1 level to level 21.
Sep  8 22:54:12 :: Rodrick advanced 1 level to level 2.
Sep  9 22:05:35 :: Rodrick advanced 1 level to level 3.
Sep  9 22:09:45 :: Rodrick advanced 1 level to level 4.
Sep 10 09:20:35 :: Rodrick advanced 1 level to level 5.
Sep 10 09:29:19 :: Rodrick advanced 1 level to level 6.
Sep 10 10:00:02 :: Rodrick advanced 1 level to level 7.
Sep 15 18:26:12 :: Rodrick advanced 1 level to level 8.
Sep 15 18:37:30 :: Rodrick advanced 1 level to level 9.
Sep 15 18:39:36 :: Rodrick advanced 1 level to level 10.
Sep 15 18:51:08 :: Rodrick advanced 1 level to level 11.
Sep 15 19:06:44 :: Rodrick advanced 1 level to level 12.
Sep 16 20:18:13 :: Rodrick advanced 1 level to level 13.
Sep 16 20:32:35 :: Rodrick advanced 1 level to level 14.
Sep 16 20:56:41 :: (GC) Sirrion has advanced Rodrick to level 18 (from 14)
Sep 16 20:56:41 :: Rodrick advanced 4 levels to level 18.
Sep 16 22:00:03 :: Rodrick advanced 1 level to level 19.
Sep 17 14:58:14 :: Rodrick advanced 1 level to level 20.
Sep 17 15:10:24 :: Sirrion changed Rodrick's advanced damage reduction to 100.
Sep 17 16:38:54 :: Rodrick advanced 1 level to level 21.
Sep  8 22:54:12 :: Rodrick advanced 1 level to level 2.
Sep  9 22:05:35 :: Rodrick advanced 1 level to level 3.
Sep  9 22:09:45 :: Rodrick advanced 1 level to level 4.
Sep 10 09:20:35 :: Rodrick advanced 1 level to level 5.
Sep 10 09:29:19 :: Rodrick advanced 1 level to level 6.
Sep 10 10:00:02 :: Rodrick advanced 1 level to level 7.
Sep 15 18:26:12 :: Rodrick advanced 1 level to level 8.
Sep 15 18:37:30 :: Rodrick advanced 1 level to level 9.
Sep 15 18:39:36 :: Rodrick advanced 1 level to level 10.
Sep 15 18:51:08 :: Rodrick advanced 1 level to level 11.
Sep 15 19:06:44 :: Rodrick advanced 1 level to level 12.
Sep 16 20:18:13 :: Rodrick advanced 1 level to level 13.
Sep 16 20:32:35 :: Rodrick advanced 1 level to level 14.
Sep 16 20:56:41 :: (GC) Sirrion has advanced Rodrick to level 18 (from 14)
Sep 16 20:56:41 :: Rodrick advanced 4 levels to level 18.
Sep 16 22:00:03 :: Rodrick advanced 1 level to level 19.
Sep 17 14:58:14 :: Rodrick advanced 1 level to level 20.
Sep 17 15:10:24 :: Sirrion changed Rodrick's advanced damage reduction to 100.
Sep 17 16:38:54 :: Rodrick advanced 1 level to level 21.
Sep  8 22:54:12 :: Rodrick advanced 1 level to level 2.
Sep  9 22:05:35 :: Rodrick advanced 1 level to level 3.
Sep  9 22:09:45 :: Rodrick advanced 1 level to level 4.
Sep 10 09:20:35 :: Rodrick advanced 1 level to level 5.
Sep 10 09:29:19 :: Rodrick advanced 1 level to level 6.
Sep 10 10:00:02 :: Rodrick advanced 1 level to level 7.
Sep 15 18:26:12 :: Rodrick advanced 1 level to level 8.
Sep 15 18:37:30 :: Rodrick advanced 1 level to level 9.
Sep 15 18:39:36 :: Rodrick advanced 1 level to level 10.
Sep 15 18:51:08 :: Rodrick advanced 1 level to level 11.
Sep 15 19:06:44 :: Rodrick advanced 1 level to level 12.
Sep 16 20:18:13 :: Rodrick advanced 1 level to level 13.
Sep 16 20:32:35 :: Rodrick advanced 1 level to level 14.
Sep 16 20:56:41 :: (GC) Sirrion has advanced Rodrick to level 18 (from 14)
Sep 16 20:56:41 :: Rodrick advanced 4 levels to level 18.
Sep 16 22:00:03 :: Rodrick advanced 1 level to level 19.
Sep 17 14:58:14 :: Rodrick advanced 1 level to level 20.
Sep 17 15:10:24 :: Sirrion changed Rodrick's advanced damage reduction to 100.
Sep 17 16:38:54 :: Rodrick advanced 1 level to level 21.
