Sep  1 22:47:42 :: Multiplay detected from localhost (Algaric/Sirrion).
Sep  1 22:48:20 :: Multiplay detected from localhost (Ariok-xu/Sirrion).
Sep  1 23:14:14 :: Multiplay detected from localhost (Yaroshel/Sirrion).
Sep  1 23:24:00 :: Multiplay detected from localhost (Andryr/Sirrion).
Sep  1 23:37:46 :: Multiplay detected from localhost (Yaroshel/Sirrion).
Sep  1 23:45:31 :: Multiplay detected from localhost (Rorick/Sirrion).
Sep  1 23:48:24 :: Multiplay detected from localhost (Salisar/Sirrion).
Sep  2 00:01:21 :: Multiplay detected from localhost (Marak-ohn/Sirrion).
Sep  2 00:22:05 :: Multiplay detected from localhost (Branchala/Sirrion).
Sep  2 00:32:26 :: Multiplay detected from localhost (Derp/Sirrion).
Sep  2 09:12:02 :: Multiplay detected from localhost (Algaric/Sirrion).
Sep  3 19:43:07 :: Multiplay detected from localhost (Andrik/Sirrion).
Sep  3 19:45:52 :: Multiplay detected from localhost (Jonathon/Sirrion).
Sep  4 09:25:59 :: Multiplay detected from localhost (Ariok-xu/Sirrion).
Sep  4 09:26:48 :: Multiplay detected from localhost (Marak-ohn/Sirrion).
Sep  4 09:27:02 :: Multiplay detected from localhost (Andrik/Sirrion).
Sep  4 09:36:56 :: Multiplay detected from localhost (Algaric/Sirrion).
Sep  4 10:02:10 :: Multiplay detected from localhost (Ariok-xu/Sirrion).
Sep  4 10:23:14 :: Multiplay detected from localhost (Algaric/Sirrion).
Sep  4 16:51:17 :: Multiplay detected from localhost (Algaric/Sirrion).
Sep  5 22:59:04 :: Multiplay detected from localhost (Rodrick/Sirrion).
Sep  8 22:45:04 :: Multiplay detected from localhost (Rodrick/Sirrion).
Sep  8 22:45:04 :: Multiplay detected from localhost (Rodrick/Sirrion).
Sep  8 22:45:04 :: Multiplay detected from localhost (Rodrick/Sirrion).
Sep  8 22:45:04 :: Multiplay detected from localhost (Rodrick/Sirrion).
Sep  8 22:45:04 :: Multiplay detected from localhost (Rodrick/Sirrion).
Sep  8 22:45:04 :: Multiplay detected from localhost (Rodrick/Sirrion).
Sep  8 22:45:04 :: Multiplay detected from localhost (Rodrick/Sirrion).
Sep  9 21:56:28 :: Multiplay detected from localhost (Rodrick/Sirrion).
Sep  8 22:45:04 :: Multiplay detected from localhost (Rodrick/Sirrion).
Sep  9 21:56:28 :: Multiplay detected from localhost (Rodrick/Sirrion).
Sep  9 22:02:59 :: Multiplay detected from localhost (Rodrick/Sirrion).
