Aug 31 11:55:11 :: PC Killer bit set on Tiathnes for initiating attack on Ferrowin at A Sparkling Glade.
Aug 31 19:02:00 :: PC Killer bit set on Nuitari for initiating attack on Paladine at The Immortal Chamber of Rule Enforcement.
Aug 31 22:55:23 :: PC Killer bit set on Chemosh for initiating attack on Sirrion at Before the Bronze Throne.
Sep  1 00:09:37 :: PC Killer bit set on Chemosh for initiating attack on Sirrion at A Room of Swirling Shadow.
Sep  1 20:13:41 :: PC Killer bit set on Lunitari for initiating attack on Sirrion at Before the Bronze Throne.
Sep  1 21:20:02 :: PC Killer bit set on Takhisis for initiating attack on Sirrion at Before the Bronze Throne.
Sep  1 21:58:49 :: PC Killer bit set on Chemosh for initiating attack on Sirrion at Mortal Bug Board.
Sep  2 11:16:32 :: PC Killer bit set on Nuitari for initiating attack on Kiri-Jolith at A Flying Citadel.
Sep  2 11:48:39 :: PC Killer bit set on Mistaya for initiating attack on Threndryk at Marshland.
Sep  2 21:51:02 :: PC Killer bit set on Gilean for initiating attack on Molson at Sanctuary of the Gods.
Sep  2 21:52:38 :: PC Killer bit set on Takhisis for initiating attack on Molson at Sanctuary of the Gods.
Sep  2 22:08:26 :: PC Killer bit set on Takhisis for initiating attack on Paladine at A Magnificent Hall.
Sep  2 22:16:13 :: PC Killer bit set on Gilean for initiating attack on Molson at Sanctuary of the Gods.
Sep  2 22:26:27 :: PC Killer bit set on Gilean for initiating attack on Molson at Sanctuary of the Gods.
Sep  3 12:25:10 :: PC Killer bit set on Yxt-Pielle for initiating attack on Krevar at Intersection of Richwater and Seraco.
Sep  3 19:15:00 :: PC Killer bit set on Chemosh for initiating attack on Paladine at A Magnificent Hall.
Sep  3 19:29:46 :: PC Killer bit set on Casius for initiating attack on Krevar at The Screaming Wench Tavern.
Sep  3 21:54:50 :: PC Killer bit set on Nuitari for initiating attack on Chemosh at Nuitari's Laboratory.
Sep  3 21:55:26 :: PC Killer bit set on Chemosh for initiating attack on Nuitari at Nuitari's Laboratory.
Sep  4 01:11:20 :: PC Killer bit set on Lunitari for initiating attack on Zivilyn at Ziv's Office.
Sep  4 01:45:47 :: PC Killer bit set on Gilean for initiating attack on Lunitari at Sanctuary of the Gods.
Sep  4 02:16:02 :: PC Killer bit set on Zivilyn for initiating attack on Paladine at A Magnificent Hall.
Sep  4 02:18:03 :: PC Killer bit set on Chemosh for initiating attack on Paladine at A Magnificent Hall.
Sep  4 02:42:56 :: PC Killer bit set on Zivilyn for initiating attack on Paladine at A Magnificent Hall.
Sep  4 02:43:15 :: PC Killer bit set on Chemosh for initiating attack on Gilean at Sanctuary of the Gods.
Sep  4 03:05:11 :: PC Killer bit set on Takhisis for initiating attack on Lunitari at Along the Lake.
Sep  4 22:08:44 :: PC Killer bit set on Chemosh for initiating attack on Sirrion at Before the Bronze Throne.
Sep  4 22:35:35 :: PC Killer bit set on Chemosh for initiating attack on Kiri-Jolith at A Flying Citadel.
Sep  4 22:51:43 :: PC Killer bit set on Chemosh for initiating attack on Sirrion at Before the Bronze Throne.
Sep  5 03:33:05 :: PC Killer bit set on Lunitari for initiating attack on Paladine at A Magnificent Hall.
Sep  5 23:55:40 :: PC Killer bit set on Chemosh for initiating attack on Rafe at Seasick Kraken Bar and Grill.
Sep  6 00:12:00 :: PC Killer bit set on Chemosh for initiating attack on Rafe at SeaMist Tower Garden.
Sep  6 01:11:44 :: PC Killer bit set on Chemosh for initiating attack on Nuitari at A Room of Swirling Shadow.
Sep  6 06:08:30 :: PC Killer bit set on Grevan for initiating attack on Milo at An Open Field.
Sep  6 12:07:49 :: PC Killer bit set on Olathrei for initiating attack on Krevar at Antichamber of the Narthex.
Sep  6 21:18:23 :: PC Killer bit set on Krevar for initiating attack on Korei at Seraco Crossing.
Sep  6 21:37:33 :: PC Killer bit set on Casius for initiating attack on Korei at Dragonscale Highway Bridge.
Sep  6 22:19:58 :: PC Killer bit set on Chemosh for initiating attack on Takhisis at Her Majesty's Lair.
Sep  6 22:35:25 :: PC Killer bit set on Chemosh for initiating attack on Paladine at A Magnificent Hall.
Sep  6 22:51:27 :: PC Killer bit set on Chemosh for initiating attack on Paladine at A Magnificent Hall.
Sep  6 23:07:50 :: PC Killer bit set on Chemosh for initiating attack on Molson at The Immortal Chamber of Rule Enforcement.
Sep  6 23:24:01 :: PC Killer bit set on Chemosh for initiating attack on Solinari at Along the Shipyard.
Sep  8 03:03:38 :: PC Killer bit set on Lunitari for initiating attack on Vadris at Solamnia's Highway.
Sep  8 22:12:56 :: PC Killer bit set on Ferrowin for initiating attack on Korei at Steep Sided Pass.
Sep  8 22:15:02 :: PC Killer bit set on Casius for initiating attack on Korei at The Ellinad Forest.
Sep 10 23:29:24 :: PC Killer bit set on Kael for initiating attack on Karver at The Northwestern Corner of the Property.
Sep 11 16:57:59 :: PC Killer bit set on Kaleigh for initiating attack on Telamon at Before a Tight Formation of Rocks.
Sep 11 16:58:37 :: PC Killer bit set on Casius for initiating attack on Telamon at Before a Tight Formation of Rocks.
Sep 11 21:16:56 :: PC Killer bit set on Ravan for initiating attack on Rhelkor at Intersection of Calere and Seraco.
Sep 11 21:34:27 :: PC Killer bit set on Krevar for initiating attack on Rhelkor at Intersection of Calere and Seraco.
Sep 11 21:35:57 :: PC Killer bit set on Alira for initiating attack on Ravan at Seraco Crossing.
Sep 12 19:51:20 :: PC Killer bit set on Telamon for initiating attack on Milo at Seraco Crossing.
Sep 12 21:22:47 :: PC Killer bit set on Cereol for initiating attack on Alaudrien at Seraco Crossing.
Sep 13 23:31:51 :: PC Killer bit set on Takhisis for initiating attack on Paladine at A Magnificent Hall.
Sep 15 22:09:39 :: PC Killer bit set on Takhisis for initiating attack on Molson at Mortal Policy Board.
Sep 15 22:15:58 :: PC Killer bit set on Nuitari for initiating attack on Chemosh at A Room of Swirling Shadow.
Sep 15 22:25:47 :: PC Killer bit set on Solinari for initiating attack on Takhisis at Her Majesty's Lair.
Sep 15 22:28:35 :: PC Killer bit set on Paladine for initiating attack on Takhisis at Her Majesty's Lair.
Sep 16 10:58:52 :: PC Killer bit set on Nuitari for initiating attack on Chemosh at A Room of Swirling Shadow.
Sep 17 00:54:44 :: PC Killer bit set on Takhisis for initiating attack on Paladine at A Magnificent Hall.
Sep 18 10:05:37 :: PC Killer bit set on Krevar for initiating attack on Xath-Kalus at Amongst The Pews In The Temple Of Hiddukel.
Sep 18 10:41:18 :: PC Killer bit set on Alaudrien for initiating attack on Xath-Kalus at The Central Aisle In The Temple Of Hiddukel.
Sep 18 10:57:50 :: PC Killer bit set on Alaudrien for initiating attack on Xath-Kalus at Southwestern Corner Of The Barracks.
Sep 19 15:41:11 :: PC Killer bit set on Xath-Kalus for initiating attack on Krevar at Southwestern Corner Of The Barracks.
Sep 19 22:45:46 :: PC Killer bit set on Alaudrien for initiating attack on Alira at The Dining Hall.
Sep 20 09:11:12 :: PC Killer bit set on Khalhynin for initiating attack on Sharia at Behind The Bar.
Sep 21 17:44:07 :: PC Killer bit set on Jemmina for initiating attack on Asilnor at Seraco Crossing.
Sep 21 18:02:57 :: PC Killer bit set on Rhelkor for initiating attack on Jemmina at Sandstone Lane.
Sep 21 18:20:32 :: PC Killer bit set on Ravan for initiating attack on Rhelkor at Seraco Crossing.
Sep 21 18:20:35 :: PC Killer bit set on Jemmina for initiating attack on Rhelkor at Seraco Crossing.
Sep 21 18:38:14 :: PC Killer bit set on Rhelkor for initiating attack on Ravan at Seraco Crossing.
Sep 21 18:55:27 :: PC Killer bit set on Rhelkor for initiating attack on Jemmina at Seraco Crossing.
Sep 22 16:41:59 :: PC Killer bit set on Rhelkor for initiating attack on Xath-Kalus at At the Desk of the Seasick Kraken.
Sep 23 21:03:27 :: PC Killer bit set on Krevar for initiating attack on Casius at A Large, Extravagant Parlor Room.
Sep 24 02:20:37 :: PC Killer bit set on Hannah for initiating attack on Alviard at Emerald Way.
Sep 26 20:48:27 :: PC Killer bit set on Casius for initiating attack on Xath-Kalus at Seraco Crossing.
Sep 26 20:48:31 :: PC Killer bit set on Ferrowin for initiating attack on Xath-Kalus at Seraco Crossing.
Sep 26 22:05:23 :: PC Killer bit set on Ferrowin for initiating attack on Xath-Kalus at Obsidian Highway.
Sep 28 03:23:28 :: PC Killer bit set on Lunas for initiating attack on Lillian at Inside the Southern Wall.
Sep 29 13:44:51 :: PC Killer bit set on Sharia for initiating attack on Ravan at The Southeastern Corner of the Property.
Oct  1 10:16:55 :: PC Killer bit set on Goron for initiating attack on Jonos at Seraco Crossing.
Oct  1 20:56:30 :: PC Killer bit set on Mishakal for initiating attack on Kiri-Jolith at An Endless Expanse of Desert.
Oct  2 10:48:17 :: PC Killer bit set on Sharia for initiating attack on Lillian at A Private Chamber.
Oct  5 17:37:17 :: PC Killer bit set on Jemmina for initiating attack on Jiram at Seraco Crossing.
Oct  5 21:35:40 :: PC Killer bit set on Casius for initiating attack on Ravan at Seraco Crossing.
Oct  6 17:06:46 :: PC Killer bit set on Telamon for initiating attack on Ferrowin at In the Tombs.
Oct  6 17:23:34 :: PC Killer bit set on Ferrowin for initiating attack on Telamon at In the Tombs.
Oct  6 18:02:11 :: PC Killer bit set on Ferrowin for initiating attack on Telamon at At the Bottom of the Staircase.
Oct  6 23:16:39 :: PC Killer bit set on Ferrowin for initiating attack on Erdrick at Kitharen's Postal Pigeon Service.
Oct  8 13:35:47 :: PC Killer bit set on Jefforey for initiating attack on Quareth at Solamnia's Highway.
Oct  8 15:01:46 :: PC Killer bit set on Zaiandre for initiating attack on Alaudrien at A Townhome.
Oct 10 19:40:17 :: PC Killer bit set on Zaiandre for initiating attack on Alira at Intersection of Richwater and Sandstone.
Oct 11 04:33:02 :: PC Killer bit set on Zaiandre for initiating attack on Felix at A Village Path.
Oct 12 00:26:06 :: PC Killer bit set on Paladine for initiating attack on Chemosh at A Room of Swirling Shadow.
Oct 12 00:26:40 :: PC Killer bit set on Nuitari for initiating attack on Chemosh at A Room of Swirling Shadow.
Oct 12 02:14:32 :: PC Killer bit set on Russel for initiating attack on Threndryk at The Kitchen.
Oct 12 20:09:22 :: PC Killer bit set on Nikcole for initiating attack on Mithric at Southern Aisle.
Oct 14 19:38:21 :: PC Killer bit set on Nikcole for initiating attack on Threndryk at First Federal Bank of Northern Solamnia.
Oct 14 22:36:30 :: PC Killer bit set on Alaudrien for initiating attack on Alexis at A Cell in Istar's Jailhouse.
Oct 14 22:36:30 :: PC Killer bit set on Mithric for initiating attack on Alexis at A Cell in Istar's Jailhouse.
Oct 16 13:18:14 :: PC Killer bit set on Alaudrien for initiating attack on Jemmina at Seraco Crossing.
Oct 23 12:38:54 :: PC Killer bit set on Alaudrien for initiating attack on Alexis at A Room of Great Pain and Suffering.
Oct 23 21:48:12 :: PC Killer bit set on Thurs for initiating attack on Kasisan at Midland Highway.
Oct 24 11:23:51 :: PC Killer bit set on Alexis for initiating attack on Alaudrien at Seraco Crossing.
Oct 24 18:59:25 :: PC Killer bit set on Rossdir for initiating attack on Kasisan at A Large Hallway.
Oct 25 16:54:42 :: PC Killer bit set on Lydoc for initiating attack on Hadassah at Priests Quarters.
Oct 26 15:32:43 :: PC Killer bit set on Giogi for initiating attack on Shaylie at A Hallway.
Oct 27 07:40:01 :: PC Killer bit set on Sharia for initiating attack on Shiiard at Among the Pews.
Oct 28 22:19:43 :: PC Killer bit set on Alexis for initiating attack on Krevar at Wayward Highway.
Oct 28 23:00:15 :: PC Killer bit set on Nuitari for initiating attack on Chemosh at A Room of Swirling Shadow.
Oct 28 23:06:40 :: PC Killer bit set on Nuitari for initiating attack on Chemosh at A Room of Swirling Shadow.
Oct 31 12:15:02 :: PC Killer bit set on Xiana for initiating attack on Aeolis at A Flower Garden.
Oct 31 18:11:30 :: PC Killer bit set on Krevar for initiating attack on Taebol at Plains Highway.
Nov  1 12:31:00 :: PC Killer bit set on Evalynn for initiating attack on Aeolis at Inside the Eastern Wall.
Nov  5 22:56:57 :: PC Killer bit set on Mishakal for initiating attack on Chemosh at A Room of Swirling Shadow.
Nov  6 01:26:54 :: PC Killer bit set on Alviard for initiating attack on Ramiel at Seraco Crossing.
Nov  6 11:32:20 :: PC Killer bit set on Sharia for initiating attack on Ramiel at Seraco Crossing.
Nov 10 20:07:17 :: PC Killer bit set on Rossdir for initiating attack on Kit at Plains Highway.
Nov 14 20:17:57 :: PC Killer bit set on Seikan for initiating attack on Kaliasi at Near the Pond.
Nov 14 22:34:53 :: PC Killer bit set on Arteeka for initiating attack on Evalynn at The Northern Gate.
Nov 15 13:30:08 :: PC Killer bit set on Evalynn for initiating attack on Sharia at The Private Suite.
Nov 15 17:41:25 :: PC Killer bit set on Chemosh for initiating attack on Kiri-Jolith at Sanctuary of the Gods.
Nov 16 11:46:06 :: PC Killer bit set on Sharia for initiating attack on Fyrak at Kalaman Gaol Cells.
Nov 17 12:05:54 :: PC Killer bit set on Ghowoul for initiating attack on Loranx at The Docks of Karthay.
Nov 17 21:05:53 :: PC Killer bit set on Kiri-Jolith for initiating attack on Solinari at Sanctuary of the Gods.
Nov 19 18:18:34 :: PC Killer bit set on Lysia for initiating attack on Fyrak at Inside the Northern Wall.
Nov 21 22:25:28 :: PC Killer bit set on Seikan for initiating attack on Fyrak at The Private Suite.
Nov 22 20:11:57 :: PC Killer bit set on Fyrak for initiating attack on Seikan at Spiraling Into The Future.
Nov 22 22:05:35 :: PC Killer bit set on Kit for initiating attack on Solinari at Among the Pews.
Nov 22 22:05:37 :: PC Killer bit set on Christopher for initiating attack on Solinari at Among the Pews.
Nov 24 09:01:58 :: PC Killer bit set on Xiana for initiating attack on Sharia at Walkway Leading into the Temple.
Nov 25 17:51:35 :: PC Killer bit set on Seikan for initiating attack on Fyrak at Before The Gilded Altar Of Hiddukel.
Nov 27 20:16:56 :: PC Killer bit set on Chislev for initiating attack on Gilean at Gilean's Library.
Nov 27 22:13:48 :: PC Killer bit set on Gilean for initiating attack on Habbakuk at Sanctuary of the Gods.
Nov 28 17:46:39 :: PC Killer bit set on Alira for initiating attack on Alviard at A Townhome.
Nov 28 21:32:59 :: PC Killer bit set on Solinari for initiating attack on Chemosh at A Room of Swirling Shadow.
Nov 29 03:24:51 :: PC Killer bit set on Ghowoul for initiating attack on Sharia at Seraco Crossing.
Nov 29 13:42:37 :: PC Killer bit set on Sharia for initiating attack on Gabriel at Seraco Way.
Dec  3 20:54:09 :: PC Killer bit set on Seikan for initiating attack on Fyrak at An Underground Maze.
Dec  3 21:37:46 :: PC Killer bit set on Seikan for initiating attack on Fyrak at Within a Dream.
Dec  5 19:56:30 :: PC Killer bit set on Chislev for initiating attack on Habbakuk at Along the Docks.
Dec  8 03:24:31 :: PC Killer bit set on Ghowoul for initiating attack on Adalena at At the Desk of the Seasick Kraken.
Dec  8 12:46:24 :: PC Killer bit set on Dether for initiating attack on Arteeka at A Wide Hallway.
Dec  8 13:08:42 :: PC Killer bit set on Dether for initiating attack on Arteeka at The Kitchen.
Dec 10 16:51:36 :: PC Killer bit set on Yxt-Pielle for initiating attack on Ramiel at Seraco Crossing.
Dec 10 19:35:03 :: PC Killer bit set on Russel for initiating attack on Alira at Kalaman Gaol Credit Office.
Dec 11 16:44:04 :: PC Killer bit set on Seikan for initiating attack on Alexis at The Tomb.
Dec 11 17:06:03 :: PC Killer bit set on Kaleigh for initiating attack on Seikan at An Altar.
Dec 15 18:08:19 :: PC Killer bit set on Artike for initiating attack on Hezekiah at A Village Path.
Dec 18 00:54:08 :: PC Killer bit set on Evalynn for initiating attack on Korei at The South Pier.
Dec 20 01:49:57 :: PC Killer bit set on Serildi for initiating attack on Dether at Behind The Bar.
Dec 20 03:27:08 :: PC Killer bit set on Habbakuk for initiating attack on Gniri at Seawatch Avenue.
Dec 20 05:11:52 :: PC Killer bit set on Gilean for initiating attack on Habbakuk at Habbakuk's Trophy Room.
Dec 21 00:59:38 :: PC Killer bit set on Korei for initiating attack on Josiah at Behind The Bar.
Dec 21 12:26:12 :: PC Killer bit set on Ocelath for initiating attack on Sharia at Merchant's Tradepost Courtyard.
Dec 21 15:26:42 :: PC Killer bit set on Korei for initiating attack on Ghowoul at Caergoth Lane.
Dec 21 22:53:28 :: PC Killer bit set on Christopher for initiating attack on Korei at Behind The Bar.
Dec 22 23:06:54 :: PC Killer bit set on Habbakuk for initiating attack on Chislev at Habbakuk's Trophy Room.
Dec 28 23:57:19 :: PC Killer bit set on Josiah for initiating attack on Valintharin at A Hallway.
Dec 29 20:06:59 :: PC Killer bit set on Artike for initiating attack on Ulryn at Amongst The Pews In The Temple Of Hiddukel.
Dec 30 22:17:04 :: PC Killer bit set on Porolos for initiating attack on Ghalen at Inside a Large Tent.
Jan  7 21:06:24 :: PC Killer bit set on Josiah for initiating attack on Evalynn at The Entrance to the Great Hall.
Jan  8 17:33:00 :: PC Killer bit set on Josiah for initiating attack on Mivia at Temple Entrance.
Jan 10 10:48:25 :: PC Killer bit set on Alexia for initiating attack on Alexis at Behind The Bar.
Jan 10 16:43:27 :: PC Killer bit set on Ulryn for initiating attack on Alexis at Seraco Crossing.
Jan 10 17:02:33 :: PC Killer bit set on Artike for initiating attack on Alexis at Seraco Crossing.
Jan 10 17:35:57 :: PC Killer bit set on Alexis for initiating attack on Christopher at Seraco Crossing.
Jan 11 16:28:42 :: PC Killer bit set on Ayghte for initiating attack on Xitar at Southern Aisle.
Jan 11 18:55:18 :: PC Killer bit set on Seikan for initiating attack on Christopher at A Well-Paved Road.
Jan 13 23:57:11 :: PC Killer bit set on Christopher for initiating attack on Gabriel at Seraco Crossing.
Jan 14 18:03:39 :: PC Killer bit set on Duryea for initiating attack on Artike at The Edge of the Clearing.
Jan 14 22:32:56 :: PC Killer bit set on Habbakuk for initiating attack on Christopher at Center of Turbidus Square.
Jan 16 15:06:04 :: PC Killer bit set on Seikan for initiating attack on Tiathnes at Within a Dark Crypt.
Jan 16 16:58:30 :: PC Killer bit set on Ulryn for initiating attack on Tiathnes at Headmaster Mercullius's Private Study.
Jan 18 16:03:02 :: PC Killer bit set on Ayghte for initiating attack on Ghaaz at Walkway Leading into the Temple.
Jan 22 22:35:28 :: PC Killer bit set on Felorr for initiating attack on Xitar at Behind The Bar.
Jan 23 01:41:54 :: PC Killer bit set on Kiva for initiating attack on Valintharin at A Hallway in The Dripping Dagger Inn.
Jan 24 19:45:31 :: PC Killer bit set on Kaleigh for initiating attack on Rafe at Nuitari's Laboratory.
Jan 24 23:35:47 :: PC Killer bit set on Alyssa for initiating attack on Vargas at Midland Highway.
Jan 25 20:02:14 :: PC Killer bit set on Nuitari for initiating attack on Fhalsaan at Northeastern Corner of Turbidus Square.
Jan 27 18:29:52 :: PC Killer bit set on Felorr for initiating attack on Lysia at Before a Gate Made of Pine.
Jan 27 23:35:35 :: PC Killer bit set on Andrew for initiating attack on Lysia at Beyond the Veil.
Jan 28 09:12:42 :: PC Killer bit set on Duryea for initiating attack on Seikan at The Plains of Balifor.
Jan 28 13:43:59 :: PC Killer bit set on Xiana for initiating attack on Solan at Steps Leading up to the Temple of Mishakal.
Jan 29 17:07:24 :: PC Killer bit set on Solan for initiating attack on Gabriel at Midland Highway.
Jan 29 20:55:16 :: PC Killer bit set on Kit for initiating attack on Rossdir at By the Fireplace.
Jan 29 21:25:08 :: PC Killer bit set on Kit for initiating attack on Rossdir at By the Fireplace.
Feb  7 00:04:45 :: PC Killer bit set on Kiva for initiating attack on Christopher at The Taproom of the Thief's Respite.
Feb  7 08:45:47 :: PC Killer bit set on Solan for initiating attack on Xiana at Plains Highway.
Feb  7 11:25:41 :: PC Killer bit set on Ghaaz for initiating attack on Xiana at Eastern Aisle.
Feb  7 16:45:13 :: PC Killer bit set on Kaleigh for initiating attack on Artike at A Forest Trail.
Feb  8 22:45:32 :: PC Killer bit set on Kiva for initiating attack on Xiana at The Altar of Paladine.
Feb  9 15:45:03 :: PC Killer bit set on Rafe for initiating attack on Artike at The Officers' Barracks.
Feb  9 17:12:50 :: PC Killer bit set on Lysia for initiating attack on Kael at Plains Highway.
Feb 10 21:59:53 :: PC Killer bit set on Rilis for initiating attack on Roryk at Walkway Leading into the Temple.
Feb 13 16:23:08 :: PC Killer bit set on TJaryon for initiating attack on Roryk at The Halls of Vingaard Keep.
Feb 14 05:47:37 :: PC Killer bit set on Solan for initiating attack on Xiana at A Twisting Corridor.
Feb 15 21:03:32 :: PC Killer bit set on Truitt for initiating attack on Arteeka at The Beach.
Feb 15 22:15:22 :: PC Killer bit set on Kiva for initiating attack on Arteeka at The Beach.
Feb 15 22:25:20 :: PC Killer bit set on Valintharin for initiating attack on Arteeka at The Beach.
Feb 18 14:08:32 :: PC Killer bit set on Roryk for initiating attack on Marashi at Among the Pews.
Feb 18 14:09:54 :: PC Killer bit set on Solan for initiating attack on Marashi at Among the Pews.
Feb 19 22:37:50 :: PC Killer bit set on Lysia for initiating attack on Kendrall at Courtyard of Vingaard Keep.
Feb 21 01:55:32 :: PC Killer bit set on Rialana for initiating attack on Gabriel at Among the Pews.
Feb 21 16:37:58 :: PC Killer bit set on Telamon for initiating attack on Lysia at Behind The Bar.
Feb 21 23:36:16 :: PC Killer bit set on Immanuel for initiating attack on Russel at Before the Gates of a Mighty Stronghold.
Feb 22 01:36:58 :: PC Killer bit set on Gabriel for initiating attack on Rialana at The Wing of Kiri-Jolith.
Feb 22 10:18:25 :: PC Killer bit set on Nuitari for initiating attack on Xiana at Inside the Southern Wall.
Feb 22 10:25:12 :: PC Killer bit set on Chislev for initiating attack on Nuitari at A Private Booth in the Bar.
Feb 22 10:28:24 :: PC Killer bit set on Nuitari for initiating attack on Ulryn at Solamnia's Highway.
Feb 22 18:29:36 :: PC Killer bit set on Nuitari for initiating attack on Xiana at Behind The Bar.
Feb 24 13:18:03 :: PC Killer bit set on Kasch for initiating attack on Kerenda at A Warehouse.
Feb 24 15:47:46 :: PC Killer bit set on Rialana for initiating attack on Gabriel at Within a Dream.
Feb 24 19:26:58 :: PC Killer bit set on Claystone for initiating attack on Andros at Caergoth Lane.
Feb 26 14:56:45 :: PC Killer bit set on Ocelath for initiating attack on Sadomanes at Seraco Crossing.
Feb 27 02:52:03 :: PC Killer bit set on Sollas for initiating attack on Gabriel at An Underground Maze.
Feb 27 19:43:41 :: PC Killer bit set on Lysia for initiating attack on Josiah at A Narrow Tunnel.
Feb 27 22:20:55 :: PC Killer bit set on Tobin for initiating attack on TJaryon at A Wide Corridor.
Feb 28 12:59:10 :: PC Killer bit set on Shalisa for initiating attack on Telamon at Seraco Crossing.
Mar  2 19:32:39 :: PC Killer bit set on TJaryon for initiating attack on Tobin at The Officers' Barracks.
Mar  2 22:08:05 :: PC Killer bit set on Nikcole for initiating attack on Alviard at A Smoke-Shrouded Path.
Mar  3 07:58:25 :: PC Killer bit set on Solan for initiating attack on Xiana at Among the Trees.
Mar  3 16:33:09 :: PC Killer bit set on Telamon for initiating attack on Christopher at Hall of Servants.
Mar  3 22:32:54 :: PC Killer bit set on Christopher for initiating attack on Kiva at A Hallway.
Mar  4 20:44:40 :: PC Killer bit set on Felicia for initiating attack on Ocelath at Mayor's Office.
Mar  5 09:56:07 :: PC Killer bit set on Solan for initiating attack on Xiana at The Portcullis of Thelgaard Keep.
Mar  5 12:47:31 :: PC Killer bit set on Ocelath for initiating attack on Alexis at Within a Dream.
Mar  5 13:34:56 :: PC Killer bit set on Ocelath for initiating attack on Alexis at An Underground Maze.
Mar  5 23:59:48 :: PC Killer bit set on Lysia for initiating attack on TJaryon at A Cramped Staircase.
Mar  7 21:43:39 :: PC Killer bit set on Valintharin for initiating attack on Kerenda at Western Aisle.
Mar  8 13:41:45 :: PC Killer bit set on Siren for initiating attack on Telamon at In The Water.
Mar  8 13:52:27 :: PC Killer bit set on Solinari for initiating attack on Felorr at In The Water.
Mar  8 21:38:40 :: PC Killer bit set on Nalkan for initiating attack on Kurac at The Docks of Karthay.
Mar  9 06:12:39 :: PC Killer bit set on Solan for initiating attack on Chloe at Seraco Crossing.
Mar  9 16:45:22 :: PC Killer bit set on Solan for initiating attack on Russel at A Wide Dirt Track.
Mar 10 16:15:56 :: PC Killer bit set on Arai for initiating attack on Arteeka at Dense Thicket of Trees.
Mar 11 10:41:26 :: PC Killer bit set on Nuitari for initiating attack on Alexis at Seraco Crossing.
Mar 12 08:51:27 :: PC Killer bit set on Solan for initiating attack on Xiana at The Wing of Paladine.
Mar 12 12:12:29 :: PC Killer bit set on Lysia for initiating attack on Arteeka at Solamnia's Highway.
Mar 12 14:53:57 :: PC Killer bit set on Arteeka for initiating attack on Solan at Silvanesti Forest.
Mar 13 17:06:59 :: PC Killer bit set on Nikcole for initiating attack on Telamon at Shores Highway.
Mar 13 17:07:04 :: PC Killer bit set on Alviard for initiating attack on Telamon at Shores Highway.
Mar 14 13:49:20 :: PC Killer bit set on Nuitari for initiating attack on Chemosh at Mortal's Main Board.
Mar 15 11:03:03 :: PC Killer bit set on Chemosh for initiating attack on Habbakuk at Mortal OOC Board.
Mar 15 11:04:00 :: PC Killer bit set on Chislev for initiating attack on Habbakuk at Mortal OOC Board.
Mar 16 15:39:56 :: PC Killer bit set on Felicia for initiating attack on Alexis at A Winding Corridor.
Mar 17 06:09:13 :: PC Killer bit set on Solan for initiating attack on Xiana at An Elegant Study.
Mar 17 15:00:33 :: PC Killer bit set on Chislev for initiating attack on Habbakuk at Sanctuary of the Gods.
Mar 17 17:33:32 :: PC Killer bit set on Habbakuk for initiating attack on Sirrion at Before the Bronze Throne.
Mar 19 06:02:12 :: PC Killer bit set on Liska for initiating attack on Khaira at Temple Entrance.
Mar 19 11:43:55 :: PC Killer bit set on Alexis for initiating attack on Liska at Seraco Crossing.
Mar 22 23:48:29 :: PC Killer bit set on Josiah for initiating attack on Shada at Behind The Bar.
Mar 23 09:37:08 :: PC Killer bit set on Solan for initiating attack on Xiana at Stargazer Highway.
Mar 23 12:09:00 :: PC Killer bit set on Rialana for initiating attack on Shada at Before A Twining Flame.
Mar 26 15:13:57 :: PC Killer bit set on Alexis for initiating attack on Threndryk at Guild of the Warrior.
Mar 26 17:53:48 :: PC Killer bit set on Sollas for initiating attack on Savina at A Gathering Room in the Seasick Kraken Inn.
Mar 27 06:38:13 :: PC Killer bit set on Solan for initiating attack on Liska at Along the Lake.
Mar 29 15:17:22 :: PC Killer bit set on Valintharin for initiating attack on Dether at Southern Aisle.
Mar 30 17:03:32 :: PC Killer bit set on Felicia for initiating attack on Bryce at Within a Dream.
Mar 30 20:05:26 :: PC Killer bit set on Alviard for initiating attack on Felicia at Behind The Bar.
Mar 30 22:29:34 :: PC Killer bit set on Telamon for initiating attack on Ulryn at Shores Highway.
Mar 31 02:23:31 :: PC Killer bit set on Bryce for initiating attack on Felicia at Within a Dream.
Mar 31 14:53:29 :: PC Killer bit set on Raeli for initiating attack on Felicia at Between the Two Pillars.
Mar 31 18:58:31 :: PC Killer bit set on Bryce for initiating attack on Felicia at Hall of Servants.
Mar 31 19:09:43 :: PC Killer bit set on Sollas for initiating attack on Alexis at A Smoke-Shrouded Path.
Apr  1 06:09:35 :: PC Killer bit set on Felicia for initiating attack on Bryce at Surrounded by Fields of Grain.
Apr  2 03:57:51 :: PC Killer bit set on Rialana for initiating attack on Bryce at Within a Dream.
Apr  2 16:02:14 :: PC Killer bit set on Shada for initiating attack on Vincent at The Main Altar.
Apr  2 16:04:28 :: PC Killer bit set on Raeli for initiating attack on Solan at The Main Altar.
Apr  3 15:36:24 :: PC Killer bit set on Dominoth for initiating attack on Gnimish at Center of the Cave.
Apr  3 15:52:43 :: PC Killer bit set on Dominoth for initiating attack on Gnimish at Between the Two Pillars.
Apr  3 16:25:17 :: PC Killer bit set on Solan for initiating attack on Raeli at Through a Narrow, Triple Arch.
Apr  3 20:01:03 :: PC Killer bit set on Felicia for initiating attack on Bryce at A Grove of Ancient Trees.
Apr  3 22:38:19 :: PC Killer bit set on Felicia for initiating attack on Bryce at A Grove of Ancient Trees.
Apr  5 00:16:17 :: PC Killer bit set on Felicia for initiating attack on Bryce at A Grove of Ancient Trees.
Apr  5 02:46:07 :: PC Killer bit set on Felicia for initiating attack on Sollas at A Grove of Ancient Trees.
Apr  5 12:32:15 :: PC Killer bit set on Nuitari for initiating attack on Chislev at Nuitari's Laboratory.
Apr  5 14:12:45 :: PC Killer bit set on Nuitari for initiating attack on Chemosh at A Room of Swirling Shadow.
Apr  5 14:13:21 :: PC Killer bit set on Chemosh for initiating attack on Nuitari at Mortal Crime Board.
Apr  6 08:59:04 :: PC Killer bit set on Chemosh for initiating attack on Nuitari at Nuitari's Laboratory.
Apr  6 08:59:12 :: PC Killer bit set on Chemosh for initiating attack on Nuitari at Mortal's Main Board.
Apr  7 10:25:04 :: PC Killer bit set on Solan for initiating attack on Xiana at Inside the Small Wooden Pallisade.
Apr  9 00:12:38 :: PC Killer bit set on Thelryn for initiating attack on Taalyn at Seraco Crossing.
Apr  9 00:17:49 :: PC Killer bit set on Vincent for initiating attack on Taalyn at Seraco Crossing.
Apr 10 11:04:38 :: PC Killer bit set on Solan for initiating attack on Kiva at A Small Plaza.
Apr 10 11:46:14 :: PC Killer bit set on Savina for initiating attack on Tora at The Docks of Karthay.
Apr 10 12:48:15 :: PC Killer bit set on Solan for initiating attack on Kiva at The Western Gate.
Apr 10 14:04:03 :: PC Killer bit set on Raeli for initiating attack on Vincent at Seraco Crossing.
Apr 10 20:58:33 :: PC Killer bit set on Raeli for initiating attack on Xerz at Midland Highway.
Apr 14 22:37:55 :: PC Killer bit set on Shada for initiating attack on Xitar at A Dining Room.
Apr 15 21:37:00 :: PC Killer bit set on Felicia for initiating attack on Sollas at Mandrake Square.
Apr 16 23:21:23 :: PC Killer bit set on Bryce for initiating attack on Vincent at At the Desk of the Seasick Kraken.
Apr 18 16:46:13 :: PC Killer bit set on Felicia for initiating attack on Raeli at Before an Avatar's Image.
Apr 20 21:28:56 :: PC Killer bit set on Bryce for initiating attack on Vincent at Seraco Crossing.
Apr 22 12:40:47 :: PC Killer bit set on Vincent for initiating attack on Kiaravalkana at Seraco Crossing.
Apr 22 16:21:22 :: PC Killer bit set on Vincent for initiating attack on Vryce at At the Desk of the Seasick Kraken.
Apr 23 23:19:02 :: PC Killer bit set on Aidian for initiating attack on Khaira at A Widening Crevasse.
Apr 24 13:58:20 :: PC Killer bit set on Vryce for initiating attack on Thelryn at A Priest's Office.
Apr 24 18:41:22 :: PC Killer bit set on Raeli for initiating attack on Vincent at Before The Gilded Altar Of Hiddukel.
Apr 24 18:54:00 :: PC Killer bit set on Kiaravalkana for initiating attack on Vincent at Amongst The Pews In The Temple Of Hiddukel.
Apr 25 15:25:22 :: PC Killer bit set on Shada for initiating attack on Vincent at Richwater Street.
Apr 26 00:40:14 :: PC Killer bit set on Robert for initiating attack on Schenze at The Home of Liralee, the Prefect of Mishakal.
Apr 26 19:14:42 :: PC Killer bit set on Sirrion for initiating attack on Nuitari at Nuitari's Laboratory.
Apr 26 19:32:08 :: PC Killer bit set on Nuitari for initiating attack on Sirrion at Before the Bronze Throne.
Apr 30 20:11:27 :: PC Killer bit set on Shada for initiating attack on Kiva at The Ellinad Forest.
May 24 10:10:38 :: PC Killer bit set on Lekithiria for initiating attack on Aidian at Walkway Leading into the Temple.
May 28 22:23:58 :: PC Killer bit set on Orlien for initiating attack on Kei at A Private Booth in the Seasick Kraken.
Jun 10 00:36:59 :: PC Killer bit set on Raeli for initiating attack on Liska at Headmaster Mercullius's Private Study.
Jun 13 00:51:30 :: PC Killer bit set on Habbakuk for initiating attack on Spring at Steps Leading up to the Temple of Mishakal.
Jun 27 22:34:24 :: PC Killer bit set on Arteeka for initiating attack on Robert at The Beach.
Jul  9 03:42:08 :: PC Killer bit set on Habbakuk for initiating attack on Lunitari at An Ore Mine.
Jul 12 20:31:31 :: PC Killer bit set on Shada for initiating attack on Kendrall at Merchant's Highway.
Jul 15 22:21:59 :: PC Killer bit set on Tandara for initiating attack on Mystie at Seraco Way.
Jul 15 22:30:03 :: PC Killer bit set on Raeli for initiating attack on Mystie at Seraco Crossing.
Sep 28 16:43:20 :: PC Killer bit set on Ankbri for initiating attack on Alexis at Sandstone Lane.
Sep 28 17:31:02 :: PC Killer bit set on Nuitari for initiating attack on Tonic at Nuitari's Laboratory.
Sep 29 01:38:28 :: PC Killer bit set on Ankbri for initiating attack on Nuitari at Nuitari's Laboratory.
Oct  3 19:42:58 :: PC Killer bit set on Tonic for initiating attack on Ankbri at Sanctuary of the Gods.
Oct  3 19:45:45 :: PC Killer bit set on Chemosh for initiating attack on Ankbri at Sanctuary of the Gods.
Oct  5 19:10:54 :: PC Killer bit set on Chemosh for initiating attack on Branchala at The Enchanted Glade.
Oct  5 23:32:59 :: PC Killer bit set on Branchala for initiating attack on Peroso at A Low Stone Wall.
Oct  7 17:36:51 :: PC Killer bit set on Quinn for initiating attack on Finivan at Curve in the Denberra River.
Oct  8 22:52:01 :: PC Killer bit set on Yaroshel for initiating attack on Peroso at Inside the Western Wall.
Oct  9 12:28:10 :: PC Killer bit set on Tiathnes for initiating attack on Bryce at Shores Road.
Oct 11 01:18:39 :: PC Killer bit set on Prithu-sa for initiating attack on Tyrin at The Dining Hall.
Oct 17 20:56:51 :: PC Killer bit set on Zeboim for initiating attack on Nuitari at Nuitari's Laboratory.
Oct 18 22:11:45 :: PC Killer bit set on Yaroshel for initiating attack on Irvette at Seraco Crossing.
Oct 20 14:10:21 :: PC Killer bit set on Branchala for initiating attack on Sargonnas at Sanctuary of the Gods.
Oct 25 20:09:51 :: PC Killer bit set on Nephrim for initiating attack on Quinn at Beyond the Veil.
Oct 25 21:37:22 :: PC Killer bit set on Branchala for initiating attack on Nuitari at Nuitari's Laboratory.
Oct 30 16:21:12 :: PC Killer bit set on Branchala for initiating attack on Rhade at Southern Aisle.
Oct 30 16:39:11 :: PC Killer bit set on Zeboim for initiating attack on Rhade at Southern Aisle.
Nov  2 00:09:34 :: PC Killer bit set on Telamon for initiating attack on Quinn at Behind The Bar.
Nov  2 02:13:05 :: PC Killer bit set on Zeboim for initiating attack on Branchala at Kalaman Gaol, Governors' Office.
Nov  3 13:34:42 :: PC Killer bit set on Telamon for initiating attack on Grevan at The Kalaman Stables.
Nov  4 22:32:50 :: PC Killer bit set on Zeboim for initiating attack on Schenze at The Central Square of Thelgaard Keep.
Nov  6 18:54:13 :: PC Killer bit set on Tiel for initiating attack on Teirnan at The Bloody Fist.
Nov  7 19:17:59 :: PC Killer bit set on Zeboim for initiating attack on Sirrion at Before the Bronze Throne.
Nov  8 02:00:48 :: PC Killer bit set on Branchala for initiating attack on Nuitari at Nuitari's Laboratory.
Nov 14 00:33:11 :: PC Killer bit set on Yaroshel for initiating attack on Peroso at Chapel of Habbakuk.
Nov 15 00:09:55 :: PC Killer bit set on Sirrion for initiating attack on Chemosh at A Room of Swirling Shadow.
Nov 15 21:41:57 :: PC Killer bit set on Chemosh for initiating attack on Branchala at Behind The Bar.
Nov 15 21:47:03 :: PC Killer bit set on Chemosh for initiating attack on Branchala at Behind The Bar.
Nov 17 12:38:38 :: PC Killer bit set on Nuitari for initiating attack on Habbakuk at Nuitari's Laboratory.
Nov 18 03:28:26 :: PC Killer bit set on Nuitari for initiating attack on Jaeshara at A Room Filled with Wondrous Items from Near and Far.
Nov 20 20:58:31 :: PC Killer bit set on Tilu for initiating attack on Peroso at Among the Pews.
Nov 20 22:34:02 :: PC Killer bit set on Chemosh for initiating attack on Jaeshara at The Dripping Dagger Inn.
Nov 22 04:58:45 :: PC Killer bit set on Levaneaut for initiating attack on Jaeshara at Entrance to the East Wing.
Nov 27 19:35:50 :: PC Killer bit set on Nuitari for initiating attack on Gorgemas at A Private Room in the Bar.
Nov 28 22:13:49 :: PC Killer bit set on Chemosh for initiating attack on Solinari at A Room of Swirling Shadow.
Nov 30 16:10:48 :: PC Killer bit set on Nuitari for initiating attack on Chemosh at A Room of Swirling Shadow.
Dec  1 02:28:03 :: PC Killer bit set on Zeboim for initiating attack on Grevan at Huma Lane.
Dec  3 23:49:51 :: PC Killer bit set on Jaeshara for initiating attack on Rashkan at A Winding Corridor.
Dec  5 00:49:36 :: PC Killer bit set on Bryce for initiating attack on Telamon at Karthay's Provisions.
Dec  5 01:00:32 :: PC Killer bit set on Sollas for initiating attack on Telamon at Seraco Crossing.
Dec  6 11:18:45 :: PC Killer bit set on Nuitari for initiating attack on Lyndon at Kalaman General Store.
Dec  6 11:21:44 :: PC Killer bit set on Nuitari for initiating attack on Skyloristiel at Kalaman General Store.
Dec  6 19:16:13 :: PC Killer bit set on Zeboim for initiating attack on Sirrion at Before the Bronze Throne.
Dec  7 03:28:12 :: PC Killer bit set on Paladine for initiating attack on Rashkan at At the Desk of the Seasick Kraken.
Dec  7 03:53:54 :: PC Killer bit set on Gorgemas for initiating attack on Lomax at Seraco Crossing.
Dec  8 22:51:25 :: PC Killer bit set on Jaeshara for initiating attack on Gorgemas at The Edge of the Clearing.
Dec  9 17:09:44 :: PC Killer bit set on Chemosh for initiating attack on Branchala at The Enchanted Glade.
Dec 10 03:52:02 :: PC Killer bit set on Majere for initiating attack on Branchala at Sanctuary of the Gods.
Dec 11 03:09:27 :: PC Killer bit set on Sparrowbrook for initiating attack on Duran at Temple Entrance.
Dec 11 03:09:27 :: PC Killer bit set on Gen for initiating attack on Duran at Temple Entrance.
Dec 29 21:10:20 :: PC Killer bit set on Dromith for initiating attack on Ghorum at The Eastern Wall of the Cave.
Jan  2 14:35:04 :: PC Killer bit set on Chemosh for initiating attack on Quinn at Seraco Way.
Jan  2 23:33:35 :: PC Killer bit set on Chemosh for initiating attack on Branchala at The Enchanted Glade.
Jan  7 04:47:36 :: PC Killer bit set on Branchala for initiating attack on Alaris at Before The Gilded Altar Of Hiddukel.
Jan 10 02:08:57 :: PC Killer bit set on Zeboim for initiating attack on Alaris at Shahara's Treasury.
Jan 11 01:08:25 :: PC Killer bit set on Alaris for initiating attack on Zaviel at Northwestern Corner Of The Barracks.
Jan 12 20:40:08 :: PC Killer bit set on Arnett for initiating attack on Tanyia at Behind The Bar.
Jan 14 02:13:36 :: PC Killer bit set on Paladine for initiating attack on Branchala at The Enchanted Glade.
Jan 16 19:15:43 :: PC Killer bit set on Chemosh for initiating attack on Quinn at Shahara's Treasury.
Jan 17 04:28:29 :: PC Killer bit set on Zaviel for initiating attack on Gen at Shahara's Treasury.
Jan 18 03:40:00 :: PC Killer bit set on Xelsey for initiating attack on Gen at Within a Dream.
Jan 18 15:57:58 :: PC Killer bit set on Sedrose for initiating attack on Xelsey at A Natural Cavern.
Jan 18 20:14:59 :: PC Killer bit set on Gen for initiating attack on Zaviel at A Natural Cavern.
Jan 19 04:20:03 :: PC Killer bit set on Yaroshel for initiating attack on Tilu at Temple Gatehouse.
Jan 21 19:10:27 :: PC Killer bit set on Sarandel for initiating attack on Sunlock at The Private Suite.
Jan 21 20:28:00 :: PC Killer bit set on Sunlock for initiating attack on Gen at Southern Aisle.
Jan 21 20:48:38 :: PC Killer bit set on Gen for initiating attack on Sunlock at Temple Entrance.
Jan 22 16:12:01 :: PC Killer bit set on Chemosh for initiating attack on Branchala at The Enchanted Glade.
Jan 22 16:45:39 :: PC Killer bit set on Chemosh for initiating attack on Paladine at A Magnificent Hall.
Jan 23 20:36:05 :: PC Killer bit set on Chemosh for initiating attack on Branchala at The Enchanted Glade.
Jan 24 08:03:44 :: PC Killer bit set on Zeboim for initiating attack on Branchala at Deep Below the Ocean's Surface.
Jan 24 20:13:47 :: PC Killer bit set on Chemosh for initiating attack on Yaroshel at A Grove of Ancient Trees.
Jan 25 16:35:50 :: PC Killer bit set on Alaris for initiating attack on Branchala at A Winding Corridor.
Jan 27 01:11:16 :: PC Killer bit set on Majere for initiating attack on Paladine at The Enchanted Glade.
Jan 27 01:13:35 :: PC Killer bit set on Zeboim for initiating attack on Branchala at The Enchanted Glade.
Jan 27 01:29:15 :: PC Killer bit set on Paladine for initiating attack on Branchala at The Enchanted Glade.
Jan 27 23:41:13 :: PC Killer bit set on Chemosh for initiating attack on Mishakal at Misha's Workroom.
Jan 28 22:31:45 :: PC Killer bit set on Branchala for initiating attack on Chemosh at A Room of Swirling Shadow.
Jan 31 00:02:03 :: PC Killer bit set on Chemosh for initiating attack on Paladine at A Magnificent Hall.
Jan 31 20:07:27 :: PC Killer bit set on Chemosh for initiating attack on Tanyia at Merchant's Highway.
Jan 31 23:26:08 :: PC Killer bit set on Chemosh for initiating attack on Paladine at A Magnificent Hall.
Feb  1 20:20:51 :: PC Killer bit set on Quinn for initiating attack on Yaroshel at Within a Nightmare.
Feb  1 20:37:38 :: PC Killer bit set on Quinn for initiating attack on Yaroshel at An Underground Maze.
Feb  1 21:37:51 :: PC Killer bit set on Yaroshel for initiating attack on Quinn at A Pool of Standing Water.
Feb  1 23:05:08 :: PC Killer bit set on Majere for initiating attack on Chemosh at A Room of Swirling Shadow.
Feb  3 01:37:04 :: PC Killer bit set on Chislev for initiating attack on Nuitari at Nuitari's Laboratory.
Feb  3 02:32:21 :: PC Killer bit set on Gilean for initiating attack on Chislev at Nuitari's Laboratory.
Feb  6 01:27:46 :: PC Killer bit set on Branchala for initiating attack on Zeboim at The Enchanted Glade.
Feb  8 00:01:16 :: PC Killer bit set on Azareth for initiating attack on Rory at Behind The Bar.
Feb 13 07:29:06 :: PC Killer bit set on Bahal for initiating attack on Dominic at The Dining Hall.
Feb 13 07:57:02 :: PC Killer bit set on Dominic for initiating attack on Bahal at Northeastern Corner Of The Barracks.
Feb 15 19:53:33 :: PC Killer bit set on Quinn for initiating attack on Morgan at A Brightly-lit, Sparring Room.
Feb 18 22:25:23 :: PC Killer bit set on Aluriel for initiating attack on Yaroshel at Within a Dark Crypt.
Mar  1 13:39:50 :: PC Killer bit set on Chemosh for initiating attack on Branchala at The Enchanted Glade.
Mar  1 23:13:54 :: PC Killer bit set on Chemosh for initiating attack on Branchala at The Enchanted Glade.
Mar  3 21:24:57 :: PC Killer bit set on Prantor for initiating attack on Skubrior at Hall of Ancestors.
Mar  5 02:32:03 :: PC Killer bit set on Teren-xu for initiating attack on Morgan at Seraco Crossing.
Mar  7 15:00:16 :: PC Killer bit set on Chemosh for initiating attack on Donovan at The Docks of Karthay.
Mar  9 15:03:26 :: PC Killer bit set on Chemosh for initiating attack on Paladine at A Magnificent Hall.
Mar  9 15:48:05 :: PC Killer bit set on Chemosh for initiating attack on Teren-xu at The Dining Hall.
Mar  9 16:02:03 :: PC Killer bit set on Zeboim for initiating attack on Chemosh at A Room of Swirling Shadow.
Mar 12 23:16:04 :: PC Killer bit set on Michael for initiating attack on Raymon at Quaker Ridge Academy Training and Studying Area.
Mar 13 22:37:06 :: PC Killer bit set on Zaviel for initiating attack on Teren-xu at Seraco Crossing.
Mar 14 23:52:35 :: PC Killer bit set on Zeboim for initiating attack on Chemosh at The Statue of a Warrior Clad in Dark Armor.
Mar 15 00:05:59 :: PC Killer bit set on Chemosh for initiating attack on Zeboim at Deep Below the Ocean's Surface.
Mar 15 22:42:59 :: PC Killer bit set on Malacor for initiating attack on Dominic at Among the Pews.
Mar 20 23:57:56 :: PC Killer bit set on Chemosh for initiating attack on Zeboim at Deep Below the Ocean's Surface.
Mar 20 23:59:45 :: PC Killer bit set on Solinari for initiating attack on Chemosh at A Room of Swirling Shadow.
Mar 21 00:00:50 :: PC Killer bit set on Chemosh for initiating attack on Zeboim at Deep Below the Ocean's Surface.
Mar 21 00:44:10 :: PC Killer bit set on Solinari for initiating attack on Chemosh at A Room of Swirling Shadow.
Mar 22 22:12:38 :: PC Killer bit set on Oshiana for initiating attack on Teren-xu at Between the Eastern Wall and a Large Pillar.
Mar 30 17:33:57 :: PC Killer bit set on Chemosh for initiating attack on Zeboim at Deep Below the Ocean's Surface.
Apr  5 00:25:06 :: PC Killer bit set on Morgan for initiating attack on Audi at The Beach.
Apr  5 20:15:58 :: PC Killer bit set on Paladine for initiating attack on Schenze at The Gates of Vingaard Keep.
Apr  8 00:02:48 :: PC Killer bit set on Chemosh for initiating attack on Branchala at A Room of Swirling Shadow.
Apr 11 00:32:43 :: PC Killer bit set on Spring for initiating attack on Azareth at The Fisher King.
Apr 11 15:30:24 :: PC Killer bit set on Zeboim for initiating attack on Chemosh at A Room of Swirling Shadow.
Apr 12 22:02:03 :: PC Killer bit set on Chislev for initiating attack on Chemosh at A Room of Swirling Shadow.
Apr 12 22:02:37 :: PC Killer bit set on Chislev for initiating attack on Chemosh at A Room of Swirling Shadow.
Apr 12 22:03:17 :: PC Killer bit set on Chislev for initiating attack on Chemosh at A Room of Swirling Shadow.
Apr 12 22:18:48 :: PC Killer bit set on Chislev for initiating attack on Chemosh at A Room of Swirling Shadow.
Apr 14 22:46:25 :: PC Killer bit set on Chislev for initiating attack on Arnia at Sanctuary of the Gods.
Apr 15 10:23:55 :: PC Killer bit set on Karnial for initiating attack on Saranis at Seawatch Avenue.
Apr 16 16:20:44 :: PC Killer bit set on Saranis for initiating attack on Karnial at Quaker Ridge Academy Gardens.
Apr 16 20:16:21 :: PC Killer bit set on Saranis for initiating attack on Karnial at Northwest Corner of Turbidus Square.
Apr 17 21:00:43 :: PC Killer bit set on Karnial for initiating attack on Saranis at Second Level of the Temple.
Apr 18 12:57:33 :: PC Killer bit set on Chislev for initiating attack on Chemosh at A Room of Swirling Shadow.
Apr 22 06:23:29 :: PC Killer bit set on Audi for initiating attack on Riryan at Inside the Basement.
May  9 18:15:01 :: PC Killer bit set on Karnial for initiating attack on Korova at Sea Lane.
May 10 19:10:33 :: PC Killer bit set on Chemosh for initiating attack on Arnia at Sanctuary of the Gods.
May 15 17:17:24 :: PC Killer bit set on Karnial for initiating attack on Korova at Guild of the Warrior.
May 27 23:10:18 :: PC Killer bit set on Karnial for initiating attack on Korova at A Row of Pews.
May 27 23:45:21 :: PC Killer bit set on Karnial for initiating attack on Korova at Intersection of Honor Way and Bleeding Sword Lane.
May 29 11:24:21 :: PC Killer bit set on Karnial for initiating attack on Korova at The Secondary Hallway In The Bandit Hideout.
Jun  1 17:50:48 :: PC Killer bit set on Chemosh for initiating attack on Nevaeh at A Tool Shed.
Jun  3 19:54:59 :: PC Killer bit set on Karnial for initiating attack on Korova at Deep in the Forest.
Jun  7 00:21:20 :: PC Killer bit set on Myx for initiating attack on Morgan at A Wide, Indoor Sparring Ring.
Jun  7 16:28:50 :: PC Killer bit set on Chemosh for initiating attack on Shinare at Sanctuary of the Gods.
Jun  7 16:32:00 :: PC Killer bit set on Chemosh for initiating attack on Myx at The Private Suite.
Jun  7 23:37:50 :: PC Killer bit set on Shuyin for initiating attack on Mishakal at Misha's Workroom.
Jun  8 16:45:25 :: PC Killer bit set on Chemosh for initiating attack on Myx at Center of Turbidus Square.
Jun  8 18:40:19 :: PC Killer bit set on Chemosh for initiating attack on Shinare at Sanctuary of the Gods.
Jun  8 21:42:02 :: PC Killer bit set on Graylan for initiating attack on Denisen at A Cavernous Hallway inside the Temple.
Jun 12 01:42:46 :: PC Killer bit set on Graylan for initiating attack on Denisen at The Altar.
Jun 12 01:42:48 :: PC Killer bit set on Myx for initiating attack on Denisen at The Altar.
Jun 15 15:51:17 :: PC Killer bit set on Myx for initiating attack on Nevaeh at A Private Chamber.
Jun 18 04:40:14 :: PC Killer bit set on Morgan for initiating attack on Myx at A Wide, Indoor Sparring Ring.
Jun 21 00:00:35 :: PC Killer bit set on Morgan for initiating attack on Jonella at A Wide, Indoor Sparring Ring.
Jun 21 00:07:14 :: PC Killer bit set on Azareth for initiating attack on Jonella at A Wide, Indoor Sparring Ring.
Jun 21 22:15:39 :: PC Killer bit set on Azareth for initiating attack on Myx at Behind The Bar.
Jun 21 23:59:25 :: PC Killer bit set on Zwi for initiating attack on Azumi at Behind The Bar.
Jun 27 18:30:15 :: PC Killer bit set on Karnial for initiating attack on Korova at Wayward Highway.
Jun 28 23:34:24 :: PC Killer bit set on Chemosh for initiating attack on Zeboim at Deep Below the Ocean's Surface.
Jun 28 23:37:25 :: PC Killer bit set on Chemosh for initiating attack on Shinare at Sanctuary of the Gods.
Jun 28 23:37:51 :: PC Killer bit set on Chemosh for initiating attack on Zeboim at Deep Below the Ocean's Surface.
Jul  1 16:28:19 :: PC Killer bit set on Sebastian for initiating attack on Denisen at Walkway Leading into the Temple .
Jul  1 18:17:59 :: PC Killer bit set on Zeboim for initiating attack on Renald at Garnet Street.
Jul  1 20:30:00 :: PC Killer bit set on Renald for initiating attack on Scythlor at A Large Foyer.
Jul  1 23:46:12 :: PC Killer bit set on Renald for initiating attack on Scythlor at A Twisting Corridor.
Jul  2 18:55:23 :: PC Killer bit set on Karnial for initiating attack on Skubrior at Blue Diamond Highway.
Jul  2 18:55:23 :: PC Killer bit set on Korova for initiating attack on Skubrior at Blue Diamond Highway.
Jul  3 13:11:32 :: PC Killer bit set on Chemosh for initiating attack on Zeboim at Deep Below the Ocean's Surface.
Jul  8 11:23:29 :: PC Killer bit set on Karnial for initiating attack on Korova at Wayward Highway.
Jul  8 23:19:44 :: PC Killer bit set on Kirana for initiating attack on Draevaan at Near the Pond.
Jul 10 02:55:30 :: PC Killer bit set on Akriam for initiating attack on Dominic at The Southern Wall of the Cave.
Jul 10 03:20:49 :: PC Killer bit set on Lunitari for initiating attack on Akriam at At the Desk of the Seasick Kraken.
Jul 10 16:12:25 :: PC Killer bit set on Lunitari for initiating attack on Chemosh at A Room of Swirling Shadow.
Jul 10 16:12:50 :: PC Killer bit set on Chemosh for initiating attack on Lunitari at Sanctuary of the Gods.
Jul 10 23:19:10 :: PC Killer bit set on Chemosh for initiating attack on Mishakal at Misha's Workroom.
Jul 11 16:20:49 :: PC Killer bit set on Chemosh for initiating attack on Renald at The Base of the Stairs.
Jul 12 00:05:51 :: PC Killer bit set on Chemosh for initiating attack on Mishakal at Misha's Workroom.
Jul 14 23:45:44 :: PC Killer bit set on Milo for initiating attack on Drakim at Surrounding the Pond.
Jul 14 23:45:45 :: PC Killer bit set on Kirana for initiating attack on Drakim at Surrounding the Pond.
Jul 16 23:03:44 :: PC Killer bit set on Felos for initiating attack on Morgan at A Wide, Indoor Sparring Ring.
Jul 17 05:05:03 :: PC Killer bit set on Kassilis for initiating attack on Auberon at The Dining Hall.
Jul 17 06:08:24 :: PC Killer bit set on Valin for initiating attack on Auberon at The Altar.
Jul 17 20:22:01 :: PC Killer bit set on Valin for initiating attack on Kirana at Temple Entrance.
Jul 18 23:02:43 :: PC Killer bit set on Valin for initiating attack on Ursala at Behind The Bar.
Jul 19 01:33:21 :: PC Killer bit set on Glendarf for initiating attack on Felos at The Altar of Paladine.
Jul 19 01:33:23 :: PC Killer bit set on Auberon for initiating attack on Felos at The Altar of Paladine.
Jul 19 01:33:24 :: PC Killer bit set on Kirana for initiating attack on Felos at The Altar of Paladine.
Jul 19 01:33:24 :: PC Killer bit set on Valin for initiating attack on Felos at The Altar of Paladine.
Jul 19 01:33:26 :: PC Killer bit set on Ursala for initiating attack on Felos at The Altar of Paladine.
Jul 20 22:17:04 :: PC Killer bit set on Renald for initiating attack on Auberon at Chamber of the Phoenix.
Jul 20 22:47:04 :: PC Killer bit set on Scythlor for initiating attack on Renald at Chamber of the Phoenix.
Jul 20 22:47:10 :: PC Killer bit set on Renald for initiating attack on Auberon at Chamber of the Phoenix.
Jul 21 02:03:46 :: PC Killer bit set on Scythlor for initiating attack on Renald at Atop a Crumbling Stone Tower.
Jul 22 02:18:15 :: PC Killer bit set on Renald for initiating attack on Auberon at Plains Highway.
Jul 23 00:29:05 :: PC Killer bit set on Kassilis for initiating attack on Quinn at Merchant's Highway.
Jul 23 23:15:00 :: PC Killer bit set on Felos for initiating attack on Morgan at A Wide, Indoor Sparring Ring.
Jul 27 12:29:42 :: PC Killer bit set on Kassilis for initiating attack on Caide at Walkway Leading into the Temple.
Jul 27 13:04:03 :: PC Killer bit set on Kassilis for initiating attack on Chamberlain at The Center Aisle.
Jul 30 00:43:34 :: PC Killer bit set on Caide for initiating attack on Kazu at The Private Suite.
Jul 30 04:07:25 :: PC Killer bit set on Caide for initiating attack on Valin at Among the Pews.
Aug  2 22:29:20 :: PC Killer bit set on Glendarf for initiating attack on Kirana at The Wing of Kiri-Jolith.
Aug  4 02:53:45 :: PC Killer bit set on Felos for initiating attack on Kassilis at The Screaming Wench Tavern.
Aug  8 04:17:33 :: PC Killer bit set on Valin for initiating attack on Zwi at Southern Aisle.
Aug 11 19:18:39 :: PC Killer bit set on Valin for initiating attack on Riryan at Temple Entrance.
Aug 12 12:52:33 :: PC Killer bit set on Valin for initiating attack on Mith at Southern Aisle.
Aug 13 19:40:37 :: PC Killer bit set on Truitt for initiating attack on Korova at Atop a Stone Shelf.
Aug 13 21:04:51 :: PC Killer bit set on Karnial for initiating attack on Korova at The Taproom of the Thief's Respite.
Aug 19 10:16:13 :: PC Killer bit set on Karnial for initiating attack on Korova at Entrance to the Carriage House.
Aug 20 11:57:25 :: PC Killer bit set on Valin for initiating attack on Truitt at Plains Highway.
Aug 29 02:08:13 :: PC Killer bit set on Valin for initiating attack on Aerivan at Among the Pews.
Sep  5 22:12:26 :: PC Killer bit set on Valin for initiating attack on Kirana at Quaker Ridge Trail.
Sep 14 01:11:12 :: PC Killer bit set on Kassilis for initiating attack on Quinn at Behind The Bar.
Sep 16 21:19:54 :: PC Killer bit set on Daethias for initiating attack on Arlon at Western Aisle.
Sep 22 00:35:06 :: PC Killer bit set on Arlon for initiating attack on Valin at Black Forest.
Sep 22 00:35:07 :: PC Killer bit set on Valin for initiating attack on Amanda at Black Forest.
Sep 22 00:50:59 :: PC Killer bit set on Valin for initiating attack on Amanda at Black Forest.
Sep 29 23:57:57 :: PC Killer bit set on Valin for initiating attack on Lenah at First Federal Bank of Northern Solamnia.
Oct 12 20:03:44 :: PC Killer bit set on Barathol for initiating attack on Jhoval at Amongst The Pews In The Temple Of Hiddukel.
Oct 23 23:23:13 :: PC Killer bit set on Lunitari for initiating attack on Chemosh at A Room of Swirling Shadow.
Oct 27 13:18:24 :: PC Killer bit set on Lunitari for initiating attack on Chemosh at Sanctuary of the Gods.
Oct 27 15:34:23 :: PC Killer bit set on Lunitari for initiating attack on Chemosh at Sanctuary of the Gods.
Oct 28 00:33:02 :: PC Killer bit set on Thaax for initiating attack on Salagar at A Kitchen.
Oct 28 03:58:34 :: PC Killer bit set on Salagar for initiating attack on Aku-viras at A Dark and Foreboding Graveyard.
Oct 28 15:32:52 :: PC Killer bit set on Oleander for initiating attack on Caide at Courtyard of Vingaard Keep.
Oct 31 02:27:02 :: PC Killer bit set on Zaviel for initiating attack on Aku-viras at Seraco Crossing.
Nov  1 23:19:20 :: PC Killer bit set on Quinn for initiating attack on Slade at Intersection of Richwater and Sandstone.
Nov 19 04:04:35 :: PC Killer bit set on Drevlon for initiating attack on Srouc at The Southern Wall of the Cave.
Nov 19 04:42:09 :: PC Killer bit set on Srouc for initiating attack on Drevlon at Intersection of Richwater and Sandstone.
Nov 24 17:04:37 :: PC Killer bit set on Daelin for initiating attack on Daethias at Shadows Alley.
Nov 26 10:08:48 :: PC Killer bit set on Daelin for initiating attack on Daethias at Shadows Alley.
Dec  6 21:50:15 :: PC Killer bit set on Althena for initiating attack on Draevaan at The Southwestern Corner of the Property.
Dec 16 18:44:47 :: PC Killer bit set on Daelin for initiating attack on Daethias at Watch Alley.
Dec 29 19:12:50 :: PC Killer bit set on Lenah for initiating attack on Azareth at A Wide, Indoor Sparring Ring.
Dec 29 19:15:09 :: PC Killer bit set on Althena for initiating attack on Azareth at A Wide, Indoor Sparring Ring.
Dec 29 19:18:06 :: PC Killer bit set on Xaithia for initiating attack on Azareth at A Wide, Indoor Sparring Ring.
Dec 29 19:35:26 :: PC Killer bit set on Draevaan for initiating attack on Azareth at A Wide, Indoor Sparring Ring.
Jan  2 00:39:58 :: PC Killer bit set on Victor for initiating attack on Lenah at Walkway Leading into the Temple.
Jan  2 02:05:03 :: PC Killer bit set on Aylu for initiating attack on Lenah at A Private Chamber.
Jan  3 12:22:45 :: PC Killer bit set on Xaithia for initiating attack on Lenah at A Private Chamber.
Jan  7 13:59:36 :: PC Killer bit set on Aylu for initiating attack on Lenah at A Private Chamber.
Jan  7 15:20:41 :: PC Killer bit set on Xaithia for initiating attack on Lenah at Courtyard of the Temple.
Jan  8 14:07:08 :: PC Killer bit set on Chemosh for initiating attack on Mia at Standing Near the Seats.
Jan 10 19:35:48 :: PC Killer bit set on Lenah for initiating attack on Alcuin at The Center Aisle.
Jan 10 19:35:49 :: PC Killer bit set on Raven for initiating attack on Alcuin at The Center Aisle.
Jan 10 19:35:51 :: PC Killer bit set on Mabius for initiating attack on Alcuin at The Center Aisle.
Jan 10 19:35:54 :: PC Killer bit set on Nailock for initiating attack on Alcuin at The Center Aisle.
Jan 11 20:09:27 :: PC Killer bit set on Chemosh for initiating attack on Arlon at Before the Pallisade's Walls.
Jan 13 12:16:34 :: PC Killer bit set on Aylu for initiating attack on Lenah at A Private Chamber.
Jan 13 18:40:07 :: PC Killer bit set on Sarina for initiating attack on Darvia at An Ore Mine.
Jan 15 12:06:24 :: PC Killer bit set on Aylu for initiating attack on Vanyel at A Hallway in The Dripping Dagger Inn.
Jan 15 19:18:40 :: PC Killer bit set on Sindri for initiating attack on Daethias at The Wing of Kiri-Jolith.
Jan 16 00:32:45 :: PC Killer bit set on Osiah for initiating attack on Althena at A Wide, Indoor Sparring Ring.
Jan 16 00:44:21 :: PC Killer bit set on Althena for initiating attack on Osiah at A Wide, Indoor Sparring Ring.
Jan 16 01:12:39 :: PC Killer bit set on Althena for initiating attack on Osiah at A Wide, Indoor Sparring Ring.
Jan 16 19:49:15 :: PC Killer bit set on Althena for initiating attack on Azareth at A Wide, Indoor Sparring Ring.
Jan 16 19:53:59 :: PC Killer bit set on Xaithia for initiating attack on Azareth at A Wide, Indoor Sparring Ring.
Jan 16 21:27:28 :: PC Killer bit set on Draevaan for initiating attack on Althena at A Wide, Indoor Sparring Ring.
Jan 17 00:27:14 :: PC Killer bit set on Draevaan for initiating attack on Nailock at Walkway Leading into the Temple.
Jan 18 11:22:35 :: PC Killer bit set on Aylu for initiating attack on Mordin at A Twisting Corridor.
Jan 18 13:01:47 :: PC Killer bit set on Aylu for initiating attack on Mordin at A Twisting Corridor.
Jan 18 13:39:06 :: PC Killer bit set on Chemosh for initiating attack on Lenah at Behind The Bar.
Jan 18 14:09:32 :: PC Killer bit set on Mordin for initiating attack on Aylu at A Twisting Corridor.
Jan 19 14:39:43 :: PC Killer bit set on Mordin for initiating attack on Kessletop at Taproom of the Dripping Dagger Inn.
Jan 19 15:00:19 :: PC Killer bit set on Mordin for initiating attack on Kessletop at Taproom of the Dripping Dagger Inn.
Jan 19 22:17:38 :: PC Killer bit set on Mabius for initiating attack on Raven at A Wide, Indoor Sparring Ring.
Jan 19 22:23:48 :: PC Killer bit set on Alcuin for initiating attack on Raven at A Wide, Indoor Sparring Ring.
Jan 19 22:42:16 :: PC Killer bit set on Raven for initiating attack on Mabius at A Wide, Indoor Sparring Ring.
Jan 21 15:40:05 :: PC Killer bit set on Lenah for initiating attack on Raven at Huma Lane.
Jan 21 23:39:38 :: PC Killer bit set on Valin for initiating attack on Mordin at A Dark Cellar.
Jan 22 00:34:12 :: PC Killer bit set on Lenah for initiating attack on Arlon at At the Foot of the Falls.
Jan 22 01:15:30 :: PC Killer bit set on Azareth for initiating attack on Lenah at A Wide, Indoor Sparring Ring.
Jan 25 00:56:41 :: PC Killer bit set on Xaithia for initiating attack on Arlon at The Pool of Healing.
Jan 25 15:04:59 :: PC Killer bit set on Chemosh for initiating attack on Valin at Wayward Highway.
Jan 25 17:53:32 :: PC Killer bit set on Chemosh for initiating attack on Arlon at The Dripping Dagger Inn.
Jan 25 17:57:02 :: PC Killer bit set on Chemosh for initiating attack on Lenah at The Dripping Dagger Inn.
Jan 26 12:29:26 :: PC Killer bit set on Arlon for initiating attack on Lenah at A Large, Extravagant Parlor Room.
Jan 27 03:13:56 :: PC Killer bit set on Victor for initiating attack on Aylu at Within a Dream.
Jan 27 17:06:50 :: PC Killer bit set on Arlon for initiating attack on Lenah at A Bright Intersection.
Jan 29 03:51:03 :: PC Killer bit set on Aylu for initiating attack on Althena at A Large Hallway.
Jan 31 21:20:07 :: PC Killer bit set on Araen for initiating attack on Dara at Inside the Eastern Wall.
Feb  3 00:34:13 :: PC Killer bit set on Dara for initiating attack on Araen at Stargazer Highway.
Feb  3 01:24:17 :: PC Killer bit set on Dara for initiating attack on Arlon at A Path Through the Garden.
Feb  4 02:02:06 :: PC Killer bit set on Tiathnes for initiating attack on Aylu at A Twisting Corridor.
Feb  4 02:54:30 :: PC Killer bit set on Chemosh for initiating attack on Tiathnes at Solamnia's Highway.
Feb  4 03:20:05 :: PC Killer bit set on Dara for initiating attack on Tari at Midland Highway.
Feb  4 03:20:06 :: PC Killer bit set on Mabius for initiating attack on Tari at Midland Highway.
Feb  4 18:38:43 :: PC Killer bit set on Raven for initiating attack on Dara at Inside the Southern Wall.
Feb  4 20:19:59 :: PC Killer bit set on Tari for initiating attack on Raven at Among the Pews.
Feb  6 22:32:09 :: PC Killer bit set on Tari for initiating attack on Molan at A Twisting Corridor.
Feb  7 02:12:17 :: PC Killer bit set on Althena for initiating attack on Nailock at A Wide, Indoor Sparring Ring.
Feb  7 20:35:50 :: PC Killer bit set on Valin for initiating attack on Brenna at A Balcony.
Feb  8 00:25:14 :: PC Killer bit set on Savil for initiating attack on Zeboim at The Beach.
Feb  8 03:16:28 :: PC Killer bit set on Dalia for initiating attack on Dara at A Comfortable Backroom.
Feb  8 21:00:33 :: PC Killer bit set on Tiathnes for initiating attack on Dara at Among the Pews.
Feb  8 23:46:16 :: PC Killer bit set on Nailock for initiating attack on Darvia at The Wing of Kiri-Jolith.
Feb 11 10:12:06 :: PC Killer bit set on Markus for initiating attack on Raven at Huma Lane.
Feb 11 18:31:55 :: PC Killer bit set on Raven for initiating attack on Alieali at The Southeastern Corner of the Property.
Feb 12 15:42:07 :: PC Killer bit set on Dara for initiating attack on Mabius at Courtyard of Vingaard Keep.
Feb 12 15:44:28 :: PC Killer bit set on Chemosh for initiating attack on Dara at Courtyard of Vingaard Keep.
Aug 16 13:04:29 :: PC Killer bit set on Fritjof for initiating attack on Zekare at A Meeting Room of the Muddy Boot Inn.
Aug 17 00:23:54 :: PC Killer bit set on Zazarg for initiating attack on Shadezar at Seraco Crossing.
Sep 12 00:15:52 :: PC Killer bit set on Alexis for initiating attack on Zazarg at Seraco Crossing.
Sep 16 19:07:47 :: PC Killer bit set on Talinthalas for initiating attack on Shinare at Walkway Leading into the Temple.
Sep 17 02:33:01 :: PC Killer bit set on Zwi for initiating attack on Talinthalas at Steps Leading up to the Temple of Mishakal.
Sep 30 02:14:20 :: PC Killer bit set on Myloran for initiating attack on Varagas at A Wide, Indoor Sparring Ring.
Sep 30 14:44:37 :: PC Killer bit set on Lunitari for initiating attack on Talinthalas at Northern Aisle.
Sep 30 16:00:32 :: PC Killer bit set on Lunitari for initiating attack on Teren-xu at Intersection of Shore and Calere.
Oct  1 01:33:29 :: PC Killer bit set on Varagas for initiating attack on Theresalanthalasa at A Wide, Indoor Sparring Ring.
Oct  3 23:20:37 :: PC Killer bit set on Varagas for initiating attack on Myloran at A Wide, Indoor Sparring Ring.
Oct  4 11:36:54 :: PC Killer bit set on Theresalanthalasa for initiating attack on Talinthalas at A Large Hallway.
Oct 11 20:44:39 :: PC Killer bit set on Solinari for initiating attack on Lunitari at A Quiet Room.
Oct 11 23:30:42 :: PC Killer bit set on Lunitari for initiating attack on Theresalanthalasa at Behind The Bar.
Oct 13 20:16:34 :: PC Killer bit set on Tolini for initiating attack on Raul at The Temple of Sargonnas, Outer Hallway.
Oct 22 20:49:45 :: PC Killer bit set on Korvyn for initiating attack on Talatha at Southern Aisle.
Nov 17 16:48:23 :: PC Killer bit set on Lokii for initiating attack on Porkinson at The Northern Wall of the Cave.
Nov 18 06:12:22 :: PC Killer bit set on River for initiating attack on Ka-shi at The Great Hall.
Dec 17 03:06:26 :: PC Killer bit set on Xaithia for initiating attack on Althena at A Campfire Within a Circle of Tents.
Dec 23 20:01:50 :: PC Killer bit set on Riryan for initiating attack on Ka-shi at Crown Street.
Jan 23 02:13:14 :: PC Killer bit set on Brianthas for initiating attack on Valdemir at A Wide, Indoor Sparring Ring.
Jan 23 02:35:56 :: PC Killer bit set on Valdemir for initiating attack on Brianthas at A Wide, Indoor Sparring Ring.
Jan 28 00:05:55 :: PC Killer bit set on Mabius for initiating attack on Gustav at Plains Highway.
Jan 31 00:58:39 :: PC Killer bit set on Xaithia for initiating attack on Azareth at A Wide, Indoor Sparring Ring.
Feb  2 02:25:06 :: PC Killer bit set on Leonard for initiating attack on Kaie at Among the Pews.
Feb  2 02:35:44 :: PC Killer bit set on Leonard for initiating attack on Kaie at Among the Pews.
Feb  3 15:54:58 :: PC Killer bit set on Brianthas for initiating attack on Dvaorak at The Gates of Vingaard Keep.
Feb  5 19:24:07 :: PC Killer bit set on Brianthas for initiating attack on Korvyn at Solamnia's Highway.
Feb  7 17:14:35 :: PC Killer bit set on Leonard for initiating attack on Pheelynx at A Small, Smelly Room.
Feb  7 18:32:21 :: PC Killer bit set on Zwi for initiating attack on Leonard at An Ornate Walkway.
Feb 10 02:09:29 :: PC Killer bit set on Lui-Ju for initiating attack on Leonard at A Wide, Indoor Sparring Ring.
Feb 10 02:15:25 :: PC Killer bit set on Leonard for initiating attack on Kaie at A Wide, Indoor Sparring Ring.
Feb 10 02:26:01 :: PC Killer bit set on Lui-Ju for initiating attack on Zwi at A Wide, Indoor Sparring Ring.
Feb 10 02:26:01 :: PC Killer bit set on Leonard for initiating attack on Zwi at A Wide, Indoor Sparring Ring.
Feb 10 04:39:44 :: PC Killer bit set on Talinthalas for initiating attack on Shinare at Among the Pews.
Feb 22 16:51:00 :: PC Killer bit set on Khelz for initiating attack on Moiraine at Seawatch Avenue.
Feb 22 22:25:26 :: PC Killer bit set on Chemosh for initiating attack on Brianthas at Before the Altar of Habbakuk.
Feb 22 22:26:48 :: PC Killer bit set on Chemosh for initiating attack on Brianthas at Before the Altar of Habbakuk.
Feb 22 22:31:09 :: PC Killer bit set on Chemosh for initiating attack on Karsa at A Large Lounge.
Feb 24 19:46:50 :: PC Killer bit set on Alysara for initiating attack on Lui-Ju at Among the Pews.
Feb 24 21:30:34 :: PC Killer bit set on Lui-Ju for initiating attack on Amelia at A Private Chamber.
Feb 25 20:14:24 :: PC Killer bit set on Chronix for initiating attack on Amulek at The Vingaard Armory.
Feb 28 00:35:25 :: PC Killer bit set on Brianthas for initiating attack on Lui-Ju at The Wing of Paladine.
Mar  2 17:19:39 :: PC Killer bit set on Demlar for initiating attack on Amelia at Walkway Leading into the Temple .
Mar  2 20:47:09 :: PC Killer bit set on Shyun for initiating attack on Chronix at Walkway Leading into the Temple.
Mar  3 03:22:59 :: PC Killer bit set on Amelia for initiating attack on Ganthirogani at The Wing of Kiri-Jolith.
Mar  3 19:45:56 :: PC Killer bit set on Korvyn for initiating attack on Ganthirogani at A Small Study.
Mar  3 23:51:46 :: PC Killer bit set on Demlar for initiating attack on Brianthas at An Ancient Grove of Gnarled Trees.
Mar  6 00:19:25 :: PC Killer bit set on Lui-Ju for initiating attack on Brianthas at The Head Of Security's Bedroom.
Mar  6 02:32:45 :: PC Killer bit set on Brianthas for initiating attack on Amelia at By the Fireplace.
Mar  6 23:03:10 :: PC Killer bit set on Brianthas for initiating attack on Lui-Ju at Southeastern Corner Of The Barracks.
Mar 17 23:55:37 :: PC Killer bit set on Sairyu for initiating attack on Lui-Ju at A Wide, Indoor Sparring Ring.
Mar 19 17:55:17 :: PC Killer bit set on Cullen for initiating attack on Moiraine at The Vingaard Mountains.
Mar 22 18:12:21 :: PC Killer bit set on Kran for initiating attack on Marashi at Behind The Bar.
Mar 23 17:35:38 :: PC Killer bit set on Lui-Ju for initiating attack on Brianthas at A Mass Grave of Decaying Bodies.
Mar 23 22:01:45 :: PC Killer bit set on Ion for initiating attack on Rikara at A Wide, Indoor Sparring Ring.
Mar 27 13:34:43 :: PC Killer bit set on Cullen for initiating attack on Asch at Entrance To A House.
Mar 29 17:42:35 :: PC Killer bit set on Nuitari for initiating attack on Asch at The Southeastern Corner of the Property.
Mar 29 19:48:49 :: PC Killer bit set on Asch for initiating attack on Cullen at Plains Highway.
Mar 29 20:11:02 :: PC Killer bit set on Nuitari for initiating attack on Asch at A Guest Room.
Mar 29 21:17:14 :: PC Killer bit set on Kran for initiating attack on Asch at The Wing of Habbakuk.
Mar 29 23:07:31 :: PC Killer bit set on Asch for initiating attack on Valandil at Eastern Aisle.
Mar 29 23:27:49 :: PC Killer bit set on Nuitari for initiating attack on Asch at The Altar.
Mar 30 22:31:05 :: PC Killer bit set on Grundie for initiating attack on Nuitari at A Hallway in The Dripping Dagger Inn.
Apr  2 22:18:48 :: PC Killer bit set on Brianthas for initiating attack on Zeboim at Plains Highway.
Apr  6 19:48:17 :: PC Killer bit set on Talinthalas for initiating attack on Brianthas at The Dripping Dagger Inn.
Apr  6 23:44:49 :: PC Killer bit set on Talinthalas for initiating attack on Brianthas at At the Desk of the Seasick Kraken.
Apr 10 03:29:56 :: PC Killer bit set on Nuitari for initiating attack on Amethyst at A Room Filled with Wondrous Antiquities.
Apr 16 01:07:23 :: PC Killer bit set on Ricard for initiating attack on Valdemir at Between the Two Pillars.
Apr 17 22:23:18 :: PC Killer bit set on Sargas for initiating attack on Zyr-son at Before the Bronze Throne.
Apr 17 22:38:29 :: PC Killer bit set on Sirrion for initiating attack on Zyr-son at Before the Bronze Throne.
Apr 19 16:26:13 :: PC Killer bit set on Shase for initiating attack on Mystearica at The Beach.
Apr 19 20:01:47 :: PC Killer bit set on Judah for initiating attack on Maylis at The Docks of Karthay.
Apr 21 23:33:57 :: PC Killer bit set on Arlon for initiating attack on Mabius at Talonis Highway.
Apr 22 00:39:19 :: PC Killer bit set on Arlon for initiating attack on Mabius at A Private Room in the Bar.
Apr 24 00:16:07 :: PC Killer bit set on Kiri-Jolith for initiating attack on Nuitari at A Wildflower Garden (vacant).
Apr 24 01:10:51 :: PC Killer bit set on Zeboim for initiating attack on Kiri-Jolith at In The Water.
Apr 25 23:26:51 :: PC Killer bit set on Xaribios for initiating attack on Kalaska at Walkway Leading into the Temple .
Apr 27 05:07:58 :: PC Killer bit set on Kiri-Jolith for initiating attack on Zeboim at The Dripping Dagger Inn.
Apr 27 19:10:13 :: PC Killer bit set on Boeotia for initiating attack on Lui-Ju at The Western Gate.
Apr 27 19:10:15 :: PC Killer bit set on Kalaska for initiating attack on Lui-Ju at The Western Gate.
Apr 27 19:10:16 :: PC Killer bit set on Xaribios for initiating attack on Lui-Ju at The Western Gate.
Apr 27 19:10:24 :: PC Killer bit set on Sirene for initiating attack on Lui-Ju at The Western Gate.
Apr 27 23:36:20 :: PC Killer bit set on Kalaska for initiating attack on Xaribios at Inside the Southern Wall.
Apr 28 03:58:49 :: PC Killer bit set on Tashin for initiating attack on River at Quaker Ridge Academy.
Apr 28 04:07:18 :: PC Killer bit set on Nuitari for initiating attack on River at The Dripping Dagger Inn.
Apr 30 20:55:25 :: PC Killer bit set on Kalaska for initiating attack on Boeotia at The Screaming Wench Tavern.
May  1 01:32:50 :: PC Killer bit set on Sirene for initiating attack on Xaribios at Dragonscale Highway.
May  1 01:52:49 :: PC Killer bit set on Xaribios for initiating attack on Sirene at Obsidian Highway.
May  1 02:19:29 :: PC Killer bit set on Xaribios for initiating attack on Sirene at Obsidian Highway.
May  2 20:13:07 :: PC Killer bit set on Kalaska for initiating attack on Boeotia at A Small Landing.
May  2 20:13:07 :: PC Killer bit set on Xaribios for initiating attack on Boeotia at A Small Landing.
May  2 22:34:26 :: PC Killer bit set on Jassan for initiating attack on Asch at Atop a Crumbling Stone Tower.
May  3 14:13:21 :: PC Killer bit set on Sylph for initiating attack on Jassan at The Lobby.
May  4 03:33:43 :: PC Killer bit set on River for initiating attack on Boeotia at Behind The Bar.
May  7 17:03:30 :: PC Killer bit set on Zekare for initiating attack on Kwan at River Crossroads.
May  8 14:24:21 :: PC Killer bit set on Boeotia for initiating attack on Asch at Within a Nightmare.
May  8 14:24:22 :: PC Killer bit set on Kalaska for initiating attack on Asch at Within a Nightmare.
May  8 14:25:59 :: PC Killer bit set on Asch for initiating attack on Boeotia at Within a Nightmare.
May  8 14:29:31 :: PC Killer bit set on Boeotia for initiating attack on Asch at A Small Clearing.
May  8 14:37:14 :: PC Killer bit set on Asch for initiating attack on Kalaska at A Small Clearing.
May  8 15:03:58 :: PC Killer bit set on Asch for initiating attack on Kalaska at A Small Clearing.
May  8 15:24:52 :: PC Killer bit set on Asch for initiating attack on Kalaska at A Dirt Path.
May  8 17:53:24 :: PC Killer bit set on Aerivan for initiating attack on Xaribios at A Small Clearing.
May  8 18:47:55 :: PC Killer bit set on Kalaska for initiating attack on Boeotia at Dragonscale Highway.
May  9 01:35:19 :: PC Killer bit set on Chemosh for initiating attack on Zekare at Wayward Highway.
May  9 16:04:01 :: PC Killer bit set on Mabius for initiating attack on Zekare at Before a Statue of Nuitari.
May  9 17:38:43 :: PC Killer bit set on Zeboim for initiating attack on Mystearica at Behind The Bar.
May  9 23:08:08 :: PC Killer bit set on Kalaska for initiating attack on Boeotia at A Large, Furnished Office.
May 11 00:01:37 :: PC Killer bit set on Mystearica for initiating attack on Kran at Dragonscale Highway.
May 11 03:50:30 :: PC Killer bit set on Mystearica for initiating attack on Mithrik at Merchant's Highway.
May 11 17:30:07 :: PC Killer bit set on Mystearica for initiating attack on Kran at A Dark Hallway.
May 13 16:57:51 :: PC Killer bit set on Barathol for initiating attack on Asch at A Laboratory.
May 14 17:02:23 :: PC Killer bit set on Saphiera for initiating attack on Mithrik at The Altar.
May 15 13:14:06 :: PC Killer bit set on Chira for initiating attack on Kalaska at A Twisting Corridor.
May 15 17:36:59 :: PC Killer bit set on Barathol for initiating attack on Asch at Within a Nightmare.
May 15 21:57:36 :: PC Killer bit set on Kalam for initiating attack on Ragnvathrr at A Hallway Within the Temple.
May 15 21:57:36 :: PC Killer bit set on Ademius for initiating attack on Ragnvathrr at A Hallway Within the Temple.
May 15 22:31:47 :: PC Killer bit set on Ragnvathrr for initiating attack on Kalam at Within a Dream.
May 16 15:56:09 :: PC Killer bit set on Barathol for initiating attack on Asch at A Private Room in the Bar.
May 16 19:28:16 :: PC Killer bit set on Kalam for initiating attack on Ademius at A Dead End.
May 16 19:28:17 :: PC Killer bit set on Kran for initiating attack on Ademius at A Dead End.
May 17 01:00:26 :: PC Killer bit set on Kalam for initiating attack on Asch at A Meeting Room.
May 17 17:30:14 :: PC Killer bit set on Aerivan for initiating attack on Asch at A Meeting Room.
May 17 17:55:37 :: PC Killer bit set on Aerivan for initiating attack on Kalam at A Meeting Room.
May 17 17:56:01 :: PC Killer bit set on Kalam for initiating attack on Asch at A Meeting Room.
May 17 23:17:38 :: PC Killer bit set on Lui-Ju for initiating attack on Ademius at A Dark Corridor.
May 18 20:22:01 :: PC Killer bit set on Asch for initiating attack on Mithrik at Merchant's Highway.
May 19 13:54:43 :: PC Killer bit set on Komos for initiating attack on Mithrik at Huma Lane.
May 20 19:45:20 :: PC Killer bit set on Mithrik for initiating attack on Asch at The Shadows Respite Taproom.
May 20 23:25:46 :: PC Killer bit set on Kiri-Jolith for initiating attack on Allandra at A Wide Boulevard.
May 21 01:22:31 :: PC Killer bit set on Allandra for initiating attack on Sethelo at Inside the Southern Wall.
May 22 00:12:23 :: PC Killer bit set on Ademius for initiating attack on Ragnvathrr at Glasstone Commons, Old Merchant's Street.
May 22 01:09:16 :: PC Killer bit set on Pocco for initiating attack on Mithrik at Wall St.
May 22 02:41:49 :: PC Killer bit set on Arlon for initiating attack on Mithrik at The Palanthas Plaza.
May 22 03:15:00 :: PC Killer bit set on Mithrik for initiating attack on Arlon at Shores Highway.
May 22 03:29:25 :: PC Killer bit set on Arlon for initiating attack on Kalam at Dragonscale Highway.
May 22 03:35:29 :: PC Killer bit set on Destin for initiating attack on Kalam at Dragonscale Highway.
May 22 03:35:53 :: PC Killer bit set on Lenah for initiating attack on Kalam at Dragonscale Highway.
May 22 04:51:31 :: PC Killer bit set on Azareth for initiating attack on Kalam at Merchant's Highway.
May 22 04:51:34 :: PC Killer bit set on Destin for initiating attack on Kalam at Merchant's Highway.
May 22 04:51:36 :: PC Killer bit set on Lenah for initiating attack on Asch at Merchant's Highway.
May 22 04:51:46 :: PC Killer bit set on Arlon for initiating attack on Kalam at Merchant's Highway.
May 23 16:08:32 :: PC Killer bit set on Valdemir for initiating attack on Rayna at Eastern Staircase.
May 23 18:04:08 :: PC Killer bit set on Kalaska for initiating attack on Talinthalas at The Dripping Dagger Inn.
May 23 18:04:11 :: PC Killer bit set on Chira for initiating attack on Talinthalas at The Dripping Dagger Inn.
May 23 18:05:06 :: PC Killer bit set on Talinthalas for initiating attack on Kalaska at The Dripping Dagger Inn.
May 23 18:46:02 :: PC Killer bit set on Mithrik for initiating attack on River at The Kalaman Stables.
May 23 20:54:04 :: PC Killer bit set on Zazarg for initiating attack on Wrena at Crossing the Wayward Bridge.
May 23 23:12:22 :: PC Killer bit set on Chira for initiating attack on Kalaska at Dragonscale Highway.
May 24 01:03:34 :: PC Killer bit set on Zeboim for initiating attack on Kalam at A Narrow Side Tunnel.
May 24 03:04:32 :: PC Killer bit set on Mithrik for initiating attack on Kian at Walkway Leading into the Temple.
May 24 04:50:56 :: PC Killer bit set on Mithrik for initiating attack on Kalaska at Plains Highway.
May 24 15:01:11 :: PC Killer bit set on Arlon for initiating attack on Chira at The Inner Courtyard of Thelgaard Keep.
May 24 17:08:51 :: PC Killer bit set on Valdemir for initiating attack on Rasha at The Central Hallways of the Temple.
May 24 20:58:05 :: PC Killer bit set on Mithrik for initiating attack on Ragnvathrr at The Springs.
May 25 00:07:39 :: PC Killer bit set on Ragnvathrr for initiating attack on Ademius at The Western Gate.
May 25 17:13:43 :: PC Killer bit set on Alysara for initiating attack on Lyrin at Through a Narrow, Triple Arch.
May 25 19:58:45 :: PC Killer bit set on Alysara for initiating attack on Myloran at Through a Narrow, Triple Arch.
May 25 20:33:32 :: PC Killer bit set on Agustus for initiating attack on Kalam at Dragonscale Highway.
May 28 00:13:37 :: PC Killer bit set on Boeotia for initiating attack on Anubia at Within a Dream.
May 28 00:13:41 :: PC Killer bit set on Sethelo for initiating attack on Anubia at Within a Dream.
May 28 00:13:42 :: PC Killer bit set on Xaribios for initiating attack on Anubia at Within a Dream.
May 28 21:34:05 :: PC Killer bit set on Kran for initiating attack on Boeotia at Inside the Arena.
May 28 22:24:48 :: PC Killer bit set on Sethelo for initiating attack on Boeotia at Before an Image of The Great Tree.
May 29 01:43:41 :: PC Killer bit set on Shyrik for initiating attack on Kalam at Kalaman Gaol Cells.
May 29 01:43:55 :: PC Killer bit set on Kalam for initiating attack on Azareth at Kalaman Gaol Cells.
May 29 02:45:37 :: PC Killer bit set on Chemosh for initiating attack on Zekare at A Hallway in The Dripping Dagger Inn.
May 29 02:49:54 :: PC Killer bit set on Nuitari for initiating attack on Mystearica at A Laboratory.
May 29 02:53:00 :: PC Killer bit set on Zeboim for initiating attack on Zephros at Within a Dream.
May 29 03:11:35 :: PC Killer bit set on Nuitari for initiating attack on TelamonTheGreat at Nuitari's Laboratory.
May 29 03:11:56 :: PC Killer bit set on Chemosh for initiating attack on TelamonTheGreat at The Dripping Dagger Inn.
May 29 20:39:39 :: PC Killer bit set on Chira for initiating attack on Vandric at Atop a Crumbling Stone Tower.
May 30 03:11:05 :: PC Killer bit set on Xaribios for initiating attack on Avliss at Taproom of the Dripping Dagger Inn.
Jun  1 00:53:04 :: PC Killer bit set on Alessandra for initiating attack on Mystearica at The Moon Chamber.
Jun  1 05:10:11 :: PC Killer bit set on Xaribios for initiating attack on Zekare at Within a Dream.
Jun  2 18:35:20 :: PC Killer bit set on Mystearica for initiating attack on Zephros at The Stone of Shame.
Jun  2 22:13:25 :: PC Killer bit set on Shadezar for initiating attack on Avliss at A Wide Trail.
Dec 23 01:47:24 :: PC Killer bit set on Chemosh for initiating attack on Lunitari at Sanctuary of the Gods.
Dec 23 16:45:42 :: PC Killer bit set on Chemosh for initiating attack on Lunitari at Sanctuary of the Gods.
Dec 24 16:18:49 :: PC Killer bit set on Sirrion for initiating attack on Lunitari at Sanctuary of the Gods.
Dec 24 16:46:23 :: PC Killer bit set on Sirrion for initiating attack on Lunitari at Sanctuary of the Gods.
Dec 24 16:58:35 :: PC Killer bit set on Lunitari for initiating attack on Sirrion at Sirrion's Cell.
Dec 24 19:02:21 :: PC Killer bit set on Sirrion for initiating attack on Lunitari at The Smith's Shop.
Dec 24 19:02:34 :: PC Killer bit set on Sirrion for initiating attack on Ariok-xu at The Northwestern Corner of the Property.
