Sep  4 21:29:27 :: Cevril entering game, rented equipment lost (no $).
Sep 17 09:03:29 :: Elysie entering game, rented equipment lost (no $).
Sep 21 21:33:52 :: Kael entering game, rented equipment lost (no $).
Sep 24 07:14:15 :: Threndryk entering game, rented equipment lost (no $).
Sep 24 07:18:38 :: Khalhynin entering game, rented equipment lost (no $).
Sep 25 17:10:12 :: Xiana entering game, rented equipment lost (no $).
Sep 29 10:44:45 :: Talinthalas entering game, rented equipment lost (no $).
Oct  4 09:55:27 :: Ravan entering game, rented equipment lost (no $).
Oct  6 12:50:27 :: Rilis entering game, rented equipment lost (no $).
Oct  9 11:24:31 :: Karver entering game, rented equipment lost (no $).
Oct 10 10:29:51 :: Arai entering game, rented equipment lost (no $).
Oct 11 21:24:11 :: Aliza entering game, rented equipment lost (no $).
Oct 14 23:53:38 :: Rhelkor entering game, rented equipment lost (no $).
Oct 16 07:00:36 :: Annah entering game, rented equipment lost (no $).
Oct 16 11:44:53 :: Arrean entering game, rented equipment lost (no $).
Oct 17 03:37:23 :: Xiana entering game, rented equipment lost (no $).
Oct 23 03:43:34 :: Sharia entering game, rented equipment lost (no $).
Oct 26 20:09:27 :: Tianna entering game, rented equipment lost (no $).
Nov  1 08:25:26 :: Adedar entering game, rented equipment lost (no $).
Nov  1 17:06:50 :: Herionica entering game, rented equipment lost (no $).
Nov  6 13:03:28 :: Kasisan entering game, rented equipment lost (no $).
Nov  6 20:39:08 :: Elysie entering game, rented equipment lost (no $).
Nov  8 01:23:09 :: Khalin entering game, rented equipment lost (no $).
Nov  8 15:56:58 :: Telamon entering game, rented equipment lost (no $).
Nov  8 16:54:18 :: Jemmina entering game, rented equipment lost (no $).
Nov 10 21:36:28 :: Herionica entering game, rented equipment lost (no $).
Nov 13 15:57:03 :: Jonos entering game, rented equipment lost (no $).
Nov 13 16:37:20 :: Herionica entering game, rented equipment lost (no $).
Nov 13 20:19:16 :: Jefforey entering game, rented equipment lost (no $).
Nov 13 23:54:35 :: Xiana entering game, rented equipment lost (no $).
Nov 15 03:03:29 :: Marok entering game, rented equipment lost (no $).
Nov 15 23:13:44 :: Devon entering game, rented equipment lost (no $).
Nov 18 08:42:33 :: Wilmachkeu entering game, rented equipment lost (no $).
Nov 19 17:52:30 :: Rossdir entering game, rented equipment lost (no $).
Nov 23 01:00:19 :: Kalkrulys entering game, rented equipment lost (no $).
Nov 26 02:46:11 :: Grevan entering game, rented equipment lost (no $).
Nov 26 14:29:14 :: Nierninwa entering game, rented equipment lost (no $).
Nov 26 17:32:30 :: Herionica entering game, rented equipment lost (no $).
Nov 28 12:28:30 :: Kalkrulys entering game, rented equipment lost (no $).
Nov 29 02:39:12 :: Asilnor entering game, rented equipment lost (no $).
Nov 29 12:38:03 :: Whilhelm entering game, rented equipment lost (no $).
Nov 29 19:30:03 :: Herionica entering game, rented equipment lost (no $).
Nov 30 18:19:39 :: Kaleigh entering game, rented equipment lost (no $).
Nov 30 20:23:50 :: Elysie entering game, rented equipment lost (no $).
Dec  3 22:41:07 :: Artike entering game, rented equipment lost (no $).
Dec  7 00:48:40 :: Talinthalas entering game, rented equipment lost (no $).
Dec  8 19:37:21 :: Rilis entering game, rented equipment lost (no $).
Dec 10 18:25:20 :: Galdar entering game, rented equipment lost (no $).
Dec 12 23:58:34 :: Immanuel entering game, rented equipment lost (no $).
Dec 17 09:47:14 :: Xiana entering game, rented equipment lost (no $).
Dec 17 16:27:38 :: Navania entering game, rented equipment lost (no $).
Dec 24 09:54:39 :: Devlynn entering game, rented equipment lost (no $).
Dec 26 23:29:56 :: Threndryk entering game, rented equipment lost (no $).
Dec 27 00:08:20 :: Zaelis entering game, rented equipment lost (no $).
Dec 28 08:41:46 :: Arilyn entering game, rented equipment lost (no $).
Dec 29 00:46:22 :: Malia entering game, rented equipment lost (no $).
Dec 30 19:49:07 :: Evalynn entering game, rented equipment lost (no $).
Jan  2 23:01:37 :: Kaliasi entering game, rented equipment lost (no $).
Jan  3 12:53:23 :: Fiona entering game, rented equipment lost (no $).
Jan  3 19:37:33 :: Arteeka entering game, rented equipment lost (no $).
Jan  3 21:00:10 :: Averlathmai entering game, rented equipment lost (no $).
Jan  5 16:44:56 :: Driabo entering game, rented equipment lost (no $).
Jan  6 13:05:15 :: Threndryk entering game, rented equipment lost (no $).
Jan 12 01:25:30 :: Malia entering game, rented equipment lost (no $).
Jan 18 09:59:37 :: Faelin entering game, rented equipment lost (no $).
Jan 19 15:45:45 :: Rilis entering game, rented equipment lost (no $).
Jan 20 21:27:46 :: Immanuel entering game, rented equipment lost (no $).
Jan 21 17:02:27 :: Valintharin entering game, rented equipment lost (no $).
Jan 22 19:03:31 :: Arai entering game, rented equipment lost (no $).
Jan 23 11:33:14 :: Triston entering game, rented equipment lost (no $).
Jan 24 19:21:52 :: Arteeka entering game, rented equipment lost (no $).
Jan 26 09:17:30 :: Helixcon entering game, rented equipment lost (no $).
Jan 26 21:50:53 :: Talinthalas entering game, rented equipment lost (no $).
Jan 26 21:59:35 :: Tobias entering game, rented equipment lost (no $).
Jan 28 02:22:07 :: Alexia entering game, rented equipment lost (no $).
Jan 28 09:06:17 :: Primortal entering game, rented equipment lost (no $).
Feb  1 17:39:20 :: Xanaedra entering game, rented equipment lost (no $).
Feb  2 18:56:57 :: Kit entering game, rented equipment lost (no $).
Feb  7 13:27:52 :: TJaryon entering game, rented equipment lost (no $).
Feb  8 12:56:13 :: Daynna entering game, rented equipment lost (no $).
Feb 10 15:05:59 :: Karamendiel entering game, rented equipment lost (no $).
Feb 14 18:16:19 :: Liska entering game, rented equipment lost (no $).
Feb 16 18:34:09 :: Josiah entering game, rented equipment lost (no $).
Feb 18 19:58:36 :: Triana entering game, rented equipment lost (no $).
Feb 19 13:48:23 :: Nierninwa entering game, rented equipment lost (no $).
Feb 20 21:14:38 :: Immanuel entering game, rented equipment lost (no $).
Feb 21 10:54:27 :: Rilis entering game, rented equipment lost (no $).
Feb 27 07:16:53 :: Anthemis entering game, rented equipment lost (no $).
Mar  1 19:32:42 :: Arrean entering game, rented equipment lost (no $).
Mar  2 14:55:52 :: Nierninwa entering game, rented equipment lost (no $).
Mar  4 12:23:35 :: Asik entering game, rented equipment lost (no $).
Mar  6 18:51:23 :: Kit entering game, rented equipment lost (no $).
Mar  7 16:59:21 :: Kathari entering game, rented equipment lost (no $).
Mar 10 18:05:53 :: Shalisa entering game, rented equipment lost (no $).
Mar 11 19:29:29 :: Nierninwa entering game, rented equipment lost (no $).
Mar 11 21:52:23 :: Granish entering game, rented equipment lost (no $).
Mar 12 23:13:00 :: Hazzelkoff entering game, rented equipment lost (no $).
Mar 13 08:23:16 :: Wissie entering game, rented equipment lost (no $).
Mar 16 10:10:04 :: Xitar entering game, rented equipment lost (no $).
Mar 16 10:21:38 :: Thork entering game, rented equipment lost (no $).
Mar 16 10:23:45 :: Kiaravalkana entering game, rented equipment lost (no $).
Mar 16 13:45:56 :: Mystie entering game, rented equipment lost (no $).
Mar 19 21:47:53 :: Whitefeather entering game, rented equipment lost (no $).
Mar 21 15:17:45 :: Belendil entering game, rented equipment lost (no $).
Mar 22 17:35:26 :: Reznor entering game, rented equipment lost (no $).
Mar 22 20:31:43 :: Valintharin entering game, rented equipment lost (no $).
Mar 23 10:19:08 :: Threndryk entering game, rented equipment lost (no $).
Mar 24 16:06:35 :: Gnimish entering game, rented equipment lost (no $).
Mar 25 08:38:03 :: Clover entering game, rented equipment lost (no $).
Mar 26 13:27:38 :: Jasmine entering game, rented equipment lost (no $).
Mar 28 10:37:29 :: Kathari entering game, rented equipment lost (no $).
Mar 28 21:33:58 :: Faelin entering game, rented equipment lost (no $).
Apr  1 05:35:35 :: Danthor entering game, rented equipment lost (no $).
Apr  1 16:20:55 :: Karamendiel entering game, rented equipment lost (no $).
Apr  2 14:40:34 :: Telamon entering game, rented equipment lost (no $).
Apr  9 08:44:09 :: Ludovicus entering game, rented equipment lost (no $).
Apr  9 13:11:23 :: Akyra entering game, rented equipment lost (no $).
Apr 11 23:18:08 :: Xitar entering game, rented equipment lost (no $).
Apr 11 23:18:49 :: Coale entering game, rented equipment lost (no $).
Apr 14 22:30:26 :: Kiaravalkana entering game, rented equipment lost (no $).
Apr 19 15:18:55 :: Kiva entering game, rented equipment lost (no $).
Apr 21 17:37:52 :: Kathari entering game, rented equipment lost (no $).
Apr 26 10:52:39 :: Ollenous entering game, rented equipment lost (no $).
May  8 21:12:43 :: Immanuel entering game, rented equipment lost (no $).
May 13 19:41:43 :: Karamendiel entering game, rented equipment lost (no $).
May 18 15:22:16 :: Alexis entering game, rented equipment lost (no $).
May 21 17:33:09 :: Sadomanes entering game, rented equipment lost (no $).
May 23 15:10:50 :: Lyndara entering game, rented equipment lost (no $).
May 25 16:59:43 :: Mystie entering game, rented equipment lost (no $).
May 25 21:22:07 :: Kiaravalkana entering game, rented equipment lost (no $).
Jun  8 12:12:50 :: Arteeka entering game, rented equipment lost (no $).
Jun  9 16:47:39 :: Myfanwy entering game, rented equipment lost (no $).
Jun 10 19:01:26 :: Mia entering game, rented equipment lost (no $).
Jun 11 12:12:31 :: Thelryn entering game, rented equipment lost (no $).
Jun 11 22:29:51 :: Comoa entering game, rented equipment lost (no $).
Jun 13 14:47:53 :: Lekithiria entering game, rented equipment lost (no $).
Jun 17 13:16:46 :: Gabriel entering game, rented equipment lost (no $).
Jun 17 20:27:57 :: Kharazir entering game, rented equipment lost (no $).
Jun 17 22:00:38 :: Kron entering game, rented equipment lost (no $).
Jun 25 15:40:40 :: Waltund entering game, rented equipment lost (no $).
Jun 29 13:56:18 :: Ghaaz entering game, rented equipment lost (no $).
Jul  1 11:07:14 :: Rowan entering game, rented equipment lost (no $).
Jul  1 20:17:48 :: Josiah entering game, rented equipment lost (no $).
Jul  6 23:23:15 :: Xanaedra entering game, rented equipment lost (no $).
Jul  8 16:45:45 :: Benjamin entering game, rented equipment lost (no $).
Jul  8 16:47:01 :: Thelryn entering game, rented equipment lost (no $).
Jul 12 10:21:26 :: Khaira entering game, rented equipment lost (no $).
Jul 15 12:26:41 :: Ollenous entering game, rented equipment lost (no $).
Sep 27 18:11:39 :: Nikcole entering game, rented equipment lost (no $).
Sep 27 18:12:22 :: Sollas entering game, rented equipment lost (no $).
Sep 27 18:18:58 :: Alexis entering game, rented equipment lost (no $).
Sep 27 21:51:48 :: Gabriel entering game, rented equipment lost (no $).
Sep 28 00:11:42 :: Chloe entering game, rented equipment lost (no $).
Sep 30 15:31:52 :: Ollenous entering game, rented equipment lost (no $).
Oct  3 14:11:51 :: Torland entering game, rented equipment lost (no $).
Oct  9 01:23:11 :: Sarefe entering game, rented equipment lost (no $).
Oct 19 18:10:06 :: Truitt entering game, rented equipment lost (no $).
Oct 19 18:19:10 :: Arteeka entering game, rented equipment lost (no $).
Oct 20 00:55:26 :: Xiana entering game, rented equipment lost (no $).
Oct 21 21:11:30 :: Whitefeather entering game, rented equipment lost (no $).
Oct 24 15:29:54 :: Myx entering game, rented equipment lost (no $).
Oct 25 18:48:23 :: Sarandel entering game, rented equipment lost (no $).
Oct 30 12:59:14 :: Telamon entering game, rented equipment lost (no $).
Oct 30 23:32:37 :: Shyandai entering game, rented equipment lost (no $).
Nov 10 03:11:13 :: Ashlay entering game, rented equipment lost (no $).
Nov 12 22:17:23 :: Rhade entering game, rented equipment lost (no $).
Nov 14 19:44:44 :: Nuitari entering game, rented equipment lost (no $).
Nov 14 23:36:27 :: Seola entering game, rented equipment lost (no $).
Nov 26 06:55:31 :: Lament entering game, rented equipment lost (no $).
Dec  3 23:37:51 :: Kron entering game, rented equipment lost (no $).
Dec  6 02:13:20 :: Kahanna entering game, rented equipment lost (no $).
Dec  6 10:29:22 :: Erdrick entering game, rented equipment lost (no $).
Dec  7 12:27:16 :: Lorek entering game, rented equipment lost (no $).
Dec 11 18:54:09 :: Sonja entering game, rented equipment lost (no $).
Dec 17 15:27:22 :: Varlo entering game, rented equipment lost (no $).
Dec 23 14:48:25 :: Sonja entering game, rented equipment lost (no $).
Dec 28 01:06:27 :: Manic entering game, rented equipment lost (no $).
Jan  4 21:37:43 :: Shyandai entering game, rented equipment lost (no $).
Jan 11 22:28:04 :: Tilu entering game, rented equipment lost (no $).
Jan 12 18:35:37 :: Theran entering game, rented equipment lost (no $).
Jan 14 16:09:56 :: Bryce entering game, rented equipment lost (no $).
Jan 22 00:45:44 :: Arnett entering game, rented equipment lost (no $).
Jan 29 20:31:41 :: Jonin entering game, rented equipment lost (no $).
Jan 30 00:54:59 :: Josiah entering game, rented equipment lost (no $).
Feb  9 16:31:39 :: Lyscar entering game, rented equipment lost (no $).
Feb 13 18:59:34 :: Satira entering game, rented equipment lost (no $).
Feb 14 18:37:30 :: Quesinith entering game, rented equipment lost (no $).
Feb 18 02:48:35 :: Varlo entering game, rented equipment lost (no $).
Feb 24 15:49:29 :: Tilu entering game, rented equipment lost (no $).
Feb 24 16:38:14 :: Sonja entering game, rented equipment lost (no $).
Mar 10 10:12:06 :: Lyscar entering game, rented equipment lost (no $).
Mar 12 19:25:33 :: Rufus entering game, rented equipment lost (no $).
Mar 16 16:11:14 :: Zenco entering game, rented equipment lost (no $).
Mar 18 20:14:46 :: Terek entering game, rented equipment lost (no $).
Mar 19 14:05:57 :: Rory entering game, rented equipment lost (no $).
Mar 21 10:41:57 :: Lyscar entering game, rented equipment lost (no $).
Mar 23 21:22:11 :: Korbyn entering game, rented equipment lost (no $).
Mar 24 15:30:59 :: Rale entering game, rented equipment lost (no $).
Mar 24 22:53:59 :: Myx entering game, rented equipment lost (no $).
Mar 24 23:50:03 :: Prantor entering game, rented equipment lost (no $).
Apr  8 17:14:08 :: Arnett entering game, rented equipment lost (no $).
Apr 10 14:14:25 :: Sereth entering game, rented equipment lost (no $).
Apr 13 18:16:11 :: Arrowstalk entering game, rented equipment lost (no $).
Apr 14 13:47:31 :: Dominic entering game, rented equipment lost (no $).
Apr 17 21:50:58 :: Zanza entering game, rented equipment lost (no $).
Apr 19 18:26:41 :: Arai entering game, rented equipment lost (no $).
Apr 21 22:29:37 :: Quesinith entering game, rented equipment lost (no $).
Apr 26 11:05:13 :: Robert entering game, rented equipment lost (no $).
Apr 29 17:45:46 :: Justine entering game, rented equipment lost (no $).
Apr 30 16:04:33 :: Davin entering game, rented equipment lost (no $).
May  4 13:30:05 :: Xavster entering game, rented equipment lost (no $).
May  5 13:56:04 :: Keilas entering game, rented equipment lost (no $).
May  8 02:25:00 :: Baernov entering game, rented equipment lost (no $).
May 12 22:38:17 :: Agrios entering game, rented equipment lost (no $).
May 16 22:46:08 :: Saranis entering game, rented equipment lost (no $).
May 23 19:26:43 :: Alexis entering game, rented equipment lost (no $).
May 26 13:26:06 :: Xiana entering game, rented equipment lost (no $).
Jun  1 21:42:48 :: Zaviel entering game, rented equipment lost (no $).
Jun  4 20:18:35 :: Solice entering game, rented equipment lost (no $).
Jun 14 13:27:50 :: Arai entering game, rented equipment lost (no $).
Jun 16 09:43:06 :: Korova entering game, rented equipment lost (no $).
Jun 18 22:16:31 :: Karnial entering game, rented equipment lost (no $).
Jun 24 20:18:16 :: Sereth entering game, rented equipment lost (no $).
Jun 26 13:08:21 :: Kylin entering game, rented equipment lost (no $).
Jun 26 23:53:53 :: Korova entering game, rented equipment lost (no $).
Jun 27 19:59:01 :: Koma entering game, rented equipment lost (no $).
Jun 28 10:43:26 :: Kylin entering game, rented equipment lost (no $).
Jun 28 17:17:34 :: Lyscar entering game, rented equipment lost (no $).
Jun 30 04:33:38 :: Mirrel entering game, rented equipment lost (no $).
Jul  1 11:03:48 :: Merim entering game, rented equipment lost (no $).
Jul  3 11:50:22 :: Xiana entering game, rented equipment lost (no $).
Jul  3 23:35:35 :: Graylan entering game, rented equipment lost (no $).
Jul  5 20:53:00 :: Ariena entering game, rented equipment lost (no $).
Jul  6 12:40:32 :: Xiana entering game, rented equipment lost (no $).
Jul  6 16:10:25 :: Dominic entering game, rented equipment lost (no $).
Jul  8 13:37:52 :: Ravan entering game, rented equipment lost (no $).
Jul 11 06:29:35 :: Farcane entering game, rented equipment lost (no $).
Jul 13 17:43:07 :: Myx entering game, rented equipment lost (no $).
Jul 18 02:09:01 :: Zanza entering game, rented equipment lost (no $).
Jul 19 12:03:24 :: Xiana entering game, rented equipment lost (no $).
Jul 29 03:15:50 :: Mirrel entering game, rented equipment lost (no $).
Aug  1 18:07:15 :: Dominic entering game, rented equipment lost (no $).
Aug  9 23:19:27 :: Auberon entering game, rented equipment lost (no $).
Aug 10 15:09:37 :: Kylin entering game, rented equipment lost (no $).
Aug 10 17:11:49 :: Nailia entering game, rented equipment lost (no $).
Aug 10 19:16:19 :: Breianna entering game, rented equipment lost (no $).
Aug 11 14:11:25 :: Baeryn entering game, rented equipment lost (no $).
Aug 18 00:28:44 :: Helker entering game, rented equipment lost (no $).
Aug 24 21:13:40 :: Arai entering game, rented equipment lost (no $).
Aug 27 13:13:42 :: Chamberlain entering game, rented equipment lost (no $).
Aug 27 16:29:19 :: Lenah entering game, rented equipment lost (no $).
Aug 31 11:50:19 :: Dina entering game, rented equipment lost (no $).
Aug 31 22:23:38 :: Arlina entering game, rented equipment lost (no $).
Sep 11 16:57:01 :: Syin entering game, rented equipment lost (no $).
Sep 11 20:34:05 :: Saliis entering game, rented equipment lost (no $).
Sep 15 14:22:54 :: Hecar entering game, rented equipment lost (no $).
Sep 16 01:20:39 :: Slade entering game, rented equipment lost (no $).
Sep 16 12:20:28 :: Caleb entering game, rented equipment lost (no $).
Sep 16 12:20:46 :: Zaviel entering game, rented equipment lost (no $).
Sep 18 22:53:45 :: Sarsha entering game, rented equipment lost (no $).
Sep 23 15:46:37 :: Caide entering game, rented equipment lost (no $).
Oct  2 17:29:08 :: Nimat entering game, rented equipment lost (no $).
Oct  3 08:46:57 :: Kylin entering game, rented equipment lost (no $).
Oct  4 13:35:32 :: Nauzhror entering game, rented equipment lost (no $).
Oct  4 20:51:27 :: Alexander entering game, rented equipment lost (no $).
Oct  5 18:44:03 :: Arteeka entering game, rented equipment lost (no $).
Oct  8 05:18:13 :: Julius entering game, rented equipment lost (no $).
Oct  8 16:02:31 :: Gnimish entering game, rented equipment lost (no $).
Oct  9 17:09:59 :: Draevaan entering game, rented equipment lost (no $).
Oct 11 01:07:11 :: Litharyx entering game, rented equipment lost (no $).
Oct 15 09:33:09 :: Arlie entering game, rented equipment lost (no $).
Oct 27 06:43:52 :: Chemosh entering game, rented equipment lost (no $).
Oct 27 07:03:59 :: Kwan entering game, rented equipment lost (no $).
Oct 28 03:26:31 :: Auberon entering game, rented equipment lost (no $).
Nov  7 23:08:39 :: Denisen entering game, rented equipment lost (no $).
Nov 14 00:23:44 :: Barathol entering game, rented equipment lost (no $).
Nov 14 21:47:52 :: Mia entering game, rented equipment lost (no $).
Nov 19 20:17:49 :: Alexander entering game, rented equipment lost (no $).
Nov 22 18:24:10 :: Arlie entering game, rented equipment lost (no $).
Nov 23 11:09:34 :: Gnimish entering game, rented equipment lost (no $).
Dec  2 16:06:54 :: Arlie entering game, rented equipment lost (no $).
Dec  3 04:09:18 :: Drevlon entering game, rented equipment lost (no $).
Dec  5 19:36:27 :: Daelin entering game, rented equipment lost (no $).
Dec  8 02:17:58 :: Chamberlain entering game, rented equipment lost (no $).
Dec  8 18:40:45 :: Karnial entering game, rented equipment lost (no $).
Dec 12 19:00:35 :: Korova entering game, rented equipment lost (no $).
Dec 18 20:45:10 :: Arlie entering game, rented equipment lost (no $).
Dec 20 17:14:37 :: Fontine-Aristonte entering game, rented equipment lost (no $).
Dec 21 13:28:31 :: Korvyn entering game, rented equipment lost (no $).
Dec 22 12:49:32 :: Valin entering game, rented equipment lost (no $).
Dec 24 15:54:08 :: Arlina entering game, rented equipment lost (no $).
Dec 26 11:14:03 :: Kylin entering game, rented equipment lost (no $).
Dec 26 18:36:10 :: Carpus entering game, rented equipment lost (no $).
Dec 30 22:23:36 :: Alexander entering game, rented equipment lost (no $).
Jan  4 12:20:16 :: Korova entering game, rented equipment lost (no $).
Jan  6 16:29:39 :: Litharyx entering game, rented equipment lost (no $).
Jan 15 21:10:19 :: Baeryn entering game, rented equipment lost (no $).
Jan 16 15:34:18 :: Chemosh entering game, rented equipment lost (no $).
Jan 16 22:12:57 :: Chemosh entering game, rented equipment lost (no $).
Jan 17 11:10:46 :: Chemosh entering game, rented equipment lost (no $).
Jan 17 14:36:00 :: Chemosh entering game, rented equipment lost (no $).
Jan 17 16:36:53 :: Chemosh entering game, rented equipment lost (no $).
Jan 17 17:03:45 :: Chemosh entering game, rented equipment lost (no $).
Jan 17 17:23:58 :: Chemosh entering game, rented equipment lost (no $).
Jan 17 21:07:00 :: Chemosh entering game, rented equipment lost (no $).
Jan 17 21:25:34 :: Chemosh entering game, rented equipment lost (no $).
Jan 17 21:28:47 :: Chemosh entering game, rented equipment lost (no $).
Jan 17 22:40:21 :: Chemosh entering game, rented equipment lost (no $).
Jan 18 12:28:45 :: Chemosh entering game, rented equipment lost (no $).
Jan 18 15:26:38 :: Chemosh entering game, rented equipment lost (no $).
Jan 18 23:41:01 :: Chemosh entering game, rented equipment lost (no $).
Jan 19 01:47:55 :: Kalaska entering game, rented equipment lost (no $).
Jan 19 12:08:51 :: Chemosh entering game, rented equipment lost (no $).
Jan 19 15:13:15 :: Chemosh entering game, rented equipment lost (no $).
Jan 20 18:42:48 :: Chemosh entering game, rented equipment lost (no $).
Jan 20 19:31:45 :: Chemosh entering game, rented equipment lost (no $).
Jan 20 19:42:59 :: Chemosh entering game, rented equipment lost (no $).
Jan 20 19:44:07 :: Chemosh entering game, rented equipment lost (no $).
Jan 21 16:00:17 :: Maeko entering game, rented equipment lost (no $).
Jan 21 22:49:40 :: Chemosh entering game, rented equipment lost (no $).
Jan 22 00:45:44 :: Chemosh entering game, rented equipment lost (no $).
Jan 22 01:29:09 :: Chemosh entering game, rented equipment lost (no $).
Jan 22 12:33:59 :: Chemosh entering game, rented equipment lost (no $).
Jan 22 14:15:58 :: Chemosh entering game, rented equipment lost (no $).
Jan 22 14:30:30 :: Chemosh entering game, rented equipment lost (no $).
Jan 22 17:07:06 :: Chemosh entering game, rented equipment lost (no $).
Jan 22 17:09:14 :: Chemosh entering game, rented equipment lost (no $).
Jan 22 17:27:40 :: Chemosh entering game, rented equipment lost (no $).
Jan 22 17:34:04 :: Chemosh entering game, rented equipment lost (no $).
Jan 22 18:44:37 :: Chemosh entering game, rented equipment lost (no $).
Jan 22 23:04:01 :: Chemosh entering game, rented equipment lost (no $).
Jan 22 23:07:28 :: Chemosh entering game, rented equipment lost (no $).
Jan 22 23:50:14 :: Chemosh entering game, rented equipment lost (no $).
Jan 23 09:50:24 :: Chemosh entering game, rented equipment lost (no $).
Jan 24 11:09:53 :: Chemosh entering game, rented equipment lost (no $).
Jan 24 14:49:54 :: Chemosh entering game, rented equipment lost (no $).
Jan 25 09:31:30 :: Lyscar entering game, rented equipment lost (no $).
Jan 25 11:26:39 :: Chemosh entering game, rented equipment lost (no $).
Jan 25 19:09:45 :: Kalaska entering game, rented equipment lost (no $).
Jan 25 19:16:26 :: Chemosh entering game, rented equipment lost (no $).
Jan 25 19:20:56 :: Chemosh entering game, rented equipment lost (no $).
Jan 25 23:09:14 :: Chemosh entering game, rented equipment lost (no $).
Jan 25 23:37:57 :: Chemosh entering game, rented equipment lost (no $).
Jan 26 13:33:44 :: Chemosh entering game, rented equipment lost (no $).
Jan 26 23:16:38 :: Chemosh entering game, rented equipment lost (no $).
Jan 27 16:04:04 :: Chemosh entering game, rented equipment lost (no $).
Jan 28 00:18:09 :: Chemosh entering game, rented equipment lost (no $).
Jan 28 19:32:26 :: Chemosh entering game, rented equipment lost (no $).
Jan 28 20:43:08 :: Chemosh entering game, rented equipment lost (no $).
Jan 29 10:19:46 :: Chemosh entering game, rented equipment lost (no $).
Jan 29 19:02:46 :: Chemosh entering game, rented equipment lost (no $).
Jan 29 20:37:45 :: Chemosh entering game, rented equipment lost (no $).
Jan 29 21:57:24 :: Maeko entering game, rented equipment lost (no $).
Jan 29 23:15:24 :: Chemosh entering game, rented equipment lost (no $).
Jan 30 00:31:43 :: Chemosh entering game, rented equipment lost (no $).
Jan 30 12:25:47 :: Chemosh entering game, rented equipment lost (no $).
Jan 30 19:54:48 :: Chemosh entering game, rented equipment lost (no $).
Jan 31 10:49:07 :: Chemosh entering game, rented equipment lost (no $).
Jan 31 14:12:50 :: Chemosh entering game, rented equipment lost (no $).
Jan 31 20:50:54 :: Chemosh entering game, rented equipment lost (no $).
Feb  1 11:30:35 :: Chemosh entering game, rented equipment lost (no $).
Feb  1 17:45:56 :: Chemosh entering game, rented equipment lost (no $).
Feb  1 21:04:48 :: Chemosh entering game, rented equipment lost (no $).
Feb  2 09:13:08 :: Chemosh entering game, rented equipment lost (no $).
Feb  3 20:25:37 :: Chemosh entering game, rented equipment lost (no $).
Feb  4 20:36:39 :: Chemosh entering game, rented equipment lost (no $).
Feb  5 12:10:33 :: Chemosh entering game, rented equipment lost (no $).
Feb  5 20:23:35 :: Chemosh entering game, rented equipment lost (no $).
Feb  6 00:28:35 :: Chemosh entering game, rented equipment lost (no $).
Feb  6 00:52:59 :: Chemosh entering game, rented equipment lost (no $).
Feb  6 00:53:25 :: Chemosh entering game, rented equipment lost (no $).
Feb  6 10:15:25 :: Chemosh entering game, rented equipment lost (no $).
Feb  6 21:00:35 :: Chemosh entering game, rented equipment lost (no $).
Feb  7 01:28:21 :: Rithu entering game, rented equipment lost (no $).
Feb  7 11:01:38 :: Chemosh entering game, rented equipment lost (no $).
Feb  7 13:04:40 :: Chemosh entering game, rented equipment lost (no $).
Feb  7 21:53:44 :: Chemosh entering game, rented equipment lost (no $).
Feb  7 22:31:02 :: Chemosh entering game, rented equipment lost (no $).
Feb  8 10:17:04 :: Chemosh entering game, rented equipment lost (no $).
Feb  8 17:54:53 :: GentleWolf entering game, rented equipment lost (no $).
Feb  8 19:46:46 :: Chemosh entering game, rented equipment lost (no $).
Feb  9 23:03:28 :: Chemosh entering game, rented equipment lost (no $).
Feb 10 18:44:14 :: Chemosh entering game, rented equipment lost (no $).
Feb 10 21:57:45 :: Chemosh entering game, rented equipment lost (no $).
Feb 10 22:25:58 :: Chemosh entering game, rented equipment lost (no $).
Feb 11 22:47:33 :: Chemosh entering game, rented equipment lost (no $).
Feb 12 14:02:50 :: Chemosh entering game, rented equipment lost (no $).
Feb 12 20:36:11 :: Chemosh entering game, rented equipment lost (no $).
Feb 12 23:31:42 :: Chemosh entering game, rented equipment lost (no $).
Feb 13 11:41:35 :: Chemosh entering game, rented equipment lost (no $).
May  7 19:23:37 :: Auberon entering game, rented equipment lost (no $).
Dec  8 14:24:07 :: Destin entering game, rented equipment lost (no $).
Dec 10 14:09:57 :: Darvia entering game, rented equipment lost (no $).
Dec 10 14:11:35 :: Aderian entering game, rented equipment lost (no $).
Dec 12 01:32:19 :: Ka-shi entering game, rented equipment lost (no $).
Dec 12 01:36:25 :: Shyrik entering game, rented equipment lost (no $).
Dec 17 02:45:07 :: Magnus entering game, rented equipment lost (no $).
Dec 21 04:12:01 :: Auberon entering game, rented equipment lost (no $).
Jan  1 12:30:05 :: Larx entering game, rented equipment lost (no $).
Jan  7 23:47:43 :: Crayde entering game, rented equipment lost (no $).
Jan 16 19:52:52 :: Xelye entering game, rented equipment lost (no $).
May  4 20:14:20 :: Jassan entering game, rented equipment lost (no $).
May  4 22:56:06 :: Lui-Ju entering game, rented equipment lost (no $).
