Aug 31 04:04:47 :: Running game on port 6010.
Sep  1 04:23:14 :: Running game on port 6010.
Sep  1 05:00:43 :: Running game on port 6010.
Sep  1 05:12:58 :: Running game on port 6010.
Sep  1 05:19:51 :: Running game on port 6010.
Sep  1 05:20:55 :: Running game on port 6010.
Sep  1 07:01:07 :: Running game on port 6010.
Sep  1 09:02:27 :: Running game on port 6010.
Sep  1 09:20:42 :: Running game on port 6010.
Sep  1 09:23:27 :: Running game on port 6010.
Sep  1 09:24:15 :: Running game on port 6010.
Sep  1 09:25:08 :: Running game on port 6010.
Sep  1 10:00:15 :: Running game on port 6010.
Sep  1 16:15:47 :: Running game on port 6010.
Sep  1 16:38:15 :: Running game on port 6010.
Sep  1 20:13:17 :: Running game on port 6010.
Sep  2 20:16:36 :: Running game on port 6010.
Sep  3 17:07:55 :: Running game on port 6010.
Sep  3 22:30:55 :: Running game on port 6010.
Sep  4 01:20:26 :: Running game on port 6010.
Sep  4 17:49:11 :: Running game on port 6010.
Sep  6 08:33:07 :: Running game on port 6010.
Sep  8 16:59:23 :: Running game on port 6010.
Sep 11 05:43:14 :: Running game on port 6010.
Sep 11 05:48:57 :: Running game on port 6010.
Sep 11 06:19:47 :: Running game on port 6010.
Sep 11 08:45:18 :: Running game on port 6010.
Sep 11 11:37:50 :: Running game on port 6010.
Sep 11 13:43:56 :: Running game on port 6010.
Sep 11 16:12:26 :: Running game on port 6010.
Sep 18 06:09:27 :: Running game on port 6010.
Sep 18 20:29:12 :: Running game on port 6010.
Sep 20 23:33:40 :: Running game on port 6010.
Sep 21 19:09:59 :: Running game on port 6010.
Sep 23 14:35:37 :: Running game on port 6010.
Sep 25 12:41:30 :: Running game on port 6010.
Sep 26 12:24:52 :: Running game on port 6010.
Oct  1 16:20:42 :: Running game on port 6010.
Oct  4 13:32:19 :: Running game on port 6010.
Oct  4 13:54:30 :: Running game on port 6010.
Oct  4 18:26:22 :: Running game on port 6010.
Oct  5 06:52:40 :: Running game on port 6010.
Oct  6 12:34:03 :: Running game on port 6010.
Oct  8 12:33:03 :: Running game on port 6010.
Oct  8 13:53:47 :: Running game on port 6010.
Oct  8 15:02:17 :: Running game on port 6010.
Oct  8 19:39:22 :: Running game on port 6010.
Oct  8 21:43:05 :: Running game on port 6010.
Oct  9 06:14:26 :: Running game on port 6010.
Oct 10 01:39:57 :: Running game on port 6010.
Oct 10 04:57:08 :: Running game on port 6010.
Oct 11 09:03:55 :: Running game on port 6010.
Oct 11 17:40:56 :: Running game on port 6010.
Oct 17 15:37:03 :: Running game on port 6010.
Oct 19 11:01:12 :: Running game on port 6010.
Oct 22 18:57:44 :: Running game on port 6010.
Oct 25 20:38:08 :: Running game on port 6010.
Oct 26 03:23:16 :: Running game on port 6010.
Oct 29 17:48:50 :: Running game on port 6010.
Nov  2 08:13:49 :: Running game on port 6010.
Nov  8 16:03:31 :: Running game on port 6010.
Nov 14 17:06:46 :: Running game on port 6010.
Nov 16 21:00:31 :: Running game on port 6010.
Nov 18 12:20:57 :: Running game on port 6010.
Nov 18 15:04:26 :: Running game on port 6010.
Nov 19 13:41:42 :: Running game on port 6010.
Nov 26 13:56:14 :: Running game on port 6010.
Nov 27 03:47:57 :: Running game on port 6010.
Nov 27 03:49:36 :: Running game on port 6010.
Nov 27 04:04:59 :: Running game on port 6010.
Nov 28 06:04:00 :: Running game on port 6010.
Nov 29 22:47:12 :: Running game on port 6010.
Dec  1 11:17:46 :: Running game on port 6010.
Dec  1 14:12:51 :: Running game on port 6010.
Dec  1 14:13:40 :: Running game on port 6010.
Dec  1 17:47:54 :: Running game on port 6010.
Dec  1 17:59:17 :: Running game on port 6010.
Dec  5 21:56:58 :: Running game on port 6010.
Dec  5 21:59:30 :: Running game on port 6010.
Dec  5 22:00:16 :: Running game on port 6010.
Dec  5 22:17:16 :: Running game on port 6010.
Dec  5 22:20:43 :: Running game on port 6010.
Dec  5 22:47:46 :: Running game on port 6010.
Dec  6 00:31:38 :: Running game on port 6010.
Dec  6 00:46:03 :: Running game on port 6010.
Dec  6 03:13:29 :: Running game on port 6010.
Dec  7 12:04:53 :: Running game on port 6010.
Dec  7 12:16:52 :: Running game on port 6010.
Dec  7 21:28:43 :: Running game on port 6010.
Dec  8 02:17:57 :: Running game on port 6010.
Dec  8 04:15:03 :: Running game on port 6010.
Dec  9 05:46:08 :: Running game on port 6010.
Dec 10 07:15:05 :: Running game on port 6010.
Dec 13 19:27:27 :: Runningfox [ac889a9d.ipt.aol.com] new player.
Dec 13 19:27:56 :: Runningfox entering game with no equipment.
Dec 13 19:28:03 :: Runningfox has quit the game.
Dec 13 19:33:55 :: Runningfox (lev 0) has self-deleted and left Krynn forever.
Dec 17 10:00:20 :: Running game on port 6010.
Dec 17 23:07:19 :: Running game on port 6010.
Dec 31 02:10:13 :: Running game on port 6010.
Jan  3 06:29:51 :: Running game on port 6010.
Jan  5 12:13:13 :: Running game on port 6010.
Jan  5 23:57:10 :: Running game on port 6010.
Jan  8 21:55:21 :: Running game on port 6010.
Jan 16 17:14:41 :: Running game on port 6010.
Jan 21 19:19:30 :: Running game on port 6010.
Jan 26 21:03:32 :: Running game on port 6010.
Feb  1 11:31:27 :: Running game on port 6010.
Feb  4 23:54:41 :: Running game on port 6010.
Feb  9 11:06:21 :: Running game on port 6010.
Feb  9 11:19:45 :: Running game on port 6010.
Feb 11 10:16:09 :: Running game on port 6010.
Feb 11 17:42:47 :: Running game on port 6010.
Feb 11 21:36:44 :: Running game on port 6010.
Feb 12 17:56:58 :: Running game on port 6010.
Feb 15 20:28:26 :: Running game on port 6010.
Feb 15 20:44:40 :: Running game on port 6010.
Feb 18 06:55:25 :: Running game on port 6010.
Feb 19 17:51:42 :: Running game on port 6010.
Feb 22 18:22:06 :: Running game on port 6010.
Feb 27 16:51:05 :: Running game on port 6010.
Feb 27 16:55:01 :: Running game on port 6010.
Feb 27 17:05:32 :: Running game on port 6010.
Mar  4 23:52:15 :: Running game on port 6010.
Mar  5 21:19:44 :: Running game on port 6010.
Mar  5 22:05:41 :: Running game on port 6010.
Mar 10 18:42:54 :: Running game on port 6010.
Mar 14 20:37:51 :: Running game on port 6010.
Mar 15 00:30:14 :: Running game on port 6010.
Mar 16 23:24:33 :: Running game on port 6010.
Mar 17 05:30:52 :: Running game on port 6010.
Mar 20 01:18:07 :: Running game on port 6010.
Mar 21 23:23:31 :: Running game on port 6010.
Mar 21 23:34:25 :: Running game on port 6010.
Mar 21 23:38:14 :: Running game on port 6010.
Mar 22 19:32:24 :: Running game on port 6010.
Mar 24 19:50:42 :: Running game on port 6010.
Mar 28 18:38:50 :: Running game on port 6010.
Mar 28 23:10:31 :: Running game on port 6010.
Mar 29 17:50:52 :: Running game on port 6010.
Mar 31 16:13:34 :: Running game on port 6010.
Mar 31 21:29:21 :: Running game on port 6010.
Apr  2 17:11:24 :: Running game on port 6010.
Apr  4 00:15:49 :: Running game on port 6010.
Apr  4 23:33:12 :: Running game on port 6010.
Apr  5 21:05:02 :: Running game on port 6010.
Apr 10 17:48:11 :: Running game on port 6010.
Apr 11 17:36:08 :: Running game on port 6010.
Apr 12 23:31:10 :: Running game on port 6010.
Apr 16 04:01:21 :: Running game on port 6010.
Apr 17 15:17:17 :: Running game on port 6010.
Apr 19 14:39:53 :: Running game on port 6010.
Apr 19 16:58:04 :: Running game on port 6010.
Apr 19 17:06:24 :: Running game on port 6010.
Apr 20 22:27:10 :: Running game on port 6010.
Apr 22 18:30:51 :: Running game on port 6010.
Apr 24 22:31:33 :: Running game on port 6010.
Apr 28 15:29:09 :: Running game on port 6010.
Apr 28 16:47:24 :: Running game on port 6010.
Apr 30 13:37:35 :: Running game on port 6010.
Apr 30 19:43:28 :: Running game on port 6010.
May  1 04:33:32 :: Running game on port 6010.
May  1 16:28:16 :: Running game on port 6010.
May  2 14:48:07 :: Running game on port 6010.
May  2 18:20:33 :: Running game on port 6010.
May  3 00:11:23 :: Running game on port 6010.
May 10 23:44:12 :: Running game on port 6010.
May 13 21:13:04 :: Running game on port 6010.
May 20 00:09:35 :: Running game on port 6010.
May 21 21:01:17 :: Running game on port 6010.
May 21 21:26:48 :: Running game on port 6010.
May 27 07:26:34 :: Running game on port 6010.
Jun  1 17:17:40 :: Running game on port 6010.
Jun  2 00:19:10 :: Running game on port 6010.
Jun  5 19:38:05 :: Running game on port 6010.
Jun  5 21:49:52 :: Running game on port 6010.
Jun 12 21:20:29 :: Running game on port 6010.
Jun 22 00:11:53 :: Running game on port 6010.
Jun 22 19:49:10 :: Running game on port 6010.
Jul  8 13:01:55 :: Running game on port 6010.
Jul 10 12:25:38 :: Running game on port 6010.
Sep 27 17:32:04 :: Running game on port 6010.
Sep 29 01:42:43 :: Running game on port 6010.
Sep 29 03:17:38 :: Running game on port 6010.
Oct 13 05:40:08 :: Running game on port 6010.
Oct 20 14:13:24 :: Running game on port 6010.
Oct 23 01:58:05 :: Running game on port 6010.
Oct 24 01:34:50 :: Running game on port 6010.
Nov  3 15:00:19 :: Running game on port 6010.
Nov  3 15:06:15 :: Running game on port 6010.
Nov 16 18:45:14 :: Running game on port 6010.
Nov 17 01:31:21 :: Running game on port 6010.
Nov 18 12:11:44 :: Running game on port 6010.
Nov 18 17:25:35 :: Running game on port 6010.
Nov 19 02:03:44 :: Running game on port 6010.
Nov 20 22:14:40 :: Running game on port 6010.
Nov 26 05:23:51 :: Running game on port 6010.
Nov 28 23:55:42 :: Running game on port 6010.
Dec  4 15:26:40 :: Running game on port 6010.
Dec  6 21:52:30 :: Running game on port 6010.
Dec  7 05:28:44 :: Almirrae killed by the prisoner's guard at A Cavernous Hallway Running through the Temple
Dec  8 16:50:13 :: Running game on port 6010.
Dec 10 03:26:09 :: Running game on port 6010.
Dec 10 03:29:18 :: Running game on port 6010.
Dec 10 03:35:28 :: Running game on port 6010.
Dec 10 03:38:12 :: Running game on port 6010.
Dec 28 05:31:06 :: Running game on port 6010.
Jan  1 22:45:27 :: Running game on port 6010.
Jan  2 18:41:59 :: Running game on port 6010.
Jan  3 03:10:27 :: Running game on port 6010.
Jan  5 00:34:17 :: Running game on port 6010.
Jan 11 22:41:18 :: Running game on port 6010.
Jan 11 23:51:29 :: Running game on port 6010.
Jan 16 05:22:23 :: Running game on port 6010.
Jan 16 19:11:21 :: Running game on port 6010.
Jan 20 11:47:34 :: Running game on port 6010.
Jan 20 19:07:57 :: Running game on port 6010.
Jan 20 19:15:55 :: Running game on port 6010.
Jan 21 00:07:55 :: Running game on port 6010.
Jan 23 22:05:30 :: Running game on port 6010.
Jan 30 19:36:20 :: Running game on port 6010.
Feb  2 04:42:15 :: Running game on port 6010.
Feb  4 23:49:39 :: Running game on port 6010.
Feb  5 01:06:14 :: Running game on port 6010.
Feb  5 02:14:50 :: Running game on port 6010.
Feb  5 22:21:09 :: Running game on port 6010.
Feb  8 21:26:28 :: Running game on port 6010.
Feb  8 21:29:13 :: Running game on port 6010.
Feb  8 21:39:11 :: Running game on port 6010.
Feb  9 22:49:17 :: Running game on port 6010.
Feb 10 09:48:22 :: Running game on port 6010.
Feb 10 22:06:00 :: Running game on port 6010.
Feb 11 20:48:16 :: Running game on port 6010.
Feb 13 16:59:14 :: Zikhala killed by an acolyte in the temple at A Cavernous Hallway Running through the Temple
Feb 20 13:17:55 :: Running game on port 6010.
Feb 20 13:51:56 :: Running game on port 6010.
Feb 24 23:21:19 :: Running game on port 6010.
Feb 27 12:01:36 :: Running game on port 6010.
Mar  3 19:07:47 :: Chislev's title is now: Running to the store, afk. (Chislev chis chizzle Human)
Mar  5 22:08:20 :: Running game on port 6010.
Mar  5 22:44:19 :: Running game on port 6010.
Mar  7 15:00:46 :: Running game on port 6010.
Mar 13 23:27:41 :: Running game on port 6010.
Mar 14 23:54:51 :: Running game on port 6010.
Mar 16 22:21:35 :: Running game on port 6010.
Mar 23 19:42:30 :: Running game on port 6010.
Mar 24 01:59:38 :: Running game on port 6010.
Mar 31 10:50:08 :: Running game on port 6010.
Apr  5 22:14:51 :: Running game on port 6010.
Apr  7 12:28:17 :: Running game on port 6010.
Apr 19 23:13:32 :: Running game on port 6010.
Apr 19 23:14:12 :: Running game on port 6010.
May  5 04:02:56 :: Running game on port 6010.
May 11 02:16:08 :: Running game on port 6010.
May 24 14:21:05 :: Running game on port 6010.
May 24 14:32:21 :: Running game on port 6010.
Jun  8 10:49:40 :: Running game on port 6010.
Jun 19 11:38:21 :: Running game on port 6010.
Jun 22 12:10:22 :: Running game on port 6010.
Jun 22 12:20:05 :: Running game on port 6010.
Jun 25 03:30:14 :: Running game on port 6010.
Jun 25 14:27:32 :: Running game on port 6010.
Jun 27 21:52:52 :: Running game on port 6010.
Jun 29 18:12:05 :: Running game on port 6010.
Jun 29 19:38:51 :: Running game on port 6010.
Jul  1 21:56:20 :: Running game on port 6010.
Jul  6 16:14:26 :: Running game on port 6010.
Jul  7 16:02:32 :: Running game on port 6010.
Jul 10 15:43:32 :: Running game on port 6010.
Jul 11 16:09:56 :: Running game on port 6010.
Jul 12 00:32:12 :: Running game on port 6010.
Jul 12 15:40:09 :: Running game on port 6010.
Jul 15 20:32:59 :: Running game on port 6010.
Jul 15 21:18:14 :: Running game on port 6010.
Jul 15 21:18:55 :: Running game on port 6010.
Jul 16 00:58:03 :: Running game on port 6010.
Jul 19 02:20:35 :: Running game on port 6010.
Jul 22 12:25:10 :: Running game on port 6010.
Jul 24 20:49:40 :: Running game on port 6010.
Jul 25 19:49:07 :: Running game on port 6010.
Jul 26 11:01:02 :: Running game on port 6010.
Jul 27 21:47:50 :: Running game on port 6010.
Jul 27 22:45:50 :: Running game on port 6010.
Jul 29 10:55:59 :: Running game on port 6010.
Jul 30 16:51:40 :: Running game on port 6010.
Aug  1 01:53:01 :: Running game on port 6010.
Aug  1 02:33:00 :: Running game on port 6010.
Aug  5 01:21:59 :: Running game on port 6010.
Aug  5 20:59:45 :: Running game on port 6010.
Aug  5 23:49:02 :: Running game on port 6010.
Aug  7 11:46:35 :: Running game on port 6010.
Aug  7 15:03:28 :: Running game on port 6010.
Aug  8 16:17:52 :: Running game on port 6010.
Aug 11 21:26:48 :: Running game on port 6010.
Aug 11 21:32:36 :: Running game on port 6010.
Aug 11 21:33:14 :: Running game on port 6010.
Aug 11 21:33:51 :: Running game on port 6010.
Aug 22 22:39:05 :: Running game on port 6010.
Sep  1 19:13:06 :: Running game on port 6010.
Sep  1 19:21:29 :: Running game on port 6010.
Sep 19 10:10:12 :: Running game on port 6010.
Sep 23 04:56:43 :: Running game on port 6010.
Sep 25 18:54:03 :: Running game on port 6010.
Oct  8 06:32:43 :: Running game on port 6010.
Oct 20 23:46:53 :: Running game on port 6010.
Oct 23 19:56:39 :: Running game on port 6010.
Oct 24 03:09:40 :: Running game on port 6010.
Oct 26 22:31:00 :: Running game on port 6010.
Oct 27 02:06:18 :: Running game on port 6010.
Oct 27 02:07:40 :: Running game on port 6010.
Oct 27 06:40:35 :: Running game on port 6010.
Oct 27 06:44:48 :: Running game on port 6010.
Oct 27 06:50:37 :: Running game on port 6010.
Oct 27 06:59:10 :: Running game on port 6010.
Oct 27 09:43:33 :: Running game on port 6010.
Oct 27 09:44:42 :: Running game on port 6010.
Oct 27 09:44:47 :: Running game on port 6010.
Oct 27 09:46:26 :: Running game on port 6010.
Oct 27 11:53:41 :: Running game on port 6010.
Oct 27 11:54:14 :: Running game on port 6010.
Oct 27 11:57:26 :: Running game on port 6010.
Oct 27 12:51:26 :: Running game on port 6010.
Oct 27 13:44:11 :: Running game on port 6010.
Oct 27 15:05:38 :: Running game on port 6010.
Oct 27 15:13:45 :: Running game on port 6010.
Oct 27 15:17:17 :: Running game on port 6010.
Oct 27 15:53:08 :: Running game on port 6010.
Oct 27 16:02:43 :: Running game on port 6010.
Oct 27 16:04:44 :: Running game on port 6010.
Oct 27 16:06:39 :: Running game on port 6010.
Oct 27 16:14:52 :: Running game on port 6010.
Oct 27 17:45:33 :: Running game on port 6010.
Oct 27 17:57:26 :: Running game on port 6010.
Oct 28 12:41:15 :: Running game on port 6010.
Oct 28 21:07:12 :: Running game on port 6010.
Oct 28 21:08:38 :: Running game on port 6010.
Oct 28 21:14:14 :: Running game on port 6010.
Oct 28 21:34:25 :: Running game on port 6010.
Oct 28 21:48:03 :: Running game on port 6010.
Oct 28 21:54:41 :: Running game on port 6010.
Oct 28 21:57:05 :: Running game on port 6010.
Oct 28 21:59:10 :: Running game on port 6010.
Oct 28 22:54:20 :: Running game on port 6010.
Oct 28 23:00:02 :: Running game on port 6010.
Oct 28 23:04:45 :: Running game on port 6010.
Oct 29 17:33:30 :: Running game on port 6010.
Oct 31 02:29:17 :: Running game on port 6010.
Oct 31 21:07:33 :: Running game on port 6010.
Nov  4 18:16:50 :: Running game on port 6010.
Nov  4 21:37:59 :: Running game on port 6010.
Nov  4 21:38:45 :: Running game on port 6010.
Nov  9 00:03:36 :: Running game on port 6010.
Nov 11 17:02:23 :: Running game on port 6010.
Nov 18 02:37:07 :: Running game on port 6010.
Nov 19 19:37:06 :: Running game on port 6010.
Nov 19 19:38:01 :: Running game on port 6010.
Nov 29 01:31:59 :: Running game on port 6010.
Nov 29 18:41:19 :: Running game on port 6010.
Nov 29 19:20:38 :: Running game on port 6010.
Dec  5 20:34:35 :: Running game on port 6010.
Dec 12 13:32:10 :: Running game on port 6010.
Dec 16 21:28:18 :: Running game on port 6010.
Dec 25 21:41:44 :: Running game on port 6010.
Dec 29 15:23:49 :: Running game on port 6010.
Dec 31 19:43:10 :: Running game on port 6010.
Jan  1 19:43:29 :: Running game on port 6010.
Jan  3 23:00:54 :: Running game on port 6010.
Jan  4 15:54:18 :: Running game on port 6010.
Jan  9 15:45:12 :: Running game on port 6010.
Jan 10 00:35:05 :: Running game on port 6010.
Jan 10 20:09:49 :: Running game on port 6010.
Jan 10 20:10:23 :: Running game on port 6010.
Jan 12 23:37:36 :: Running game on port 6010.
Jan 13 14:45:32 :: Running game on port 6010.
Jan 15 21:05:15 :: Running game on port 6010.
Jan 16 17:10:44 :: Running game on port 6010.
Jan 21 04:06:18 :: Running game on port 6010.
Jan 21 16:24:56 :: Running game on port 6010.
Jan 21 16:46:51 :: Running game on port 6010.
Jan 25 01:04:59 :: Running game on port 6010.
Jan 25 19:54:37 :: Running game on port 6010.
Jan 25 20:41:39 :: Running game on port 6010.
Jan 26 18:32:18 :: Running game on port 6010.
Feb  2 13:05:26 :: Running game on port 6010.
Feb  2 15:46:48 :: Running game on port 6010.
Feb 11 00:22:28 :: Running game on port 6010.
Feb 11 03:29:25 :: Running game on port 6010.
Feb 11 17:50:13 :: Running game on port 6010.
Feb 12 19:04:00 :: Running game on port 6010.
Feb 13 16:44:40 :: Running game on port 6020.
Feb 23 19:23:49 :: Running game on port 6020.
Feb 23 19:25:05 :: Running game on port 6020.
Feb 23 19:25:25 :: Running game on port 6020.
Feb 23 19:25:30 :: Running game on port 6020.
Mar  6 20:29:25 :: Running game on port 6020.
Mar  6 20:31:49 :: Running game on port 6020.
Mar  6 20:32:13 :: Running game on port 6020.
Mar  6 20:41:11 :: Running game on port 6020.
Mar  6 20:41:37 :: Running game on port 6020.
Mar  6 21:12:41 :: Running game on port 6020.
Mar  6 21:12:43 :: Running game on port 6020.
Mar  6 21:13:09 :: Running game on port 6020.
Mar  6 21:13:26 :: Running game on port 6020.
Mar  6 21:17:18 :: Running game on port 6020.
Mar  6 21:17:39 :: Running game on port 6020.
Mar  6 21:18:53 :: Running game on port 6020.
Mar  6 21:19:21 :: Running game on port 6020.
Mar  6 21:26:34 :: Running game on port 6020.
Mar  6 21:27:01 :: Running game on port 6020.
Apr  4 12:05:40 :: Running game on port 6020.
Apr  4 12:14:11 :: Running game on port 6020.
Apr  4 12:14:38 :: Running game on port 6020.
Apr  4 12:16:18 :: Running game on port 6020.
Apr  4 12:16:24 :: Running game on port 6020.
Apr  4 12:26:33 :: Running game on port 6020.
Apr  7 16:42:00 :: Running game on port 6020.
Apr  7 16:46:33 :: Running game on port 6020.
Apr  7 19:54:29 :: Running game on port 6020.
Apr  7 19:57:35 :: Running game on port 6020.
Apr  7 19:58:01 :: Running game on port 6020.
Apr  7 20:02:54 :: Running game on port 6020.
Apr  7 20:03:19 :: Running game on port 6020.
Apr 11 16:11:41 :: Running game on port 6020.
Apr 11 16:12:10 :: Running game on port 6020.
Apr 11 16:20:18 :: Running game on port 6020.
Apr 11 16:20:20 :: Running game on port 6020.
Apr 11 16:32:50 :: Running game on port 6020.
Apr 11 16:33:17 :: Running game on port 6020.
Apr 11 16:36:46 :: Running game on port 6020.
Apr 11 16:37:13 :: Running game on port 6020.
May  7 15:44:02 :: Running game on port 6020.
May  7 15:49:53 :: Running game on port 6020.
May  7 15:55:18 :: Running game on port 6020.
May  7 16:01:59 :: Running game on port 6020.
May  7 16:17:04 :: Running game on port 6020.
May  7 16:17:23 :: Running game on port 6020.
May  7 17:40:31 :: Running game on port 6020.
May  7 17:40:58 :: Running game on port 6020.
May  7 17:46:07 :: Running game on port 6020.
May  7 17:46:33 :: Running game on port 6020.
May  7 17:52:15 :: Running game on port 6020.
May  7 17:52:41 :: Running game on port 6020.
May  7 19:15:54 :: Running game on port 6020.
May  7 19:16:20 :: Running game on port 6020.
May  7 19:21:40 :: Running game on port 6020.
May  7 19:25:04 :: Running game on port 6020.
May  7 19:27:57 :: Running game on port 6020.
May  7 19:28:19 :: Running game on port 6020.
May  7 19:31:08 :: Running game on port 6020.
May  7 19:31:31 :: Running game on port 6020.
May  8 08:02:04 :: Running game on port 6020.
May  8 10:29:10 :: Running game on port 6020.
May  8 10:31:19 :: Running game on port 6020.
May  8 10:31:40 :: Running game on port 6020.
May  8 10:51:13 :: Running game on port 6020.
May  8 10:51:40 :: Running game on port 6020.
May  8 11:08:07 :: Running game on port 6020.
May  8 11:08:34 :: Running game on port 6020.
May  8 11:11:36 :: Running game on port 6020.
May  8 11:12:02 :: Running game on port 6020.
May  8 11:12:24 :: Running game on port 6020.
May  8 11:12:35 :: Running game on port 6020.
May  8 11:12:42 :: Running game on port 6020.
May  8 11:12:54 :: Running game on port 6020.
May  8 11:13:02 :: Running game on port 6020.
May  8 11:13:17 :: Running game on port 6020.
May  8 11:13:37 :: Running game on port 6020.
May  8 11:14:00 :: Running game on port 6020.
May  8 11:14:00 :: Running game on port 6020.
May  8 11:14:26 :: Running game on port 6020.
May  8 11:16:13 :: Running game on port 6020.
May  8 11:16:26 :: Running game on port 6020.
May  8 11:16:49 :: Running game on port 6020.
May  8 11:20:12 :: Running game on port 6020.
May  8 11:20:26 :: Running game on port 6020.
May  8 11:20:32 :: Running game on port 6020.
May  8 11:20:51 :: Running game on port 6020.
May  8 11:20:52 :: Running game on port 6020.
May  8 11:21:01 :: Running game on port 6020.
May  8 11:21:07 :: Running game on port 6020.
May  8 11:23:28 :: Running game on port 6020.
May  8 11:24:48 :: Running game on port 6020.
May  8 11:25:12 :: Running game on port 6020.
May  8 11:25:34 :: Running game on port 6020.
May  8 11:25:53 :: Running game on port 6020.
May  8 11:26:13 :: Running game on port 6020.
May  8 11:26:35 :: Running game on port 6020.
May  8 11:27:06 :: Running game on port 6020.
May  8 11:27:26 :: Running game on port 6020.
May  8 11:27:52 :: Running game on port 6020.
May  8 11:28:09 :: Running game on port 6020.
May  8 11:28:54 :: Running game on port 6020.
May  8 11:29:06 :: Running game on port 6020.
May  8 11:29:56 :: Running game on port 6020.
May  8 11:33:53 :: Running game on port 6020.
May  8 11:34:18 :: Running game on port 6020.
May  8 12:02:49 :: Running game on port 6020.
May  8 15:41:27 :: Running game on port 6020.
May  8 15:41:54 :: Running game on port 6020.
May  8 16:14:44 :: Running game on port 6020.
May 21 22:26:35 :: Running game on port 6020.
May 21 22:27:23 :: Running game on port 6020.
May 21 22:27:23 :: Running game on port 6020.
May 21 22:28:06 :: Running game on port 6020.
May 28 18:53:12 :: Running game on port 6020.
May 28 18:54:48 :: Running game on port 6020.
May 28 19:02:00 :: Running game on port 6020.
May 28 19:05:41 :: Running game on port 6020.
May 28 19:05:56 :: Running game on port 6020.
May 28 19:06:32 :: Running game on port 6020.
May 28 19:07:44 :: Running game on port 6020.
May 28 19:08:12 :: Running game on port 6020.
May 28 19:08:48 :: Running game on port 6020.
May 28 19:08:52 :: Running game on port 6020.
May 28 19:09:29 :: Running game on port 6020.
May 28 19:09:31 :: Running game on port 6020.
May 28 19:10:13 :: Running game on port 6020.
May 28 19:11:06 :: Running game on port 6020.
May 28 19:11:06 :: Running game on port 6020.
May 28 19:11:06 :: Running game on port 6020.
May 28 19:11:06 :: Running game on port 6020.
May 28 19:15:52 :: Running game on port 6020.
May 28 19:16:29 :: Running game on port 6020.
May 28 19:17:08 :: Running game on port 6020.
May 28 19:17:48 :: Running game on port 6020.
May 28 19:30:45 :: Running game on port 6020.
May 28 19:30:54 :: Running game on port 6010.
May 28 19:31:00 :: Running game on port 6010.
May 28 19:32:23 :: Running game on port 6010.
May 28 19:32:32 :: Running game on port 6010.
May 28 19:33:05 :: Running game on port 6010.
May 28 19:37:46 :: Running game on port 6020.
May 28 19:37:59 :: Running game on port 6010.
May 28 19:38:08 :: Running game on port 6020.
May 29 15:54:02 :: Running game on port 6020.
Jun  5 20:28:47 :: Running game on port 6020.
Jun  5 20:31:57 :: Running game on port 6020.
Jun  5 20:39:33 :: Running game on port 6020.
Jun  5 20:40:15 :: Running game on port 6020.
Jun  5 20:46:17 :: Running game on port 6010.
Jun  5 20:48:24 :: Running game on port 6020.
Jun  5 20:49:05 :: Running game on port 6020.
Jun  5 20:49:15 :: Running game on port 6020.
Jun  5 20:50:12 :: Running game on port 6020.
Jun  5 20:58:28 :: Running game on port 6010.
Jun  5 20:59:06 :: Running game on port 6020.
Jun  5 21:00:40 :: Running game on port 6010.
Jun  5 21:01:19 :: Running game on port 6020.
Jun  5 21:08:08 :: Running game on port 6010.
Jun  5 21:08:57 :: Running game on port 6020.
Jun  5 21:22:44 :: Running game on port 6010.
Jun  5 21:23:30 :: Running game on port 6020.
Jun  5 21:23:56 :: Running game on port 6010.
Jun  5 21:24:39 :: Running game on port 6020.
Jun  5 21:24:52 :: Running game on port 6010.
Jun  5 21:26:15 :: Running game on port 6010.
Jun  5 21:30:29 :: Running game on port 6010.
Jun  5 21:33:18 :: Running game on port 6020.
Jun  5 21:34:30 :: Running game on port 6010.
Jun  5 21:38:15 :: Running game on port 6020.
Jun  5 21:42:34 :: Running game on port 6010.
Jun  5 21:43:00 :: Running game on port 6010.
Jun  6 19:34:28 :: Running game on port 6010.
Jun  8 18:59:31 :: Running game on port 6010.
Jun  8 19:03:14 :: Running game on port 6010.
Jun  8 19:08:44 :: Running game on port 6010.
Jun  8 19:12:02 :: Running game on port 6010.
Jun  9 13:18:06 :: Running game on port 6010.
Jun  9 13:20:45 :: Running game on port 6010.
Jun  9 13:23:47 :: Running game on port 6010.
Jun  9 13:56:20 :: Running game on port 6010.
Jun  9 14:01:39 :: Running game on port 6010.
Jun  9 14:04:57 :: Running game on port 6010.
Jun  9 14:14:08 :: Running game on port 6010.
Jun  9 14:14:16 :: Running game on port 6010.
Jun  9 14:14:36 :: Running game on port 6010.
Jun  9 14:36:21 :: Running game on port 6010.
Jun  9 14:48:51 :: Running game on port 6010.
Jun  9 15:08:45 :: Running game on port 6010.
Jun  9 18:10:44 :: Running game on port 6010.
Jun  9 18:11:15 :: Running game on port 6020.
Jun  9 18:12:32 :: Running game on port 6020.
Jun  9 18:13:09 :: Running game on port 6020.
Jun  9 18:18:49 :: Running game on port 6020.
Jun  9 18:30:31 :: Running game on port 6010.
Jun  9 18:31:35 :: Running game on port 6010.
Jun  9 18:32:42 :: Running game on port 6010.
Jun  9 18:33:50 :: Running game on port 6010.
Jun  9 18:38:20 :: Running game on port 6010.
Jun  9 18:38:51 :: Running game on port 6020.
Jun  9 18:39:58 :: Running game on port 6020.
Jun  9 18:40:39 :: Running game on port 6020.
Jun  9 18:41:57 :: Running game on port 6020.
Jun  9 18:42:33 :: Running game on port 6010.
Jun  9 18:51:20 :: Running game on port 6010.
Jun  9 18:54:29 :: Running game on port 6010.
Jun 11 10:14:23 :: Running game on port 6020.
Jun 11 10:16:17 :: Running game on port 6020.
Jun 11 10:19:26 :: Running game on port 6020.
Jun 11 10:19:54 :: Running game on port 6010.
Jun 11 13:22:00 :: Running game on port 6010.
Jun 11 13:23:02 :: Running game on port 6010.
Jun 16 14:44:30 :: Running game on port 6020.
Jun 16 14:45:10 :: Running game on port 6020.
Jun 16 15:01:29 :: Running game on port 6010.
Jun 19 07:37:45 :: Running game on port 6020.
Jun 19 07:38:22 :: Running game on port 6020.
Jun 19 07:41:06 :: Running game on port 6020.
Jun 19 07:52:34 :: Running game on port 6010.
Jun 19 08:19:10 :: Running game on port 6010.
Jun 19 08:20:50 :: Running game on port 6010.
Jun 19 07:41:06 :: Running game on port 6020.
Jun 19 07:52:34 :: Running game on port 6010.
Jun 19 08:19:10 :: Running game on port 6010.
Jun 19 08:20:50 :: Running game on port 6010.
Jun 19 07:41:06 :: Running game on port 6020.
Jun 19 07:52:34 :: Running game on port 6010.
Jun 19 08:19:10 :: Running game on port 6010.
Jun 19 08:20:50 :: Running game on port 6010.
Jul 18 09:55:11 :: Running game on port 6020.
Jul 18 15:22:44 :: Running game on port 6010.
Jul 18 15:24:16 :: Running game on port 6010.
Jul 18 15:26:44 :: Running game on port 6010.
Jul 18 15:29:34 :: Running game on port 6010.
Jul 18 15:34:28 :: Running game on port 6010.
Jul 18 15:40:29 :: Running game on port 6010.
Jul 18 15:41:57 :: Running game on port 6010.
Jul 18 15:42:35 :: Running game on port 6010.
Jul 18 15:53:55 :: Running game on port 6010.
Jul 18 16:00:53 :: Running game on port 6010.
Jul 18 16:03:44 :: Running game on port 6010.
Jul 18 16:04:21 :: Running game on port 6010.
Jul 18 16:06:09 :: Running game on port 6010.
Jul 18 16:08:02 :: Running game on port 6010.
Jul 18 16:12:05 :: Running game on port 6010.
Jul 18 16:13:37 :: Running game on port 6010.
Jul 18 16:15:31 :: Running game on port 6010.
Jul 18 19:03:56 :: Running game on port 6010.
Jul 18 19:46:43 :: Running game on port 6010.
Jul 18 19:48:51 :: Running game on port 6020.
Jul 18 19:53:14 :: Running game on port 6010.
Jul 18 19:55:08 :: Running game on port 6020.
Jul 18 19:59:55 :: Running game on port 6020.
Jul 18 20:00:57 :: Running game on port 6020.
Jul 18 20:02:02 :: Running game on port 6020.
Jul 18 20:03:07 :: Running game on port 6020.
Jul 18 20:04:12 :: Running game on port 6020.
Jul 18 20:04:55 :: Running game on port 6010.
Jul 18 20:09:46 :: Running game on port 6020.
Jul 18 20:11:49 :: Running game on port 6010.
Jul 18 21:13:58 :: Running game on port 6010.
Jul 18 21:14:42 :: Running game on port 6020.
Jul 18 21:15:20 :: Running game on port 6020.
Jul 18 21:18:01 :: Running game on port 6020.
Jul 18 21:19:07 :: Running game on port 6010.
Jul 18 21:19:48 :: Running game on port 6020.
Jul 18 21:22:27 :: Running game on port 6020.
Jul 18 21:30:30 :: Running game on port 6020.
Jul 18 21:31:20 :: Running game on port 6020.
Jul 18 21:35:32 :: Running game on port 6020.
Jul 18 21:37:24 :: Running game on port 6010.
Jul 18 21:39:25 :: Running game on port 6010.
Jul 18 21:41:08 :: Running game on port 6010.
Jul 18 21:41:54 :: Running game on port 6020.
Jul 18 21:42:55 :: Running game on port 6010.
Jul 18 21:44:57 :: Running game on port 6010.
Jul 18 21:46:27 :: Running game on port 6010.
Jul 18 21:48:34 :: Running game on port 6010.
Jul 18 21:50:08 :: Running game on port 6010.
Jul 18 21:53:35 :: Running game on port 6010.
Aug  3 09:11:31 :: Running game on port 6020.
Aug 13 15:15:29 :: Running game on port 6010.
Aug 14 19:47:20 :: Running game on port 6010.
Aug 19 03:04:25 :: Running game on port 6010.
Aug 19 16:15:49 :: Running game on port 6010.
Aug 19 16:18:12 :: Running game on port 6010.
Sep  6 05:55:50 :: Running game on port 6010.
Sep 11 19:20:22 :: Running game on port 6010.
Sep 14 22:10:49 :: Running game on port 6010.
Sep 15 00:51:19 :: Running game on port 6010.
Sep 25 15:34:59 :: Running game on port 6010.
Sep 30 17:00:22 :: Running game on port 6010.
Sep 30 17:09:07 :: Running game on port 6010.
Oct  1 07:26:52 :: Running game on port 6010.
Oct  1 07:29:54 :: Running game on port 6010.
Oct  3 19:54:07 :: Running game on port 6010.
Oct  4 14:13:49 :: Running game on port 6010.
Oct  5 08:06:29 :: Running game on port 6010.
Oct  5 08:08:31 :: Running game on port 6010.
Oct  5 08:09:27 :: Running game on port 6010.
Oct  5 08:10:56 :: Running game on port 6010.
Oct  7 20:37:55 :: Running game on port 6010.
Oct  8 19:44:30 :: Running game on port 6010.
Oct 14 19:49:10 :: Running game on port 6010.
Oct 17 14:15:50 :: Running game on port 6010.
Nov  4 11:08:54 :: Running game on port 6010.
Nov 24 16:27:16 :: Running game on port 6010.
Dec  7 00:58:17 :: Running game on port 6010.
Dec  8 09:08:44 :: Running game on port 6010.
Dec 22 23:26:20 :: Running game on port 6010.
Dec 23 08:40:14 :: Running game on port 6010.
Dec 23 13:29:05 :: Running game on port 6010.
Dec 23 14:30:27 :: Running game on port 6010.
Dec 23 14:32:07 :: Running game on port 6010.
Dec 23 15:10:02 :: Running game on port 6010.
Dec 23 15:12:23 :: Running game on port 6010.
Dec 23 16:03:20 :: Running game on port 6010.
Dec 23 16:11:49 :: Running game on port 6010.
Dec 26 22:30:01 :: Running game on port 6010.
Dec 27 11:27:51 :: Running game on port 6010.
Dec 27 11:35:40 :: Running game on port 6010.
Dec 27 11:53:36 :: Running game on port 6010.
Dec 29 19:31:16 :: Running game on port 6010.
Jan  6 20:01:08 :: Running game on port 6010.
Jan 11 18:28:44 :: Running game on port 6010.
Jan 15 01:00:20 :: Running game on port 6010.
Jan 16 19:55:41 :: Running game on port 6010.
Jan 19 15:18:19 :: Running game on port 6010.
Jan 27 23:01:20 :: Running game on port 6010.
Jan 30 21:06:59 :: Running game on port 6010.
Jan 31 21:39:53 :: Running game on port 6010.
Feb  1 18:09:21 :: Running game on port 6010.
Feb  5 18:33:50 :: Running game on port 6010.
Feb  7 21:05:21 :: Running game on port 6010.
Feb  8 21:49:07 :: Running game on port 6010.
Feb 12 18:25:45 :: Running game on port 6010.
Feb 14 16:47:04 :: Running game on port 6010.
Feb 16 00:12:12 :: Running game on port 6010.
Feb 18 15:56:18 :: Running game on port 6010.
Feb 21 17:29:29 :: Running game on port 6010.
Feb 21 17:30:20 :: Running game on port 6010.
Feb 21 17:37:03 :: Running game on port 6010.
Feb 21 17:39:08 :: Running game on port 6010.
Feb 22 06:20:08 :: Running game on port 6010.
Feb 22 12:49:36 :: Running game on port 6010.
Mar  3 20:41:36 :: Running game on port 6010.
Mar  5 18:04:58 :: Running game on port 6010.
Mar  7 11:38:52 :: Running game on port 6010.
Mar  7 11:45:15 :: Running game on port 6010.
Mar  7 11:46:07 :: Running game on port 6010.
Mar  7 15:06:28 :: Running game on port 6090.
Mar  9 12:12:21 :: Running game on port 6010.
Mar 13 22:18:43 :: Running game on port 6010.
Mar 16 23:12:35 :: Running game on port 6010.
Mar 19 09:47:03 :: Running game on port 6010.
Mar 21 11:12:06 :: Running game on port 6010.
Mar 23 16:30:41 :: Running game on port 6010.
Mar 24 19:55:25 :: Running game on port 6010.
Mar 24 20:04:11 :: Running game on port 6010.
Mar 29 00:53:57 :: Running game on port 6010.
Mar 30 00:23:32 :: Running game on port 6010.
Mar 30 22:59:41 :: Running game on port 6010.
Mar 30 22:59:51 :: Running game on port 6010.
Mar 31 15:07:35 :: Running game on port 6010.
Apr  2 19:36:17 :: Running game on port 6010.
Apr  4 23:32:46 :: Running game on port 6010.
Apr  5 20:37:10 :: Running game on port 6010.
Apr  6 14:21:28 :: Running game on port 6010.
Apr  6 14:23:51 :: Running game on port 6010.
Apr  6 14:56:35 :: Running game on port 6010.
Apr  6 15:22:25 :: Running game on port 6010.
Apr  8 14:30:44 :: Running game on port 6010.
Apr  9 04:44:57 :: Running game on port 6010.
Apr  9 20:00:31 :: Running game on port 6010.
Apr 11 02:19:43 :: Running game on port 6010.
Apr 14 01:59:22 :: Running game on port 6010.
Apr 15 00:18:31 :: Running game on port 6010.
Apr 15 03:36:43 :: Running game on port 6010.
Apr 15 05:07:44 :: Running game on port 6010.
Apr 15 05:23:34 :: Running game on port 6010.
Apr 19 03:30:36 :: Running game on port 6010.
Apr 19 22:55:14 :: Running game on port 6010.
Apr 20 21:17:33 :: Running game on port 6010.
Apr 21 22:20:34 :: Running game on port 6010.
Apr 23 19:45:28 :: Running game on port 6010.
Apr 23 21:10:26 :: Running game on port 6010.
Apr 24 02:52:44 :: Running game on port 6010.
Apr 25 21:32:18 :: Running game on port 6010.
Apr 28 22:50:27 :: Running game on port 6010.
Apr 29 04:45:59 :: Running game on port 6010.
Apr 29 13:20:58 :: Running game on port 6010.
Apr 29 21:14:39 :: Running game on port 6010.
Apr 30 04:36:11 :: Running game on port 6010.
Apr 30 11:20:20 :: Running game on port 6010.
Apr 30 11:22:14 :: Running game on port 6010.
Apr 30 13:47:41 :: Running game on port 6010.
Apr 30 13:57:32 :: Running game on port 6010.
Apr 30 15:33:32 :: Running game on port 6010.
Apr 30 15:37:20 :: Running game on port 6010.
Apr 30 15:37:55 :: Running game on port 6010.
Apr 30 18:34:58 :: Running game on port 6010.
Apr 30 18:46:44 :: Running game on port 6010.
Apr 30 18:49:17 :: Running game on port 6010.
Apr 30 19:12:02 :: Running game on port 6010.
Apr 30 19:14:50 :: Running game on port 6010.
Apr 30 19:47:09 :: Running game on port 6010.
Apr 30 22:22:28 :: Running game on port 6010.
May  1 01:49:39 :: Running game on port 6010.
May  1 03:00:10 :: Running game on port 6010.
May  1 09:22:27 :: Running game on port 6010.
May  1 21:21:17 :: Running game on port 6010.
May  2 01:00:27 :: Running game on port 6010.
May  2 17:48:16 :: Running game on port 6010.
May  2 19:25:49 :: Running game on port 6010.
May  2 22:56:09 :: Running game on port 6010.
May  2 23:22:02 :: Running game on port 6010.
May  3 02:53:55 :: Running game on port 6010.
May  3 02:54:05 :: Running game on port 6010.
May  3 12:26:44 :: Running game on port 6010.
May  3 21:51:22 :: Running game on port 6010.
May  4 02:43:11 :: Running game on port 6010.
May  4 02:52:36 :: Running game on port 6010.
May  4 06:21:45 :: Running game on port 6010.
May  4 17:12:46 :: Running game on port 6010.
May  4 19:41:26 :: Running game on port 6010.
May  4 20:41:36 :: Running game on port 6010.
May  4 23:20:38 :: Running game on port 6010.
May  5 00:49:03 :: Running game on port 6010.
May  5 10:16:33 :: Running game on port 6010.
May  5 17:23:25 :: Running game on port 6010.
May  5 19:10:11 :: Running game on port 6010.
May  6 19:58:20 :: Running game on port 6010.
May  7 00:44:17 :: Running game on port 6010.
May  7 14:36:10 :: Running game on port 6010.
May  8 01:02:51 :: Running game on port 6010.
May  8 02:21:18 :: Running game on port 6010.
May  8 13:10:47 :: Running game on port 6010.
May  9 15:12:06 :: Running game on port 6010.
May 10 17:47:29 :: Running game on port 6010.
May 10 19:57:56 :: Running game on port 6010.
May 11 00:49:45 :: Running game on port 6010.
May 11 12:21:55 :: Running game on port 6010.
May 11 21:32:42 :: Running game on port 6010.
May 11 21:35:32 :: Running game on port 6010.
May 12 07:52:58 :: Running game on port 6010.
May 12 11:23:47 :: Running game on port 6010.
May 12 11:33:02 :: Running game on port 6010.
May 12 11:48:44 :: Running game on port 6010.
May 12 23:09:56 :: Running game on port 6010.
May 13 15:01:56 :: Running game on port 6010.
May 16 15:43:17 :: Running game on port 6010.
May 18 00:42:34 :: Running game on port 6010.
May 18 00:43:16 :: Running game on port 6010.
May 18 03:34:50 :: Running game on port 6010.
May 20 20:04:01 :: Running game on port 6010.
May 22 03:54:37 :: Running game on port 6010.
May 22 03:56:20 :: Running game on port 6010.
May 23 03:23:15 :: Running game on port 6010.
May 23 04:46:52 :: Running game on port 6010.
May 24 01:54:50 :: Running game on port 6010.
May 24 14:50:42 :: Running game on port 6010.
May 25 23:55:10 :: Running game on port 6010.
May 27 03:24:07 :: Running game on port 6010.
May 28 02:03:23 :: Running game on port 6010.
May 28 17:07:48 :: Running game on port 6010.
May 29 01:11:24 :: Running game on port 6010.
May 29 01:11:59 :: Running game on port 6010.
May 31 23:12:29 :: Running game on port 6010.
Jun  1 09:13:40 :: Running game on port 6010.
Jun  2 13:27:32 :: Running game on port 6010.
Jun  2 13:29:02 :: Running game on port 6010.
Jun  2 13:30:15 :: Running game on port 6010.
Jun  2 13:37:51 :: Running game on port 6010.
Jun  3 01:15:45 :: Running game on port 6010.
Jun  3 04:51:21 :: Running game on port 6060.
Jun  3 09:53:57 :: Running game on port 6060.
Jun  3 09:57:02 :: Running game on port 6060.
Jun  3 10:14:19 :: Running game on port 6060.
Jun  3 10:15:14 :: Running game on port 6060.
Jun  3 10:36:45 :: Running game on port 6060.
Jun  3 10:37:36 :: Running game on port 6060.
Jun  3 10:54:16 :: Running game on port 6060.
Jun  3 11:10:07 :: Running game on port 6060.
Jun  3 12:05:07 :: Running game on port 6060.
Jun  3 12:50:47 :: Running game on port 6060.
Jul  4 21:18:11 :: Running game on port 6010.
Jul  4 21:20:26 :: Running game on port 6010.
Jul  4 21:21:04 :: Running game on port 6060.
Jul  4 21:22:28 :: Running game on port 6060.
Jul  4 21:24:28 :: Running game on port 6060.
Jul  4 21:28:02 :: Running game on port 6060.
Jul  5 14:11:38 :: Running game on port 6010.
Jul  5 14:14:17 :: Running game on port 6010.
Jul  5 18:00:39 :: Running game on port 6060.
Jul  5 18:01:48 :: Running game on port 6010.
Jul  5 18:21:11 :: Running game on port 6060.
Jul  5 18:23:08 :: Running game on port 6060.
Jul  5 18:26:41 :: Running game on port 6060.
Jul  5 18:26:54 :: Running game on port 6010.
Jul  9 20:46:02 :: Running game on port 6010.
Jul  9 20:47:23 :: Running game on port 6010.
Jul  9 20:48:52 :: Running game on port 6010.
Jul 18 17:33:47 :: Running game on port 6060.
Dec 31 01:18:29 :: Running game on port 6060.
Dec 31 01:20:23 :: Running game on port 6060.
Dec 31 01:27:14 :: Running game on port 6060.
Dec 31 01:29:39 :: Running game on port 6060.
Dec 31 01:29:51 :: Running game on port 6060.
Dec 31 01:29:53 :: Running game on port 6060.
Dec 31 01:29:55 :: Running game on port 6060.
Dec 31 01:29:58 :: Running game on port 6060.
Dec 31 01:30:00 :: Running game on port 6060.
Dec 31 01:30:05 :: Running game on port 6060.
Dec 31 01:30:10 :: Running game on port 6060.
Dec 31 01:30:11 :: Running game on port 6060.
Dec 31 01:30:13 :: Running game on port 6060.
Dec 31 01:37:06 :: Running game on port 6060.
Dec 31 01:39:31 :: Running game on port 6060.
Dec 31 01:47:04 :: Running game on port 6060.
Dec 31 01:51:17 :: Running game on port 6060.
May 30 23:44:12 :: Running game on port 6060.
Oct  3 23:22:20 :: Running game on port 6060.
Oct  4 00:34:32 :: Running game on port 6010.
Oct  4 00:34:44 :: Running game on port 6010.
Dec  1 18:30:16 :: Running game on port 6060.
Dec  5 18:12:20 :: Running game on port 6060.
Dec  5 18:12:43 :: Running game on port 6060.
Dec 21 19:40:30 :: Running game on port 6060.
Dec 22 01:46:45 :: Running game on port 6060.
Dec 23 00:45:52 :: Running game on port 6060.
Dec 23 00:49:43 :: Running game on port 6010.
Dec 23 00:56:01 :: Running game on port 6010.
Dec 23 00:57:06 :: Running game on port 6010.
Dec 23 01:04:49 :: Running game on port 6010.
Dec 23 02:33:27 :: Running game on port 6010.
Dec 23 03:35:05 :: Running game on port 6010.
Dec 23 03:36:40 :: Running game on port 6010.
Dec 23 03:37:43 :: Running game on port 6010.
Dec 23 03:39:25 :: Running game on port 6010.
Dec 23 15:37:47 :: Running game on port 6010.
Dec 23 16:30:57 :: Running game on port 6010.
Dec 23 16:38:00 :: Running game on port 6010.
Dec 23 16:39:54 :: Running game on port 6010.
Dec 24 22:05:15 :: Running game on port 6010.
Dec 24 22:07:14 :: Running game on port 6010.
Dec 25 09:33:28 :: Running game on port 6010.
Dec 27 21:26:36 :: Running game on port 6010.
Dec 27 21:27:06 :: Running game on port 6010.
